<?xml version="1.0" encoding="UTF-8"?>
<coverage generated="1778245837135" clover="3.2.0">
  <project timestamp="1778245837135" name="All files">
    <metrics statements="1935" coveredstatements="1283" conditionals="2026" coveredconditionals="985" methods="510" coveredmethods="349" elements="4471" coveredelements="2617" complexity="0" loc="1935" ncloc="1935" packages="1" files="7" classes="7"/>
    <file name="cluster-layer-registry.js" path="C:\Users\BBG\Desktop\amap\src\map\cluster-layer-registry.js">
      <metrics statements="253" coveredstatements="205" conditionals="304" coveredconditionals="182" methods="76" coveredmethods="60"/>
      <line num="11" count="2" type="stmt"/>
      <line num="13" count="2" type="stmt"/>
      <line num="35" count="77" type="stmt"/>
      <line num="36" count="77" type="cond" truecount="2" falsecount="0"/>
      <line num="40" count="13" type="cond" truecount="3" falsecount="1"/>
      <line num="41" count="13" type="stmt"/>
      <line num="44" count="0" type="cond" truecount="0" falsecount="2"/>
      <line num="45" count="0" type="stmt"/>
      <line num="48" count="0" type="stmt"/>
      <line num="52" count="13" type="cond" truecount="3" falsecount="1"/>
      <line num="54" count="13" type="stmt"/>
      <line num="55" count="13" type="cond" truecount="1" falsecount="1"/>
      <line num="61" count="17" type="cond" truecount="4" falsecount="0"/>
      <line num="62" count="2" type="stmt"/>
      <line num="65" count="15" type="cond" truecount="3" falsecount="2"/>
      <line num="66" count="0" type="stmt"/>
      <line num="69" count="15" type="cond" truecount="3" falsecount="2"/>
      <line num="70" count="0" type="stmt"/>
      <line num="73" count="15" type="cond" truecount="3" falsecount="1"/>
      <line num="75" count="15" type="stmt"/>
      <line num="76" count="15" type="stmt"/>
      <line num="77" count="15" type="cond" truecount="4" falsecount="0"/>
      <line num="81" count="15" type="cond" truecount="2" falsecount="0"/>
      <line num="85" count="13" type="stmt"/>
      <line num="92" count="1" type="stmt"/>
      <line num="94" count="1" type="stmt"/>
      <line num="103" count="13" type="cond" truecount="1" falsecount="1"/>
      <line num="105" count="13" type="cond" truecount="2" falsecount="0"/>
      <line num="106" count="12" type="stmt"/>
      <line num="108" count="12" type="stmt"/>
      <line num="115" count="1" type="cond" truecount="1" falsecount="1"/>
      <line num="116" count="1" type="stmt"/>
      <line num="119" count="0" type="stmt"/>
      <line num="123" count="5" type="cond" truecount="1" falsecount="1"/>
      <line num="125" count="5" type="cond" truecount="4" falsecount="0"/>
      <line num="126" count="4" type="stmt"/>
      <line num="127" count="11" type="stmt"/>
      <line num="129" count="11" type="stmt"/>
      <line num="132" count="1" type="cond" truecount="3" falsecount="1"/>
      <line num="133" count="0" type="stmt"/>
      <line num="135" count="0" type="stmt"/>
      <line num="138" count="1" type="cond" truecount="1" falsecount="1"/>
      <line num="139" count="1" type="stmt"/>
      <line num="140" count="2" type="stmt"/>
      <line num="142" count="2" type="stmt"/>
      <line num="145" count="0" type="stmt"/>
      <line num="149" count="9" type="cond" truecount="2" falsecount="0"/>
      <line num="150" count="9" type="cond" truecount="1" falsecount="1"/>
      <line num="152" count="9" type="cond" truecount="2" falsecount="0"/>
      <line num="153" count="7" type="stmt"/>
      <line num="154" count="7" type="cond" truecount="1" falsecount="1"/>
      <line num="157" count="2" type="cond" truecount="1" falsecount="1"/>
      <line num="158" count="2" type="cond" truecount="1" falsecount="1"/>
      <line num="163" count="0" type="stmt"/>
      <line num="167" count="29" type="stmt"/>
      <line num="168" count="29" type="cond" truecount="1" falsecount="1"/>
      <line num="172" count="14" type="cond" truecount="1" falsecount="1"/>
      <line num="176" count="1" type="cond" truecount="1" falsecount="1"/>
      <line num="177" count="1" type="stmt"/>
      <line num="178" count="1" type="stmt"/>
      <line num="182" count="0" type="cond" truecount="0" falsecount="2"/>
      <line num="183" count="0" type="stmt"/>
      <line num="184" count="0" type="stmt"/>
      <line num="188" count="1" type="stmt"/>
      <line num="189" count="1" type="cond" truecount="1" falsecount="1"/>
      <line num="190" count="0" type="stmt"/>
      <line num="192" count="1" type="stmt"/>
      <line num="198" count="0" type="stmt"/>
      <line num="199" count="0" type="cond" truecount="0" falsecount="2"/>
      <line num="200" count="0" type="stmt"/>
      <line num="202" count="0" type="stmt"/>
      <line num="208" count="1" type="cond" truecount="1" falsecount="1"/>
      <line num="209" count="1" type="stmt"/>
      <line num="210" count="1" type="cond" truecount="1" falsecount="1"/>
      <line num="211" count="1" type="cond" truecount="3" falsecount="1"/>
      <line num="213" count="1" type="stmt"/>
      <line num="217" count="4" type="cond" truecount="1" falsecount="1"/>
      <line num="223" count="2" type="stmt"/>
      <line num="224" count="2" type="cond" truecount="3" falsecount="1"/>
      <line num="226" count="2" type="stmt"/>
      <line num="238" count="2" type="stmt"/>
      <line num="239" count="2" type="cond" truecount="1" falsecount="1"/>
      <line num="240" count="2" type="stmt"/>
      <line num="241" count="2" type="stmt"/>
      <line num="243" count="2" type="cond" truecount="1" falsecount="1"/>
      <line num="244" count="2" type="stmt"/>
      <line num="245" count="2" type="stmt"/>
      <line num="248" count="2" type="stmt"/>
      <line num="255" count="2" type="cond" truecount="1" falsecount="1"/>
      <line num="256" count="2" type="cond" truecount="1" falsecount="1"/>
      <line num="257" count="2" type="stmt"/>
      <line num="258" count="2" type="stmt"/>
      <line num="259" count="2" type="stmt"/>
      <line num="262" count="0" type="stmt"/>
      <line num="271" count="4" type="cond" truecount="2" falsecount="0"/>
      <line num="272" count="4" type="stmt"/>
      <line num="274" count="4" type="stmt"/>
      <line num="275" count="9" type="stmt"/>
      <line num="276" count="9" type="stmt"/>
      <line num="277" count="9" type="stmt"/>
      <line num="278" count="9" type="stmt"/>
      <line num="280" count="9" type="stmt"/>
      <line num="281" count="11" type="stmt"/>
      <line num="293" count="4" type="stmt"/>
      <line num="297" count="0" type="stmt"/>
      <line num="308" count="2" type="stmt"/>
      <line num="319" count="3" type="cond" truecount="2" falsecount="0"/>
      <line num="323" count="8" type="cond" truecount="1" falsecount="1"/>
      <line num="324" count="8" type="cond" truecount="1" falsecount="2"/>
      <line num="325" count="8" type="cond" truecount="1" falsecount="1"/>
      <line num="326" count="8" type="cond" truecount="6" falsecount="0"/>
      <line num="327" count="8" type="cond" truecount="1" falsecount="2"/>
      <line num="328" count="8" type="stmt"/>
      <line num="330" count="8" type="stmt"/>
      <line num="341" count="8" type="stmt"/>
      <line num="345" count="8" type="cond" truecount="3" falsecount="1"/>
      <line num="347" count="8" type="stmt"/>
      <line num="348" count="8" type="cond" truecount="1" falsecount="2"/>
      <line num="349" count="8" type="cond" truecount="2" falsecount="0"/>
      <line num="351" count="8" type="cond" truecount="1" falsecount="1"/>
      <line num="352" count="8" type="stmt"/>
      <line num="354" count="8" type="cond" truecount="3" falsecount="1"/>
      <line num="355" count="8" type="stmt"/>
      <line num="357" count="8" type="cond" truecount="1" falsecount="1"/>
      <line num="358" count="8" type="stmt"/>
      <line num="360" count="8" type="cond" truecount="1" falsecount="1"/>
      <line num="361" count="8" type="cond" truecount="2" falsecount="0"/>
      <line num="364" count="8" type="cond" truecount="1" falsecount="1"/>
      <line num="365" count="0" type="cond" truecount="0" falsecount="3"/>
      <line num="366" count="0" type="cond" truecount="0" falsecount="2"/>
      <line num="367" count="0" type="cond" truecount="0" falsecount="4"/>
      <line num="368" count="0" type="stmt"/>
      <line num="370" count="8" type="cond" truecount="1" falsecount="1"/>
      <line num="371" count="0" type="cond" truecount="0" falsecount="2"/>
      <line num="372" count="0" type="cond" truecount="0" falsecount="4"/>
      <line num="373" count="0" type="stmt"/>
      <line num="375" count="8" type="cond" truecount="1" falsecount="1"/>
      <line num="376" count="8" type="stmt"/>
      <line num="379" count="8" type="cond" truecount="5" falsecount="0"/>
      <line num="380" count="4" type="stmt"/>
      <line num="381" count="1" type="stmt"/>
      <line num="397" count="5" type="cond" truecount="3" falsecount="1"/>
      <line num="399" count="5" type="stmt"/>
      <line num="400" count="5" type="stmt"/>
      <line num="401" count="5" type="cond" truecount="2" falsecount="0"/>
      <line num="402" count="5" type="cond" truecount="2" falsecount="0"/>
      <line num="405" count="5" type="cond" truecount="2" falsecount="0"/>
      <line num="406" count="5" type="cond" truecount="1" falsecount="1"/>
      <line num="407" count="5" type="cond" truecount="1" falsecount="1"/>
      <line num="408" count="5" type="cond" truecount="1" falsecount="1"/>
      <line num="409" count="5" type="stmt"/>
      <line num="416" count="5" type="cond" truecount="2" falsecount="0"/>
      <line num="417" count="1" type="cond" truecount="2" falsecount="1"/>
      <line num="418" count="1" type="stmt"/>
      <line num="419" count="1" type="cond" truecount="1" falsecount="1"/>
      <line num="420" count="1" type="cond" truecount="2" falsecount="2"/>
      <line num="422" count="1" type="stmt"/>
      <line num="426" count="4" type="cond" truecount="2" falsecount="0"/>
      <line num="427" count="1" type="cond" truecount="1" falsecount="1"/>
      <line num="428" count="1" type="cond" truecount="1" falsecount="1"/>
      <line num="430" count="3" type="stmt"/>
      <line num="440" count="5" type="cond" truecount="1" falsecount="1"/>
      <line num="441" count="5" type="stmt"/>
      <line num="443" count="5" type="cond" truecount="3" falsecount="1"/>
      <line num="444" count="5" type="stmt"/>
      <line num="446" count="5" type="cond" truecount="1" falsecount="1"/>
      <line num="447" count="5" type="stmt"/>
      <line num="456" count="10" type="stmt"/>
      <line num="457" count="20" type="stmt"/>
      <line num="458" count="20" type="cond" truecount="1" falsecount="1"/>
      <line num="460" count="20" type="stmt"/>
      <line num="468" count="20" type="stmt"/>
      <line num="473" count="7" type="stmt"/>
      <line num="474" count="14" type="cond" truecount="1" falsecount="1"/>
      <line num="476" count="14" type="stmt"/>
      <line num="477" count="14" type="cond" truecount="2" falsecount="0"/>
      <line num="482" count="2" type="stmt"/>
      <line num="483" count="2" type="stmt"/>
      <line num="484" count="2" type="stmt"/>
      <line num="485" count="2" type="stmt"/>
      <line num="486" count="2" type="stmt"/>
      <line num="487" count="2" type="stmt"/>
      <line num="488" count="2" type="stmt"/>
      <line num="489" count="2" type="stmt"/>
      <line num="490" count="2" type="stmt"/>
      <line num="493" count="4" type="cond" truecount="2" falsecount="1"/>
      <line num="497" count="6" type="cond" truecount="4" falsecount="0"/>
      <line num="498" count="2" type="stmt"/>
      <line num="500" count="6" type="stmt"/>
      <line num="504" count="4" type="stmt"/>
      <line num="506" count="4" type="stmt"/>
      <line num="507" count="4" type="cond" truecount="1" falsecount="1"/>
      <line num="508" count="0" type="stmt"/>
      <line num="509" count="0" type="stmt"/>
      <line num="512" count="4" type="stmt"/>
      <line num="513" count="4" type="stmt"/>
      <line num="519" count="8" type="cond" truecount="1" falsecount="1"/>
      <line num="520" count="8" type="stmt"/>
      <line num="523" count="5" type="stmt"/>
      <line num="527" count="4" type="cond" truecount="2" falsecount="0"/>
      <line num="528" count="4" type="cond" truecount="4" falsecount="1"/>
      <line num="529" count="0" type="stmt"/>
      <line num="530" count="0" type="stmt"/>
      <line num="544" count="1" type="stmt"/>
      <line num="545" count="1" type="cond" truecount="3" falsecount="1"/>
      <line num="546" count="1" type="stmt"/>
      <line num="547" count="1" type="stmt"/>
      <line num="550" count="0" type="stmt"/>
      <line num="554" count="2" type="stmt"/>
      <line num="555" count="2" type="stmt"/>
      <line num="559" count="2" type="stmt"/>
      <line num="561" count="0" type="stmt"/>
      <line num="565" count="2" type="stmt"/>
      <line num="566" count="2" type="cond" truecount="1" falsecount="1"/>
      <line num="567" count="2" type="cond" truecount="2" falsecount="0"/>
      <line num="568" count="2" type="stmt"/>
      <line num="569" count="2" type="stmt"/>
      <line num="572" count="2" type="stmt"/>
      <line num="576" count="2" type="stmt"/>
      <line num="577" count="2" type="cond" truecount="3" falsecount="1"/>
      <line num="578" count="2" type="stmt"/>
      <line num="579" count="2" type="stmt"/>
      <line num="581" count="0" type="stmt"/>
      <line num="585" count="0" type="stmt"/>
      <line num="586" count="0" type="cond" truecount="0" falsecount="4"/>
      <line num="587" count="0" type="stmt"/>
      <line num="592" count="0" type="stmt"/>
      <line num="593" count="0" type="stmt"/>
      <line num="594" count="0" type="stmt"/>
      <line num="595" count="0" type="stmt"/>
      <line num="596" count="0" type="stmt"/>
      <line num="600" count="0" type="cond" truecount="0" falsecount="2"/>
      <line num="601" count="0" type="stmt"/>
      <line num="605" count="2" type="cond" truecount="1" falsecount="1"/>
      <line num="606" count="2" type="stmt"/>
      <line num="610" count="1" type="stmt"/>
      <line num="611" count="1" type="stmt"/>
      <line num="615" count="0" type="stmt"/>
      <line num="616" count="0" type="stmt"/>
      <line num="620" count="0" type="stmt"/>
      <line num="626" count="0" type="stmt"/>
      <line num="630" count="2" type="stmt"/>
      <line num="631" count="2" type="cond" truecount="3" falsecount="1"/>
      <line num="633" count="2" type="stmt"/>
      <line num="637" count="1" type="cond" truecount="1" falsecount="1"/>
      <line num="638" count="1" type="stmt"/>
      <line num="639" count="1" type="cond" truecount="2" falsecount="0"/>
      <line num="640" count="1" type="cond" truecount="1" falsecount="1"/>
      <line num="642" count="1" type="cond" truecount="1" falsecount="1"/>
      <line num="643" count="1" type="stmt"/>
      <line num="648" count="10" type="stmt"/>
      <line num="656" count="20" type="stmt"/>
      <line num="669" count="2" type="stmt"/>
    </file>
    <file name="layer-registry.js" path="C:\Users\BBG\Desktop\amap\src\map\layer-registry.js">
      <metrics statements="544" coveredstatements="260" conditionals="602" coveredconditionals="198" methods="130" coveredmethods="79"/>
      <line num="14" count="2" type="stmt"/>
      <line num="27" count="2" type="stmt"/>
      <line num="43" count="2" type="stmt"/>
      <line num="63" count="2" type="stmt"/>
      <line num="82" count="2" type="stmt"/>
      <line num="92" count="2" type="stmt"/>
      <line num="101" count="2" type="stmt"/>
      <line num="103" count="2" type="stmt"/>
      <line num="106" count="114" type="stmt"/>
      <line num="110" count="0" type="cond" truecount="0" falsecount="2"/>
      <line num="114" count="8" type="stmt"/>
      <line num="121" count="0" type="stmt"/>
      <line num="123" count="0" type="stmt"/>
      <line num="132" count="8" type="cond" truecount="1" falsecount="1"/>
      <line num="134" count="8" type="cond" truecount="1" falsecount="1"/>
      <line num="135" count="8" type="stmt"/>
      <line num="137" count="8" type="stmt"/>
      <line num="144" count="0" type="cond" truecount="0" falsecount="2"/>
      <line num="145" count="0" type="stmt"/>
      <line num="148" count="0" type="stmt"/>
      <line num="152" count="3" type="cond" truecount="1" falsecount="1"/>
      <line num="153" count="0" type="stmt"/>
      <line num="156" count="3" type="cond" truecount="3" falsecount="1"/>
      <line num="157" count="3" type="stmt"/>
      <line num="158" count="8" type="stmt"/>
      <line num="162" count="0" type="cond" truecount="0" falsecount="4"/>
      <line num="163" count="0" type="stmt"/>
      <line num="166" count="0" type="cond" truecount="0" falsecount="2"/>
      <line num="167" count="0" type="stmt"/>
      <line num="168" count="0" type="stmt"/>
      <line num="172" count="0" type="stmt"/>
      <line num="176" count="19" type="stmt"/>
      <line num="177" count="265" type="cond" truecount="4" falsecount="0"/>
      <line num="178" count="94" type="stmt"/>
      <line num="180" count="265" type="stmt"/>
      <line num="185" count="35" type="stmt"/>
      <line num="186" count="35" type="cond" truecount="2" falsecount="0"/>
      <line num="190" count="6" type="cond" truecount="4" falsecount="0"/>
      <line num="191" count="3" type="stmt"/>
      <line num="194" count="3" type="cond" truecount="1" falsecount="1"/>
      <line num="195" count="3" type="stmt"/>
      <line num="198" count="0" type="stmt"/>
      <line num="202" count="6" type="cond" truecount="3" falsecount="1"/>
      <line num="204" count="6" type="stmt"/>
      <line num="205" count="6" type="cond" truecount="1" falsecount="1"/>
      <line num="211" count="0" type="stmt"/>
      <line num="212" count="0" type="cond" truecount="0" falsecount="2"/>
      <line num="218" count="50" type="cond" truecount="3" falsecount="1"/>
      <line num="220" count="50" type="stmt"/>
      <line num="221" count="50" type="stmt"/>
      <line num="222" count="50" type="cond" truecount="3" falsecount="1"/>
      <line num="226" count="12" type="cond" truecount="1" falsecount="1"/>
      <line num="228" count="12" type="stmt"/>
      <line num="234" count="6" type="cond" truecount="1" falsecount="1"/>
      <line num="236" count="6" type="stmt"/>
      <line num="238" count="6" type="stmt"/>
      <line num="242" count="11" type="cond" truecount="2" falsecount="0"/>
      <line num="243" count="11" type="cond" truecount="1" falsecount="1"/>
      <line num="245" count="11" type="cond" truecount="1" falsecount="1"/>
      <line num="246" count="11" type="stmt"/>
      <line num="247" count="11" type="cond" truecount="1" falsecount="1"/>
      <line num="250" count="0" type="cond" truecount="0" falsecount="2"/>
      <line num="251" count="0" type="cond" truecount="0" falsecount="2"/>
      <line num="256" count="0" type="stmt"/>
      <line num="260" count="6" type="cond" truecount="2" falsecount="0"/>
      <line num="261" count="6" type="cond" truecount="1" falsecount="1"/>
      <line num="263" count="6" type="cond" truecount="1" falsecount="1"/>
      <line num="264" count="6" type="stmt"/>
      <line num="265" count="6" type="cond" truecount="1" falsecount="1"/>
      <line num="268" count="0" type="cond" truecount="0" falsecount="2"/>
      <line num="269" count="0" type="cond" truecount="0" falsecount="2"/>
      <line num="270" count="0" type="stmt"/>
      <line num="272" count="0" type="cond" truecount="0" falsecount="2"/>
      <line num="275" count="0" type="stmt"/>
      <line num="279" count="6" type="cond" truecount="2" falsecount="0"/>
      <line num="280" count="6" type="cond" truecount="1" falsecount="1"/>
      <line num="282" count="6" type="cond" truecount="1" falsecount="1"/>
      <line num="283" count="6" type="stmt"/>
      <line num="284" count="6" type="cond" truecount="1" falsecount="1"/>
      <line num="287" count="0" type="cond" truecount="0" falsecount="2"/>
      <line num="288" count="0" type="cond" truecount="0" falsecount="2"/>
      <line num="289" count="0" type="stmt"/>
      <line num="291" count="0" type="cond" truecount="0" falsecount="2"/>
      <line num="294" count="0" type="stmt"/>
      <line num="298" count="18" type="stmt"/>
      <line num="308" count="21" type="cond" truecount="2" falsecount="0"/>
      <line num="309" count="21" type="cond" truecount="4" falsecount="0"/>
      <line num="310" count="6" type="stmt"/>
      <line num="313" count="15" type="stmt"/>
      <line num="317" count="2" type="cond" truecount="1" falsecount="1"/>
      <line num="318" count="2" type="stmt"/>
      <line num="319" count="2" type="stmt"/>
      <line num="323" count="2" type="stmt"/>
      <line num="324" count="2" type="cond" truecount="1" falsecount="1"/>
      <line num="325" count="0" type="stmt"/>
      <line num="327" count="2" type="stmt"/>
      <line num="333" count="0" type="cond" truecount="0" falsecount="2"/>
      <line num="334" count="0" type="stmt"/>
      <line num="335" count="0" type="stmt"/>
      <line num="339" count="0" type="stmt"/>
      <line num="340" count="0" type="cond" truecount="0" falsecount="2"/>
      <line num="341" count="0" type="stmt"/>
      <line num="343" count="0" type="stmt"/>
      <line num="349" count="21" type="stmt"/>
      <line num="350" count="21" type="cond" truecount="4" falsecount="0"/>
      <line num="356" count="7" type="stmt"/>
      <line num="357" count="21" type="cond" truecount="2" falsecount="0"/>
      <line num="358" count="18" type="stmt"/>
      <line num="360" count="3" type="stmt"/>
      <line num="366" count="0" type="cond" truecount="0" falsecount="2"/>
      <line num="368" count="0" type="stmt"/>
      <line num="372" count="6" type="stmt"/>
      <line num="373" count="6" type="cond" truecount="3" falsecount="1"/>
      <line num="375" count="0" type="stmt"/>
      <line num="376" count="0" type="cond" truecount="0" falsecount="2"/>
      <line num="380" count="0" type="cond" truecount="0" falsecount="4"/>
      <line num="382" count="0" type="stmt"/>
      <line num="390" count="0" type="cond" truecount="0" falsecount="2"/>
      <line num="391" count="0" type="cond" truecount="0" falsecount="2"/>
      <line num="393" count="0" type="cond" truecount="0" falsecount="2"/>
      <line num="394" count="0" type="stmt"/>
      <line num="397" count="0" type="cond" truecount="0" falsecount="2"/>
      <line num="398" count="0" type="cond" truecount="0" falsecount="2"/>
      <line num="400" count="0" type="stmt"/>
      <line num="409" count="6" type="stmt"/>
      <line num="410" count="6" type="stmt"/>
      <line num="411" count="6" type="cond" truecount="3" falsecount="0"/>
      <line num="412" count="6" type="cond" truecount="1" falsecount="1"/>
      <line num="413" count="6" type="cond" truecount="5" falsecount="1"/>
      <line num="414" count="6" type="cond" truecount="1" falsecount="2"/>
      <line num="415" count="6" type="stmt"/>
      <line num="417" count="6" type="stmt"/>
      <line num="428" count="6" type="cond" truecount="1" falsecount="2"/>
      <line num="429" count="6" type="cond" truecount="1" falsecount="1"/>
      <line num="430" count="6" type="stmt"/>
      <line num="431" count="6" type="stmt"/>
      <line num="439" count="6" type="cond" truecount="1" falsecount="1"/>
      <line num="440" count="0" type="stmt"/>
      <line num="441" count="6" type="cond" truecount="1" falsecount="1"/>
      <line num="442" count="0" type="stmt"/>
      <line num="443" count="0" type="stmt"/>
      <line num="444" count="6" type="cond" truecount="3" falsecount="1"/>
      <line num="445" count="6" type="stmt"/>
      <line num="446" count="0" type="cond" truecount="0" falsecount="4"/>
      <line num="447" count="0" type="stmt"/>
      <line num="450" count="6" type="stmt"/>
      <line num="454" count="0" type="cond" truecount="0" falsecount="2"/>
      <line num="455" count="0" type="cond" truecount="0" falsecount="2"/>
      <line num="457" count="0" type="stmt"/>
      <line num="458" count="0" type="stmt"/>
      <line num="469" count="0" type="cond" truecount="0" falsecount="2"/>
      <line num="471" count="0" type="cond" truecount="0" falsecount="2"/>
      <line num="472" count="0" type="cond" truecount="0" falsecount="3"/>
      <line num="474" count="0" type="stmt"/>
      <line num="476" count="0" type="cond" truecount="0" falsecount="2"/>
      <line num="477" count="0" type="stmt"/>
      <line num="480" count="0" type="cond" truecount="0" falsecount="4"/>
      <line num="481" count="0" type="cond" truecount="0" falsecount="2"/>
      <line num="482" count="0" type="cond" truecount="0" falsecount="2"/>
      <line num="483" count="0" type="cond" truecount="0" falsecount="4"/>
      <line num="484" count="0" type="stmt"/>
      <line num="485" count="0" type="cond" truecount="0" falsecount="2"/>
      <line num="486" count="0" type="cond" truecount="0" falsecount="2"/>
      <line num="487" count="0" type="stmt"/>
      <line num="490" count="0" type="stmt"/>
      <line num="491" count="0" type="cond" truecount="0" falsecount="4"/>
      <line num="492" count="0" type="stmt"/>
      <line num="495" count="0" type="cond" truecount="0" falsecount="4"/>
      <line num="496" count="0" type="stmt"/>
      <line num="499" count="0" type="cond" truecount="0" falsecount="4"/>
      <line num="500" count="0" type="stmt"/>
      <line num="505" count="0" type="cond" truecount="0" falsecount="4"/>
      <line num="507" count="0" type="cond" truecount="0" falsecount="4"/>
      <line num="508" count="0" type="stmt"/>
      <line num="509" count="0" type="stmt"/>
      <line num="512" count="0" type="cond" truecount="0" falsecount="2"/>
      <line num="515" count="0" type="stmt"/>
      <line num="517" count="0" type="cond" truecount="0" falsecount="2"/>
      <line num="518" count="0" type="cond" truecount="0" falsecount="4"/>
      <line num="519" count="0" type="cond" truecount="0" falsecount="2"/>
      <line num="520" count="0" type="cond" truecount="0" falsecount="2"/>
      <line num="521" count="0" type="cond" truecount="0" falsecount="4"/>
      <line num="522" count="0" type="stmt"/>
      <line num="526" count="0" type="cond" truecount="0" falsecount="2"/>
      <line num="527" count="0" type="stmt"/>
      <line num="532" count="0" type="cond" truecount="0" falsecount="2"/>
      <line num="533" count="0" type="cond" truecount="0" falsecount="2"/>
      <line num="535" count="0" type="stmt"/>
      <line num="542" count="0" type="stmt"/>
      <line num="543" count="0" type="cond" truecount="0" falsecount="2"/>
      <line num="545" count="0" type="stmt"/>
      <line num="552" count="6" type="stmt"/>
      <line num="559" count="0" type="cond" truecount="0" falsecount="4"/>
      <line num="561" count="0" type="stmt"/>
      <line num="572" count="6" type="stmt"/>
      <line num="573" count="6" type="cond" truecount="1" falsecount="1"/>
      <line num="574" count="6" type="cond" truecount="1" falsecount="1"/>
      <line num="575" count="6" type="cond" truecount="1" falsecount="1"/>
      <line num="576" count="6" type="stmt"/>
      <line num="581" count="6" type="stmt"/>
      <line num="582" count="6" type="cond" truecount="1" falsecount="1"/>
      <line num="584" count="6" type="stmt"/>
      <line num="592" count="6" type="stmt"/>
      <line num="593" count="6" type="cond" truecount="1" falsecount="1"/>
      <line num="595" count="6" type="stmt"/>
      <line num="603" count="18" type="stmt"/>
      <line num="605" count="18" type="cond" truecount="2" falsecount="0"/>
      <line num="606" count="12" type="cond" truecount="2" falsecount="0"/>
      <line num="607" count="6" type="cond" truecount="1" falsecount="1"/>
      <line num="609" count="0" type="stmt"/>
      <line num="613" count="4" type="cond" truecount="1" falsecount="1"/>
      <line num="614" count="4" type="cond" truecount="1" falsecount="1"/>
      <line num="615" count="4" type="cond" truecount="1" falsecount="1"/>
      <line num="617" count="0" type="stmt"/>
      <line num="621" count="64" type="stmt"/>
      <line num="622" count="64" type="cond" truecount="1" falsecount="1"/>
      <line num="626" count="21" type="cond" truecount="2" falsecount="0"/>
      <line num="627" count="21" type="cond" truecount="2" falsecount="0"/>
      <line num="628" count="21" type="cond" truecount="1" falsecount="1"/>
      <line num="632" count="56" type="cond" truecount="2" falsecount="0"/>
      <line num="636" count="1" type="cond" truecount="1" falsecount="1"/>
      <line num="638" count="1" type="cond" truecount="1" falsecount="1"/>
      <line num="639" count="1" type="cond" truecount="3" falsecount="1"/>
      <line num="640" count="1" type="stmt"/>
      <line num="643" count="0" type="stmt"/>
      <line num="647" count="1" type="stmt"/>
      <line num="648" count="1" type="cond" truecount="1" falsecount="1"/>
      <line num="650" count="1" type="stmt"/>
      <line num="655" count="1" type="stmt"/>
      <line num="656" count="1" type="stmt"/>
      <line num="657" count="0" type="stmt"/>
      <line num="663" count="1" type="stmt"/>
      <line num="664" count="1" type="stmt"/>
      <line num="665" count="1" type="stmt"/>
      <line num="666" count="1" type="cond" truecount="3" falsecount="1"/>
      <line num="667" count="1" type="stmt"/>
      <line num="674" count="0" type="stmt"/>
      <line num="678" count="3" type="cond" truecount="1" falsecount="1"/>
      <line num="679" count="3" type="stmt"/>
      <line num="681" count="3" type="stmt"/>
      <line num="682" count="6" type="cond" truecount="1" falsecount="1"/>
      <line num="684" count="6" type="stmt"/>
      <line num="685" count="6" type="cond" truecount="4" falsecount="0"/>
      <line num="687" count="5" type="stmt"/>
      <line num="689" count="5" type="stmt"/>
      <line num="690" count="5" type="stmt"/>
      <line num="698" count="3" type="stmt"/>
      <line num="702" count="3" type="cond" truecount="1" falsecount="1"/>
      <line num="704" count="5" type="cond" truecount="2" falsecount="0"/>
      <line num="708" count="0" type="cond" truecount="0" falsecount="2"/>
      <line num="710" count="0" type="cond" truecount="0" falsecount="2"/>
      <line num="711" count="0" type="stmt"/>
      <line num="712" count="0" type="stmt"/>
      <line num="714" count="0" type="cond" truecount="0" falsecount="4"/>
      <line num="715" count="0" type="stmt"/>
      <line num="716" count="0" type="stmt"/>
      <line num="720" count="0" type="stmt"/>
      <line num="724" count="0" type="cond" truecount="0" falsecount="2"/>
      <line num="730" count="0" type="cond" truecount="0" falsecount="4"/>
      <line num="732" count="0" type="stmt"/>
      <line num="733" count="0" type="stmt"/>
      <line num="734" count="0" type="cond" truecount="0" falsecount="2"/>
      <line num="735" count="0" type="cond" truecount="0" falsecount="2"/>
      <line num="736" count="0" type="stmt"/>
      <line num="740" count="0" type="cond" truecount="0" falsecount="2"/>
      <line num="742" count="0" type="stmt"/>
      <line num="754" count="0" type="stmt"/>
      <line num="755" count="0" type="cond" truecount="0" falsecount="2"/>
      <line num="756" count="0" type="stmt"/>
      <line num="757" count="0" type="stmt"/>
      <line num="759" count="0" type="cond" truecount="0" falsecount="2"/>
      <line num="760" count="0" type="stmt"/>
      <line num="761" count="0" type="stmt"/>
      <line num="764" count="0" type="stmt"/>
      <line num="771" count="0" type="cond" truecount="0" falsecount="2"/>
      <line num="773" count="0" type="cond" truecount="0" falsecount="4"/>
      <line num="774" count="0" type="stmt"/>
      <line num="775" count="0" type="stmt"/>
      <line num="778" count="0" type="stmt"/>
      <line num="782" count="0" type="cond" truecount="0" falsecount="2"/>
      <line num="783" count="0" type="stmt"/>
      <line num="786" count="0" type="cond" truecount="0" falsecount="2"/>
      <line num="787" count="0" type="stmt"/>
      <line num="788" count="0" type="stmt"/>
      <line num="789" count="0" type="stmt"/>
      <line num="792" count="0" type="stmt"/>
      <line num="801" count="0" type="stmt"/>
      <line num="802" count="0" type="stmt"/>
      <line num="803" count="0" type="cond" truecount="0" falsecount="3"/>
      <line num="808" count="0" type="cond" truecount="0" falsecount="4"/>
      <line num="810" count="0" type="stmt"/>
      <line num="811" count="0" type="stmt"/>
      <line num="813" count="0" type="cond" truecount="0" falsecount="2"/>
      <line num="814" count="0" type="stmt"/>
      <line num="815" count="0" type="stmt"/>
      <line num="818" count="0" type="stmt"/>
      <line num="822" count="0" type="cond" truecount="0" falsecount="4"/>
      <line num="824" count="0" type="stmt"/>
      <line num="825" count="0" type="cond" truecount="0" falsecount="2"/>
      <line num="827" count="0" type="stmt"/>
      <line num="831" count="0" type="cond" truecount="0" falsecount="2"/>
      <line num="832" count="0" type="cond" truecount="0" falsecount="2"/>
      <line num="833" count="0" type="cond" truecount="0" falsecount="4"/>
      <line num="834" count="0" type="stmt"/>
      <line num="836" count="0" type="cond" truecount="0" falsecount="2"/>
      <line num="840" count="0" type="cond" truecount="0" falsecount="2"/>
      <line num="841" count="0" type="cond" truecount="0" falsecount="2"/>
      <line num="843" count="0" type="cond" truecount="0" falsecount="2"/>
      <line num="846" count="0" type="cond" truecount="0" falsecount="2"/>
      <line num="850" count="0" type="cond" truecount="0" falsecount="4"/>
      <line num="854" count="0" type="stmt"/>
      <line num="855" count="0" type="cond" truecount="0" falsecount="2"/>
      <line num="857" count="0" type="stmt"/>
      <line num="858" count="0" type="cond" truecount="0" falsecount="2"/>
      <line num="863" count="7" type="stmt"/>
      <line num="864" count="20" type="stmt"/>
      <line num="865" count="20" type="cond" truecount="1" falsecount="1"/>
      <line num="867" count="20" type="stmt"/>
      <line num="875" count="20" type="stmt"/>
      <line num="880" count="3" type="stmt"/>
      <line num="881" count="3" type="stmt"/>
      <line num="882" count="3" type="stmt"/>
      <line num="883" count="3" type="stmt"/>
      <line num="884" count="3" type="stmt"/>
      <line num="885" count="3" type="stmt"/>
      <line num="886" count="3" type="stmt"/>
      <line num="887" count="3" type="stmt"/>
      <line num="888" count="3" type="stmt"/>
      <line num="889" count="3" type="stmt"/>
      <line num="890" count="3" type="stmt"/>
      <line num="891" count="3" type="stmt"/>
      <line num="892" count="3" type="stmt"/>
      <line num="893" count="3" type="stmt"/>
      <line num="894" count="3" type="stmt"/>
      <line num="895" count="3" type="stmt"/>
      <line num="898" count="9" type="cond" truecount="4" falsecount="0"/>
      <line num="899" count="4" type="stmt"/>
      <line num="901" count="9" type="stmt"/>
      <line num="902" count="9" type="stmt"/>
      <line num="906" count="5" type="cond" truecount="1" falsecount="1"/>
      <line num="908" count="0" type="cond" truecount="0" falsecount="2"/>
      <line num="909" count="0" type="stmt"/>
      <line num="910" count="0" type="cond" truecount="0" falsecount="2"/>
      <line num="911" count="0" type="stmt"/>
      <line num="914" count="0" type="stmt"/>
      <line num="915" count="0" type="stmt"/>
      <line num="919" count="3" type="stmt"/>
      <line num="920" count="3" type="stmt"/>
      <line num="924" count="6" type="cond" truecount="3" falsecount="1"/>
      <line num="925" count="6" type="stmt"/>
      <line num="926" count="18" type="stmt"/>
      <line num="928" count="6" type="stmt"/>
      <line num="933" count="3" type="cond" truecount="3" falsecount="1"/>
      <line num="935" count="3" type="stmt"/>
      <line num="936" count="3" type="stmt"/>
      <line num="941" count="3" type="cond" truecount="4" falsecount="0"/>
      <line num="942" count="2" type="stmt"/>
      <line num="943" count="1" type="cond" truecount="3" falsecount="1"/>
      <line num="944" count="1" type="stmt"/>
      <line num="949" count="6" type="stmt"/>
      <line num="950" count="6" type="stmt"/>
      <line num="954" count="18" type="stmt"/>
      <line num="955" count="18" type="stmt"/>
      <line num="956" count="18" type="stmt"/>
      <line num="957" count="18" type="stmt"/>
      <line num="958" count="18" type="stmt"/>
      <line num="959" count="18" type="stmt"/>
      <line num="961" count="18" type="cond" truecount="2" falsecount="0"/>
      <line num="962" count="4" type="stmt"/>
      <line num="964" count="18" type="cond" truecount="3" falsecount="2"/>
      <line num="965" count="0" type="stmt"/>
      <line num="967" count="18" type="cond" truecount="3" falsecount="2"/>
      <line num="968" count="0" type="stmt"/>
      <line num="971" count="18" type="stmt"/>
      <line num="975" count="54" type="cond" truecount="1" falsecount="1"/>
      <line num="976" count="54" type="cond" truecount="4" falsecount="0"/>
      <line num="980" count="0" type="cond" truecount="0" falsecount="2"/>
      <line num="981" count="0" type="cond" truecount="0" falsecount="2"/>
      <line num="983" count="0" type="stmt"/>
      <line num="998" count="0" type="cond" truecount="0" falsecount="2"/>
      <line num="1000" count="0" type="stmt"/>
      <line num="1001" count="0" type="cond" truecount="0" falsecount="2"/>
      <line num="1003" count="0" type="cond" truecount="0" falsecount="2"/>
      <line num="1004" count="0" type="cond" truecount="0" falsecount="2"/>
      <line num="1005" count="0" type="stmt"/>
      <line num="1006" count="0" type="cond" truecount="0" falsecount="4"/>
      <line num="1008" count="0" type="stmt"/>
      <line num="1013" count="0" type="stmt"/>
      <line num="1015" count="0" type="cond" truecount="0" falsecount="4"/>
      <line num="1016" count="0" type="stmt"/>
      <line num="1017" count="0" type="stmt"/>
      <line num="1018" count="0" type="cond" truecount="0" falsecount="4"/>
      <line num="1019" count="0" type="stmt"/>
      <line num="1020" count="0" type="stmt"/>
      <line num="1021" count="0" type="cond" truecount="0" falsecount="4"/>
      <line num="1022" count="0" type="stmt"/>
      <line num="1023" count="0" type="stmt"/>
      <line num="1024" count="0" type="cond" truecount="0" falsecount="4"/>
      <line num="1025" count="0" type="stmt"/>
      <line num="1027" count="0" type="stmt"/>
      <line num="1030" count="0" type="stmt"/>
      <line num="1031" count="0" type="cond" truecount="0" falsecount="2"/>
      <line num="1033" count="0" type="stmt"/>
      <line num="1034" count="0" type="stmt"/>
      <line num="1035" count="0" type="stmt"/>
      <line num="1037" count="0" type="stmt"/>
      <line num="1042" count="18" type="cond" truecount="3" falsecount="1"/>
      <line num="1044" count="18" type="stmt"/>
      <line num="1045" count="54" type="stmt"/>
      <line num="1046" count="54" type="cond" truecount="4" falsecount="0"/>
      <line num="1050" count="54" type="cond" truecount="3" falsecount="1"/>
      <line num="1052" count="0" type="stmt"/>
      <line num="1053" count="0" type="stmt"/>
      <line num="1059" count="6" type="stmt"/>
      <line num="1060" count="6" type="stmt"/>
      <line num="1061" count="18" type="stmt"/>
      <line num="1062" count="18" type="cond" truecount="1" falsecount="1"/>
      <line num="1064" count="18" type="stmt"/>
      <line num="1066" count="6" type="stmt"/>
      <line num="1068" count="6" type="cond" truecount="2" falsecount="0"/>
      <line num="1069" count="4" type="stmt"/>
      <line num="1074" count="2" type="stmt"/>
      <line num="1075" count="2" type="stmt"/>
      <line num="1079" count="2" type="cond" truecount="1" falsecount="1"/>
      <line num="1080" count="0" type="stmt"/>
      <line num="1081" count="0" type="stmt"/>
      <line num="1084" count="2" type="stmt"/>
      <line num="1088" count="7" type="stmt"/>
      <line num="1091" count="20" type="stmt"/>
      <line num="1096" count="7" type="stmt"/>
      <line num="1103" count="3" type="stmt"/>
      <line num="1105" count="3" type="stmt"/>
      <line num="1106" count="3" type="cond" truecount="1" falsecount="1"/>
      <line num="1107" count="3" type="cond" truecount="2" falsecount="0"/>
      <line num="1108" count="3" type="cond" truecount="2" falsecount="0"/>
      <line num="1109" count="3" type="cond" truecount="2" falsecount="0"/>
      <line num="1110" count="3" type="stmt"/>
      <line num="1111" count="3" type="stmt"/>
      <line num="1112" count="3" type="stmt"/>
      <line num="1113" count="3" type="stmt"/>
      <line num="1115" count="3" type="cond" truecount="2" falsecount="0"/>
      <line num="1116" count="1" type="stmt"/>
      <line num="1117" count="1" type="stmt"/>
      <line num="1119" count="1" type="cond" truecount="1" falsecount="1"/>
      <line num="1120" count="1" type="stmt"/>
      <line num="1122" count="0" type="stmt"/>
      <line num="1125" count="1" type="stmt"/>
      <line num="1128" count="2" type="stmt"/>
      <line num="1132" count="3" type="stmt"/>
      <line num="1134" count="3" type="cond" truecount="2" falsecount="0"/>
      <line num="1135" count="1" type="stmt"/>
      <line num="1136" count="1" type="stmt"/>
      <line num="1139" count="2" type="stmt"/>
      <line num="1143" count="1" type="stmt"/>
      <line num="1145" count="1" type="cond" truecount="1" falsecount="1"/>
      <line num="1146" count="1" type="cond" truecount="1" falsecount="1"/>
      <line num="1147" count="1" type="stmt"/>
      <line num="1149" count="1" type="stmt"/>
      <line num="1152" count="0" type="stmt"/>
      <line num="1156" count="0" type="stmt"/>
      <line num="1157" count="0" type="stmt"/>
      <line num="1158" count="0" type="stmt"/>
      <line num="1159" count="0" type="stmt"/>
      <line num="1160" count="0" type="stmt"/>
      <line num="1161" count="0" type="stmt"/>
      <line num="1162" count="0" type="stmt"/>
      <line num="1163" count="0" type="stmt"/>
      <line num="1164" count="0" type="stmt"/>
      <line num="1165" count="0" type="stmt"/>
      <line num="1166" count="0" type="stmt"/>
      <line num="1170" count="0" type="cond" truecount="0" falsecount="2"/>
      <line num="1171" count="0" type="stmt"/>
      <line num="1173" count="0" type="cond" truecount="0" falsecount="2"/>
      <line num="1174" count="0" type="stmt"/>
      <line num="1175" count="0" type="stmt"/>
      <line num="1176" count="0" type="stmt"/>
      <line num="1178" count="0" type="cond" truecount="0" falsecount="2"/>
      <line num="1179" count="0" type="stmt"/>
      <line num="1181" count="0" type="stmt"/>
      <line num="1184" count="0" type="stmt"/>
      <line num="1187" count="0" type="stmt"/>
      <line num="1188" count="0" type="stmt"/>
      <line num="1192" count="2" type="cond" truecount="1" falsecount="1"/>
      <line num="1194" count="2" type="cond" truecount="1" falsecount="1"/>
      <line num="1195" count="0" type="stmt"/>
      <line num="1196" count="0" type="stmt"/>
      <line num="1197" count="0" type="stmt"/>
      <line num="1199" count="0" type="cond" truecount="0" falsecount="2"/>
      <line num="1200" count="0" type="stmt"/>
      <line num="1202" count="0" type="stmt"/>
      <line num="1205" count="0" type="stmt"/>
      <line num="1208" count="2" type="stmt"/>
      <line num="1209" count="2" type="stmt"/>
      <line num="1213" count="2" type="stmt"/>
      <line num="1215" count="2" type="cond" truecount="2" falsecount="0"/>
      <line num="1216" count="1" type="stmt"/>
      <line num="1217" count="1" type="stmt"/>
      <line num="1220" count="1" type="stmt"/>
      <line num="1224" count="0" type="stmt"/>
      <line num="1226" count="0" type="cond" truecount="0" falsecount="2"/>
      <line num="1227" count="0" type="stmt"/>
      <line num="1228" count="0" type="stmt"/>
      <line num="1231" count="0" type="stmt"/>
      <line num="1235" count="2" type="cond" truecount="3" falsecount="1"/>
      <line num="1237" count="2" type="stmt"/>
      <line num="1238" count="2" type="cond" truecount="1" falsecount="1"/>
      <line num="1239" count="2" type="stmt"/>
      <line num="1241" count="0" type="stmt"/>
      <line num="1244" count="2" type="stmt"/>
      <line num="1245" count="2" type="stmt"/>
      <line num="1249" count="0" type="cond" truecount="0" falsecount="2"/>
      <line num="1251" count="0" type="stmt"/>
      <line num="1252" count="0" type="stmt"/>
      <line num="1253" count="0" type="cond" truecount="0" falsecount="2"/>
      <line num="1254" count="0" type="cond" truecount="0" falsecount="2"/>
      <line num="1255" count="0" type="cond" truecount="0" falsecount="2"/>
      <line num="1257" count="0" type="cond" truecount="0" falsecount="4"/>
      <line num="1258" count="0" type="stmt"/>
      <line num="1261" count="0" type="cond" truecount="0" falsecount="2"/>
      <line num="1265" count="0" type="cond" truecount="0" falsecount="5"/>
      <line num="1267" count="0" type="stmt"/>
      <line num="1268" count="0" type="stmt"/>
      <line num="1269" count="0" type="stmt"/>
      <line num="1270" count="0" type="stmt"/>
      <line num="1274" count="0" type="cond" truecount="0" falsecount="2"/>
      <line num="1275" count="0" type="stmt"/>
      <line num="1276" count="0" type="stmt"/>
      <line num="1279" count="0" type="stmt"/>
      <line num="1280" count="0" type="stmt"/>
      <line num="1281" count="0" type="stmt"/>
      <line num="1285" count="7" type="stmt"/>
      <line num="1303" count="0" type="cond" truecount="0" falsecount="2"/>
      <line num="1304" count="0" type="stmt"/>
      <line num="1305" count="0" type="stmt"/>
      <line num="1308" count="0" type="cond" truecount="0" falsecount="2"/>
      <line num="1309" count="0" type="stmt"/>
      <line num="1310" count="0" type="cond" truecount="0" falsecount="2"/>
      <line num="1311" count="0" type="stmt"/>
      <line num="1313" count="0" type="stmt"/>
      <line num="1316" count="0" type="stmt"/>
      <line num="1317" count="0" type="cond" truecount="0" falsecount="2"/>
      <line num="1318" count="0" type="cond" truecount="0" falsecount="2"/>
      <line num="1319" count="0" type="stmt"/>
      <line num="1326" count="3" type="stmt"/>
    </file>
    <file name="map-controller.js" path="C:\Users\BBG\Desktop\amap\src\map\map-controller.js">
      <metrics statements="642" coveredstatements="413" conditionals="598" coveredconditionals="272" methods="148" coveredmethods="84"/>
      <line num="6" count="1" type="stmt"/>
      <line num="14" count="1" type="stmt"/>
      <line num="16" count="1" type="stmt"/>
      <line num="26" count="1" type="stmt"/>
      <line num="29" count="59" type="cond" truecount="1" falsecount="1"/>
      <line num="30" count="59" type="cond" truecount="1" falsecount="1"/>
      <line num="31" count="0" type="cond" truecount="0" falsecount="4"/>
      <line num="32" count="0" type="stmt"/>
      <line num="34" count="0" type="cond" truecount="0" falsecount="2"/>
      <line num="38" count="9" type="cond" truecount="1" falsecount="1"/>
      <line num="40" count="9" type="stmt"/>
      <line num="42" count="27" type="cond" truecount="2" falsecount="0"/>
      <line num="46" count="9" type="cond" truecount="1" falsecount="1"/>
      <line num="48" count="9" type="stmt"/>
      <line num="49" count="9" type="stmt"/>
      <line num="50" count="9" type="cond" truecount="2" falsecount="2"/>
      <line num="51" count="0" type="stmt"/>
      <line num="54" count="9" type="stmt"/>
      <line num="58" count="13" type="cond" truecount="1" falsecount="1"/>
      <line num="60" count="13" type="cond" truecount="1" falsecount="1"/>
      <line num="61" count="13" type="cond" truecount="1" falsecount="1"/>
      <line num="63" count="13" type="cond" truecount="3" falsecount="1"/>
      <line num="65" count="13" type="stmt"/>
      <line num="72" count="13" type="cond" truecount="3" falsecount="1"/>
      <line num="74" count="13" type="stmt"/>
      <line num="75" count="13" type="stmt"/>
      <line num="77" count="0" type="stmt"/>
      <line num="82" count="6" type="cond" truecount="3" falsecount="1"/>
      <line num="86" count="6" type="stmt"/>
      <line num="90" count="5" type="cond" truecount="1" falsecount="1"/>
      <line num="99" count="5" type="stmt"/>
      <line num="103" count="1" type="cond" truecount="3" falsecount="1"/>
      <line num="107" count="1" type="cond" truecount="1" falsecount="1"/>
      <line num="111" count="0" type="cond" truecount="0" falsecount="5"/>
      <line num="113" count="0" type="stmt"/>
      <line num="114" count="0" type="stmt"/>
      <line num="116" count="0" type="stmt"/>
      <line num="126" count="13" type="cond" truecount="1" falsecount="1"/>
      <line num="128" count="13" type="cond" truecount="4" falsecount="0"/>
      <line num="129" count="4" type="stmt"/>
      <line num="130" count="4" type="cond" truecount="1" falsecount="1"/>
      <line num="132" count="4" type="stmt"/>
      <line num="145" count="9" type="cond" truecount="1" falsecount="1"/>
      <line num="149" count="9" type="cond" truecount="1" falsecount="1"/>
      <line num="151" count="9" type="stmt"/>
      <line num="165" count="10" type="stmt"/>
      <line num="166" count="10" type="stmt"/>
      <line num="167" count="10" type="stmt"/>
      <line num="168" count="10" type="stmt"/>
      <line num="169" count="10" type="stmt"/>
      <line num="170" count="10" type="stmt"/>
      <line num="171" count="10" type="stmt"/>
      <line num="172" count="10" type="stmt"/>
      <line num="173" count="10" type="stmt"/>
      <line num="174" count="10" type="stmt"/>
      <line num="175" count="10" type="stmt"/>
      <line num="176" count="10" type="stmt"/>
      <line num="177" count="10" type="stmt"/>
      <line num="178" count="10" type="stmt"/>
      <line num="179" count="10" type="stmt"/>
      <line num="180" count="10" type="stmt"/>
      <line num="181" count="10" type="stmt"/>
      <line num="182" count="10" type="stmt"/>
      <line num="183" count="10" type="stmt"/>
      <line num="184" count="10" type="stmt"/>
      <line num="185" count="10" type="stmt"/>
      <line num="186" count="10" type="stmt"/>
      <line num="187" count="10" type="stmt"/>
      <line num="191" count="13" type="stmt"/>
      <line num="192" count="13" type="cond" truecount="4" falsecount="0"/>
      <line num="193" count="4" type="stmt"/>
      <line num="195" count="13" type="stmt"/>
      <line num="199" count="5" type="stmt"/>
      <line num="201" count="5" type="cond" truecount="3" falsecount="1"/>
      <line num="202" count="0" type="stmt"/>
      <line num="205" count="5" type="stmt"/>
      <line num="206" count="5" type="stmt"/>
      <line num="207" count="5" type="stmt"/>
      <line num="211" count="13" type="cond" truecount="3" falsecount="1"/>
      <line num="213" count="13" type="stmt"/>
      <line num="214" count="4" type="stmt"/>
      <line num="215" count="4" type="stmt"/>
      <line num="220" count="9" type="cond" truecount="3" falsecount="1"/>
      <line num="222" count="9" type="stmt"/>
      <line num="223" count="0" type="stmt"/>
      <line num="224" count="0" type="stmt"/>
      <line num="225" count="0" type="stmt"/>
      <line num="226" count="0" type="cond" truecount="0" falsecount="2"/>
      <line num="227" count="0" type="stmt"/>
      <line num="228" count="0" type="stmt"/>
      <line num="229" count="0" type="stmt"/>
      <line num="230" count="0" type="stmt"/>
      <line num="231" count="1" type="stmt"/>
      <line num="232" count="0" type="stmt"/>
      <line num="233" count="0" type="stmt"/>
      <line num="234" count="0" type="stmt"/>
      <line num="235" count="0" type="stmt"/>
      <line num="236" count="0" type="stmt"/>
      <line num="237" count="0" type="stmt"/>
      <line num="238" count="0" type="stmt"/>
      <line num="239" count="0" type="stmt"/>
      <line num="240" count="1" type="stmt"/>
      <line num="241" count="1" type="stmt"/>
      <line num="242" count="0" type="stmt"/>
      <line num="243" count="1" type="stmt"/>
      <line num="244" count="0" type="stmt"/>
      <line num="245" count="3" type="stmt"/>
      <line num="246" count="0" type="stmt"/>
      <line num="247" count="0" type="stmt"/>
      <line num="248" count="2" type="stmt"/>
      <line num="249" count="0" type="stmt"/>
      <line num="250" count="0" type="stmt"/>
      <line num="251" count="0" type="stmt"/>
      <line num="252" count="0" type="stmt"/>
      <line num="253" count="0" type="stmt"/>
      <line num="254" count="0" type="stmt"/>
      <line num="255" count="0" type="stmt"/>
      <line num="258" count="9" type="cond" truecount="1" falsecount="1"/>
      <line num="259" count="9" type="stmt"/>
      <line num="264" count="0" type="cond" truecount="0" falsecount="2"/>
      <line num="266" count="0" type="stmt"/>
      <line num="267" count="0" type="stmt"/>
      <line num="268" count="0" type="stmt"/>
      <line num="275" count="0" type="cond" truecount="0" falsecount="2"/>
      <line num="276" count="0" type="stmt"/>
      <line num="277" count="0" type="stmt"/>
      <line num="278" count="0" type="stmt"/>
      <line num="281" count="0" type="cond" truecount="0" falsecount="4"/>
      <line num="282" count="0" type="stmt"/>
      <line num="285" count="0" type="stmt"/>
      <line num="289" count="0" type="cond" truecount="0" falsecount="2"/>
      <line num="291" count="0" type="stmt"/>
      <line num="292" count="0" type="stmt"/>
      <line num="293" count="0" type="stmt"/>
      <line num="298" count="0" type="cond" truecount="0" falsecount="2"/>
      <line num="299" count="0" type="stmt"/>
      <line num="300" count="0" type="stmt"/>
      <line num="301" count="0" type="stmt"/>
      <line num="304" count="0" type="cond" truecount="0" falsecount="4"/>
      <line num="305" count="0" type="stmt"/>
      <line num="308" count="0" type="stmt"/>
      <line num="312" count="1" type="cond" truecount="1" falsecount="1"/>
      <line num="314" count="1" type="stmt"/>
      <line num="315" count="1" type="stmt"/>
      <line num="316" count="1" type="stmt"/>
      <line num="318" count="1" type="cond" truecount="1" falsecount="1"/>
      <line num="319" count="0" type="stmt"/>
      <line num="320" count="0" type="stmt"/>
      <line num="321" count="0" type="stmt"/>
      <line num="324" count="1" type="cond" truecount="2" falsecount="2"/>
      <line num="325" count="1" type="stmt"/>
      <line num="328" count="1" type="stmt"/>
      <line num="332" count="1" type="cond" truecount="1" falsecount="1"/>
      <line num="334" count="1" type="stmt"/>
      <line num="335" count="1" type="stmt"/>
      <line num="336" count="1" type="stmt"/>
      <line num="338" count="1" type="cond" truecount="1" falsecount="1"/>
      <line num="339" count="0" type="stmt"/>
      <line num="340" count="0" type="stmt"/>
      <line num="341" count="0" type="stmt"/>
      <line num="344" count="1" type="cond" truecount="3" falsecount="1"/>
      <line num="345" count="1" type="stmt"/>
      <line num="348" count="1" type="stmt"/>
      <line num="352" count="1" type="cond" truecount="1" falsecount="1"/>
      <line num="354" count="1" type="stmt"/>
      <line num="355" count="1" type="cond" truecount="1" falsecount="1"/>
      <line num="357" count="1" type="cond" truecount="1" falsecount="1"/>
      <line num="358" count="0" type="stmt"/>
      <line num="360" count="1" type="stmt"/>
      <line num="363" count="1" type="stmt"/>
      <line num="367" count="0" type="cond" truecount="0" falsecount="2"/>
      <line num="369" count="0" type="stmt"/>
      <line num="370" count="0" type="cond" truecount="0" falsecount="4"/>
      <line num="372" count="0" type="stmt"/>
      <line num="373" count="0" type="stmt"/>
      <line num="377" count="3" type="cond" truecount="1" falsecount="1"/>
      <line num="379" count="3" type="stmt"/>
      <line num="380" count="3" type="cond" truecount="3" falsecount="1"/>
      <line num="382" count="3" type="stmt"/>
      <line num="383" count="3" type="stmt"/>
      <line num="387" count="0" type="cond" truecount="0" falsecount="4"/>
      <line num="389" count="0" type="stmt"/>
      <line num="390" count="0" type="cond" truecount="0" falsecount="2"/>
      <line num="392" count="0" type="cond" truecount="0" falsecount="2"/>
      <line num="393" count="0" type="stmt"/>
      <line num="394" count="0" type="stmt"/>
      <line num="399" count="0" type="cond" truecount="0" falsecount="2"/>
      <line num="401" count="0" type="stmt"/>
      <line num="402" count="0" type="cond" truecount="0" falsecount="4"/>
      <line num="404" count="0" type="stmt"/>
      <line num="405" count="0" type="stmt"/>
      <line num="409" count="2" type="cond" truecount="1" falsecount="1"/>
      <line num="411" count="2" type="stmt"/>
      <line num="412" count="2" type="cond" truecount="1" falsecount="1"/>
      <line num="414" count="2" type="stmt"/>
      <line num="415" count="2" type="stmt"/>
      <line num="416" count="2" type="stmt"/>
      <line num="420" count="0" type="stmt"/>
      <line num="421" count="0" type="stmt"/>
      <line num="422" count="0" type="stmt"/>
      <line num="424" count="0" type="stmt"/>
      <line num="428" count="0" type="cond" truecount="0" falsecount="2"/>
      <line num="429" count="0" type="cond" truecount="0" falsecount="2"/>
      <line num="431" count="0" type="stmt"/>
      <line num="432" count="0" type="stmt"/>
      <line num="434" count="0" type="stmt"/>
      <line num="435" count="0" type="cond" truecount="0" falsecount="2"/>
      <line num="436" count="0" type="stmt"/>
      <line num="438" count="0" type="stmt"/>
      <line num="439" count="0" type="stmt"/>
      <line num="444" count="0" type="cond" truecount="0" falsecount="4"/>
      <line num="446" count="0" type="stmt"/>
      <line num="447" count="0" type="cond" truecount="0" falsecount="4"/>
      <line num="448" count="0" type="stmt"/>
      <line num="449" count="0" type="stmt"/>
      <line num="454" count="0" type="cond" truecount="0" falsecount="4"/>
      <line num="456" count="0" type="stmt"/>
      <line num="457" count="0" type="cond" truecount="0" falsecount="4"/>
      <line num="458" count="0" type="stmt"/>
      <line num="459" count="0" type="stmt"/>
      <line num="464" count="0" type="cond" truecount="0" falsecount="2"/>
      <line num="466" count="0" type="stmt"/>
      <line num="467" count="0" type="cond" truecount="0" falsecount="4"/>
      <line num="468" count="0" type="stmt"/>
      <line num="469" count="0" type="stmt"/>
      <line num="474" count="0" type="cond" truecount="0" falsecount="2"/>
      <line num="476" count="0" type="stmt"/>
      <line num="477" count="0" type="cond" truecount="0" falsecount="4"/>
      <line num="478" count="0" type="stmt"/>
      <line num="483" count="0" type="cond" truecount="0" falsecount="5"/>
      <line num="485" count="0" type="stmt"/>
      <line num="486" count="0" type="cond" truecount="0" falsecount="2"/>
      <line num="488" count="0" type="cond" truecount="0" falsecount="2"/>
      <line num="489" count="0" type="stmt"/>
      <line num="494" count="0" type="cond" truecount="0" falsecount="2"/>
      <line num="495" count="0" type="stmt"/>
      <line num="497" count="0" type="cond" truecount="0" falsecount="4"/>
      <line num="498" count="0" type="stmt"/>
      <line num="503" count="0" type="stmt"/>
      <line num="504" count="0" type="stmt"/>
      <line num="506" count="0" type="cond" truecount="0" falsecount="4"/>
      <line num="507" count="0" type="stmt"/>
      <line num="523" count="0" type="cond" truecount="0" falsecount="2"/>
      <line num="524" count="0" type="stmt"/>
      <line num="525" count="0" type="stmt"/>
      <line num="528" count="0" type="stmt"/>
      <line num="532" count="3" type="cond" truecount="2" falsecount="0"/>
      <line num="533" count="1" type="stmt"/>
      <line num="538" count="0" type="stmt"/>
      <line num="539" count="0" type="stmt"/>
      <line num="540" count="0" type="stmt"/>
      <line num="541" count="0" type="stmt"/>
      <line num="545" count="1" type="stmt"/>
      <line num="546" count="1" type="stmt"/>
      <line num="547" count="1" type="stmt"/>
      <line num="548" count="1" type="stmt"/>
      <line num="554" count="0" type="stmt"/>
      <line num="555" count="0" type="stmt"/>
      <line num="556" count="0" type="stmt"/>
      <line num="560" count="0" type="stmt"/>
      <line num="561" count="0" type="cond" truecount="0" falsecount="2"/>
      <line num="562" count="0" type="stmt"/>
      <line num="563" count="0" type="stmt"/>
      <line num="566" count="0" type="stmt"/>
      <line num="567" count="0" type="stmt"/>
      <line num="569" count="0" type="cond" truecount="0" falsecount="2"/>
      <line num="570" count="0" type="stmt"/>
      <line num="571" count="0" type="stmt"/>
      <line num="574" count="0" type="cond" truecount="0" falsecount="2"/>
      <line num="575" count="0" type="stmt"/>
      <line num="576" count="0" type="stmt"/>
      <line num="579" count="0" type="cond" truecount="0" falsecount="2"/>
      <line num="580" count="0" type="stmt"/>
      <line num="585" count="2" type="stmt"/>
      <line num="586" count="2" type="stmt"/>
      <line num="587" count="2" type="stmt"/>
      <line num="589" count="2" type="cond" truecount="1" falsecount="1"/>
      <line num="590" count="0" type="stmt"/>
      <line num="591" count="0" type="stmt"/>
      <line num="594" count="2" type="stmt"/>
      <line num="595" count="2" type="stmt"/>
      <line num="596" count="2" type="cond" truecount="1" falsecount="1"/>
      <line num="598" count="2" type="stmt"/>
      <line num="599" count="2" type="stmt"/>
      <line num="600" count="2" type="stmt"/>
      <line num="616" count="2" type="stmt"/>
      <line num="627" count="2" type="stmt"/>
      <line num="628" count="2" type="stmt"/>
      <line num="629" count="2" type="stmt"/>
      <line num="630" count="2" type="stmt"/>
      <line num="631" count="2" type="stmt"/>
      <line num="632" count="2" type="stmt"/>
      <line num="633" count="2" type="stmt"/>
      <line num="634" count="2" type="stmt"/>
      <line num="635" count="2" type="cond" truecount="1" falsecount="1"/>
      <line num="636" count="2" type="stmt"/>
      <line num="640" count="2" type="stmt"/>
      <line num="644" count="8" type="cond" truecount="1" falsecount="1"/>
      <line num="646" count="8" type="stmt"/>
      <line num="659" count="7" type="cond" truecount="3" falsecount="1"/>
      <line num="661" count="7" type="stmt"/>
      <line num="665" count="3" type="cond" truecount="3" falsecount="1"/>
      <line num="669" count="3" type="cond" truecount="3" falsecount="1"/>
      <line num="670" count="3" type="stmt"/>
      <line num="673" count="0" type="stmt"/>
      <line num="674" count="0" type="cond" truecount="0" falsecount="2"/>
      <line num="678" count="3" type="cond" truecount="3" falsecount="1"/>
      <line num="680" count="3" type="cond" truecount="1" falsecount="1"/>
      <line num="683" count="3" type="stmt"/>
      <line num="691" count="3" type="cond" truecount="1" falsecount="1"/>
      <line num="692" count="3" type="stmt"/>
      <line num="694" count="3" type="cond" truecount="1" falsecount="1"/>
      <line num="695" count="3" type="stmt"/>
      <line num="697" count="3" type="cond" truecount="1" falsecount="1"/>
      <line num="698" count="3" type="stmt"/>
      <line num="700" count="3" type="cond" truecount="1" falsecount="1"/>
      <line num="701" count="3" type="stmt"/>
      <line num="709" count="1" type="cond" truecount="2" falsecount="0"/>
      <line num="710" count="1" type="cond" truecount="1" falsecount="1"/>
      <line num="712" count="1" type="cond" truecount="3" falsecount="1"/>
      <line num="716" count="1" type="cond" truecount="1" falsecount="1"/>
      <line num="718" count="1" type="stmt"/>
      <line num="719" count="1" type="cond" truecount="1" falsecount="1"/>
      <line num="721" count="1" type="stmt"/>
      <line num="722" count="1" type="stmt"/>
      <line num="723" count="1" type="stmt"/>
      <line num="724" count="1" type="stmt"/>
      <line num="725" count="1" type="stmt"/>
      <line num="729" count="1" type="cond" truecount="2" falsecount="0"/>
      <line num="730" count="1" type="cond" truecount="1" falsecount="1"/>
      <line num="732" count="1" type="stmt"/>
      <line num="733" count="1" type="cond" truecount="1" falsecount="1"/>
      <line num="734" count="1" type="stmt"/>
      <line num="735" count="0" type="cond" truecount="0" falsecount="4"/>
      <line num="736" count="0" type="stmt"/>
      <line num="739" count="1" type="stmt"/>
      <line num="740" count="1" type="stmt"/>
      <line num="742" count="1" type="cond" truecount="1" falsecount="1"/>
      <line num="743" count="1" type="stmt"/>
      <line num="744" count="1" type="cond" truecount="1" falsecount="1"/>
      <line num="747" count="1" type="stmt"/>
      <line num="749" count="1" type="cond" truecount="1" falsecount="1"/>
      <line num="750" count="1" type="stmt"/>
      <line num="755" count="1" type="cond" truecount="2" falsecount="0"/>
      <line num="756" count="1" type="cond" truecount="3" falsecount="1"/>
      <line num="758" count="1" type="stmt"/>
      <line num="759" count="1" type="stmt"/>
      <line num="760" count="1" type="stmt"/>
      <line num="767" count="3" type="stmt"/>
      <line num="768" count="3" type="cond" truecount="1" falsecount="1"/>
      <line num="770" count="3" type="stmt"/>
      <line num="771" count="1" type="stmt"/>
      <line num="775" count="3" type="stmt"/>
      <line num="776" count="1" type="stmt"/>
      <line num="780" count="3" type="stmt"/>
      <line num="781" count="1" type="stmt"/>
      <line num="786" count="3" type="cond" truecount="1" falsecount="1"/>
      <line num="787" count="3" type="stmt"/>
      <line num="792" count="2" type="cond" truecount="4" falsecount="1"/>
      <line num="794" count="2" type="cond" truecount="0" falsecount="1"/>
      <line num="795" count="3" type="stmt"/>
      <line num="796" count="3" type="stmt"/>
      <line num="797" count="3" type="stmt"/>
      <line num="799" count="3" type="stmt"/>
      <line num="801" count="3" type="cond" truecount="1" falsecount="1"/>
      <line num="802" count="3" type="cond" truecount="3" falsecount="1"/>
      <line num="803" count="3" type="stmt"/>
      <line num="805" count="3" type="cond" truecount="3" falsecount="1"/>
      <line num="806" count="3" type="stmt"/>
      <line num="810" count="2" type="stmt"/>
      <line num="814" count="1" type="cond" truecount="5" falsecount="1"/>
      <line num="816" count="1" type="stmt"/>
      <line num="817" count="1" type="stmt"/>
      <line num="821" count="0" type="stmt"/>
      <line num="825" count="0" type="stmt"/>
      <line num="829" count="0" type="stmt"/>
      <line num="830" count="0" type="stmt"/>
      <line num="831" count="0" type="stmt"/>
      <line num="832" count="0" type="stmt"/>
      <line num="835" count="0" type="stmt"/>
      <line num="836" count="0" type="stmt"/>
      <line num="837" count="0" type="cond" truecount="0" falsecount="2"/>
      <line num="838" count="0" type="stmt"/>
      <line num="839" count="0" type="stmt"/>
      <line num="841" count="0" type="stmt"/>
      <line num="842" count="0" type="stmt"/>
      <line num="844" count="0" type="stmt"/>
      <line num="845" count="0" type="stmt"/>
      <line num="846" count="0" type="stmt"/>
      <line num="847" count="0" type="stmt"/>
      <line num="848" count="0" type="stmt"/>
      <line num="852" count="0" type="cond" truecount="0" falsecount="2"/>
      <line num="853" count="0" type="stmt"/>
      <line num="859" count="0" type="stmt"/>
      <line num="863" count="0" type="stmt"/>
      <line num="864" count="0" type="cond" truecount="0" falsecount="5"/>
      <line num="865" count="0" type="stmt"/>
      <line num="868" count="0" type="cond" truecount="0" falsecount="4"/>
      <line num="869" count="0" type="stmt"/>
      <line num="872" count="0" type="stmt"/>
      <line num="876" count="0" type="stmt"/>
      <line num="878" count="0" type="stmt"/>
      <line num="882" count="1" type="stmt"/>
      <line num="883" count="1" type="cond" truecount="2" falsecount="3"/>
      <line num="884" count="0" type="stmt"/>
      <line num="887" count="1" type="cond" truecount="2" falsecount="2"/>
      <line num="888" count="0" type="stmt"/>
      <line num="891" count="1" type="stmt"/>
      <line num="895" count="1" type="stmt"/>
      <line num="897" count="1" type="stmt"/>
      <line num="901" count="1" type="stmt"/>
      <line num="902" count="1" type="cond" truecount="2" falsecount="3"/>
      <line num="903" count="0" type="stmt"/>
      <line num="906" count="1" type="cond" truecount="2" falsecount="2"/>
      <line num="907" count="0" type="stmt"/>
      <line num="910" count="1" type="stmt"/>
      <line num="914" count="1" type="stmt"/>
      <line num="916" count="1" type="stmt"/>
      <line num="920" count="6" type="cond" truecount="4" falsecount="1"/>
      <line num="922" count="6" type="stmt"/>
      <line num="926" count="2" type="cond" truecount="1" falsecount="1"/>
      <line num="927" count="2" type="stmt"/>
      <line num="932" count="0" type="cond" truecount="0" falsecount="2"/>
      <line num="933" count="0" type="stmt"/>
      <line num="936" count="0" type="cond" truecount="0" falsecount="2"/>
      <line num="937" count="0" type="stmt"/>
      <line num="940" count="0" type="stmt"/>
      <line num="944" count="0" type="cond" truecount="0" falsecount="4"/>
      <line num="946" count="0" type="cond" truecount="0" falsecount="2"/>
      <line num="948" count="0" type="stmt"/>
      <line num="949" count="0" type="stmt"/>
      <line num="951" count="0" type="stmt"/>
      <line num="955" count="0" type="cond" truecount="0" falsecount="5"/>
      <line num="957" count="0" type="stmt"/>
      <line num="958" count="0" type="stmt"/>
      <line num="962" count="5" type="stmt"/>
      <line num="963" count="5" type="cond" truecount="1" falsecount="1"/>
      <line num="964" count="5" type="stmt"/>
      <line num="965" count="5" type="stmt"/>
      <line num="967" count="5" type="cond" truecount="1" falsecount="1"/>
      <line num="969" count="5" type="stmt"/>
      <line num="970" count="5" type="stmt"/>
      <line num="972" count="5" type="stmt"/>
      <line num="973" count="5" type="cond" truecount="1" falsecount="1"/>
      <line num="974" count="5" type="stmt"/>
      <line num="977" count="5" type="stmt"/>
      <line num="978" count="5" type="stmt"/>
      <line num="979" count="5" type="stmt"/>
      <line num="987" count="5" type="cond" truecount="1" falsecount="1"/>
      <line num="989" count="5" type="stmt"/>
      <line num="990" count="5" type="stmt"/>
      <line num="998" count="5" type="cond" truecount="1" falsecount="1"/>
      <line num="999" count="5" type="cond" truecount="1" falsecount="1"/>
      <line num="1000" count="5" type="stmt"/>
      <line num="1008" count="5" type="stmt"/>
      <line num="1009" count="5" type="stmt"/>
      <line num="1010" count="5" type="stmt"/>
      <line num="1014" count="13" type="cond" truecount="3" falsecount="1"/>
      <line num="1016" count="13" type="stmt"/>
      <line num="1017" count="13" type="stmt"/>
      <line num="1018" count="13" type="stmt"/>
      <line num="1027" count="13" type="stmt"/>
      <line num="1031" count="12" type="cond" truecount="2" falsecount="0"/>
      <line num="1033" count="10" type="stmt"/>
      <line num="1045" count="8" type="cond" truecount="1" falsecount="1"/>
      <line num="1046" count="8" type="stmt"/>
      <line num="1048" count="8" type="cond" truecount="1" falsecount="1"/>
      <line num="1049" count="8" type="stmt"/>
      <line num="1054" count="3" type="stmt"/>
      <line num="1055" count="3" type="cond" truecount="1" falsecount="1"/>
      <line num="1057" count="3" type="cond" truecount="2" falsecount="0"/>
      <line num="1058" count="2" type="stmt"/>
      <line num="1059" count="2" type="stmt"/>
      <line num="1062" count="1" type="stmt"/>
      <line num="1063" count="1" type="stmt"/>
      <line num="1064" count="1" type="stmt"/>
      <line num="1072" count="6" type="cond" truecount="4" falsecount="0"/>
      <line num="1076" count="6" type="cond" truecount="4" falsecount="0"/>
      <line num="1077" count="4" type="stmt"/>
      <line num="1080" count="2" type="stmt"/>
      <line num="1081" count="2" type="cond" truecount="1" falsecount="1"/>
      <line num="1085" count="12" type="cond" truecount="1" falsecount="1"/>
      <line num="1087" count="12" type="cond" truecount="2" falsecount="0"/>
      <line num="1088" count="3" type="stmt"/>
      <line num="1089" count="3" type="stmt"/>
      <line num="1092" count="9" type="stmt"/>
      <line num="1101" count="2" type="cond" truecount="2" falsecount="0"/>
      <line num="1102" count="1" type="cond" truecount="1" falsecount="1"/>
      <line num="1105" count="1" type="cond" truecount="2" falsecount="2"/>
      <line num="1106" count="0" type="stmt"/>
      <line num="1109" count="1" type="cond" truecount="4" falsecount="1"/>
      <line num="1110" count="1" type="stmt"/>
      <line num="1113" count="0" type="stmt"/>
      <line num="1117" count="1" type="cond" truecount="2" falsecount="0"/>
      <line num="1118" count="1" type="cond" truecount="1" falsecount="1"/>
      <line num="1120" count="1" type="cond" truecount="2" falsecount="2"/>
      <line num="1121" count="0" type="stmt"/>
      <line num="1124" count="1" type="stmt"/>
      <line num="1128" count="1" type="stmt"/>
      <line num="1129" count="1" type="cond" truecount="1" falsecount="1"/>
      <line num="1130" count="0" type="cond" truecount="0" falsecount="2"/>
      <line num="1131" count="0" type="stmt"/>
      <line num="1134" count="1" type="stmt"/>
      <line num="1135" count="1" type="stmt"/>
      <line num="1136" count="1" type="stmt"/>
      <line num="1138" count="1" type="cond" truecount="3" falsecount="1"/>
      <line num="1139" count="1" type="stmt"/>
      <line num="1142" count="1" type="stmt"/>
      <line num="1144" count="1" type="cond" truecount="3" falsecount="1"/>
      <line num="1145" count="1" type="stmt"/>
      <line num="1148" count="1" type="stmt"/>
      <line num="1149" count="1" type="stmt"/>
      <line num="1150" count="1" type="stmt"/>
      <line num="1154" count="1" type="cond" truecount="3" falsecount="1"/>
      <line num="1156" count="1" type="stmt"/>
      <line num="1157" count="6" type="stmt"/>
      <line num="1158" count="2" type="stmt"/>
      <line num="1160" count="6" type="stmt"/>
      <line num="1161" count="6" type="stmt"/>
      <line num="1169" count="1" type="cond" truecount="3" falsecount="1"/>
      <line num="1170" count="0" type="stmt"/>
      <line num="1171" count="0" type="stmt"/>
      <line num="1174" count="1" type="stmt"/>
      <line num="1175" count="6" type="stmt"/>
      <line num="1177" count="1" type="stmt"/>
      <line num="1181" count="4" type="cond" truecount="2" falsecount="0"/>
      <line num="1183" count="1" type="stmt"/>
      <line num="1184" count="1" type="cond" truecount="1" falsecount="1"/>
      <line num="1185" count="1" type="stmt"/>
      <line num="1188" count="1" type="stmt"/>
      <line num="1190" count="1" type="cond" truecount="1" falsecount="1"/>
      <line num="1191" count="1" type="stmt"/>
      <line num="1194" count="1" type="stmt"/>
      <line num="1195" count="1" type="stmt"/>
      <line num="1197" count="1" type="cond" truecount="1" falsecount="1"/>
      <line num="1198" count="1" type="stmt"/>
      <line num="1199" count="1" type="cond" truecount="1" falsecount="1"/>
      <line num="1200" count="1" type="stmt"/>
      <line num="1202" count="1" type="stmt"/>
      <line num="1205" count="1" type="cond" truecount="3" falsecount="1"/>
      <line num="1206" count="1" type="stmt"/>
      <line num="1211" count="2" type="cond" truecount="2" falsecount="0"/>
      <line num="1212" count="2" type="cond" truecount="1" falsecount="1"/>
      <line num="1213" count="2" type="stmt"/>
      <line num="1215" count="2" type="cond" truecount="1" falsecount="1"/>
      <line num="1216" count="0" type="stmt"/>
      <line num="1222" count="2" type="stmt"/>
      <line num="1223" count="2" type="cond" truecount="1" falsecount="1"/>
      <line num="1224" count="2" type="stmt"/>
      <line num="1225" count="0" type="cond" truecount="0" falsecount="4"/>
      <line num="1226" count="0" type="stmt"/>
      <line num="1229" count="2" type="stmt"/>
      <line num="1230" count="2" type="cond" truecount="1" falsecount="1"/>
      <line num="1231" count="2" type="stmt"/>
      <line num="1232" count="2" type="cond" truecount="1" falsecount="1"/>
      <line num="1235" count="2" type="stmt"/>
      <line num="1237" count="2" type="cond" truecount="1" falsecount="1"/>
      <line num="1238" count="2" type="stmt"/>
      <line num="1241" count="2" type="stmt"/>
      <line num="1242" count="2" type="stmt"/>
      <line num="1246" count="1" type="stmt"/>
      <line num="1247" count="2" type="stmt"/>
      <line num="1253" count="1" type="stmt"/>
      <line num="1258" count="1" type="stmt"/>
      <line num="1260" count="1" type="stmt"/>
      <line num="1261" count="2" type="stmt"/>
      <line num="1262" count="2" type="stmt"/>
      <line num="1265" count="1" type="cond" truecount="3" falsecount="1"/>
      <line num="1266" count="1" type="stmt"/>
      <line num="1268" count="0" type="stmt"/>
      <line num="1269" count="0" type="cond" truecount="0" falsecount="4"/>
      <line num="1270" count="0" type="stmt"/>
      <line num="1275" count="1" type="stmt"/>
      <line num="1276" count="1" type="stmt"/>
      <line num="1277" count="1" type="stmt"/>
      <line num="1279" count="1" type="cond" truecount="3" falsecount="1"/>
      <line num="1280" count="1" type="stmt"/>
      <line num="1283" count="1" type="stmt"/>
      <line num="1284" count="1" type="cond" truecount="3" falsecount="1"/>
      <line num="1285" count="1" type="stmt"/>
      <line num="1289" count="2" type="stmt"/>
      <line num="1296" count="2" type="stmt"/>
      <line num="1297" count="2" type="cond" truecount="1" falsecount="1"/>
      <line num="1299" count="2" type="stmt"/>
      <line num="1300" count="2" type="cond" truecount="2" falsecount="0"/>
      <line num="1301" count="2" type="cond" truecount="2" falsecount="0"/>
      <line num="1303" count="2" type="cond" truecount="2" falsecount="0"/>
      <line num="1304" count="1" type="stmt"/>
      <line num="1305" count="0" type="stmt"/>
      <line num="1307" count="1" type="stmt"/>
      <line num="1308" count="1" type="cond" truecount="1" falsecount="1"/>
      <line num="1309" count="1" type="stmt"/>
      <line num="1310" count="0" type="stmt"/>
      <line num="1314" count="1" type="stmt"/>
      <line num="1317" count="2" type="stmt"/>
[...]
      <line num="137" count="6" type="cond" truecount="2" falsecount="2"/>
      <line num="138" count="0" type="stmt"/>
      <line num="142" count="1" type="cond" truecount="1" falsecount="1"/>
      <line num="144" count="1" type="cond" truecount="1" falsecount="1"/>
      <line num="145" count="0" type="stmt"/>
      <line num="148" count="1" type="stmt"/>
      <line num="150" count="1" type="cond" truecount="2" falsecount="2"/>
      <line num="151" count="0" type="stmt"/>
      <line num="154" count="1" type="cond" truecount="1" falsecount="1"/>
      <line num="155" count="1" type="stmt"/>
      <line num="156" count="1" type="stmt"/>
      <line num="157" count="1" type="stmt"/>
      <line num="158" count="1" type="cond" truecount="1" falsecount="1"/>
      <line num="162" count="0" type="cond" truecount="0" falsecount="2"/>
      <line num="163" count="0" type="stmt"/>
      <line num="165" count="0" type="cond" truecount="0" falsecount="4"/>
      <line num="166" count="0" type="cond" truecount="0" falsecount="4"/>
      <line num="167" count="0" type="cond" truecount="0" falsecount="4"/>
      <line num="168" count="0" type="cond" truecount="0" falsecount="4"/>
      <line num="170" count="0" type="stmt"/>
      <line num="173" count="0" type="stmt"/>
      <line num="177" count="31" type="cond" truecount="2" falsecount="0"/>
      <line num="179" count="1" type="stmt"/>
      <line num="180" count="1" type="cond" truecount="1" falsecount="1"/>
      <line num="181" count="1" type="stmt"/>
      <line num="186" count="285" type="cond" truecount="2" falsecount="0"/>
      <line num="187" count="1" type="stmt"/>
      <line num="190" count="284" type="cond" truecount="2" falsecount="0"/>
      <line num="191" count="30" type="stmt"/>
      <line num="194" count="269" type="cond" truecount="2" falsecount="0"/>
      <line num="195" count="49" type="stmt"/>
      <line num="196" count="224" type="stmt"/>
      <line num="197" count="224" type="stmt"/>
      <line num="201" count="220" type="stmt"/>
      <line num="205" count="3" type="cond" truecount="1" falsecount="1"/>
      <line num="207" count="3" type="stmt"/>
      <line num="208" count="6" type="cond" truecount="2" falsecount="0"/>
      <line num="209" count="6" type="stmt"/>
      <line num="210" count="6" type="stmt"/>
      <line num="211" count="3" type="stmt"/>
      <line num="215" count="2" type="stmt"/>
      <line num="219" count="4" type="cond" truecount="1" falsecount="1"/>
      <line num="220" count="0" type="stmt"/>
      <line num="223" count="4" type="cond" truecount="1" falsecount="1"/>
      <line num="224" count="0" type="stmt"/>
      <line num="227" count="4" type="cond" truecount="1" falsecount="1"/>
      <line num="228" count="4" type="stmt"/>
      <line num="230" count="4" type="cond" truecount="2" falsecount="0"/>
      <line num="231" count="1" type="stmt"/>
      <line num="232" count="1" type="cond" truecount="1" falsecount="1"/>
      <line num="235" count="3" type="stmt"/>
      <line num="236" count="3" type="cond" truecount="3" falsecount="1"/>
      <line num="237" count="0" type="stmt"/>
      <line num="240" count="3" type="cond" truecount="1" falsecount="1"/>
      <line num="241" count="3" type="cond" truecount="1" falsecount="1"/>
      <line num="243" count="3" type="stmt"/>
      <line num="244" count="3" type="stmt"/>
      <line num="245" count="3" type="stmt"/>
      <line num="247" count="3" type="cond" truecount="1" falsecount="1"/>
      <line num="248" count="3" type="cond" truecount="5" falsecount="0"/>
      <line num="249" count="2" type="stmt"/>
      <line num="252" count="1" type="stmt"/>
      <line num="256" count="0" type="stmt"/>
      <line num="260" count="31" type="stmt"/>
      <line num="262" count="31" type="stmt"/>
      <line num="263" count="310" type="cond" truecount="2" falsecount="0"/>
      <line num="265" count="1" type="stmt"/>
      <line num="266" count="1" type="stmt"/>
      <line num="268" count="1" type="cond" truecount="1" falsecount="1"/>
      <line num="269" count="1" type="stmt"/>
      <line num="272" count="1" type="stmt"/>
      <line num="275" count="31" type="stmt"/>
      <line num="279" count="31" type="stmt"/>
      <line num="280" count="31" type="stmt"/>
      <line num="281" count="31" type="stmt"/>
      <line num="288" count="31" type="cond" truecount="4" falsecount="0"/>
      <line num="291" count="31" type="stmt"/>
      <line num="292" count="31" type="stmt"/>
      <line num="294" count="31" type="stmt"/>
      <line num="302" count="31" type="stmt"/>
      <line num="306" count="2" type="cond" truecount="1" falsecount="1"/>
      <line num="310" count="8" type="cond" truecount="3" falsecount="0"/>
    </file>
    <file name="vector-tile-layer-registry.js" path="C:\Users\BBG\Desktop\amap\src\map\vector-tile-layer-registry.js">
      <metrics statements="173" coveredstatements="149" conditionals="188" coveredconditionals="117" methods="41" coveredmethods="39"/>
      <line num="3" count="2" type="stmt"/>
      <line num="5" count="2" type="stmt"/>
      <line num="15" count="2" type="stmt"/>
      <line num="18" count="38" type="stmt"/>
      <line num="22" count="3" type="cond" truecount="3" falsecount="1"/>
      <line num="28" count="3" type="cond" truecount="1" falsecount="1"/>
      <line num="30" count="3" type="stmt"/>
      <line num="37" count="3" type="cond" truecount="3" falsecount="1"/>
      <line num="39" count="3" type="cond" truecount="1" falsecount="1"/>
      <line num="40" count="0" type="stmt"/>
      <line num="41" count="0" type="stmt"/>
      <line num="44" count="3" type="cond" truecount="1" falsecount="1"/>
      <line num="45" count="3" type="stmt"/>
      <line num="46" count="3" type="stmt"/>
      <line num="49" count="0" type="cond" truecount="0" falsecount="2"/>
      <line num="50" count="0" type="stmt"/>
      <line num="55" count="2" type="cond" truecount="3" falsecount="1"/>
      <line num="57" count="2" type="cond" truecount="1" falsecount="1"/>
      <line num="58" count="0" type="stmt"/>
      <line num="59" count="0" type="stmt"/>
      <line num="62" count="2" type="cond" truecount="1" falsecount="1"/>
      <line num="63" count="2" type="stmt"/>
      <line num="64" count="2" type="stmt"/>
      <line num="67" count="0" type="cond" truecount="0" falsecount="2"/>
      <line num="68" count="0" type="stmt"/>
      <line num="73" count="6" type="cond" truecount="1" falsecount="1"/>
      <line num="75" count="6" type="stmt"/>
      <line num="76" count="24" type="cond" truecount="2" falsecount="0"/>
      <line num="77" count="3" type="stmt"/>
      <line num="79" count="24" type="stmt"/>
      <line num="82" count="6" type="cond" truecount="4" falsecount="0"/>
      <line num="86" count="6" type="cond" truecount="1" falsecount="1"/>
      <line num="88" count="6" type="stmt"/>
      <line num="89" count="22" type="cond" truecount="2" falsecount="0"/>
      <line num="97" count="11" type="stmt"/>
      <line num="100" count="11" type="cond" truecount="3" falsecount="1"/>
      <line num="101" count="0" type="stmt"/>
      <line num="104" count="11" type="stmt"/>
      <line num="105" count="11" type="stmt"/>
      <line num="110" count="3" type="stmt"/>
      <line num="111" count="3" type="stmt"/>
      <line num="112" count="3" type="stmt"/>
      <line num="114" count="3" type="cond" truecount="1" falsecount="1"/>
      <line num="115" count="3" type="stmt"/>
      <line num="118" count="3" type="cond" truecount="1" falsecount="1"/>
      <line num="119" count="3" type="stmt"/>
      <line num="122" count="3" type="stmt"/>
      <line num="126" count="3" type="stmt"/>
      <line num="127" count="3" type="stmt"/>
      <line num="129" count="3" type="stmt"/>
      <line num="136" count="9" type="cond" truecount="4" falsecount="0"/>
      <line num="137" count="3" type="cond" truecount="3" falsecount="1"/>
      <line num="138" count="3" type="cond" truecount="1" falsecount="1"/>
      <line num="139" count="6" type="stmt"/>
      <line num="142" count="6" type="stmt"/>
      <line num="146" count="3" type="stmt"/>
      <line num="151" count="3" type="stmt"/>
      <line num="152" count="24" type="cond" truecount="2" falsecount="0"/>
      <line num="153" count="9" type="stmt"/>
      <line num="158" count="6" type="cond" truecount="1" falsecount="1"/>
      <line num="160" count="6" type="cond" truecount="3" falsecount="1"/>
      <line num="161" count="6" type="stmt"/>
      <line num="164" count="6" type="cond" truecount="3" falsecount="1"/>
      <line num="165" count="6" type="stmt"/>
      <line num="168" count="6" type="cond" truecount="3" falsecount="1"/>
      <line num="169" count="6" type="stmt"/>
      <line num="172" count="6" type="cond" truecount="3" falsecount="1"/>
      <line num="173" count="6" type="stmt"/>
      <line num="178" count="2" type="cond" truecount="1" falsecount="1"/>
      <line num="179" count="2" type="stmt"/>
      <line num="180" count="2" type="cond" truecount="1" falsecount="1"/>
      <line num="184" count="9" type="cond" truecount="1" falsecount="1"/>
      <line num="186" count="9" type="stmt"/>
      <line num="187" count="36" type="cond" truecount="2" falsecount="0"/>
      <line num="188" count="36" type="cond" truecount="2" falsecount="0"/>
      <line num="192" count="3" type="stmt"/>
      <line num="193" count="3" type="stmt"/>
      <line num="194" count="3" type="stmt"/>
      <line num="195" count="3" type="stmt"/>
      <line num="196" count="3" type="stmt"/>
      <line num="197" count="3" type="stmt"/>
      <line num="198" count="3" type="stmt"/>
      <line num="199" count="3" type="stmt"/>
      <line num="202" count="2" type="cond" truecount="3" falsecount="1"/>
      <line num="203" count="0" type="stmt"/>
      <line num="204" count="0" type="stmt"/>
      <line num="207" count="2" type="stmt"/>
      <line num="208" count="1" type="stmt"/>
      <line num="210" count="2" type="stmt"/>
      <line num="214" count="3" type="cond" truecount="4" falsecount="1"/>
      <line num="216" count="3" type="stmt"/>
      <line num="217" count="2" type="stmt"/>
      <line num="219" count="2" type="stmt"/>
      <line num="220" count="2" type="stmt"/>
      <line num="221" count="2" type="stmt"/>
      <line num="226" count="5" type="cond" truecount="2" falsecount="0"/>
      <line num="228" count="2" type="stmt"/>
      <line num="229" count="2" type="stmt"/>
      <line num="230" count="2" type="cond" truecount="1" falsecount="1"/>
      <line num="231" count="2" type="stmt"/>
      <line num="233" count="2" type="stmt"/>
      <line num="234" count="2" type="stmt"/>
      <line num="238" count="3" type="stmt"/>
      <line num="239" count="3" type="cond" truecount="1" falsecount="1"/>
      <line num="240" count="0" type="stmt"/>
      <line num="241" count="0" type="stmt"/>
      <line num="244" count="3" type="cond" truecount="1" falsecount="1"/>
      <line num="245" count="0" type="stmt"/>
      <line num="246" count="0" type="stmt"/>
      <line num="249" count="3" type="stmt"/>
      <line num="256" count="6" type="cond" truecount="2" falsecount="0"/>
      <line num="258" count="3" type="stmt"/>
      <line num="259" count="3" type="cond" truecount="1" falsecount="1"/>
      <line num="261" count="3" type="stmt"/>
      <line num="262" count="3" type="stmt"/>
      <line num="263" count="3" type="stmt"/>
      <line num="264" count="3" type="stmt"/>
      <line num="266" count="3" type="cond" truecount="2" falsecount="2"/>
      <line num="267" count="0" type="stmt"/>
      <line num="270" count="3" type="stmt"/>
      <line num="274" count="3" type="cond" truecount="1" falsecount="1"/>
      <line num="276" count="3" type="cond" truecount="1" falsecount="1"/>
      <line num="277" count="3" type="cond" truecount="1" falsecount="1"/>
      <line num="278" count="0" type="cond" truecount="0" falsecount="2"/>
      <line num="279" count="0" type="stmt"/>
      <line num="284" count="6" type="cond" truecount="1" falsecount="1"/>
      <line num="287" count="6" type="stmt"/>
      <line num="288" count="6" type="stmt"/>
      <line num="290" count="6" type="stmt"/>
      <line num="291" count="6" type="stmt"/>
      <line num="293" count="6" type="cond" truecount="3" falsecount="2"/>
      <line num="297" count="6" type="cond" truecount="2" falsecount="0"/>
      <line num="298" count="3" type="stmt"/>
      <line num="299" count="3" type="stmt"/>
      <line num="300" count="3" type="stmt"/>
      <line num="303" count="3" type="stmt"/>
      <line num="305" count="3" type="cond" truecount="1" falsecount="1"/>
      <line num="306" count="0" type="stmt"/>
      <line num="307" count="0" type="stmt"/>
      <line num="310" count="3" type="stmt"/>
      <line num="313" count="3" type="stmt"/>
      <line num="315" count="3" type="cond" truecount="2" falsecount="0"/>
      <line num="316" count="3" type="cond" truecount="2" falsecount="0"/>
      <line num="317" count="3" type="cond" truecount="1" falsecount="1"/>
      <line num="319" count="3" type="stmt"/>
      <line num="320" count="3" type="stmt"/>
      <line num="322" count="3" type="stmt"/>
      <line num="328" count="0" type="stmt"/>
      <line num="335" count="3" type="stmt"/>
      <line num="336" count="3" type="stmt"/>
      <line num="342" count="1" type="cond" truecount="3" falsecount="1"/>
      <line num="343" count="1" type="stmt"/>
      <line num="344" count="1" type="stmt"/>
      <line num="347" count="0" type="stmt"/>
      <line num="348" count="0" type="stmt"/>
      <line num="352" count="2" type="cond" truecount="3" falsecount="1"/>
      <line num="354" count="2" type="stmt"/>
      <line num="358" count="3" type="stmt"/>
      <line num="359" count="3" type="stmt"/>
      <line num="360" count="3" type="stmt"/>
      <line num="361" count="3" type="cond" truecount="3" falsecount="1"/>
      <line num="362" count="3" type="stmt"/>
      <line num="367" count="2" type="stmt"/>
      <line num="368" count="2" type="stmt"/>
      <line num="369" count="2" type="cond" truecount="3" falsecount="1"/>
      <line num="370" count="2" type="stmt"/>
      <line num="375" count="2" type="stmt"/>
      <line num="376" count="2" type="stmt"/>
      <line num="377" count="2" type="stmt"/>
      <line num="378" count="2" type="stmt"/>
      <line num="379" count="2" type="stmt"/>
      <line num="383" count="0" type="stmt"/>
      <line num="387" count="9" type="stmt"/>
    </file>
    <file name="wms-layer-registry.js" path="C:\Users\BBG\Desktop\amap\src\map\wms-layer-registry.js">
      <metrics statements="91" coveredstatements="84" conditionals="104" coveredconditionals="72" methods="19" coveredmethods="18"/>
      <line num="3" count="2" type="stmt"/>
      <line num="18" count="18" type="stmt"/>
      <line num="22" count="8" type="cond" truecount="4" falsecount="1"/>
      <line num="30" count="5" type="cond" truecount="3" falsecount="1"/>
      <line num="32" count="5" type="cond" truecount="1" falsecount="1"/>
      <line num="33" count="5" type="stmt"/>
      <line num="34" count="5" type="stmt"/>
      <line num="37" count="0" type="cond" truecount="0" falsecount="2"/>
      <line num="38" count="0" type="stmt"/>
      <line num="43" count="3" type="cond" truecount="3" falsecount="1"/>
      <line num="45" count="3" type="cond" truecount="1" falsecount="1"/>
      <line num="46" count="3" type="stmt"/>
      <line num="47" count="3" type="stmt"/>
      <line num="50" count="0" type="cond" truecount="0" falsecount="2"/>
      <line num="51" count="0" type="stmt"/>
      <line num="56" count="9" type="cond" truecount="1" falsecount="1"/>
      <line num="58" count="9" type="cond" truecount="3" falsecount="1"/>
      <line num="59" count="9" type="stmt"/>
      <line num="62" count="9" type="cond" truecount="3" falsecount="1"/>
      <line num="63" count="9" type="stmt"/>
      <line num="66" count="9" type="cond" truecount="3" falsecount="1"/>
      <line num="67" count="9" type="stmt"/>
      <line num="70" count="9" type="cond" truecount="3" falsecount="1"/>
      <line num="71" count="9" type="stmt"/>
      <line num="74" count="9" type="cond" truecount="3" falsecount="1"/>
      <line num="75" count="9" type="stmt"/>
      <line num="80" count="6" type="cond" truecount="1" falsecount="1"/>
      <line num="86" count="6" type="stmt"/>
      <line num="88" count="6" type="cond" truecount="2" falsecount="0"/>
      <line num="89" count="6" type="cond" truecount="2" falsecount="0"/>
      <line num="90" count="2" type="cond" truecount="1" falsecount="1"/>
      <line num="93" count="6" type="stmt"/>
      <line num="97" count="5" type="stmt"/>
      <line num="98" count="5" type="stmt"/>
      <line num="99" count="5" type="stmt"/>
      <line num="100" count="5" type="stmt"/>
      <line num="101" count="5" type="stmt"/>
      <line num="104" count="11" type="cond" truecount="2" falsecount="0"/>
      <line num="106" count="3" type="stmt"/>
      <line num="107" count="3" type="cond" truecount="1" falsecount="1"/>
      <line num="108" count="3" type="stmt"/>
      <line num="110" count="3" type="stmt"/>
      <line num="111" count="3" type="stmt"/>
      <line num="115" count="8" type="stmt"/>
      <line num="116" count="8" type="cond" truecount="1" falsecount="1"/>
      <line num="117" count="0" type="stmt"/>
      <line num="118" count="0" type="stmt"/>
      <line num="121" count="8" type="cond" truecount="2" falsecount="0"/>
      <line num="122" count="3" type="stmt"/>
      <line num="123" count="3" type="stmt"/>
      <line num="126" count="5" type="stmt"/>
      <line num="134" count="10" type="cond" truecount="2" falsecount="0"/>
      <line num="136" count="8" type="stmt"/>
      <line num="137" count="8" type="cond" truecount="2" falsecount="0"/>
      <line num="139" count="5" type="stmt"/>
      <line num="140" count="5" type="stmt"/>
      <line num="141" count="5" type="stmt"/>
      <line num="143" count="5" type="cond" truecount="4" falsecount="0"/>
      <line num="144" count="2" type="stmt"/>
      <line num="147" count="5" type="stmt"/>
      <line num="151" count="12" type="cond" truecount="1" falsecount="1"/>
      <line num="154" count="12" type="stmt"/>
      <line num="155" count="12" type="stmt"/>
      <line num="156" count="12" type="stmt"/>
      <line num="158" count="12" type="cond" truecount="4" falsecount="0"/>
      <line num="159" count="8" type="stmt"/>
      <line num="160" count="8" type="stmt"/>
      <line num="161" count="8" type="stmt"/>
      <line num="164" count="4" type="stmt"/>
      <line num="165" count="4" type="cond" truecount="2" falsecount="0"/>
      <line num="166" count="3" type="cond" truecount="1" falsecount="1"/>
      <line num="167" count="1" type="cond" truecount="1" falsecount="1"/>
      <line num="168" count="1" type="stmt"/>
      <line num="172" count="5" type="stmt"/>
      <line num="174" count="6" type="stmt"/>
      <line num="178" count="1" type="cond" truecount="2" falsecount="0"/>
      <line num="182" count="5" type="cond" truecount="2" falsecount="0"/>
      <line num="186" count="2" type="stmt"/>
      <line num="187" count="2" type="stmt"/>
      <line num="188" count="2" type="stmt"/>
      <line num="189" count="2" type="cond" truecount="3" falsecount="1"/>
      <line num="190" count="2" type="stmt"/>
      <line num="195" count="1" type="stmt"/>
      <line num="196" count="1" type="stmt"/>
      <line num="197" count="1" type="cond" truecount="3" falsecount="1"/>
      <line num="198" count="1" type="stmt"/>
      <line num="203" count="3" type="stmt"/>
      <line num="204" count="3" type="stmt"/>
      <line num="205" count="3" type="stmt"/>
      <line num="209" count="0" type="stmt"/>
      <line num="213" count="12" type="stmt"/>
    </file>
  </project>
</coverage>
