{"C:\\Users\\BBG\\Desktop\\amap\\src\\map\\cluster-layer-registry.js": {"path":"C:\\Users\\BBG\\Desktop\\amap\\src\\map\\cluster-layer-registry.js","statementMap":{"0":{"start":{"line":11,"column":23},"end":{"line":11,"column":46}},"1":{"start":{"line":13,"column":30},"end":{"line":32,"column":1}},"2":{"start":{"line":35,"column":17},"end":{"line":35,"column":30}},"3":{"start":{"line":36,"column":2},"end":{"line":36,"column":52}},"4":{"start":{"line":40,"column":2},"end":{"line":42,"column":3}},"5":{"start":{"line":41,"column":4},"end":{"line":41,"column":77}},"6":{"start":{"line":44,"column":2},"end":{"line":46,"column":3}},"7":{"start":{"line":45,"column":4},"end":{"line":45,"column":25}},"8":{"start":{"line":48,"column":2},"end":{"line":48,"column":17}},"9":{"start":{"line":52,"column":2},"end":{"line":52,"column":65}},"10":{"start":{"line":52,"column":49},"end":{"line":52,"column":65}},"11":{"start":{"line":54,"column":16},"end":{"line":54,"column":62}},"12":{"start":{"line":55,"column":2},"end":{"line":57,"column":11}},"13":{"start":{"line":61,"column":2},"end":{"line":63,"column":3}},"14":{"start":{"line":62,"column":4},"end":{"line":62,"column":51}},"15":{"start":{"line":65,"column":2},"end":{"line":67,"column":3}},"16":{"start":{"line":66,"column":4},"end":{"line":66,"column":74}},"17":{"start":{"line":69,"column":2},"end":{"line":71,"column":3}},"18":{"start":{"line":70,"column":4},"end":{"line":70,"column":64}},"19":{"start":{"line":73,"column":2},"end":{"line":73,"column":72}},"20":{"start":{"line":73,"column":61},"end":{"line":73,"column":72}},"21":{"start":{"line":75,"column":14},"end":{"line":75,"column":36}},"22":{"start":{"line":76,"column":14},"end":{"line":76,"column":36}},"23":{"start":{"line":77,"column":2},"end":{"line":77,"column":73}},"24":{"start":{"line":81,"column":2},"end":{"line":81,"column":66}},"25":{"start":{"line":85,"column":2},"end":{"line":88,"column":3}},"26":{"start":{"line":92,"column":21},"end":{"line":92,"column":80}},"27":{"start":{"line":94,"column":2},"end":{"line":99,"column":3}},"28":{"start":{"line":103,"column":2},"end":{"line":103,"column":27}},"29":{"start":{"line":103,"column":16},"end":{"line":103,"column":27}},"30":{"start":{"line":105,"column":2},"end":{"line":113,"column":3}},"31":{"start":{"line":106,"column":23},"end":{"line":106,"column":81}},"32":{"start":{"line":108,"column":4},"end":{"line":112,"column":5}},"33":{"start":{"line":115,"column":2},"end":{"line":117,"column":3}},"34":{"start":{"line":116,"column":4},"end":{"line":116,"column":70}},"35":{"start":{"line":119,"column":2},"end":{"line":119,"column":13}},"36":{"start":{"line":123,"column":2},"end":{"line":123,"column":25}},"37":{"start":{"line":123,"column":16},"end":{"line":123,"column":25}},"38":{"start":{"line":125,"column":2},"end":{"line":130,"column":3}},"39":{"start":{"line":126,"column":4},"end":{"line":129,"column":61}},"40":{"start":{"line":127,"column":31},"end":{"line":127,"column":82}},"41":{"start":{"line":129,"column":27},"end":{"line":129,"column":60}},"42":{"start":{"line":132,"column":2},"end":{"line":136,"column":3}},"43":{"start":{"line":133,"column":4},"end":{"line":135,"column":61}},"44":{"start":{"line":135,"column":27},"end":{"line":135,"column":60}},"45":{"start":{"line":138,"column":2},"end":{"line":143,"column":3}},"46":{"start":{"line":139,"column":4},"end":{"line":142,"column":61}},"47":{"start":{"line":140,"column":31},"end":{"line":140,"column":82}},"48":{"start":{"line":142,"column":27},"end":{"line":142,"column":60}},"49":{"start":{"line":145,"column":2},"end":{"line":145,"column":11}},"50":{"start":{"line":149,"column":19},"end":{"line":149,"column":46}},"51":{"start":{"line":150,"column":2},"end":{"line":150,"column":26}},"52":{"start":{"line":150,"column":17},"end":{"line":150,"column":26}},"53":{"start":{"line":152,"column":2},"end":{"line":155,"column":3}},"54":{"start":{"line":153,"column":21},"end":{"line":153,"column":60}},"55":{"start":{"line":154,"column":4},"end":{"line":154,"column":37}},"56":{"start":{"line":157,"column":2},"end":{"line":161,"column":3}},"57":{"start":{"line":158,"column":4},"end":{"line":160,"column":10}},"58":{"start":{"line":163,"column":2},"end":{"line":163,"column":11}},"59":{"start":{"line":167,"column":13},"end":{"line":167,"column":34}},"60":{"start":{"line":168,"column":2},"end":{"line":168,"column":37}},"61":{"start":{"line":172,"column":2},"end":{"line":172,"column":61}},"62":{"start":{"line":176,"column":2},"end":{"line":178,"column":32}},"63":{"start":{"line":177,"column":22},"end":{"line":177,"column":34}},"64":{"start":{"line":178,"column":19},"end":{"line":178,"column":31}},"65":{"start":{"line":182,"column":2},"end":{"line":184,"column":32}},"66":{"start":{"line":183,"column":22},"end":{"line":183,"column":34}},"67":{"start":{"line":184,"column":19},"end":{"line":184,"column":31}},"68":{"start":{"line":188,"column":2},"end":{"line":194,"column":4}},"69":{"start":{"line":189,"column":4},"end":{"line":193,"column":5}},"70":{"start":{"line":190,"column":6},"end":{"line":190,"column":35}},"71":{"start":{"line":192,"column":6},"end":{"line":192,"column":32}},"72":{"start":{"line":198,"column":2},"end":{"line":204,"column":4}},"73":{"start":{"line":199,"column":4},"end":{"line":203,"column":5}},"74":{"start":{"line":200,"column":6},"end":{"line":200,"column":35}},"75":{"start":{"line":202,"column":6},"end":{"line":202,"column":32}},"76":{"start":{"line":208,"column":2},"end":{"line":208,"column":21}},"77":{"start":{"line":208,"column":12},"end":{"line":208,"column":21}},"78":{"start":{"line":209,"column":16},"end":{"line":209,"column":27}},"79":{"start":{"line":210,"column":2},"end":{"line":210,"column":55}},"80":{"start":{"line":210,"column":43},"end":{"line":210,"column":55}},"81":{"start":{"line":211,"column":2},"end":{"line":211,"column":69}},"82":{"start":{"line":211,"column":57},"end":{"line":211,"column":69}},"83":{"start":{"line":213,"column":2},"end":{"line":213,"column":58}},"84":{"start":{"line":217,"column":2},"end":{"line":219,"column":14}},"85":{"start":{"line":223,"column":30},"end":{"line":223,"column":78}},"86":{"start":{"line":224,"column":2},"end":{"line":224,"column":83}},"87":{"start":{"line":224,"column":72},"end":{"line":224,"column":83}},"88":{"start":{"line":226,"column":16},"end":{"line":236,"column":4}},"89":{"start":{"line":226,"column":66},"end":{"line":231,"column":3}},"90":{"start":{"line":238,"column":18},"end":{"line":238,"column":24}},"91":{"start":{"line":239,"column":2},"end":{"line":242,"column":3}},"92":{"start":{"line":240,"column":4},"end":{"line":240,"column":27}},"93":{"start":{"line":241,"column":4},"end":{"line":241,"column":27}},"94":{"start":{"line":243,"column":2},"end":{"line":246,"column":3}},"95":{"start":{"line":244,"column":4},"end":{"line":244,"column":27}},"96":{"start":{"line":245,"column":4},"end":{"line":245,"column":27}},"97":{"start":{"line":248,"column":2},"end":{"line":251,"column":3}},"98":{"start":{"line":255,"column":2},"end":{"line":255,"column":54}},"99":{"start":{"line":255,"column":31},"end":{"line":255,"column":54}},"100":{"start":{"line":256,"column":2},"end":{"line":260,"column":3}},"101":{"start":{"line":257,"column":21},"end":{"line":257,"column":45}},"102":{"start":{"line":258,"column":23},"end":{"line":258,"column":47}},"103":{"start":{"line":259,"column":4},"end":{"line":259,"column":55}},"104":{"start":{"line":262,"column":2},"end":{"line":267,"column":3}},"105":{"start":{"line":271,"column":22},"end":{"line":271,"column":53}},"106":{"start":{"line":272,"column":17},"end":{"line":272,"column":19}},"107":{"start":{"line":274,"column":2},"end":{"line":291,"column":4}},"108":{"start":{"line":275,"column":22},"end":{"line":275,"column":49}},"109":{"start":{"line":276,"column":23},"end":{"line":276,"column":52}},"110":{"start":{"line":277,"column":21},"end":{"line":277,"column":48}},"111":{"start":{"line":278,"column":19},"end":{"line":278,"column":68}},"112":{"start":{"line":280,"column":4},"end":{"line":290,"column":6}},"113":{"start":{"line":281,"column":6},"end":{"line":289,"column":8}},"114":{"start":{"line":293,"column":2},"end":{"line":293,"column":15}},"115":{"start":{"line":297,"column":2},"end":{"line":304,"column":3}},"116":{"start":{"line":308,"column":2},"end":{"line":315,"column":3}},"117":{"start":{"line":319,"column":2},"end":{"line":319,"column":61}},"118":{"start":{"line":323,"column":21},"end":{"line":323,"column":42}},"119":{"start":{"line":324,"column":20},"end":{"line":324,"column":69}},"120":{"start":{"line":325,"column":18},"end":{"line":325,"column":91}},"121":{"start":{"line":326,"column":15},"end":{"line":326,"column":104}},"122":{"start":{"line":327,"column":16},"end":{"line":327,"column":59}},"123":{"start":{"line":328,"column":19},"end":{"line":328,"column":85}},"124":{"start":{"line":330,"column":2},"end":{"line":337,"column":3}},"125":{"start":{"line":341,"column":2},"end":{"line":341,"column":63}},"126":{"start":{"line":345,"column":2},"end":{"line":345,"column":30}},"127":{"start":{"line":345,"column":24},"end":{"line":345,"column":30}},"128":{"start":{"line":347,"column":16},"end":{"line":347,"column":55}},"129":{"start":{"line":348,"column":15},"end":{"line":348,"column":87}},"130":{"start":{"line":349,"column":17},"end":{"line":349,"column":61}},"131":{"start":{"line":351,"column":2},"end":{"line":353,"column":3}},"132":{"start":{"line":352,"column":4},"end":{"line":352,"column":47}},"133":{"start":{"line":354,"column":2},"end":{"line":356,"column":3}},"134":{"start":{"line":355,"column":4},"end":{"line":355,"column":34}},"135":{"start":{"line":357,"column":2},"end":{"line":359,"column":3}},"136":{"start":{"line":358,"column":4},"end":{"line":358,"column":27}},"137":{"start":{"line":360,"column":2},"end":{"line":362,"column":3}},"138":{"start":{"line":361,"column":4},"end":{"line":361,"column":64}},"139":{"start":{"line":364,"column":2},"end":{"line":377,"column":3}},"140":{"start":{"line":365,"column":16},"end":{"line":365,"column":67}},"141":{"start":{"line":366,"column":21},"end":{"line":366,"column":52}},"142":{"start":{"line":367,"column":4},"end":{"line":369,"column":5}},"143":{"start":{"line":368,"column":6},"end":{"line":368,"column":84}},"144":{"start":{"line":370,"column":9},"end":{"line":377,"column":3}},"145":{"start":{"line":371,"column":17},"end":{"line":371,"column":44}},"146":{"start":{"line":372,"column":4},"end":{"line":374,"column":5}},"147":{"start":{"line":373,"column":6},"end":{"line":373,"column":54}},"148":{"start":{"line":375,"column":9},"end":{"line":377,"column":3}},"149":{"start":{"line":376,"column":4},"end":{"line":376,"column":58}},"150":{"start":{"line":379,"column":2},"end":{"line":393,"column":3}},"151":{"start":{"line":380,"column":4},"end":{"line":392,"column":6}},"152":{"start":{"line":381,"column":6},"end":{"line":391,"column":8}},"153":{"start":{"line":397,"column":2},"end":{"line":397,"column":64}},"154":{"start":{"line":397,"column":58},"end":{"line":397,"column":64}},"155":{"start":{"line":399,"column":16},"end":{"line":399,"column":77}},"156":{"start":{"line":400,"column":19},"end":{"line":400,"column":54}},"157":{"start":{"line":401,"column":29},"end":{"line":401,"column":76}},"158":{"start":{"line":402,"column":20},"end":{"line":404,"column":17}},"159":{"start":{"line":405,"column":15},"end":{"line":405,"column":69}},"160":{"start":{"line":406,"column":16},"end":{"line":406,"column":40}},"161":{"start":{"line":407,"column":20},"end":{"line":407,"column":48}},"162":{"start":{"line":408,"column":22},"end":{"line":408,"column":52}},"163":{"start":{"line":409,"column":18},"end":{"line":414,"column":3}},"164":{"start":{"line":416,"column":2},"end":{"line":438,"column":3}},"165":{"start":{"line":417,"column":19},"end":{"line":417,"column":70}},"166":{"start":{"line":418,"column":16},"end":{"line":418,"column":59}},"167":{"start":{"line":419,"column":21},"end":{"line":419,"column":52}},"168":{"start":{"line":420,"column":18},"end":{"line":420,"column":103}},"169":{"start":{"line":422,"column":4},"end":{"line":425,"column":13}},"170":{"start":{"line":426,"column":9},"end":{"line":438,"column":3}},"171":{"start":{"line":427,"column":17},"end":{"line":427,"column":81}},"172":{"start":{"line":428,"column":4},"end":{"line":428,"column":65}},"173":{"start":{"line":430,"column":4},"end":{"line":437,"column":6}},"174":{"start":{"line":440,"column":2},"end":{"line":442,"column":3}},"175":{"start":{"line":441,"column":4},"end":{"line":441,"column":69}},"176":{"start":{"line":443,"column":2},"end":{"line":445,"column":3}},"177":{"start":{"line":444,"column":4},"end":{"line":444,"column":34}},"178":{"start":{"line":446,"column":2},"end":{"line":452,"column":3}},"179":{"start":{"line":447,"column":4},"end":{"line":451,"column":6}},"180":{"start":{"line":456,"column":2},"end":{"line":469,"column":8}},"181":{"start":{"line":457,"column":16},"end":{"line":457,"column":43}},"182":{"start":{"line":458,"column":4},"end":{"line":458,"column":27}},"183":{"start":{"line":458,"column":14},"end":{"line":458,"column":27}},"184":{"start":{"line":460,"column":4},"end":{"line":466,"column":5}},"185":{"start":{"line":468,"column":4},"end":{"line":468,"column":17}},"186":{"start":{"line":473,"column":2},"end":{"line":478,"column":4}},"187":{"start":{"line":474,"column":4},"end":{"line":474,"column":58}},"188":{"start":{"line":474,"column":46},"end":{"line":474,"column":58}},"189":{"start":{"line":476,"column":21},"end":{"line":476,"column":45}},"190":{"start":{"line":477,"column":4},"end":{"line":477,"column":62}},"191":{"start":{"line":482,"column":24},"end":{"line":482,"column":31}},"192":{"start":{"line":483,"column":17},"end":{"line":483,"column":19}},"193":{"start":{"line":484,"column":20},"end":{"line":484,"column":22}},"194":{"start":{"line":485,"column":19},"end":{"line":485,"column":52}},"195":{"start":{"line":486,"column":15},"end":{"line":486,"column":17}},"196":{"start":{"line":487,"column":16},"end":{"line":487,"column":20}},"197":{"start":{"line":488,"column":16},"end":{"line":488,"column":21}},"198":{"start":{"line":489,"column":27},"end":{"line":489,"column":36}},"199":{"start":{"line":490,"column":27},"end":{"line":490,"column":36}},"200":{"start":{"line":493,"column":4},"end":{"line":493,"column":63}},"201":{"start":{"line":497,"column":4},"end":{"line":499,"column":5}},"202":{"start":{"line":498,"column":6},"end":{"line":498,"column":26}},"203":{"start":{"line":500,"column":4},"end":{"line":500,"column":18}},"204":{"start":{"line":504,"column":4},"end":{"line":504,"column":20}},"205":{"start":{"line":506,"column":20},"end":{"line":506,"column":43}},"206":{"start":{"line":507,"column":4},"end":{"line":510,"column":5}},"207":{"start":{"line":508,"column":6},"end":{"line":508,"column":89}},"208":{"start":{"line":509,"column":6},"end":{"line":509,"column":12}},"209":{"start":{"line":512,"column":24},"end":{"line":512,"column":94}},"210":{"start":{"line":513,"column":27},"end":{"line":525,"column":5}},"211":{"start":{"line":519,"column":21},"end":{"line":519,"column":57}},"212":{"start":{"line":520,"column":8},"end":{"line":520,"column":74}},"213":{"start":{"line":523,"column":8},"end":{"line":523,"column":67}},"214":{"start":{"line":527,"column":4},"end":{"line":527,"column":76}},"215":{"start":{"line":528,"column":4},"end":{"line":540,"column":5}},"216":{"start":{"line":529,"column":6},"end":{"line":539,"column":8}},"217":{"start":{"line":530,"column":8},"end":{"line":538,"column":10}},"218":{"start":{"line":544,"column":24},"end":{"line":544,"column":94}},"219":{"start":{"line":545,"column":4},"end":{"line":548,"column":5}},"220":{"start":{"line":546,"column":6},"end":{"line":546,"column":34}},"221":{"start":{"line":547,"column":6},"end":{"line":547,"column":12}},"222":{"start":{"line":550,"column":4},"end":{"line":550,"column":19}},"223":{"start":{"line":554,"column":4},"end":{"line":556,"column":22}},"224":{"start":{"line":555,"column":21},"end":{"line":555,"column":32}},"225":{"start":{"line":559,"column":2},"end":{"line":665,"column":3}},"226":{"start":{"line":561,"column":6},"end":{"line":561,"column":22}},"227":{"start":{"line":565,"column":6},"end":{"line":565,"column":22}},"228":{"start":{"line":566,"column":6},"end":{"line":566,"column":65}},"229":{"start":{"line":567,"column":6},"end":{"line":567,"column":35}},"230":{"start":{"line":568,"column":6},"end":{"line":568,"column":71}},"231":{"start":{"line":569,"column":6},"end":{"line":571,"column":8}},"232":{"start":{"line":572,"column":6},"end":{"line":572,"column":21}},"233":{"start":{"line":576,"column":6},"end":{"line":576,"column":20}},"234":{"start":{"line":577,"column":6},"end":{"line":580,"column":7}},"235":{"start":{"line":578,"column":8},"end":{"line":578,"column":27}},"236":{"start":{"line":579,"column":8},"end":{"line":579,"column":14}},"237":{"start":{"line":581,"column":6},"end":{"line":581,"column":21}},"238":{"start":{"line":585,"column":6},"end":{"line":585,"column":21}},"239":{"start":{"line":586,"column":6},"end":{"line":588,"column":7}},"240":{"start":{"line":587,"column":8},"end":{"line":587,"column":28}},"241":{"start":{"line":592,"column":6},"end":{"line":592,"column":22}},"242":{"start":{"line":593,"column":6},"end":{"line":593,"column":19}},"243":{"start":{"line":594,"column":6},"end":{"line":594,"column":22}},"244":{"start":{"line":595,"column":6},"end":{"line":595,"column":30}},"245":{"start":{"line":596,"column":6},"end":{"line":596,"column":30}},"246":{"start":{"line":600,"column":6},"end":{"line":600,"column":65}},"247":{"start":{"line":601,"column":6},"end":{"line":601,"column":21}},"248":{"start":{"line":605,"column":6},"end":{"line":605,"column":59}},"249":{"start":{"line":606,"column":6},"end":{"line":606,"column":21}},"250":{"start":{"line":610,"column":6},"end":{"line":610,"column":69}},"251":{"start":{"line":611,"column":6},"end":{"line":611,"column":19}},"252":{"start":{"line":615,"column":6},"end":{"line":615,"column":71}},"253":{"start":{"line":616,"column":6},"end":{"line":616,"column":19}},"254":{"start":{"line":620,"column":6},"end":{"line":620,"column":18}},"255":{"start":{"line":626,"column":6},"end":{"line":626,"column":18}},"256":{"start":{"line":630,"column":21},"end":{"line":630,"column":62}},"257":{"start":{"line":631,"column":6},"end":{"line":631,"column":64}},"258":{"start":{"line":631,"column":58},"end":{"line":631,"column":64}},"259":{"start":{"line":633,"column":6},"end":{"line":633,"column":71}},"260":{"start":{"line":637,"column":18},"end":{"line":637,"column":46}},"261":{"start":{"line":638,"column":19},"end":{"line":638,"column":71}},"262":{"start":{"line":638,"column":47},"end":{"line":638,"column":70}},"263":{"start":{"line":639,"column":23},"end":{"line":639,"column":61}},"264":{"start":{"line":640,"column":6},"end":{"line":640,"column":27}},"265":{"start":{"line":640,"column":21},"end":{"line":640,"column":27}},"266":{"start":{"line":642,"column":6},"end":{"line":644,"column":7}},"267":{"start":{"line":643,"column":8},"end":{"line":643,"column":80}},"268":{"start":{"line":648,"column":6},"end":{"line":663,"column":7}},"269":{"start":{"line":656,"column":65},"end":{"line":656,"column":78}},"270":{"start":{"line":656,"column":97},"end":{"line":656,"column":109}},"271":{"start":{"line":669,"column":2},"end":{"line":669,"column":43}}},"fnMap":{"0":{"name":"toNumber","decl":{"start":{"line":34,"column":9},"end":{"line":34,"column":17}},"loc":{"start":{"line":34,"column":35},"end":{"line":37,"column":1}},"line":34},"1":{"name":"normalizePair","decl":{"start":{"line":39,"column":9},"end":{"line":39,"column":22}},"loc":{"start":{"line":39,"column":40},"end":{"line":49,"column":1}},"line":39},"2":{"name":"createPixel","decl":{"start":{"line":51,"column":9},"end":{"line":51,"column":20}},"loc":{"start":{"line":51,"column":34},"end":{"line":58,"column":1}},"line":51},"3":{"name":"normalizePosition","decl":{"start":{"line":60,"column":9},"end":{"line":60,"column":26}},"loc":{"start":{"line":60,"column":40},"end":{"line":78,"column":1}},"line":60},"4":{"name":"isPointGeometry","decl":{"start":{"line":80,"column":9},"end":{"line":80,"column":24}},"loc":{"start":{"line":80,"column":34},"end":{"line":82,"column":1}},"line":80},"5":{"name":"normalizeProperties","decl":{"start":{"line":84,"column":9},"end":{"line":84,"column":28}},"loc":{"start":{"line":84,"column":60},"end":{"line":89,"column":1}},"line":84},"6":{"name":"normalizeGeometryFeature","decl":{"start":{"line":91,"column":9},"end":{"line":91,"column":33}},"loc":{"start":{"line":91,"column":79},"end":{"line":100,"column":1}},"line":91},"7":{"name":"normalizeFeature","decl":{"start":{"line":102,"column":9},"end":{"line":102,"column":25}},"loc":{"start":{"line":102,"column":70},"end":{"line":120,"column":1}},"line":102},"8":{"name":"getClusterFeatures","decl":{"start":{"line":122,"column":16},"end":{"line":122,"column":34}},"loc":{"start":{"line":122,"column":68},"end":{"line":146,"column":1}},"line":122},"9":{"name":"(anonymous_9)","decl":{"start":{"line":127,"column":11},"end":{"line":127,"column":12}},"loc":{"start":{"line":127,"column":31},"end":{"line":127,"column":82}},"line":127},"10":{"name":"(anonymous_10)","decl":{"start":{"line":129,"column":14},"end":{"line":129,"column":15}},"loc":{"start":{"line":129,"column":27},"end":{"line":129,"column":60}},"line":129},"11":{"name":"(anonymous_11)","decl":{"start":{"line":135,"column":14},"end":{"line":135,"column":15}},"loc":{"start":{"line":135,"column":27},"end":{"line":135,"column":60}},"line":135},"12":{"name":"(anonymous_12)","decl":{"start":{"line":140,"column":11},"end":{"line":140,"column":12}},"loc":{"start":{"line":140,"column":31},"end":{"line":140,"column":82}},"line":140},"13":{"name":"(anonymous_13)","decl":{"start":{"line":142,"column":14},"end":{"line":142,"column":15}},"loc":{"start":{"line":142,"column":27},"end":{"line":142,"column":60}},"line":142},"14":{"name":"getPointPositions","decl":{"start":{"line":148,"column":9},"end":{"line":148,"column":26}},"loc":{"start":{"line":148,"column":36},"end":{"line":164,"column":1}},"line":148},"15":{"name":"getFeatureStyleKey","decl":{"start":{"line":166,"column":9},"end":{"line":166,"column":27}},"loc":{"start":{"line":166,"column":37},"end":{"line":169,"column":1}},"line":166},"16":{"name":"getClusterCategory","decl":{"start":{"line":171,"column":9},"end":{"line":171,"column":27}},"loc":{"start":{"line":171,"column":34},"end":{"line":173,"column":1}},"line":171},"17":{"name":"normalizeCategories","decl":{"start":{"line":175,"column":9},"end":{"line":175,"column":28}},"loc":{"start":{"line":175,"column":39},"end":{"line":179,"column":1}},"line":175},"18":{"name":"(anonymous_18)","decl":{"start":{"line":177,"column":12},"end":{"line":177,"column":13}},"loc":{"start":{"line":177,"column":22},"end":{"line":177,"column":34}},"line":177},"19":{"name":"(anonymous_19)","decl":{"start":{"line":178,"column":9},"end":{"line":178,"column":10}},"loc":{"start":{"line":178,"column":19},"end":{"line":178,"column":31}},"line":178},"20":{"name":"normalizeFeatureIds","decl":{"start":{"line":181,"column":9},"end":{"line":181,"column":28}},"loc":{"start":{"line":181,"column":41},"end":{"line":185,"column":1}},"line":181},"21":{"name":"(anonymous_21)","decl":{"start":{"line":183,"column":12},"end":{"line":183,"column":13}},"loc":{"start":{"line":183,"column":22},"end":{"line":183,"column":34}},"line":183},"22":{"name":"(anonymous_22)","decl":{"start":{"line":184,"column":9},"end":{"line":184,"column":10}},"loc":{"start":{"line":184,"column":19},"end":{"line":184,"column":31}},"line":184},"23":{"name":"updateHiddenCategories","decl":{"start":{"line":187,"column":9},"end":{"line":187,"column":31}},"loc":{"start":{"line":187,"column":69},"end":{"line":195,"column":1}},"line":187},"24":{"name":"(anonymous_24)","decl":{"start":{"line":188,"column":40},"end":{"line":188,"column":41}},"loc":{"start":{"line":188,"column":50},"end":{"line":194,"column":3}},"line":188},"25":{"name":"updateHiddenFeatureIds","decl":{"start":{"line":197,"column":9},"end":{"line":197,"column":31}},"loc":{"start":{"line":197,"column":71},"end":{"line":205,"column":1}},"line":197},"26":{"name":"(anonymous_26)","decl":{"start":{"line":198,"column":42},"end":{"line":198,"column":43}},"loc":{"start":{"line":198,"column":52},"end":{"line":204,"column":3}},"line":198},"27":{"name":"resolveAssetUrl","decl":{"start":{"line":207,"column":9},"end":{"line":207,"column":24}},"loc":{"start":{"line":207,"column":30},"end":{"line":214,"column":1}},"line":207},"28":{"name":"createLngLat","decl":{"start":{"line":216,"column":9},"end":{"line":216,"column":21}},"loc":{"start":{"line":216,"column":38},"end":{"line":220,"column":1}},"line":216},"29":{"name":"createBounds","decl":{"start":{"line":222,"column":9},"end":{"line":222,"column":21}},"loc":{"start":{"line":222,"column":39},"end":{"line":252,"column":1}},"line":222},"30":{"name":"(anonymous_30)","decl":{"start":{"line":226,"column":43},"end":{"line":226,"column":44}},"loc":{"start":{"line":226,"column":66},"end":{"line":231,"column":3}},"line":226},"31":{"name":"normalizeFitPadding","decl":{"start":{"line":254,"column":9},"end":{"line":254,"column":28}},"loc":{"start":{"line":254,"column":38},"end":{"line":268,"column":1}},"line":254},"32":{"name":"createClusterData","decl":{"start":{"line":270,"column":16},"end":{"line":270,"column":33}},"loc":{"start":{"line":270,"column":63},"end":{"line":294,"column":1}},"line":270},"33":{"name":"(anonymous_33)","decl":{"start":{"line":274,"column":19},"end":{"line":274,"column":20}},"loc":{"start":{"line":274,"column":32},"end":{"line":291,"column":3}},"line":274},"34":{"name":"(anonymous_34)","decl":{"start":{"line":280,"column":39},"end":{"line":280,"column":40}},"loc":{"start":{"line":280,"column":60},"end":{"line":290,"column":5}},"line":280},"35":{"name":"createHtmlContent","decl":{"start":{"line":296,"column":9},"end":{"line":296,"column":26}},"loc":{"start":{"line":296,"column":42},"end":{"line":305,"column":1}},"line":296},"36":{"name":"createClusterHtmlContent","decl":{"start":{"line":307,"column":9},"end":{"line":307,"column":33}},"loc":{"start":{"line":307,"column":49},"end":{"line":316,"column":1}},"line":307},"37":{"name":"resolveClusterContentValue","decl":{"start":{"line":318,"column":9},"end":{"line":318,"column":35}},"loc":{"start":{"line":318,"column":52},"end":{"line":320,"column":1}},"line":318},"38":{"name":"createPinContent","decl":{"start":{"line":322,"column":9},"end":{"line":322,"column":25}},"loc":{"start":{"line":322,"column":45},"end":{"line":338,"column":1}},"line":322},"39":{"name":"getResolvedPointStyle","decl":{"start":{"line":340,"column":9},"end":{"line":340,"column":30}},"loc":{"start":{"line":340,"column":49},"end":{"line":342,"column":1}},"line":340},"40":{"name":"renderPointMarker","decl":{"start":{"line":344,"column":9},"end":{"line":344,"column":26}},"loc":{"start":{"line":344,"column":76},"end":{"line":394,"column":1}},"line":344},"41":{"name":"(anonymous_41)","decl":{"start":{"line":380,"column":23},"end":{"line":380,"column":24}},"loc":{"start":{"line":380,"column":37},"end":{"line":392,"column":5}},"line":380},"42":{"name":"renderClusterMarker","decl":{"start":{"line":396,"column":9},"end":{"line":396,"column":28}},"loc":{"start":{"line":396,"column":75},"end":{"line":453,"column":1}},"line":396},"43":{"name":"createFeatureIndex","decl":{"start":{"line":455,"column":9},"end":{"line":455,"column":27}},"loc":{"start":{"line":455,"column":38},"end":{"line":470,"column":1}},"line":455},"44":{"name":"(anonymous_44)","decl":{"start":{"line":456,"column":25},"end":{"line":456,"column":26}},"loc":{"start":{"line":456,"column":46},"end":{"line":469,"column":3}},"line":456},"45":{"name":"getVisibleClusterData","decl":{"start":{"line":472,"column":9},"end":{"line":472,"column":30}},"loc":{"start":{"line":472,"column":80},"end":{"line":479,"column":1}},"line":472},"46":{"name":"(anonymous_46)","decl":{"start":{"line":473,"column":28},"end":{"line":473,"column":29}},"loc":{"start":{"line":473,"column":38},"end":{"line":478,"column":3}},"line":473},"47":{"name":"makeClusterLayer","decl":{"start":{"line":481,"column":9},"end":{"line":481,"column":25}},"loc":{"start":{"line":481,"column":44},"end":{"line":666,"column":1}},"line":481},"48":{"name":"getClusterConstructor","decl":{"start":{"line":492,"column":11},"end":{"line":492,"column":32}},"loc":{"start":{"line":492,"column":35},"end":{"line":494,"column":3}},"line":492},"49":{"name":"destroyCluster","decl":{"start":{"line":496,"column":11},"end":{"line":496,"column":25}},"loc":{"start":{"line":496,"column":28},"end":{"line":501,"column":3}},"line":496},"50":{"name":"createCluster","decl":{"start":{"line":503,"column":11},"end":{"line":503,"column":24}},"loc":{"start":{"line":503,"column":27},"end":{"line":541,"column":3}},"line":503},"51":{"name":"(anonymous_51)","decl":{"start":{"line":518,"column":6},"end":{"line":518,"column":7}},"loc":{"start":{"line":518,"column":37},"end":{"line":521,"column":7}},"line":518},"52":{"name":"(anonymous_52)","decl":{"start":{"line":522,"column":6},"end":{"line":522,"column":7}},"loc":{"start":{"line":522,"column":65},"end":{"line":524,"column":7}},"line":522},"53":{"name":"(anonymous_53)","decl":{"start":{"line":529,"column":26},"end":{"line":529,"column":27}},"loc":{"start":{"line":529,"column":40},"end":{"line":539,"column":7}},"line":529},"54":{"name":"refreshData","decl":{"start":{"line":543,"column":11},"end":{"line":543,"column":22}},"loc":{"start":{"line":543,"column":25},"end":{"line":551,"column":3}},"line":543},"55":{"name":"getVisiblePositions","decl":{"start":{"line":553,"column":11},"end":{"line":553,"column":30}},"loc":{"start":{"line":553,"column":33},"end":{"line":557,"column":3}},"line":553},"56":{"name":"(anonymous_56)","decl":{"start":{"line":555,"column":11},"end":{"line":555,"column":12}},"loc":{"start":{"line":555,"column":21},"end":{"line":555,"column":32}},"line":555},"57":{"name":"(anonymous_57)","decl":{"start":{"line":560,"column":4},"end":{"line":560,"column":5}},"loc":{"start":{"line":560,"column":14},"end":{"line":562,"column":5}},"line":560},"58":{"name":"(anonymous_58)","decl":{"start":{"line":564,"column":4},"end":{"line":564,"column":5}},"loc":{"start":{"line":564,"column":47},"end":{"line":573,"column":5}},"line":564},"59":{"name":"(anonymous_59)","decl":{"start":{"line":575,"column":4},"end":{"line":575,"column":5}},"loc":{"start":{"line":575,"column":11},"end":{"line":582,"column":5}},"line":575},"60":{"name":"(anonymous_60)","decl":{"start":{"line":584,"column":4},"end":{"line":584,"column":5}},"loc":{"start":{"line":584,"column":11},"end":{"line":589,"column":5}},"line":584},"61":{"name":"(anonymous_61)","decl":{"start":{"line":591,"column":4},"end":{"line":591,"column":5}},"loc":{"start":{"line":591,"column":14},"end":{"line":597,"column":5}},"line":591},"62":{"name":"(anonymous_62)","decl":{"start":{"line":599,"column":4},"end":{"line":599,"column":5}},"loc":{"start":{"line":599,"column":25},"end":{"line":602,"column":5}},"line":599},"63":{"name":"(anonymous_63)","decl":{"start":{"line":604,"column":4},"end":{"line":604,"column":5}},"loc":{"start":{"line":604,"column":32},"end":{"line":607,"column":5}},"line":604},"64":{"name":"(anonymous_64)","decl":{"start":{"line":609,"column":4},"end":{"line":609,"column":5}},"loc":{"start":{"line":609,"column":46},"end":{"line":612,"column":5}},"line":609},"65":{"name":"(anonymous_65)","decl":{"start":{"line":614,"column":4},"end":{"line":614,"column":5}},"loc":{"start":{"line":614,"column":48},"end":{"line":617,"column":5}},"line":614},"66":{"name":"(anonymous_66)","decl":{"start":{"line":619,"column":4},"end":{"line":619,"column":5}},"loc":{"start":{"line":619,"column":24},"end":{"line":621,"column":5}},"line":619},"67":{"name":"(anonymous_67)","decl":{"start":{"line":623,"column":4},"end":{"line":623,"column":5}},"loc":{"start":{"line":623,"column":25},"end":{"line":623,"column":27}},"line":623},"68":{"name":"(anonymous_68)","decl":{"start":{"line":625,"column":4},"end":{"line":625,"column":5}},"loc":{"start":{"line":625,"column":22},"end":{"line":627,"column":5}},"line":625},"69":{"name":"(anonymous_69)","decl":{"start":{"line":629,"column":4},"end":{"line":629,"column":5}},"loc":{"start":{"line":629,"column":26},"end":{"line":634,"column":5}},"line":629},"70":{"name":"(anonymous_70)","decl":{"start":{"line":636,"column":4},"end":{"line":636,"column":5}},"loc":{"start":{"line":636,"column":14},"end":{"line":645,"column":5}},"line":636},"71":{"name":"(anonymous_71)","decl":{"start":{"line":638,"column":36},"end":{"line":638,"column":37}},"loc":{"start":{"line":638,"column":47},"end":{"line":638,"column":70}},"line":638},"72":{"name":"(anonymous_72)","decl":{"start":{"line":647,"column":4},"end":{"line":647,"column":5}},"loc":{"start":{"line":647,"column":14},"end":{"line":664,"column":5}},"line":647},"73":{"name":"(anonymous_73)","decl":{"start":{"line":656,"column":55},"end":{"line":656,"column":56}},"loc":{"start":{"line":656,"column":65},"end":{"line":656,"column":78}},"line":656},"74":{"name":"(anonymous_74)","decl":{"start":{"line":656,"column":87},"end":{"line":656,"column":88}},"loc":{"start":{"line":656,"column":97},"end":{"line":656,"column":109}},"line":656},"75":{"name":"createClusterLayer","decl":{"start":{"line":668,"column":16},"end":{"line":668,"column":34}},"loc":{"start":{"line":668,"column":53},"end":{"line":670,"column":1}},"line":668}},"branchMap":{"0":{"loc":{"start":{"line":36,"column":9},"end":{"line":36,"column":52}},"type":"cond-expr","locations":[{"start":{"line":36,"column":35},"end":{"line":36,"column":41}},{"start":{"line":36,"column":44},"end":{"line":36,"column":52}}],"line":36},"1":{"loc":{"start":{"line":40,"column":2},"end":{"line":42,"column":3}},"type":"if","locations":[{"start":{"line":40,"column":2},"end":{"line":42,"column":3}},{"start":{},"end":{}}],"line":40},"2":{"loc":{"start":{"line":40,"column":6},"end":{"line":40,"column":47}},"type":"binary-expr","locations":[{"start":{"line":40,"column":6},"end":{"line":40,"column":26}},{"start":{"line":40,"column":30},"end":{"line":40,"column":47}}],"line":40},"3":{"loc":{"start":{"line":44,"column":2},"end":{"line":46,"column":3}},"type":"if","locations":[{"start":{"line":44,"column":2},"end":{"line":46,"column":3}},{"start":{},"end":{}}],"line":44},"4":{"loc":{"start":{"line":52,"column":2},"end":{"line":52,"column":65}},"type":"if","locations":[{"start":{"line":52,"column":2},"end":{"line":52,"column":65}},{"start":{},"end":{}}],"line":52},"5":{"loc":{"start":{"line":52,"column":6},"end":{"line":52,"column":47}},"type":"binary-expr","locations":[{"start":{"line":52,"column":6},"end":{"line":52,"column":27}},{"start":{"line":52,"column":31},"end":{"line":52,"column":47}}],"line":52},"6":{"loc":{"start":{"line":55,"column":9},"end":{"line":57,"column":11}},"type":"cond-expr","locations":[{"start":{"line":56,"column":6},"end":{"line":56,"column":40}},{"start":{"line":57,"column":6},"end":{"line":57,"column":11}}],"line":55},"7":{"loc":{"start":{"line":61,"column":2},"end":{"line":63,"column":3}},"type":"if","locations":[{"start":{"line":61,"column":2},"end":{"line":63,"column":3}},{"start":{},"end":{}}],"line":61},"8":{"loc":{"start":{"line":61,"column":6},"end":{"line":61,"column":62}},"type":"binary-expr","locations":[{"start":{"line":61,"column":6},"end":{"line":61,"column":17}},{"start":{"line":61,"column":21},"end":{"line":61,"column":62}}],"line":61},"9":{"loc":{"start":{"line":65,"column":2},"end":{"line":67,"column":3}},"type":"if","locations":[{"start":{"line":65,"column":2},"end":{"line":67,"column":3}},{"start":{},"end":{}}],"line":65},"10":{"loc":{"start":{"line":65,"column":6},"end":{"line":65,"column":105}},"type":"binary-expr","locations":[{"start":{"line":65,"column":6},"end":{"line":65,"column":17}},{"start":{"line":65,"column":21},"end":{"line":65,"column":61}},{"start":{"line":65,"column":65},"end":{"line":65,"column":105}}],"line":65},"11":{"loc":{"start":{"line":69,"column":2},"end":{"line":71,"column":3}},"type":"if","locations":[{"start":{"line":69,"column":2},"end":{"line":71,"column":3}},{"start":{},"end":{}}],"line":69},"12":{"loc":{"start":{"line":69,"column":6},"end":{"line":69,"column":71}},"type":"binary-expr","locations":[{"start":{"line":69,"column":6},"end":{"line":69,"column":17}},{"start":{"line":69,"column":21},"end":{"line":69,"column":44}},{"start":{"line":69,"column":48},"end":{"line":69,"column":71}}],"line":69},"13":{"loc":{"start":{"line":73,"column":2},"end":{"line":73,"column":72}},"type":"if","locations":[{"start":{"line":73,"column":2},"end":{"line":73,"column":72}},{"start":{},"end":{}}],"line":73},"14":{"loc":{"start":{"line":73,"column":6},"end":{"line":73,"column":59}},"type":"binary-expr","locations":[{"start":{"line":73,"column":6},"end":{"line":73,"column":33}},{"start":{"line":73,"column":37},"end":{"line":73,"column":59}}],"line":73},"15":{"loc":{"start":{"line":77,"column":9},"end":{"line":77,"column":73}},"type":"cond-expr","locations":[{"start":{"line":77,"column":56},"end":{"line":77,"column":66}},{"start":{"line":77,"column":69},"end":{"line":77,"column":73}}],"line":77},"16":{"loc":{"start":{"line":77,"column":9},"end":{"line":77,"column":53}},"type":"binary-expr","locations":[{"start":{"line":77,"column":9},"end":{"line":77,"column":29}},{"start":{"line":77,"column":33},"end":{"line":77,"column":53}}],"line":77},"17":{"loc":{"start":{"line":81,"column":17},"end":{"line":81,"column":65}},"type":"binary-expr","locations":[{"start":{"line":81,"column":17},"end":{"line":81,"column":24}},{"start":{"line":81,"column":28},"end":{"line":81,"column":65}}],"line":81},"18":{"loc":{"start":{"line":86,"column":8},"end":{"line":86,"column":31}},"type":"binary-expr","locations":[{"start":{"line":86,"column":8},"end":{"line":86,"column":25}},{"start":{"line":86,"column":29},"end":{"line":86,"column":31}}],"line":86},"19":{"loc":{"start":{"line":87,"column":8},"end":{"line":87,"column":24}},"type":"binary-expr","locations":[{"start":{"line":87,"column":8},"end":{"line":87,"column":18}},{"start":{"line":87,"column":22},"end":{"line":87,"column":24}}],"line":87},"20":{"loc":{"start":{"line":91,"column":44},"end":{"line":91,"column":53}},"type":"default-arg","locations":[{"start":{"line":91,"column":52},"end":{"line":91,"column":53}}],"line":91},"21":{"loc":{"start":{"line":91,"column":55},"end":{"line":91,"column":77}},"type":"default-arg","locations":[{"start":{"line":91,"column":75},"end":{"line":91,"column":77}}],"line":91},"22":{"loc":{"start":{"line":96,"column":8},"end":{"line":96,"column":67}},"type":"binary-expr","locations":[{"start":{"line":96,"column":8},"end":{"line":96,"column":19}},{"start":{"line":96,"column":23},"end":{"line":96,"column":36}},{"start":{"line":96,"column":40},"end":{"line":96,"column":67}}],"line":96},"23":{"loc":{"start":{"line":102,"column":35},"end":{"line":102,"column":44}},"type":"default-arg","locations":[{"start":{"line":102,"column":43},"end":{"line":102,"column":44}}],"line":102},"24":{"loc":{"start":{"line":102,"column":46},"end":{"line":102,"column":68}},"type":"default-arg","locations":[{"start":{"line":102,"column":66},"end":{"line":102,"column":68}}],"line":102},"25":{"loc":{"start":{"line":103,"column":2},"end":{"line":103,"column":27}},"type":"if","locations":[{"start":{"line":103,"column":2},"end":{"line":103,"column":27}},{"start":{},"end":{}}],"line":103},"26":{"loc":{"start":{"line":105,"column":2},"end":{"line":113,"column":3}},"type":"if","locations":[{"start":{"line":105,"column":2},"end":{"line":113,"column":3}},{"start":{},"end":{}}],"line":105},"27":{"loc":{"start":{"line":110,"column":10},"end":{"line":110,"column":67}},"type":"binary-expr","locations":[{"start":{"line":110,"column":10},"end":{"line":110,"column":20}},{"start":{"line":110,"column":24},"end":{"line":110,"column":37}},{"start":{"line":110,"column":41},"end":{"line":110,"column":67}}],"line":110},"28":{"loc":{"start":{"line":115,"column":2},"end":{"line":117,"column":3}},"type":"if","locations":[{"start":{"line":115,"column":2},"end":{"line":117,"column":3}},{"start":{},"end":{}}],"line":115},"29":{"loc":{"start":{"line":122,"column":44},"end":{"line":122,"column":66}},"type":"default-arg","locations":[{"start":{"line":122,"column":64},"end":{"line":122,"column":66}}],"line":122},"30":{"loc":{"start":{"line":123,"column":2},"end":{"line":123,"column":25}},"type":"if","locations":[{"start":{"line":123,"column":2},"end":{"line":123,"column":25}},{"start":{},"end":{}}],"line":123},"31":{"loc":{"start":{"line":125,"column":2},"end":{"line":130,"column":3}},"type":"if","locations":[{"start":{"line":125,"column":2},"end":{"line":130,"column":3}},{"start":{},"end":{}}],"line":125},"32":{"loc":{"start":{"line":125,"column":6},"end":{"line":125,"column":77}},"type":"binary-expr","locations":[{"start":{"line":125,"column":6},"end":{"line":125,"column":42}},{"start":{"line":125,"column":46},"end":{"line":125,"column":77}}],"line":125},"33":{"loc":{"start":{"line":132,"column":2},"end":{"line":136,"column":3}},"type":"if","locations":[{"start":{"line":132,"column":2},"end":{"line":136,"column":3}},{"start":{},"end":{}}],"line":132},"34":{"loc":{"start":{"line":132,"column":6},"end":{"line":132,"column":60}},"type":"binary-expr","locations":[{"start":{"line":132,"column":6},"end":{"line":132,"column":32}},{"start":{"line":132,"column":36},"end":{"line":132,"column":60}}],"line":132},"35":{"loc":{"start":{"line":138,"column":2},"end":{"line":143,"column":3}},"type":"if","locations":[{"start":{"line":138,"column":2},"end":{"line":143,"column":3}},{"start":{},"end":{}}],"line":138},"36":{"loc":{"start":{"line":149,"column":19},"end":{"line":149,"column":46}},"type":"binary-expr","locations":[{"start":{"line":149,"column":19},"end":{"line":149,"column":26}},{"start":{"line":149,"column":30},"end":{"line":149,"column":46}}],"line":149},"37":{"loc":{"start":{"line":150,"column":2},"end":{"line":150,"column":26}},"type":"if","locations":[{"start":{"line":150,"column":2},"end":{"line":150,"column":26}},{"start":{},"end":{}}],"line":150},"38":{"loc":{"start":{"line":152,"column":2},"end":{"line":155,"column":3}},"type":"if","locations":[{"start":{"line":152,"column":2},"end":{"line":155,"column":3}},{"start":{},"end":{}}],"line":152},"39":{"loc":{"start":{"line":154,"column":11},"end":{"line":154,"column":37}},"type":"cond-expr","locations":[{"start":{"line":154,"column":22},"end":{"line":154,"column":32}},{"start":{"line":154,"column":35},"end":{"line":154,"column":37}}],"line":154},"40":{"loc":{"start":{"line":157,"column":2},"end":{"line":161,"column":3}},"type":"if","locations":[{"start":{"line":157,"column":2},"end":{"line":161,"column":3}},{"start":{},"end":{}}],"line":157},"41":{"loc":{"start":{"line":158,"column":11},"end":{"line":160,"column":10}},"type":"cond-expr","locations":[{"start":{"line":159,"column":8},"end":{"line":159,"column":67}},{"start":{"line":160,"column":8},"end":{"line":160,"column":10}}],"line":158},"42":{"loc":{"start":{"line":168,"column":9},"end":{"line":168,"column":37}},"type":"cond-expr","locations":[{"start":{"line":168,"column":22},"end":{"line":168,"column":24}},{"start":{"line":168,"column":27},"end":{"line":168,"column":37}}],"line":168},"43":{"loc":{"start":{"line":172,"column":9},"end":{"line":172,"column":61}},"type":"cond-expr","locations":[{"start":{"line":172,"column":33},"end":{"line":172,"column":37}},{"start":{"line":172,"column":40},"end":{"line":172,"column":61}}],"line":172},"44":{"loc":{"start":{"line":176,"column":10},"end":{"line":176,"column":57}},"type":"cond-expr","locations":[{"start":{"line":176,"column":36},"end":{"line":176,"column":44}},{"start":{"line":176,"column":47},"end":{"line":176,"column":57}}],"line":176},"45":{"loc":{"start":{"line":182,"column":10},"end":{"line":182,"column":63}},"type":"cond-expr","locations":[{"start":{"line":182,"column":38},"end":{"line":182,"column":48}},{"start":{"line":182,"column":51},"end":{"line":182,"column":63}}],"line":182},"46":{"loc":{"start":{"line":189,"column":4},"end":{"line":193,"column":5}},"type":"if","locations":[{"start":{"line":189,"column":4},"end":{"line":193,"column":5}},{"start":{"line":191,"column":11},"end":{"line":193,"column":5}}],"line":189},"47":{"loc":{"start":{"line":199,"column":4},"end":{"line":203,"column":5}},"type":"if","locations":[{"start":{"line":199,"column":4},"end":{"line":203,"column":5}},{"start":{"line":201,"column":11},"end":{"line":203,"column":5}}],"line":199},"48":{"loc":{"start":{"line":208,"column":2},"end":{"line":208,"column":21}},"type":"if","locations":[{"start":{"line":208,"column":2},"end":{"line":208,"column":21}},{"start":{},"end":{}}],"line":208},"49":{"loc":{"start":{"line":210,"column":2},"end":{"line":210,"column":55}},"type":"if","locations":[{"start":{"line":210,"column":2},"end":{"line":210,"column":55}},{"start":{},"end":{}}],"line":210},"50":{"loc":{"start":{"line":211,"column":2},"end":{"line":211,"column":69}},"type":"if","locations":[{"start":{"line":211,"column":2},"end":{"line":211,"column":69}},{"start":{},"end":{}}],"line":211},"51":{"loc":{"start":{"line":211,"column":6},"end":{"line":211,"column":55}},"type":"binary-expr","locations":[{"start":{"line":211,"column":6},"end":{"line":211,"column":35}},{"start":{"line":211,"column":39},"end":{"line":211,"column":55}}],"line":211},"52":{"loc":{"start":{"line":217,"column":9},"end":{"line":219,"column":14}},"type":"cond-expr","locations":[{"start":{"line":218,"column":6},"end":{"line":218,"column":47}},{"start":{"line":219,"column":6},"end":{"line":219,"column":14}}],"line":217},"53":{"loc":{"start":{"line":224,"column":2},"end":{"line":224,"column":83}},"type":"if","locations":[{"start":{"line":224,"column":2},"end":{"line":224,"column":83}},{"start":{},"end":{}}],"line":224},"54":{"loc":{"start":{"line":224,"column":6},"end":{"line":224,"column":70}},"type":"binary-expr","locations":[{"start":{"line":224,"column":6},"end":{"line":224,"column":33}},{"start":{"line":224,"column":37},"end":{"line":224,"column":70}}],"line":224},"55":{"loc":{"start":{"line":239,"column":2},"end":{"line":242,"column":3}},"type":"if","locations":[{"start":{"line":239,"column":2},"end":{"line":242,"column":3}},{"start":{},"end":{}}],"line":239},"56":{"loc":{"start":{"line":243,"column":2},"end":{"line":246,"column":3}},"type":"if","locations":[{"start":{"line":243,"column":2},"end":{"line":246,"column":3}},{"start":{},"end":{}}],"line":243},"57":{"loc":{"start":{"line":255,"column":2},"end":{"line":255,"column":54}},"type":"if","locations":[{"start":{"line":255,"column":2},"end":{"line":255,"column":54}},{"start":{},"end":{}}],"line":255},"58":{"loc":{"start":{"line":256,"column":2},"end":{"line":260,"column":3}},"type":"if","locations":[{"start":{"line":256,"column":2},"end":{"line":260,"column":3}},{"start":{},"end":{}}],"line":256},"59":{"loc":{"start":{"line":270,"column":34},"end":{"line":270,"column":47}},"type":"default-arg","locations":[{"start":{"line":270,"column":45},"end":{"line":270,"column":47}}],"line":270},"60":{"loc":{"start":{"line":270,"column":49},"end":{"line":270,"column":61}},"type":"default-arg","locations":[{"start":{"line":270,"column":59},"end":{"line":270,"column":61}}],"line":270},"61":{"loc":{"start":{"line":271,"column":22},"end":{"line":271,"column":53}},"type":"binary-expr","locations":[{"start":{"line":271,"column":22},"end":{"line":271,"column":41}},{"start":{"line":271,"column":45},"end":{"line":271,"column":53}}],"line":271},"62":{"loc":{"start":{"line":287,"column":16},"end":{"line":287,"column":60}},"type":"cond-expr","locations":[{"start":{"line":287,"column":42},"end":{"line":287,"column":48}},{"start":{"line":287,"column":51},"end":{"line":287,"column":60}}],"line":287},"63":{"loc":{"start":{"line":319,"column":9},"end":{"line":319,"column":61}},"type":"cond-expr","locations":[{"start":{"line":319,"column":39},"end":{"line":319,"column":53}},{"start":{"line":319,"column":56},"end":{"line":319,"column":61}}],"line":319},"64":{"loc":{"start":{"line":323,"column":21},"end":{"line":323,"column":42}},"type":"binary-expr","locations":[{"start":{"line":323,"column":21},"end":{"line":323,"column":36}},{"start":{"line":323,"column":40},"end":{"line":323,"column":42}}],"line":323},"65":{"loc":{"start":{"line":324,"column":20},"end":{"line":324,"column":69}},"type":"binary-expr","locations":[{"start":{"line":324,"column":20},"end":{"line":324,"column":35}},{"start":{"line":324,"column":39},"end":{"line":324,"column":55}},{"start":{"line":324,"column":59},"end":{"line":324,"column":69}}],"line":324},"66":{"loc":{"start":{"line":325,"column":18},"end":{"line":325,"column":91}},"type":"cond-expr","locations":[{"start":{"line":325,"column":39},"end":{"line":325,"column":49}},{"start":{"line":325,"column":52},"end":{"line":325,"column":91}}],"line":325},"67":{"loc":{"start":{"line":326,"column":15},"end":{"line":326,"column":104}},"type":"cond-expr","locations":[{"start":{"line":326,"column":51},"end":{"line":326,"column":54}},{"start":{"line":326,"column":57},"end":{"line":326,"column":104}}],"line":326},"68":{"loc":{"start":{"line":326,"column":15},"end":{"line":326,"column":48}},"type":"binary-expr","locations":[{"start":{"line":326,"column":15},"end":{"line":326,"column":30}},{"start":{"line":326,"column":34},"end":{"line":326,"column":48}}],"line":326},"69":{"loc":{"start":{"line":326,"column":82},"end":{"line":326,"column":103}},"type":"binary-expr","locations":[{"start":{"line":326,"column":82},"end":{"line":326,"column":98}},{"start":{"line":326,"column":102},"end":{"line":326,"column":103}}],"line":326},"70":{"loc":{"start":{"line":327,"column":16},"end":{"line":327,"column":59}},"type":"binary-expr","locations":[{"start":{"line":327,"column":16},"end":{"line":327,"column":27}},{"start":{"line":327,"column":31},"end":{"line":327,"column":46}},{"start":{"line":327,"column":50},"end":{"line":327,"column":59}}],"line":327},"71":{"loc":{"start":{"line":345,"column":2},"end":{"line":345,"column":30}},"type":"if","locations":[{"start":{"line":345,"column":2},"end":{"line":345,"column":30}},{"start":{},"end":{}}],"line":345},"72":{"loc":{"start":{"line":345,"column":6},"end":{"line":345,"column":22}},"type":"binary-expr","locations":[{"start":{"line":345,"column":6},"end":{"line":345,"column":13}},{"start":{"line":345,"column":17},"end":{"line":345,"column":22}}],"line":345},"73":{"loc":{"start":{"line":348,"column":29},"end":{"line":348,"column":76}},"type":"binary-expr","locations":[{"start":{"line":348,"column":29},"end":{"line":348,"column":39}},{"start":{"line":348,"column":44},"end":{"line":348,"column":55}},{"start":{"line":348,"column":59},"end":{"line":348,"column":75}}],"line":348},"74":{"loc":{"start":{"line":349,"column":17},"end":{"line":349,"column":61}},"type":"binary-expr","locations":[{"start":{"line":349,"column":17},"end":{"line":349,"column":29}},{"start":{"line":349,"column":33},"end":{"line":349,"column":61}}],"line":349},"75":{"loc":{"start":{"line":351,"column":2},"end":{"line":353,"column":3}},"type":"if","locations":[{"start":{"line":351,"column":2},"end":{"line":353,"column":3}},{"start":{},"end":{}}],"line":351},"76":{"loc":{"start":{"line":354,"column":2},"end":{"line":356,"column":3}},"type":"if","locations":[{"start":{"line":354,"column":2},"end":{"line":356,"column":3}},{"start":{},"end":{}}],"line":354},"77":{"loc":{"start":{"line":354,"column":6},"end":{"line":354,"column":68}},"type":"binary-expr","locations":[{"start":{"line":354,"column":6},"end":{"line":354,"column":26}},{"start":{"line":354,"column":30},"end":{"line":354,"column":68}}],"line":354},"78":{"loc":{"start":{"line":357,"column":2},"end":{"line":359,"column":3}},"type":"if","locations":[{"start":{"line":357,"column":2},"end":{"line":359,"column":3}},{"start":{},"end":{}}],"line":357},"79":{"loc":{"start":{"line":360,"column":2},"end":{"line":362,"column":3}},"type":"if","locations":[{"start":{"line":360,"column":2},"end":{"line":362,"column":3}},{"start":{},"end":{}}],"line":360},"80":{"loc":{"start":{"line":361,"column":20},"end":{"line":361,"column":63}},"type":"binary-expr","locations":[{"start":{"line":361,"column":20},"end":{"line":361,"column":31}},{"start":{"line":361,"column":35},"end":{"line":361,"column":63}}],"line":361},"81":{"loc":{"start":{"line":364,"column":2},"end":{"line":377,"column":3}},"type":"if","locations":[{"start":{"line":364,"column":2},"end":{"line":377,"column":3}},{"start":{"line":370,"column":9},"end":{"line":377,"column":3}}],"line":364},"82":{"loc":{"start":{"line":365,"column":16},"end":{"line":365,"column":67}},"type":"binary-expr","locations":[{"start":{"line":365,"column":16},"end":{"line":365,"column":27}},{"start":{"line":365,"column":32},"end":{"line":365,"column":47}},{"start":{"line":365,"column":51},"end":{"line":365,"column":66}}],"line":365},"83":{"loc":{"start":{"line":366,"column":21},"end":{"line":366,"column":52}},"type":"cond-expr","locations":[{"start":{"line":366,"column":27},"end":{"line":366,"column":47}},{"start":{"line":366,"column":50},"end":{"line":366,"column":52}}],"line":366},"84":{"loc":{"start":{"line":367,"column":4},"end":{"line":369,"column":5}},"type":"if","locations":[{"start":{"line":367,"column":4},"end":{"line":369,"column":5}},{"start":{},"end":{}}],"line":367},"85":{"loc":{"start":{"line":367,"column":8},"end":{"line":367,"column":59}},"type":"binary-expr","locations":[{"start":{"line":367,"column":8},"end":{"line":367,"column":16}},{"start":{"line":367,"column":20},"end":{"line":367,"column":59}}],"line":367},"86":{"loc":{"start":{"line":370,"column":9},"end":{"line":377,"column":3}},"type":"if","locations":[{"start":{"line":370,"column":9},"end":{"line":377,"column":3}},{"start":{"line":375,"column":9},"end":{"line":377,"column":3}}],"line":370},"87":{"loc":{"start":{"line":371,"column":17},"end":{"line":371,"column":44}},"type":"binary-expr","locations":[{"start":{"line":371,"column":17},"end":{"line":371,"column":27}},{"start":{"line":371,"column":31},"end":{"line":371,"column":44}}],"line":371},"88":{"loc":{"start":{"line":372,"column":4},"end":{"line":374,"column":5}},"type":"if","locations":[{"start":{"line":372,"column":4},"end":{"line":374,"column":5}},{"start":{},"end":{}}],"line":372},"89":{"loc":{"start":{"line":372,"column":8},"end":{"line":372,"column":55}},"type":"binary-expr","locations":[{"start":{"line":372,"column":8},"end":{"line":372,"column":12}},{"start":{"line":372,"column":16},"end":{"line":372,"column":55}}],"line":372},"90":{"loc":{"start":{"line":375,"column":9},"end":{"line":377,"column":3}},"type":"if","locations":[{"start":{"line":375,"column":9},"end":{"line":377,"column":3}},{"start":{},"end":{}}],"line":375},"91":{"loc":{"start":{"line":379,"column":2},"end":{"line":393,"column":3}},"type":"if","locations":[{"start":{"line":379,"column":2},"end":{"line":393,"column":3}},{"start":{},"end":{}}],"line":379},"92":{"loc":{"start":{"line":379,"column":6},"end":{"line":379,"column":85}},"type":"binary-expr","locations":[{"start":{"line":379,"column":6},"end":{"line":379,"column":37}},{"start":{"line":379,"column":41},"end":{"line":379,"column":47}},{"start":{"line":379,"column":51},"end":{"line":379,"column":85}}],"line":379},"93":{"loc":{"start":{"line":397,"column":2},"end":{"line":397,"column":64}},"type":"if","locations":[{"start":{"line":397,"column":2},"end":{"line":397,"column":64}},{"start":{},"end":{}}],"line":397},"94":{"loc":{"start":{"line":397,"column":6},"end":{"line":397,"column":56}},"type":"binary-expr","locations":[{"start":{"line":397,"column":6},"end":{"line":397,"column":13}},{"start":{"line":397,"column":17},"end":{"line":397,"column":56}}],"line":397},"95":{"loc":{"start":{"line":401,"column":29},"end":{"line":401,"column":76}},"type":"binary-expr","locations":[{"start":{"line":401,"column":29},"end":{"line":401,"column":44}},{"start":{"line":401,"column":48},"end":{"line":401,"column":76}}],"line":401},"96":{"loc":{"start":{"line":402,"column":20},"end":{"line":404,"column":17}},"type":"cond-expr","locations":[{"start":{"line":403,"column":6},"end":{"line":403,"column":75}},{"start":{"line":404,"column":6},"end":{"line":404,"column":17}}],"line":402},"97":{"loc":{"start":{"line":405,"column":15},"end":{"line":405,"column":69}},"type":"cond-expr","locations":[{"start":{"line":405,"column":36},"end":{"line":405,"column":58}},{"start":{"line":405,"column":61},"end":{"line":405,"column":69}}],"line":405},"98":{"loc":{"start":{"line":406,"column":16},"end":{"line":406,"column":40}},"type":"binary-expr","locations":[{"start":{"line":406,"column":16},"end":{"line":406,"column":27}},{"start":{"line":406,"column":31},"end":{"line":406,"column":40}}],"line":406},"99":{"loc":{"start":{"line":407,"column":20},"end":{"line":407,"column":48}},"type":"binary-expr","locations":[{"start":{"line":407,"column":20},"end":{"line":407,"column":35}},{"start":{"line":407,"column":39},"end":{"line":407,"column":48}}],"line":407},"100":{"loc":{"start":{"line":408,"column":22},"end":{"line":408,"column":52}},"type":"binary-expr","locations":[{"start":{"line":408,"column":22},"end":{"line":408,"column":39}},{"start":{"line":408,"column":43},"end":{"line":408,"column":52}}],"line":408},"101":{"loc":{"start":{"line":416,"column":2},"end":{"line":438,"column":3}},"type":"if","locations":[{"start":{"line":416,"column":2},"end":{"line":438,"column":3}},{"start":{"line":426,"column":9},"end":{"line":438,"column":3}}],"line":416},"102":{"loc":{"start":{"line":417,"column":19},"end":{"line":417,"column":70}},"type":"binary-expr","locations":[{"start":{"line":417,"column":19},"end":{"line":417,"column":30}},{"start":{"line":417,"column":35},"end":{"line":417,"column":50}},{"start":{"line":417,"column":54},"end":{"line":417,"column":69}}],"line":417},"103":{"loc":{"start":{"line":419,"column":21},"end":{"line":419,"column":52}},"type":"cond-expr","locations":[{"start":{"line":419,"column":27},"end":{"line":419,"column":47}},{"start":{"line":419,"column":50},"end":{"line":419,"column":52}}],"line":419},"104":{"loc":{"start":{"line":420,"column":18},"end":{"line":420,"column":103}},"type":"cond-expr","locations":[{"start":{"line":420,"column":42},"end":{"line":420,"column":44}},{"start":{"line":420,"column":47},"end":{"line":420,"column":103}}],"line":420},"105":{"loc":{"start":{"line":420,"column":47},"end":{"line":420,"column":103}},"type":"binary-expr","locations":[{"start":{"line":420,"column":47},"end":{"line":420,"column":94}},{"start":{"line":420,"column":98},"end":{"line":420,"column":103}}],"line":420},"106":{"loc":{"start":{"line":424,"column":8},"end":{"line":424,"column":51}},"type":"cond-expr","locations":[{"start":{"line":424,"column":23},"end":{"line":424,"column":25}},{"start":{"line":424,"column":28},"end":{"line":424,"column":51}}],"line":424},"107":{"loc":{"start":{"line":426,"column":9},"end":{"line":438,"column":3}},"type":"if","locations":[{"start":{"line":426,"column":9},"end":{"line":438,"column":3}},{"start":{"line":429,"column":9},"end":{"line":438,"column":3}}],"line":426},"108":{"loc":{"start":{"line":427,"column":44},"end":{"line":427,"column":71}},"type":"binary-expr","locations":[{"start":{"line":427,"column":44},"end":{"line":427,"column":54}},{"start":{"line":427,"column":58},"end":{"line":427,"column":71}}],"line":427},"109":{"loc":{"start":{"line":428,"column":47},"end":{"line":428,"column":57}},"type":"binary-expr","locations":[{"start":{"line":428,"column":47},"end":{"line":428,"column":51}},{"start":{"line":428,"column":55},"end":{"line":428,"column":57}}],"line":428},"110":{"loc":{"start":{"line":440,"column":2},"end":{"line":442,"column":3}},"type":"if","locations":[{"start":{"line":440,"column":2},"end":{"line":442,"column":3}},{"start":{},"end":{}}],"line":440},"111":{"loc":{"start":{"line":443,"column":2},"end":{"line":445,"column":3}},"type":"if","locations":[{"start":{"line":443,"column":2},"end":{"line":445,"column":3}},{"start":{},"end":{}}],"line":443},"112":{"loc":{"start":{"line":443,"column":6},"end":{"line":443,"column":68}},"type":"binary-expr","locations":[{"start":{"line":443,"column":6},"end":{"line":443,"column":26}},{"start":{"line":443,"column":30},"end":{"line":443,"column":68}}],"line":443},"113":{"loc":{"start":{"line":446,"column":2},"end":{"line":452,"column":3}},"type":"if","locations":[{"start":{"line":446,"column":2},"end":{"line":452,"column":3}},{"start":{},"end":{}}],"line":446},"114":{"loc":{"start":{"line":458,"column":4},"end":{"line":458,"column":27}},"type":"if","locations":[{"start":{"line":458,"column":4},"end":{"line":458,"column":27}},{"start":{},"end":{}}],"line":458},"115":{"loc":{"start":{"line":474,"column":4},"end":{"line":474,"column":58}},"type":"if","locations":[{"start":{"line":474,"column":4},"end":{"line":474,"column":58}},{"start":{},"end":{}}],"line":474},"116":{"loc":{"start":{"line":477,"column":11},"end":{"line":477,"column":62}},"type":"binary-expr","locations":[{"start":{"line":477,"column":11},"end":{"line":477,"column":27}},{"start":{"line":477,"column":31},"end":{"line":477,"column":62}}],"line":477},"117":{"loc":{"start":{"line":493,"column":11},"end":{"line":493,"column":63}},"type":"binary-expr","locations":[{"start":{"line":493,"column":11},"end":{"line":493,"column":15}},{"start":{"line":493,"column":20},"end":{"line":493,"column":38}},{"start":{"line":493,"column":42},"end":{"line":493,"column":62}}],"line":493},"118":{"loc":{"start":{"line":497,"column":4},"end":{"line":499,"column":5}},"type":"if","locations":[{"start":{"line":497,"column":4},"end":{"line":499,"column":5}},{"start":{},"end":{}}],"line":497},"119":{"loc":{"start":{"line":497,"column":8},"end":{"line":497,"column":55}},"type":"binary-expr","locations":[{"start":{"line":497,"column":8},"end":{"line":497,"column":15}},{"start":{"line":497,"column":19},"end":{"line":497,"column":55}}],"line":497},"120":{"loc":{"start":{"line":507,"column":4},"end":{"line":510,"column":5}},"type":"if","locations":[{"start":{"line":507,"column":4},"end":{"line":510,"column":5}},{"start":{},"end":{}}],"line":507},"121":{"loc":{"start":{"line":519,"column":21},"end":{"line":519,"column":57}},"type":"cond-expr","locations":[{"start":{"line":519,"column":43},"end":{"line":519,"column":50}},{"start":{"line":519,"column":53},"end":{"line":519,"column":57}}],"line":519},"122":{"loc":{"start":{"line":527,"column":26},"end":{"line":527,"column":46}},"type":"cond-expr","locations":[{"start":{"line":527,"column":36},"end":{"line":527,"column":39}},{"start":{"line":527,"column":42},"end":{"line":527,"column":46}}],"line":527},"123":{"loc":{"start":{"line":528,"column":4},"end":{"line":540,"column":5}},"type":"if","locations":[{"start":{"line":528,"column":4},"end":{"line":540,"column":5}},{"start":{},"end":{}}],"line":528},"124":{"loc":{"start":{"line":528,"column":8},"end":{"line":528,"column":96}},"type":"binary-expr","locations":[{"start":{"line":528,"column":8},"end":{"line":528,"column":15}},{"start":{"line":528,"column":19},"end":{"line":528,"column":51}},{"start":{"line":528,"column":55},"end":{"line":528,"column":96}}],"line":528},"125":{"loc":{"start":{"line":533,"column":17},"end":{"line":533,"column":43}},"type":"binary-expr","locations":[{"start":{"line":533,"column":17},"end":{"line":533,"column":25}},{"start":{"line":533,"column":29},"end":{"line":533,"column":43}}],"line":533},"126":{"loc":{"start":{"line":534,"column":23},"end":{"line":534,"column":55}},"type":"binary-expr","locations":[{"start":{"line":534,"column":23},"end":{"line":534,"column":31}},{"start":{"line":534,"column":35},"end":{"line":534,"column":55}}],"line":534},"127":{"loc":{"start":{"line":535,"column":18},"end":{"line":535,"column":45}},"type":"binary-expr","locations":[{"start":{"line":535,"column":18},"end":{"line":535,"column":26}},{"start":{"line":535,"column":30},"end":{"line":535,"column":45}}],"line":535},"128":{"loc":{"start":{"line":536,"column":18},"end":{"line":536,"column":45}},"type":"binary-expr","locations":[{"start":{"line":536,"column":18},"end":{"line":536,"column":26}},{"start":{"line":536,"column":30},"end":{"line":536,"column":45}}],"line":536},"129":{"loc":{"start":{"line":545,"column":4},"end":{"line":548,"column":5}},"type":"if","locations":[{"start":{"line":545,"column":4},"end":{"line":548,"column":5}},{"start":{},"end":{}}],"line":545},"130":{"loc":{"start":{"line":545,"column":8},"end":{"line":545,"column":56}},"type":"binary-expr","locations":[{"start":{"line":545,"column":8},"end":{"line":545,"column":15}},{"start":{"line":545,"column":19},"end":{"line":545,"column":56}}],"line":545},"131":{"loc":{"start":{"line":564,"column":21},"end":{"line":564,"column":31}},"type":"default-arg","locations":[{"start":{"line":564,"column":29},"end":{"line":564,"column":31}}],"line":564},"132":{"loc":{"start":{"line":564,"column":33},"end":{"line":564,"column":45}},"type":"default-arg","locations":[{"start":{"line":564,"column":43},"end":{"line":564,"column":45}}],"line":564},"133":{"loc":{"start":{"line":566,"column":53},"end":{"line":566,"column":64}},"type":"binary-expr","locations":[{"start":{"line":566,"column":53},"end":{"line":566,"column":58}},{"start":{"line":566,"column":62},"end":{"line":566,"column":64}}],"line":566},"134":{"loc":{"start":{"line":567,"column":15},"end":{"line":567,"column":35}},"type":"binary-expr","locations":[{"start":{"line":567,"column":15},"end":{"line":567,"column":29}},{"start":{"line":567,"column":33},"end":{"line":567,"column":35}}],"line":567},"135":{"loc":{"start":{"line":577,"column":6},"end":{"line":580,"column":7}},"type":"if","locations":[{"start":{"line":577,"column":6},"end":{"line":580,"column":7}},{"start":{},"end":{}}],"line":577},"136":{"loc":{"start":{"line":577,"column":10},"end":{"line":577,"column":57}},"type":"binary-expr","locations":[{"start":{"line":577,"column":10},"end":{"line":577,"column":17}},{"start":{"line":577,"column":21},"end":{"line":577,"column":57}}],"line":577},"137":{"loc":{"start":{"line":586,"column":6},"end":{"line":588,"column":7}},"type":"if","locations":[{"start":{"line":586,"column":6},"end":{"line":588,"column":7}},{"start":{},"end":{}}],"line":586},"138":{"loc":{"start":{"line":586,"column":10},"end":{"line":586,"column":57}},"type":"binary-expr","locations":[{"start":{"line":586,"column":10},"end":{"line":586,"column":17}},{"start":{"line":586,"column":21},"end":{"line":586,"column":57}}],"line":586},"139":{"loc":{"start":{"line":599,"column":13},"end":{"line":599,"column":23}},"type":"default-arg","locations":[{"start":{"line":599,"column":21},"end":{"line":599,"column":23}}],"line":599},"140":{"loc":{"start":{"line":600,"column":53},"end":{"line":600,"column":64}},"type":"binary-expr","locations":[{"start":{"line":600,"column":53},"end":{"line":600,"column":58}},{"start":{"line":600,"column":62},"end":{"line":600,"column":64}}],"line":600},"141":{"loc":{"start":{"line":604,"column":15},"end":{"line":604,"column":30}},"type":"default-arg","locations":[{"start":{"line":604,"column":28},"end":{"line":604,"column":30}}],"line":604},"142":{"loc":{"start":{"line":605,"column":42},"end":{"line":605,"column":58}},"type":"binary-expr","locations":[{"start":{"line":605,"column":42},"end":{"line":605,"column":52}},{"start":{"line":605,"column":56},"end":{"line":605,"column":58}}],"line":605},"143":{"loc":{"start":{"line":629,"column":12},"end":{"line":629,"column":24}},"type":"default-arg","locations":[{"start":{"line":629,"column":22},"end":{"line":629,"column":24}}],"line":629},"144":{"loc":{"start":{"line":631,"column":6},"end":{"line":631,"column":64}},"type":"if","locations":[{"start":{"line":631,"column":6},"end":{"line":631,"column":64}},{"start":{},"end":{}}],"line":631},"145":{"loc":{"start":{"line":631,"column":10},"end":{"line":631,"column":56}},"type":"binary-expr","locations":[{"start":{"line":631,"column":10},"end":{"line":631,"column":17}},{"start":{"line":631,"column":21},"end":{"line":631,"column":56}}],"line":631},"146":{"loc":{"start":{"line":637,"column":18},"end":{"line":637,"column":46}},"type":"cond-expr","locations":[{"start":{"line":637,"column":31},"end":{"line":637,"column":33}},{"start":{"line":637,"column":36},"end":{"line":637,"column":46}}],"line":637},"147":{"loc":{"start":{"line":639,"column":23},"end":{"line":639,"column":61}},"type":"binary-expr","locations":[{"start":{"line":639,"column":23},"end":{"line":639,"column":27}},{"start":{"line":639,"column":31},"end":{"line":639,"column":61}}],"line":639},"148":{"loc":{"start":{"line":640,"column":6},"end":{"line":640,"column":27}},"type":"if","locations":[{"start":{"line":640,"column":6},"end":{"line":640,"column":27}},{"start":{},"end":{}}],"line":640},"149":{"loc":{"start":{"line":642,"column":6},"end":{"line":644,"column":7}},"type":"if","locations":[{"start":{"line":642,"column":6},"end":{"line":644,"column":7}},{"start":{},"end":{}}],"line":642},"150":{"loc":{"start":{"line":653,"column":22},"end":{"line":655,"column":13}},"type":"cond-expr","locations":[{"start":{"line":654,"column":12},"end":{"line":654,"column":38}},{"start":{"line":655,"column":12},"end":{"line":655,"column":13}}],"line":653},"151":{"loc":{"start":{"line":653,"column":22},"end":{"line":653,"column":79}},"type":"binary-expr","locations":[{"start":{"line":653,"column":22},"end":{"line":653,"column":29}},{"start":{"line":653,"column":33},"end":{"line":653,"column":79}}],"line":653}},"s":{"0":2,"1":2,"2":77,"3":77,"4":13,"5":13,"6":0,"7":0,"8":0,"9":13,"10":0,"11":13,"12":13,"13":17,"14":2,"15":15,"16":0,"17":15,"18":0,"19":15,"20":0,"21":15,"22":15,"23":15,"24":15,"25":13,"26":1,"27":1,"28":13,"29":0,"30":13,"31":12,"32":12,"33":1,"34":1,"35":0,"36":5,"37":0,"38":5,"39":4,"40":11,"41":11,"42":1,"43":0,"44":0,"45":1,"46":1,"47":2,"48":2,"49":0,"50":9,"51":9,"52":0,"53":9,"54":7,"55":7,"56":2,"57":2,"58":0,"59":29,"60":29,"61":14,"62":1,"63":1,"64":1,"65":0,"66":0,"67":0,"68":1,"69":1,"70":0,"71":1,"72":0,"73":0,"74":0,"75":0,"76":1,"77":0,"78":1,"79":1,"80":0,"81":1,"82":0,"83":1,"84":4,"85":2,"86":2,"87":0,"88":2,"89":2,"90":2,"91":2,"92":2,"93":2,"94":2,"95":2,"96":2,"97":2,"98":2,"99":0,"100":2,"101":2,"102":2,"103":2,"104":0,"105":4,"106":4,"107":4,"108":9,"109":9,"110":9,"111":9,"112":9,"113":11,"114":4,"115":0,"116":2,"117":3,"118":8,"119":8,"120":8,"121":8,"122":8,"123":8,"124":8,"125":8,"126":8,"127":0,"128":8,"129":8,"130":8,"131":8,"132":8,"133":8,"134":8,"135":8,"136":8,"137":8,"138":8,"139":8,"140":0,"141":0,"142":0,"143":0,"144":8,"145":0,"146":0,"147":0,"148":8,"149":8,"150":8,"151":4,"152":1,"153":5,"154":0,"155":5,"156":5,"157":5,"158":5,"159":5,"160":5,"161":5,"162":5,"163":5,"164":5,"165":1,"166":1,"167":1,"168":1,"169":1,"170":4,"171":1,"172":1,"173":3,"174":5,"175":5,"176":5,"177":5,"178":5,"179":5,"180":10,"181":20,"182":20,"183":0,"184":20,"185":20,"186":7,"187":14,"188":0,"189":14,"190":14,"191":2,"192":2,"193":2,"194":2,"195":2,"196":2,"197":2,"198":2,"199":2,"200":4,"201":6,"202":2,"203":6,"204":4,"205":4,"206":4,"207":0,"208":0,"209":4,"210":4,"211":8,"212":8,"213":5,"214":4,"215":4,"216":0,"217":0,"218":1,"219":1,"220":1,"221":1,"222":0,"223":2,"224":2,"225":2,"226":0,"227":2,"228":2,"229":2,"230":2,"231":2,"232":2,"233":2,"234":2,"235":2,"236":2,"237":0,"238":0,"239":0,"240":0,"241":0,"242":0,"243":0,"244":0,"245":0,"246":0,"247":0,"248":2,"249":2,"250":1,"251":1,"252":0,"253":0,"254":0,"255":0,"256":2,"257":2,"258":0,"259":2,"260":1,"261":1,"262":1,"263":1,"264":1,"265":0,"266":1,"267":1,"268":10,"269":20,"270":20,"271":2},"f":{"0":77,"1":13,"2":13,"3":17,"4":15,"5":13,"6":1,"7":13,"8":5,"9":11,"10":11,"11":0,"12":2,"13":2,"14":9,"15":29,"16":14,"17":1,"18":1,"19":1,"20":0,"21":0,"22":0,"23":1,"24":1,"25":0,"26":0,"27":1,"28":4,"29":2,"30":2,"31":2,"32":4,"33":9,"34":11,"35":0,"36":2,"37":3,"38":8,"39":8,"40":8,"41":1,"42":5,"43":10,"44":20,"45":7,"46":14,"47":2,"48":4,"49":6,"50":4,"51":8,"52":5,"53":0,"54":1,"55":2,"56":2,"57":0,"58":2,"59":2,"60":0,"61":0,"62":0,"63":2,"64":1,"65":0,"66":0,"67":0,"68":0,"69":2,"70":1,"71":1,"72":10,"73":20,"74":20,"75":2},"b":{"0":[68,9],"1":[13,0],"2":[13,13],"3":[0,0],"4":[0,13],"5":[13,13],"6":[13,0],"7":[2,15],"8":[17,17],"9":[0,15],"10":[15,15,0],"11":[0,15],"12":[15,15,0],"13":[0,15],"14":[15,15],"15":[14,1],"16":[15,14],"17":[15,15],"18":[13,0],"19":[13,0],"20":[0],"21":[0],"22":[1,1,1],"23":[0],"24":[0],"25":[0,13],"26":[12,1],"27":[12,1,0],"28":[1,0],"29":[4],"30":[0,5],"31":[4,1],"32":[5,4],"33":[0,1],"34":[1,1],"35":[1,0],"36":[9,9],"37":[0,9],"38":[7,2],"39":[7,0],"40":[2,0],"41":[2,0],"42":[0,29],"43":[0,14],"44":[0,1],"45":[0,0],"46":[0,1],"47":[0,0],"48":[0,1],"49":[0,1],"50":[0,1],"51":[1,1],"52":[4,0],"53":[0,2],"54":[2,2],"55":[2,0],"56":[2,0],"57":[0,2],"58":[2,0],"59":[0],"60":[2],"61":[4,4],"62":[2,9],"63":[2,1],"64":[8,0],"65":[8,0,0],"66":[0,8],"67":[4,4],"68":[8,4],"69":[4,4],"70":[8,0,0],"71":[0,8],"72":[8,8],"73":[8,0,0],"74":[8,8],"75":[8,0],"76":[8,0],"77":[8,8],"78":[8,0],"79":[8,0],"80":[8,8],"81":[0,8],"82":[0,0,0],"83":[0,0],"84":[0,0],"85":[0,0],"86":[0,8],"87":[0,0],"88":[0,0],"89":[0,0],"90":[8,0],"91":[4,4],"92":[8,8,8],"93":[0,5],"94":[5,5],"95":[5,2],"96":[3,2],"97":[3,2],"98":[5,0],"99":[5,0],"100":[5,0],"101":[1,4],"102":[1,1,0],"103":[1,0],"104":[0,1],"105":[1,0],"106":[0,1],"107":[1,3],"108":[1,0],"109":[1,0],"110":[5,0],"111":[5,0],"112":[5,5],"113":[5,0],"114":[0,20],"115":[0,14],"116":[14,14],"117":[4,4,0],"118":[2,4],"119":[6,2],"120":[0,4],"121":[8,0],"122":[1,3],"123":[0,4],"124":[4,4,4],"125":[0,0],"126":[0,0],"127":[0,0],"128":[0,0],"129":[1,0],"130":[1,1],"131":[0],"132":[1],"133":[2,0],"134":[2,1],"135":[2,0],"136":[2,2],"137":[0,0],"138":[0,0],"139":[0],"140":[0,0],"141":[0],"142":[2,0],"143":[0],"144":[0,2],"145":[2,2],"146":[0,1],"147":[1,1],"148":[0,1],"149":[1,0],"150":[10,0],"151":[10,10]},"_coverageSchema":"1a1c01bbd47fc00a2c39e90264f33305004495a9","hash":"70aacba5517050020e7daa08178a9f2f0e10e355"}
,"C:\\Users\\BBG\\Desktop\\amap\\src\\map\\layer-registry.js": {"path":"C:\\Users\\BBG\\Desktop\\amap\\src\\map\\layer-registry.js","statementMap":{"0":{"start":{"line":14,"column":27},"end":{"line":25,"column":1}},"1":{"start":{"line":27,"column":27},"end":{"line":41,"column":1}},"2":{"start":{"line":43,"column":25},"end":{"line":61,"column":1}},"3":{"start":{"line":63,"column":28},"end":{"line":80,"column":1}},"4":{"start":{"line":82,"column":28},"end":{"line":90,"column":1}},"5":{"start":{"line":92,"column":23},"end":{"line":99,"column":1}},"6":{"start":{"line":101,"column":28},"end":{"line":101,"column":67}},"7":{"start":{"line":103,"column":28},"end":{"line":103,"column":62}},"8":{"start":{"line":106,"column":2},"end":{"line":106,"column":68}},"9":{"start":{"line":110,"column":2},"end":{"line":110,"column":66}},"10":{"start":{"line":114,"column":2},"end":{"line":117,"column":3}},"11":{"start":{"line":121,"column":21},"end":{"line":121,"column":80}},"12":{"start":{"line":123,"column":2},"end":{"line":128,"column":3}},"13":{"start":{"line":132,"column":2},"end":{"line":132,"column":27}},"14":{"start":{"line":132,"column":16},"end":{"line":132,"column":27}},"15":{"start":{"line":134,"column":2},"end":{"line":142,"column":3}},"16":{"start":{"line":135,"column":23},"end":{"line":135,"column":81}},"17":{"start":{"line":137,"column":4},"end":{"line":141,"column":5}},"18":{"start":{"line":144,"column":2},"end":{"line":146,"column":3}},"19":{"start":{"line":145,"column":4},"end":{"line":145,"column":70}},"20":{"start":{"line":148,"column":2},"end":{"line":148,"column":13}},"21":{"start":{"line":152,"column":2},"end":{"line":154,"column":3}},"22":{"start":{"line":153,"column":4},"end":{"line":153,"column":13}},"23":{"start":{"line":156,"column":2},"end":{"line":160,"column":3}},"24":{"start":{"line":157,"column":4},"end":{"line":159,"column":22}},"25":{"start":{"line":158,"column":31},"end":{"line":158,"column":82}},"26":{"start":{"line":162,"column":2},"end":{"line":164,"column":3}},"27":{"start":{"line":163,"column":4},"end":{"line":163,"column":76}},"28":{"start":{"line":166,"column":2},"end":{"line":170,"column":3}},"29":{"start":{"line":167,"column":4},"end":{"line":169,"column":22}},"30":{"start":{"line":168,"column":31},"end":{"line":168,"column":82}},"31":{"start":{"line":172,"column":2},"end":{"line":172,"column":11}},"32":{"start":{"line":176,"column":2},"end":{"line":181,"column":8}},"33":{"start":{"line":177,"column":4},"end":{"line":179,"column":5}},"34":{"start":{"line":178,"column":6},"end":{"line":178,"column":31}},"35":{"start":{"line":180,"column":4},"end":{"line":180,"column":17}},"36":{"start":{"line":185,"column":17},"end":{"line":185,"column":30}},"37":{"start":{"line":186,"column":2},"end":{"line":186,"column":52}},"38":{"start":{"line":190,"column":2},"end":{"line":192,"column":3}},"39":{"start":{"line":191,"column":4},"end":{"line":191,"column":77}},"40":{"start":{"line":194,"column":2},"end":{"line":196,"column":3}},"41":{"start":{"line":195,"column":4},"end":{"line":195,"column":25}},"42":{"start":{"line":198,"column":2},"end":{"line":198,"column":17}},"43":{"start":{"line":202,"column":2},"end":{"line":202,"column":65}},"44":{"start":{"line":202,"column":49},"end":{"line":202,"column":65}},"45":{"start":{"line":204,"column":16},"end":{"line":204,"column":62}},"46":{"start":{"line":205,"column":2},"end":{"line":207,"column":11}},"47":{"start":{"line":211,"column":15},"end":{"line":211,"column":45}},"48":{"start":{"line":212,"column":2},"end":{"line":214,"column":10}},"49":{"start":{"line":218,"column":2},"end":{"line":218,"column":72}},"50":{"start":{"line":218,"column":61},"end":{"line":218,"column":72}},"51":{"start":{"line":220,"column":14},"end":{"line":220,"column":36}},"52":{"start":{"line":221,"column":14},"end":{"line":221,"column":36}},"53":{"start":{"line":222,"column":2},"end":{"line":222,"column":73}},"54":{"start":{"line":226,"column":2},"end":{"line":226,"column":44}},"55":{"start":{"line":226,"column":35},"end":{"line":226,"column":44}},"56":{"start":{"line":228,"column":2},"end":{"line":230,"column":20}},"57":{"start":{"line":234,"column":2},"end":{"line":234,"column":44}},"58":{"start":{"line":234,"column":35},"end":{"line":234,"column":44}},"59":{"start":{"line":236,"column":2},"end":{"line":238,"column":39}},"60":{"start":{"line":238,"column":22},"end":{"line":238,"column":38}},"61":{"start":{"line":242,"column":19},"end":{"line":242,"column":46}},"62":{"start":{"line":243,"column":2},"end":{"line":243,"column":26}},"63":{"start":{"line":243,"column":17},"end":{"line":243,"column":26}},"64":{"start":{"line":245,"column":2},"end":{"line":248,"column":3}},"65":{"start":{"line":246,"column":21},"end":{"line":246,"column":60}},"66":{"start":{"line":247,"column":4},"end":{"line":247,"column":37}},"67":{"start":{"line":250,"column":2},"end":{"line":254,"column":3}},"68":{"start":{"line":251,"column":4},"end":{"line":253,"column":10}},"69":{"start":{"line":256,"column":2},"end":{"line":256,"column":11}},"70":{"start":{"line":260,"column":19},"end":{"line":260,"column":46}},"71":{"start":{"line":261,"column":2},"end":{"line":261,"column":28}},"72":{"start":{"line":261,"column":17},"end":{"line":261,"column":28}},"73":{"start":{"line":263,"column":2},"end":{"line":266,"column":3}},"74":{"start":{"line":264,"column":17},"end":{"line":264,"column":52}},"75":{"start":{"line":265,"column":4},"end":{"line":265,"column":41}},"76":{"start":{"line":268,"column":2},"end":{"line":273,"column":3}},"77":{"start":{"line":269,"column":17},"end":{"line":271,"column":10}},"78":{"start":{"line":270,"column":65},"end":{"line":270,"column":81}},"79":{"start":{"line":272,"column":4},"end":{"line":272,"column":36}},"80":{"start":{"line":275,"column":2},"end":{"line":275,"column":13}},"81":{"start":{"line":279,"column":19},"end":{"line":279,"column":46}},"82":{"start":{"line":280,"column":2},"end":{"line":280,"c
[...]
ne":134,"column":4},"end":{"line":134,"column":27}},"56":{"start":{"line":134,"column":15},"end":{"line":134,"column":27}},"57":{"start":{"line":136,"column":4},"end":{"line":136,"column":33}},"58":{"start":{"line":137,"column":4},"end":{"line":137,"column":27}},"59":{"start":{"line":137,"column":16},"end":{"line":137,"column":27}},"60":{"start":{"line":139,"column":4},"end":{"line":139,"column":38}},"61":{"start":{"line":140,"column":4},"end":{"line":140,"column":24}},"62":{"start":{"line":141,"column":4},"end":{"line":141,"column":16}},"63":{"start":{"line":143,"column":4},"end":{"line":145,"column":5}},"64":{"start":{"line":144,"column":6},"end":{"line":144,"column":18}},"65":{"start":{"line":147,"column":4},"end":{"line":147,"column":16}},"66":{"start":{"line":151,"column":28},"end":{"line":153,"column":54}},"67":{"start":{"line":154,"column":24},"end":{"line":154,"column":35}},"68":{"start":{"line":155,"column":4},"end":{"line":155,"column":29}},"69":{"start":{"line":156,"column":4},"end":{"line":156,"column":39}},"70":{"start":{"line":158,"column":4},"end":{"line":162,"column":5}},"71":{"start":{"line":159,"column":6},"end":{"line":159,"column":28}},"72":{"start":{"line":160,"column":6},"end":{"line":160,"column":19}},"73":{"start":{"line":161,"column":6},"end":{"line":161,"column":12}},"74":{"start":{"line":164,"column":4},"end":{"line":164,"column":38}},"75":{"start":{"line":165,"column":4},"end":{"line":169,"column":5}},"76":{"start":{"line":166,"column":6},"end":{"line":166,"column":56}},"77":{"start":{"line":166,"column":44},"end":{"line":166,"column":56}},"78":{"start":{"line":167,"column":11},"end":{"line":169,"column":5}},"79":{"start":{"line":168,"column":6},"end":{"line":168,"column":18}},"80":{"start":{"line":172,"column":2},"end":{"line":226,"column":3}},"81":{"start":{"line":174,"column":6},"end":{"line":174,"column":44}},"82":{"start":{"line":178,"column":6},"end":{"line":178,"column":52}},"83":{"start":{"line":182,"column":6},"end":{"line":182,"column":57}},"84":{"start":{"line":186,"column":6},"end":{"line":186,"column":20}},"85":{"start":{"line":187,"column":6},"end":{"line":187,"column":28}},"86":{"start":{"line":188,"column":26},"end":{"line":188,"column":39}},"87":{"start":{"line":189,"column":6},"end":{"line":191,"column":7}},"88":{"start":{"line":190,"column":8},"end":{"line":190,"column":26}},"89":{"start":{"line":195,"column":6},"end":{"line":195,"column":21}},"90":{"start":{"line":196,"column":6},"end":{"line":196,"column":29}},"91":{"start":{"line":197,"column":6},"end":{"line":199,"column":7}},"92":{"start":{"line":198,"column":8},"end":{"line":198,"column":20}},"93":{"start":{"line":203,"column":6},"end":{"line":203,"column":28}},"94":{"start":{"line":204,"column":6},"end":{"line":204,"column":51}},"95":{"start":{"line":205,"column":6},"end":{"line":205,"column":20}},"96":{"start":{"line":209,"column":6},"end":{"line":209,"column":18}},"97":{"start":{"line":213,"column":6},"end":{"line":224,"column":7}}},"fnMap":{"0":{"name":"isPlainObject","decl":{"start":{"line":17,"column":9},"end":{"line":17,"column":22}},"loc":{"start":{"line":17,"column":30},"end":{"line":19,"column":1}},"line":17},"1":{"name":"getWMSConstructor","decl":{"start":{"line":21,"column":9},"end":{"line":21,"column":26}},"loc":{"start":{"line":21,"column":33},"end":{"line":27,"column":1}},"line":21},"2":{"name":"addLayer","decl":{"start":{"line":29,"column":9},"end":{"line":29,"column":17}},"loc":{"start":{"line":29,"column":30},"end":{"line":40,"column":1}},"line":29},"3":{"name":"removeLayer","decl":{"start":{"line":42,"column":9},"end":{"line":42,"column":20}},"loc":{"start":{"line":42,"column":33},"end":{"line":53,"column":1}},"line":42},"4":{"name":"applyOptionSetters","decl":{"start":{"line":55,"column":9},"end":{"line":55,"column":27}},"loc":{"start":{"line":55,"column":49},"end":{"line":77,"column":1}},"line":55},"5":{"name":"normalizeOptions","decl":{"start":{"line":79,"column":9},"end":{"line":79,"column":25}},"loc":{"start":{"line":79,"column":38},"end":{"line":94,"column":1}},"line":79},"6":{"name":"createWMSLayer","decl":{"start":{"line":96,"column":16},"end":{"line":96,"column":30}},"loc":{"start":{"line":96,"column":49},"end":{"line":227,"column":1}},"line":96},"7":{"name":"destroyLayerInstance","decl":{"start":{"line":103,"column":11},"end":{"line":103,"column":31}},"loc":{"start":{"line":103,"column":34},"end":{"line":112,"column":3}},"line":103},"8":{"name":"createLayerInstance","decl":{"start":{"line":114,"column":11},"end":{"line":114,"column":30}},"loc":{"start":{"line":114,"column":33},"end":{"line":131,"column":3}},"line":114},"9":{"name":"ensureLayer","decl":{"start":{"line":133,"column":11},"end":{"line":133,"column":22}},"loc":{"start":{"line":133,"column":25},"end":{"line":148,"column":3}},"line":133},"10":{"name":"applyOptions","decl":{"start":{"line":150,"column":11},"end":{"line":150,"column":23}},"loc":{"start":{"line":150,"column":37},"end":{"line":170,"column":3}},"line":150},"11":{"name":"(anonymous_11)","decl":{"start":{"line":173,"column":4},"end":{"line":173,"column":5}},"loc":{"start":{"line":173,"column":25},"end":{"line":175,"column":5}},"line":173},"12":{"name":"(anonymous_12)","decl":{"start":{"line":177,"column":4},"end":{"line":177,"column":5}},"loc":{"start":{"line":177,"column":25},"end":{"line":179,"column":5}},"line":177},"13":{"name":"(anonymous_13)","decl":{"start":{"line":181,"column":4},"end":{"line":181,"column":5}},"loc":{"start":{"line":181,"column":32},"end":{"line":183,"column":5}},"line":181},"14":{"name":"(anonymous_14)","decl":{"start":{"line":185,"column":4},"end":{"line":185,"column":5}},"loc":{"start":{"line":185,"column":11},"end":{"line":192,"column":5}},"line":185},"15":{"name":"(anonymous_15)","decl":{"start":{"line":194,"column":4},"end":{"line":194,"column":5}},"loc":{"start":{"line":194,"column":11},"end":{"line":200,"column":5}},"line":194},"16":{"name":"(anonymous_16)","decl":{"start":{"line":202,"column":4},"end":{"line":202,"column":5}},"loc":{"start":{"line":202,"column":14},"end":{"line":206,"column":5}},"line":202},"17":{"name":"(anonymous_17)","decl":{"start":{"line":208,"column":4},"end":{"line":208,"column":5}},"loc":{"start":{"line":208,"column":14},"end":{"line":210,"column":5}},"line":208},"18":{"name":"(anonymous_18)","decl":{"start":{"line":212,"column":4},"end":{"line":212,"column":5}},"loc":{"start":{"line":212,"column":14},"end":{"line":225,"column":5}},"line":212}},"branchMap":{"0":{"loc":{"start":{"line":22,"column":9},"end":{"line":26,"column":10}},"type":"cond-expr","locations":[{"start":{"line":25,"column":6},"end":{"line":25,"column":24}},{"start":{"line":26,"column":6},"end":{"line":26,"column":10}}],"line":22},"1":{"loc":{"start":{"line":22,"column":9},"end":{"line":24,"column":44}},"type":"binary-expr","locations":[{"start":{"line":22,"column":9},"end":{"line":22,"column":13}},{"start":{"line":23,"column":4},"end":{"line":23,"column":18}},{"start":{"line":24,"column":4},"end":{"line":24,"column":44}}],"line":22},"2":{"loc":{"start":{"line":30,"column":2},"end":{"line":30,"column":28}},"type":"if","locations":[{"start":{"line":30,"column":2},"end":{"line":30,"column":28}},{"start":{},"end":{}}],"line":30},"3":{"loc":{"start":{"line":30,"column":6},"end":{"line":30,"column":20}},"type":"binary-expr","locations":[{"start":{"line":30,"column":6},"end":{"line":30,"column":10}},{"start":{"line":30,"column":14},"end":{"line":30,"column":20}}],"line":30},"4":{"loc":{"start":{"line":32,"column":2},"end":{"line":35,"column":3}},"type":"if","locations":[{"start":{"line":32,"column":2},"end":{"line":35,"column":3}},{"start":{},"end":{}}],"line":32},"5":{"loc":{"start":{"line":37,"column":2},"end":{"line":39,"column":3}},"type":"if","locations":[{"start":{"line":37,"column":2},"end":{"line":39,"column":3}},{"start":{},"end":{}}],"line":37},"6":{"loc":{"start":{"line":43,"column":2},"end":{"line":43,"column":28}},"type":"if","locations":[{"start":{"line":43,"column":2},"end":{"line":43,"column":28}},{"start":{},"end":{}}],"line":43},"7":{"loc":{"start":{"line":43,"column":6},"end":{"line":43,"column":20}},"type":"binary-expr","locations":[{"start":{"line":43,"column":6},"end":{"line":43,"column":10}},{"start":{"line":43,"column":14},"end":{"line":43,"column":20}}],"line":43},"8":{"loc":{"start":{"line":45,"column":2},"end":{"line":48,"column":3}},"type":"if","locations":[{"start":{"line":45,"column":2},"end":{"line":48,"column":3}},{"start":{},"end":{}}],"line":45},"9":{"loc":{"start":{"line":50,"column":2},"end":{"line":52,"column":3}},"type":"if","locations":[{"start":{"line":50,"column":2},"end":{"line":52,"column":3}},{"start":{},"end":{}}],"line":50},"10":{"loc":{"start":{"line":55,"column":35},"end":{"line":55,"column":47}},"type":"default-arg","locations":[{"start":{"line":55,"column":45},"end":{"line":55,"column":47}}],"line":55},"11":{"loc":{"start":{"line":56,"column":2},"end":{"line":56,"column":20}},"type":"if","locations":[{"start":{"line":56,"column":2},"end":{"line":56,"column":20}},{"start":{},"end":{}}],"line":56},"12":{"loc":{"start":{"line":58,"column":2},"end":{"line":60,"column":3}},"type":"if","locations":[{"start":{"line":58,"column":2},"end":{"line":60,"column":3}},{"start":{},"end":{}}],"line":58},"13":{"loc":{"start":{"line":58,"column":6},"end":{"line":58,"column":63}},"type":"binary-expr","locations":[{"start":{"line":58,"column":6},"end":{"line":58,"column":25}},{"start":{"line":58,"column":29},"end":{"line":58,"column":63}}],"line":58},"14":{"loc":{"start":{"line":62,"column":2},"end":{"line":64,"column":3}},"type":"if","locations":[{"start":{"line":62,"column":2},"end":{"line":64,"column":3}},{"start":{},"end":{}}],"line":62},"15":{"loc":{"start":{"line":62,"column":6},"end":{"line":62,"column":60}},"type":"binary-expr","locations":[{"start":{"line":62,"column":6},"end":{"line":62,"column":19}},{"start":{"line":62,"column":23},"end":{"line":62,"column":60}}],"line":62},"16":{"loc":{"start":{"line":66,"column":2},"end":{"line":68,"column":3}},"type":"if","locations":[{"start":{"line":66,"column":2},"end":{"line":68,"column":3}},{"start":{},"end":{}}],"line":66},"17":{"loc":{"start":{"line":66,"column":6},"end":{"line":66,"column":71}},"type":"binary-expr","locations":[{"start":{"line":66,"column":6},"end":{"line":66,"column":29}},{"start":{"line":66,"column":33},"end":{"line":66,"column":71}}],"line":66},"18":{"loc":{"start":{"line":70,"column":2},"end":{"line":72,"column":3}},"type":"if","locations":[{"start":{"line":70,"column":2},"end":{"line":72,"column":3}},{"start":{},"end":{}}],"line":70},"19":{"loc":{"start":{"line":70,"column":6},"end":{"line":70,"column":69}},"type":"binary-expr","locations":[{"start":{"line":70,"column":6},"end":{"line":70,"column":28}},{"start":{"line":70,"column":32},"end":{"line":70,"column":69}}],"line":70},"20":{"loc":{"start":{"line":74,"column":2},"end":{"line":76,"column":3}},"type":"if","locations":[{"start":{"line":74,"column":2},"end":{"line":76,"column":3}},{"start":{},"end":{}}],"line":74},"21":{"loc":{"start":{"line":74,"column":6},"end":{"line":74,"column":59}},"type":"binary-expr","locations":[{"start":{"line":74,"column":6},"end":{"line":74,"column":19}},{"start":{"line":74,"column":23},"end":{"line":74,"column":59}}],"line":74},"22":{"loc":{"start":{"line":79,"column":26},"end":{"line":79,"column":36}},"type":"default-arg","locations":[{"start":{"line":79,"column":34},"end":{"line":79,"column":36}}],"line":79},"23":{"loc":{"start":{"line":80,"column":26},"end":{"line":80,"column":59}},"type":"cond-expr","locations":[{"start":{"line":80,"column":49},"end":{"line":80,"column":54}},{"start":{"line":80,"column":57},"end":{"line":80,"column":59}}],"line":80},"24":{"loc":{"start":{"line":88,"column":60},"end":{"line":88,"column":71}},"type":"binary-expr","locations":[{"start":{"line":88,"column":60},"end":{"line":88,"column":65}},{"start":{"line":88,"column":69},"end":{"line":88,"column":71}}],"line":88},"25":{"loc":{"start":{"line":89,"column":2},"end":{"line":91,"column":3}},"type":"if","locations":[{"start":{"line":89,"column":2},"end":{"line":91,"column":3}},{"start":{},"end":{}}],"line":89},"26":{"loc":{"start":{"line":90,"column":35},"end":{"line":90,"column":58}},"type":"binary-expr","locations":[{"start":{"line":90,"column":35},"end":{"line":90,"column":52}},{"start":{"line":90,"column":56},"end":{"line":90,"column":58}}],"line":90},"27":{"loc":{"start":{"line":104,"column":4},"end":{"line":104,"column":22}},"type":"if","locations":[{"start":{"line":104,"column":4},"end":{"line":104,"column":22}},{"start":{},"end":{}}],"line":104},"28":{"loc":{"start":{"line":107,"column":4},"end":{"line":109,"column":5}},"type":"if","locations":[{"start":{"line":107,"column":4},"end":{"line":109,"column":5}},{"start":{},"end":{}}],"line":107},"29":{"loc":{"start":{"line":116,"column":4},"end":{"line":119,"column":5}},"type":"if","locations":[{"start":{"line":116,"column":4},"end":{"line":119,"column":5}},{"start":{},"end":{}}],"line":116},"30":{"loc":{"start":{"line":121,"column":4},"end":{"line":124,"column":5}},"type":"if","locations":[{"start":{"line":121,"column":4},"end":{"line":124,"column":5}},{"start":{},"end":{}}],"line":121},"31":{"loc":{"start":{"line":134,"column":4},"end":{"line":134,"column":27}},"type":"if","locations":[{"start":{"line":134,"column":4},"end":{"line":134,"column":27}},{"start":{},"end":{}}],"line":134},"32":{"loc":{"start":{"line":137,"column":4},"end":{"line":137,"column":27}},"type":"if","locations":[{"start":{"line":137,"column":4},"end":{"line":137,"column":27}},{"start":{},"end":{}}],"line":137},"33":{"loc":{"start":{"line":143,"column":4},"end":{"line":145,"column":5}},"type":"if","locations":[{"start":{"line":143,"column":4},"end":{"line":145,"column":5}},{"start":{},"end":{}}],"line":143},"34":{"loc":{"start":{"line":143,"column":8},"end":{"line":143,"column":61}},"type":"binary-expr","locations":[{"start":{"line":143,"column":8},"end":{"line":143,"column":25}},{"start":{"line":143,"column":29},"end":{"line":143,"column":61}}],"line":143},"35":{"loc":{"start":{"line":151,"column":28},"end":{"line":153,"column":54}},"type":"cond-expr","locations":[{"start":{"line":152,"column":8},"end":{"line":152,"column":19}},{"start":{"line":153,"column":8},"end":{"line":153,"column":54}}],"line":151},"36":{"loc":{"start":{"line":153,"column":23},"end":{"line":153,"column":53}},"type":"binary-expr","locations":[{"start":{"line":153,"column":23},"end":{"line":153,"column":30}},{"start":{"line":153,"column":34},"end":{"line":153,"column":53}}],"line":153},"37":{"loc":{"start":{"line":158,"column":4},"end":{"line":162,"column":5}},"type":"if","locations":[{"start":{"line":158,"column":4},"end":{"line":162,"column":5}},{"start":{},"end":{}}],"line":158},"38":{"loc":{"start":{"line":158,"column":8},"end":{"line":158,"column":45}},"type":"binary-expr","locations":[{"start":{"line":158,"column":8},"end":{"line":158,"column":14}},{"start":{"line":158,"column":18},"end":{"line":158,"column":45}}],"line":158},"39":{"loc":{"start":{"line":165,"column":4},"end":{"line":169,"column":5}},"type":"if","locations":[{"start":{"line":165,"column":4},"end":{"line":169,"column":5}},{"start":{"line":167,"column":11},"end":{"line":169,"column":5}}],"line":165},"40":{"loc":{"start":{"line":166,"column":6},"end":{"line":166,"column":56}},"type":"if","locations":[{"start":{"line":166,"column":6},"end":{"line":166,"column":56}},{"start":{},"end":{}}],"line":166},"41":{"loc":{"start":{"line":167,"column":11},"end":{"line":169,"column":5}},"type":"if","locations":[{"start":{"line":167,"column":11},"end":{"line":169,"column":5}},{"start":{},"end":{}}],"line":167},"42":{"loc":{"start":{"line":173,"column":12},"end":{"line":173,"column":23}},"type":"default-arg","locations":[{"start":{"line":173,"column":21},"end":{"line":173,"column":23}}],"line":173},"43":{"loc":{"start":{"line":177,"column":13},"end":{"line":177,"column":23}},"type":"default-arg","locations":[{"start":{"line":177,"column":21},"end":{"line":177,"column":23}}],"line":177},"44":{"loc":{"start":{"line":178,"column":39},"end":{"line":178,"column":50}},"type":"binary-expr","locations":[{"start":{"line":178,"column":39},"end":{"line":178,"column":44}},{"start":{"line":178,"column":48},"end":{"line":178,"column":50}}],"line":178},"45":{"loc":{"start":{"line":181,"column":15},"end":{"line":181,"column":30}},"type":"default-arg","locations":[{"start":{"line":181,"column":28},"end":{"line":181,"column":30}}],"line":181},"46":{"loc":{"start":{"line":182,"column":39},"end":{"line":182,"column":55}},"type":"binary-expr","locations":[{"start":{"line":182,"column":39},"end":{"line":182,"column":49}},{"start":{"line":182,"column":53},"end":{"line":182,"column":55}}],"line":182},"47":{"loc":{"start":{"line":189,"column":6},"end":{"line":191,"column":7}},"type":"if","locations":[{"start":{"line":189,"column":6},"end":{"line":191,"column":7}},{"start":{},"end":{}}],"line":189},"48":{"loc":{"start":{"line":189,"column":10},"end":{"line":189,"column":63}},"type":"binary-expr","locations":[{"start":{"line":189,"column":10},"end":{"line":189,"column":21}},{"start":{"line":189,"column":25},"end":{"line":189,"column":63}}],"line":189},"49":{"loc":{"start":{"line":197,"column":6},"end":{"line":199,"column":7}},"type":"if","locations":[{"start":{"line":197,"column":6},"end":{"line":199,"column":7}},{"start":{},"end":{}}],"line":197},"50":{"loc":{"start":{"line":197,"column":10},"end":{"line":197,"column":51}},"type":"binary-expr","locations":[{"start":{"line":197,"column":10},"end":{"line":197,"column":15}},{"start":{"line":197,"column":19},"end":{"line":197,"column":51}}],"line":197},"51":{"loc":{"start":{"line":217,"column":13},"end":{"line":217,"column":30}},"type":"binary-expr","locations":[{"start":{"line":217,"column":13},"end":{"line":217,"column":24}},{"start":{"line":217,"column":28},"end":{"line":217,"column":30}}],"line":217},"52":{"loc":{"start":{"line":218,"column":30},"end":{"line":218,"column":49}},"type":"binary-expr","locations":[{"start":{"line":218,"column":30},"end":{"line":218,"column":43}},{"start":{"line":218,"column":47},"end":{"line":218,"column":49}}],"line":218},"53":{"loc":{"start":{"line":221,"column":15},"end":{"line":221,"column":80}},"type":"cond-expr","locations":[{"start":{"line":221,"column":46},"end":{"line":221,"column":64}},{"start":{"line":221,"column":67},"end":{"line":221,"column":80}}],"line":221}},"s":{"0":2,"1":18,"2":8,"3":5,"4":0,"5":5,"6":5,"7":5,"8":0,"9":0,"10":3,"11":0,"12":3,"13":3,"14":3,"15":0,"16":0,"17":9,"18":0,"19":9,"20":9,"21":9,"22":9,"23":9,"24":9,"25":9,"26":9,"27":9,"28":9,"29":6,"30":6,"31":6,"32":6,"33":2,"34":6,"35":5,"36":5,"37":5,"38":5,"39":5,"40":11,"41":8,"42":3,"43":3,"44":3,"45":3,"46":3,"47":8,"48":8,"49":0,"50":0,"51":8,"52":3,"53":3,"54":5,"55":10,"56":2,"57":8,"58":8,"59":3,"60":5,"61":5,"62":5,"63":5,"64":2,"65":5,"66":12,"67":12,"68":12,"69":12,"70":12,"71":8,"72":8,"73":8,"74":4,"75":4,"76":3,"77":3,"78":1,"79":1,"80":5,"81":6,"82":1,"83":5,"84":2,"85":2,"86":2,"87":2,"88":2,"89":1,"90":1,"91":1,"92":1,"93":3,"94":3,"95":3,"96":0,"97":12},"f":{"0":18,"1":8,"2":5,"3":3,"4":9,"5":6,"6":5,"7":11,"8":8,"9":10,"10":12,"11":6,"12":1,"13":5,"14":2,"15":1,"16":3,"17":0,"18":12},"b":{"0":[8,0],"1":[8,8,8],"2":[0,5],"3":[5,5],"4":[5,0],"5":[0,0],"6":[0,3],"7":[3,3],"8":[3,0],"9":[0,0],"10":[0],"11":[0,9],"12":[9,0],"13":[9,9],"14":[9,0],"15":[9,9],"16":[9,0],"17":[9,9],"18":[9,0],"19":[9,9],"20":[9,0],"21":[9,9],"22":[0],"23":[6,0],"24":[6,6],"25":[2,4],"26":[2,0],"27":[8,3],"28":[3,0],"29":[0,8],"30":[3,5],"31":[2,8],"32":[3,5],"33":[2,3],"34":[5,2],"35":[12,0],"36":[0,0],"37":[8,4],"38":[12,4],"39":[3,1],"40":[3,0],"41":[1,0],"42":[1],"43":[0],"44":[1,1],"45":[1],"46":[5,1],"47":[2,0],"48":[2,2],"49":[1,0],"50":[1,1],"51":[12,0],"52":[12,0],"53":[12,0]},"_coverageSchema":"1a1c01bbd47fc00a2c39e90264f33305004495a9","hash":"e5b9dfef4856993fc861a99d731a96e9a5a63cf3"}
}
