TN:
SF:src\components\CustomerHeatmapToolbar.vue
FN:17,clamp
FN:58,(anonymous_1)
FN:61,(anonymous_2)
FN:68,(anonymous_3)
FN:69,(anonymous_4)
FN:71,(anonymous_5)
FN:76,(anonymous_6)
FN:79,(anonymous_7)
FN:83,(anonymous_8)
FN:88,(anonymous_9)
FN:92,(anonymous_10)
FN:97,(anonymous_11)
FNF:12
FNH:8
FNDA:2,clamp
FNDA:0,(anonymous_1)
FNDA:1,(anonymous_2)
FNDA:1,(anonymous_3)
FNDA:3,(anonymous_4)
FNDA:2,(anonymous_5)
FNDA:0,(anonymous_6)
FNDA:0,(anonymous_7)
FNDA:0,(anonymous_8)
FNDA:1,(anonymous_9)
FNDA:1,(anonymous_10)
FNDA:1,(anonymous_11)
DA:6,1
DA:18,2
DA:58,0
DA:62,1
DA:69,3
DA:72,2
DA:77,0
DA:80,0
DA:84,0
DA:85,0
DA:89,1
DA:90,1
DA:93,1
DA:94,1
DA:95,1
DA:98,1
DA:99,1
DA:100,0
DA:104,1
LF:19
LH:13
BRDA:69,0,0,3
BRDA:69,0,1,2
BRDA:72,1,0,0
BRDA:72,1,1,2
BRDA:99,2,0,0
BRDA:99,2,1,1
BRF:6
BRH:4
end_of_record
TN:
SF:src\components\HeatmapToolbar.vue
FN:12,clamp
FN:16,normalizePercent
FN:66,(anonymous_2)
FN:69,(anonymous_3)
FN:76,(anonymous_4)
FN:78,(anonymous_5)
FN:79,(anonymous_6)
FN:85,(anonymous_7)
FN:89,(anonymous_8)
FN:94,(anonymous_9)
FN:99,(anonymous_10)
FN:102,(anonymous_11)
FN:106,(anonymous_12)
FN:111,(anonymous_13)
FN:115,(anonymous_14)
FN:118,(anonymous_15)
FN:121,(anonymous_16)
FN:126,(anonymous_17)
FNF:18
FNH:13
FNDA:2,clamp
FNDA:1,normalizePercent
FNDA:0,(anonymous_2)
FNDA:1,(anonymous_3)
FNDA:1,(anonymous_4)
FNDA:2,(anonymous_5)
FNDA:2,(anonymous_6)
FNDA:1,(anonymous_7)
FNDA:2,(anonymous_8)
FNDA:2,(anonymous_9)
FNDA:0,(anonymous_10)
FNDA:0,(anonymous_11)
FNDA:0,(anonymous_12)
FNDA:1,(anonymous_13)
FNDA:0,(anonymous_14)
FNDA:1,(anonymous_15)
FNDA:1,(anonymous_16)
FNDA:1,(anonymous_17)
DA:5,1
DA:13,2
DA:17,1
DA:18,1
DA:66,0
DA:70,1
DA:77,1
DA:78,2
DA:79,2
DA:86,1
DA:87,1
DA:89,1
DA:90,2
DA:91,2
DA:95,2
DA:100,0
DA:103,0
DA:107,0
DA:108,0
DA:112,1
DA:113,1
DA:116,0
DA:119,1
DA:122,1
DA:123,1
DA:124,1
DA:127,1
DA:129,1
DA:130,1
DA:135,1
DA:138,0
LF:31
LH:24
BRDA:18,0,0,1
BRDA:18,0,1,0
BRDA:78,1,0,2
BRDA:78,1,1,2
BRDA:80,2,0,0
BRDA:80,2,1,2
BRDA:82,3,0,0
BRDA:82,3,1,2
BRDA:87,4,0,0
BRDA:87,4,1,1
BRDA:90,5,0,0
BRDA:90,5,1,2
BRDA:95,6,0,2
BRDA:95,6,1,0
BRDA:129,7,0,1
BRDA:129,7,1,0
BRF:16
BRH:9
end_of_record
TN:
SF:src\loca\loca-controller.js
FN:4,(anonymous_0)
FN:18,(anonymous_1)
FN:22,(anonymous_2)
FN:23,(anonymous_3)
FN:24,(anonymous_4)
FN:25,(anonymous_5)
FN:26,(anonymous_6)
FN:27,(anonymous_7)
FN:28,(anonymous_8)
FN:29,(anonymous_9)
FN:30,(anonymous_10)
FN:31,(anonymous_11)
FN:32,(anonymous_12)
FN:33,(anonymous_13)
FN:41,(anonymous_14)
FN:65,(anonymous_15)
FN:80,(anonymous_16)
FN:90,(anonymous_17)
FN:100,(anonymous_18)
FN:110,(anonymous_19)
FN:120,(anonymous_20)
FN:130,(anonymous_21)
FN:140,(anonymous_22)
FN:150,(anonymous_23)
FN:159,(anonymous_24)
FN:170,(anonymous_25)
FN:171,(anonymous_26)
FN:178,(anonymous_27)
FN:195,(anonymous_28)
FN:218,(anonymous_29)
FN:224,(anonymous_30)
FNF:31
FNH:13
FNDA:1,(anonymous_0)
FNDA:3,(anonymous_1)
FNDA:1,(anonymous_2)
FNDA:0,(anonymous_3)
FNDA:0,(anonymous_4)
FNDA:0,(anonymous_5)
FNDA:0,(anonymous_6)
FNDA:1,(anonymous_7)
FNDA:0,(anonymous_8)
FNDA:0,(anonymous_9)
FNDA:0,(anonymous_10)
FNDA:0,(anonymous_11)
FNDA:1,(anonymous_12)
FNDA:0,(anonymous_13)
FNDA:1,(anonymous_14)
FNDA:0,(anonymous_15)
FNDA:0,(anonymous_16)
FNDA:0,(anonymous_17)
FNDA:0,(anonymous_18)
FNDA:1,(anonymous_19)
FNDA:0,(anonymous_20)
FNDA:0,(anonymous_21)
FNDA:0,(anonymous_22)
FNDA:0,(anonymous_23)
FNDA:1,(anonymous_24)
FNDA:1,(anonymous_25)
FNDA:0,(anonymous_26)
FNDA:1,(anonymous_27)
FNDA:1,(anonymous_28)
FNDA:2,(anonymous_29)
FNDA:1,(anonymous_30)
DA:5,1
DA:6,1
DA:7,0
DA:10,1
DA:11,1
DA:12,1
DA:13,1
DA:14,1
DA:15,1
DA:19,3
DA:21,3
DA:22,1
DA:23,0
DA:24,0
DA:25,0
DA:26,0
DA:27,1
DA:28,0
DA:29,0
DA:30,0
DA:31,0
DA:32,1
DA:33,0
DA:36,3
DA:37,3
DA:42,1
DA:44,1
DA:45,1
DA:46,1
DA:52,1
DA:53,0
DA:54,0
DA:55,0
DA:58,1
DA:59,1
DA:62,1
DA:66,0
DA:68,0
DA:69,0
DA:71,0
DA:72,0
DA:74,0
DA:77,0
DA:81,0
DA:83,0
DA:84,0
DA:86,0
DA:87,0
DA:91,0
DA:93,0
DA:94,0
DA:96,0
DA:97,0
DA:101,0
DA:103,0
DA:104,0
DA:106,0
DA:107,0
DA:111,1
DA:113,1
DA:114,1
DA:116,1
DA:117,1
DA:121,0
DA:123,0
DA:124,0
DA:126,0
DA:127,0
DA:131,0
DA:133,0
DA:134,0
DA:136,0
DA:137,0
DA:141,0
DA:143,0
DA:144,0
DA:146,0
DA:147,0
DA:151,0
DA:153,0
DA:154,0
DA:155,0
DA:160,1
DA:162,1
DA:163,1
DA:165,1
DA:166,1
DA:167,1
DA:171,1
DA:172,0
DA:173,0
DA:175,1
DA:179,1
DA:181,1
DA:182,1
DA:183,0
DA:184,0
DA:187,1
DA:188,1
DA:191,1
DA:192,1
DA:196,1
DA:197,1
DA:198,0
DA:201,1
DA:202,0
DA:203,0
DA:206,1
DA:214,1
DA:215,1
DA:219,2
DA:221,2
DA:225,1
DA:226,1
LF:114
LH:53
BRDA:5,0,0,1
BRDA:5,0,1,1
BRDA:5,0,2,0
BRDA:6,1,0,0
BRDA:6,1,1,1
BRDA:19,2,0,0
BRDA:19,2,1,3
BRDA:19,3,0,3
BRDA:19,3,1,3
BRDA:36,4,0,3
BRDA:36,4,1,0
BRDA:41,5,0,0
BRDA:42,6,0,0
BRDA:42,6,1,1
BRDA:52,7,0,0
BRDA:52,7,1,1
BRDA:58,8,0,1
BRDA:58,8,1,0
BRDA:58,9,0,1
BRDA:58,9,1,0
BRDA:65,10,0,0
BRDA:66,11,0,0
BRDA:66,11,1,0
BRDA:69,12,0,0
BRDA:69,12,1,0
BRDA:71,13,0,0
BRDA:71,13,1,0
BRDA:80,14,0,0
BRDA:81,15,0,0
BRDA:81,15,1,0
BRDA:81,16,0,0
BRDA:81,16,1,0
BRDA:84,17,0,0
BRDA:84,17,1,0
BRDA:84,18,0,0
BRDA:84,18,1,0
BRDA:90,19,0,0
BRDA:91,20,0,0
BRDA:91,20,1,0
BRDA:94,21,0,0
BRDA:94,21,1,0
BRDA:94,22,0,0
BRDA:94,22,1,0
BRDA:100,23,0,0
BRDA:101,24,0,0
BRDA:101,24,1,0
BRDA:104,25,0,0
BRDA:104,25,1,0
BRDA:104,26,0,0
BRDA:104,26,1,0
BRDA:110,27,0,0
BRDA:111,28,0,0
BRDA:111,28,1,1
BRDA:114,29,0,0
BRDA:114,29,1,1
BRDA:114,30,0,1
BRDA:114,30,1,1
BRDA:120,31,0,0
BRDA:121,32,0,0
BRDA:121,32,1,0
BRDA:121,33,0,0
BRDA:121,33,1,0
BRDA:124,34,0,0
BRDA:124,34,1,0
BRDA:124,35,0,0
BRDA:124,35,1,0
BRDA:130,36,0,0
BRDA:131,37,0,0
BRDA:131,37,1,0
BRDA:131,38,0,0
BRDA:131,38,1,0
BRDA:134,39,0,0
BRDA:134,39,1,0
BRDA:134,40,0,0
BRDA:134,40,1,0
BRDA:140,41,0,0
BRDA:141,42,0,0
BRDA:141,42,1,0
BRDA:144,43,0,0
BRDA:144,43,1,0
BRDA:144,44,0,0
BRDA:144,44,1,0
BRDA:150,45,0,0
BRDA:151,46,0,0
BRDA:151,46,1,0
BRDA:154,47,0,0
BRDA:154,47,1,0
BRDA:154,48,0,0
BRDA:154,48,1,0
BRDA:159,49,0,0
BRDA:160,50,0,0
BRDA:160,50,1,1
BRDA:163,51,0,0
BRDA:163,51,1,1
BRDA:181,52,0,1
BRDA:181,52,1,0
BRDA:181,53,0,1
BRDA:181,53,1,1
BRDA:183,54,0,0
BRDA:183,54,1,0
BRDA:183,55,0,0
BRDA:183,55,1,0
BRDA:187,56,0,1
BRDA:187,56,1,0
BRDA:197,57,0,0
BRDA:197,57,1,1
BRDA:197,58,0,1
BRDA:197,58,1,0
BRDA:197,58,2,0
BRDA:201,59,0,0
BRDA:201,59,1,1
BRDA:219,60,0,0
BRDA:219,60,1,2
BRDA:219,61,0,2
BRDA:219,61,1,2
BRDA:219,61,2,2
BRDA:225,62,0,1
BRDA:225,62,1,0
BRF:118
BRH:29
end_of_record
TN:
SF:src\loca\loca-layer-registry.js
FN:37,(anonymous_0)
FN:74,isPlainObject
FN:78,isGeometry
FN:82,normalizeProperties
FN:89,normalizeGeometryFeature
FN:100,normalizeFeature
FN:120,getFeatures
FN:125,(anonymous_7)
FN:135,(anonymous_8)
FN:142,createFeatureCollection
FN:149,getFeatureProperties
FN:153,getFeatureId
FN:158,getFeatureStyleKey
FN:163,getFeatureName
FN:168,getFeatureCategory
FN:173,getGeometryKind
FN:183,getNumericProperty
FN:189,inferLayerType
FN:198,getLocaLayerConstructor
FN:214,splitStyle
FN:231,getDefaultStyleKey
FN:244,mergeVisualStyle
FN:251,patchVisualStyle
FN:258,normalizeVisualStyleAliases
FN:277,addLayer
FN:290,removeLayer
FN:308,requestRender
FN:314,getLayerCategories
FN:318,(anonymous_28)
FN:322,getLayerGeometryKinds
FN:330,normalizeCategories
FN:332,(anonymous_31)
FN:333,(anonymous_32)
FN:336,updateHiddenCategories
FN:337,(anonymous_34)
FN:346,normalizeFeatureIds
FN:348,(anonymous_36)
FN:349,(anonymous_37)
FN:352,updateHiddenFeatureIds
FN:353,(anonymous_39)
FN:362,normalizeFitPadding
FN:382,collectCoordinates
FN:394,(anonymous_42)
FN:397,createLngLat
FN:403,getFeatureBounds
FN:407,(anonymous_45)
FN:416,(anonymous_46)
FN:444,hasLayerOptionsChanged
FN:449,(anonymous_48)
FN:452,getChangedLayerOptionKeys
FN:453,(anonymous_50)
FN:456,canPatchLayerOptions
FN:457,(anonymous_52)
FN:460,applyRuntimeLayerOptions
FN:463,(anonymous_54)
FN:480,createFeatureIndex
FN:481,(anonymous_56)
FN:497,hasFeatureStyle
FN:501,getStyleFeatureKey
FN:507,resolveStyleValue
FN:511,applyFeatureStyleOverrides
FN:519,(anonymous_61)
FN:521,(anonymous_62)
FN:534,createLocaLayer
FN:550,destroyLayerInstance
FN:559,clearHighlightLayer
FN:565,clearLocaLayer
FN:574,createLayerInstance
FN:589,getVisibleFeatures
FN:590,(anonymous_69)
FN:598,getResolvedVisualStyle
FN:602,getResolvedHighlightStyle
FN:617,createSourceData
FN:621,updateSourceData
FN:641,getHighlightFeatures
FN:644,(anonymous_75)
FN:647,getHighlightLayerOptions
FN:658,refreshHighlightLayer
FN:687,renderLocaLayer
FN:718,(anonymous_79)
FN:731,(anonymous_80)
FN:755,(anonymous_81)
FN:778,(anonymous_82)
FN:789,(anonymous_83)
FN:800,(anonymous_84)
FN:809,(anonymous_85)
FN:818,(anonymous_86)
FN:836,(anonymous_87)
FN:850,(anonymous_88)
FN:860,(anonymous_89)
FN:869,(anonymous_90)
FN:879,(anonymous_91)
FN:883,(anonymous_92)
FNF:93
FNH:74
FNDA:0,(anonymous_0)
FNDA:20,isPlainObject
FNDA:0,isGeometry
FNDA:5,normalizeProperties
FNDA:0,normalizeGeometryFeature
FNDA:5,normalizeFeature
FNDA:3,getFeatures
FNDA:5,(anonymous_7)
FNDA:0,(anonymous_8)
FNDA:7,createFeatureCollection
FNDA:99,getFeatureProperties
FNDA:44,getFeatureId
FNDA:36,getFeatureStyleKey
FNDA:8,getFeatureName
FNDA:39,getFeatureCategory
FNDA:20,getGeometryKind
FNDA:0,getNumericProperty
FNDA:3,inferLayerType
FNDA:6,getLocaLayerConstructor
FNDA:6,splitStyle
FNDA:6,getDefaultStyleKey
FNDA:3,mergeVisualStyle
FNDA:3,patchVisualStyle
FNDA:6,normalizeVisualStyleAliases
FNDA:6,addLayer
FNDA:4,removeLayer
FNDA:21,requestRender
FNDA:6,getLayerCategories
FNDA:8,(anonymous_28)
FNDA:6,getLayerGeometryKinds
FNDA:1,normalizeCategories
FNDA:1,(anonymous_31)
FNDA:1,(anonymous_32)
FNDA:1,updateHiddenCategories
FNDA:1,(anonymous_34)
FNDA:0,normalizeFeatureIds
FNDA:0,(anonymous_36)
FNDA:0,(anonymous_37)
FNDA:0,updateHiddenFeatureIds
FNDA:0,(anonymous_39)
FNDA:1,normalizeFitPadding
FNDA:1,collectCoordinates
FNDA:0,(anonymous_42)
FNDA:2,createLngLat
FNDA:1,getFeatureBounds
FNDA:1,(anonymous_45)
FNDA:1,(anonymous_46)
FNDA:3,hasLayerOptionsChanged
FNDA:2,(anonymous_48)
FNDA:3,getChangedLayerOptionKeys
FNDA:5,(anonymous_50)
FNDA:3,canPatchLayerOptions
FNDA:3,(anonymous_52)
FNDA:3,applyRuntimeLayerOptions
FNDA:3,(anonymous_54)
FNDA:6,createFeatureIndex
FNDA:8,(anonymous_56)
FNDA:2,hasFeatureStyle
FNDA:0,getStyleFeatureKey
FNDA:0,resolveStyleValue
FNDA:12,applyFeatureStyleOverrides
FNDA:24,(anonymous_61)
FNDA:0,(anonymous_62)
FNDA:3,createLocaLayer
FNDA:18,destroyLayerInstance
FNDA:16,clearHighlightLayer
FNDA:5,clearLocaLayer
FNDA:6,createLayerInstance
FNDA:14,getVisibleFeatures
FNDA:23,(anonymous_69)
FNDA:9,getResolvedVisualStyle
FNDA:3,getResolvedHighlightStyle
FNDA:4,createSourceData
FNDA:1,updateSourceData
FNDA:11,getHighlightFeatures
FNDA:5,(anonymous_75)
FNDA:3,getHighlightLayerOptions
FNDA:11,refreshHighlightLayer
FNDA:3,renderLocaLayer
FNDA:3,(anonymous_79)
FNDA:0,(anonymous_80)
FNDA:3,(anonymous_81)
FNDA:3,(anonymous_82)
FNDA:0,(anonymous_83)
FNDA:1,(anonymous_84)
FNDA:0,(anonymous_85)
FNDA:2,(anonymous_86)
FNDA:1,(anonymous_87)
FNDA:0,(anonymous_88)
FNDA:1,(anonymous_89)
FNDA:2,(anonymous_90)
FNDA:0,(anonymous_91)
FNDA:6,(anonymous_92)
DA:3,2
DA:12,2
DA:26,2
DA:37,0
DA:68,2
DA:75,20
DA:79,0
DA:83,5
DA:90,0
DA:92,0
DA:101,5
DA:103,5
DA:104,5
DA:106,5
DA:113,0
DA:114,0
DA:117,0
DA:121,3
DA:123,3
DA:124,3
DA:125,5
DA:129,0
DA:130,0
DA:133,0
DA:134,0
DA:135,0
DA:139,0
DA:143,7
DA:150,99
DA:154,44
DA:155,44
DA:159,36
DA:160,36
DA:164,8
DA:165,8
DA:169,39
DA:170,39
DA:174,20
DA:176,20
DA:177,0
DA:178,0
DA:180,0
DA:184,0
DA:185,0
DA:186,0
DA:190,3
DA:192,2
DA:193,2
DA:195,0
DA:199,6
DA:200,6
DA:201,6
DA:203,6
DA:204,0
DA:205,0
DA:208,6
DA:215,6
DA:216,6
DA:217,6
DA:218,6
DA:219,6
DA:220,6
DA:222,6
DA:232,6
DA:233,6
DA:235,0
DA:236,0
DA:237,0
DA:238,0
DA:239,0
DA:241,0
DA:245,3
DA:246,3
DA:248,3
DA:252,3
DA:253,3
DA:255,3
DA:259,6
DA:260,6
DA:266,0
DA:268,0
DA:278,6
DA:280,6
DA:281,6
DA:282,6
DA:285,0
DA:286,0
DA:291,4
DA:293,4
DA:294,4
DA:295,4
DA:298,0
DA:299,0
DA:300,0
DA:303,0
DA:304,0
DA:309,21
DA:310,21
DA:315,6
DA:318,8
DA:323,6
DA:331,1
DA:332,1
DA:333,1
DA:337,1
DA:338,1
DA:339,0
DA:341,1
DA:347,0
DA:348,0
DA:349,0
DA:353,0
DA:354,0
DA:355,0
DA:357,0
DA:363,1
DA:365,1
DA:366,1
DA:374,0
DA:383,1
DA:385,1
DA:386,1
DA:387,1
DA:388,1
DA:389,1
DA:391,1
DA:394,0
DA:398,2
DA:404,1
DA:406,1
DA:407,1
DA:408,1
DA:409,1
DA:410,1
DA:414,1
DA:416,1
DA:428,1
DA:429,1
DA:430,1
DA:431,1
DA:433,1
DA:434,1
DA:435,1
DA:438,1
DA:445,3
DA:446,3
DA:447,3
DA:449,2
DA:453,5
DA:457,3
DA:461,3
DA:463,3
DA:464,3
DA:465,0
DA:466,0
DA:467,0
DA:468,0
DA:470,0
DA:473,3
DA:474,3
DA:475,3
DA:481,6
DA:482,8
DA:483,8
DA:485,8
DA:493,8
DA:498,2
DA:502,0
DA:503,0
DA:504,0
DA:508,0
DA:512,12
DA:514,6
DA:517,6
DA:519,6
DA:520,24
DA:521,24
DA:522,0
DA:523,0
DA:524,0
DA:527,0
DA:531,6
DA:535,3
DA:536,3
DA:537,3
DA:538,3
DA:539,3
DA:540,3
DA:541,3
DA:542,3
DA:543,3
DA:544,3
DA:545,3
DA:546,3
DA:547,3
DA:548,3
DA:551,18
DA:553,4
DA:554,4
DA:555,4
DA:560,16
DA:561,16
DA:562,16
DA:566,5
DA:567,5
DA:569,2
DA:570,2
DA:571,2
DA:575,6
DA:576,6
DA:578,6
DA:579,3
DA:582,6
DA:590,14
DA:591,23
DA:593,23
DA:594,23
DA:599,9
DA:603,3
DA:605,3
DA:606,3
DA:614,0
DA:618,4
DA:622,1
DA:624,1
DA:625,1
DA:626,1
DA:630,1
DA:631,1
DA:632,1
DA:633,1
DA:634,1
DA:635,1
DA:638,0
DA:642,11
DA:644,5
DA:648,3
DA:650,3
DA:659,11
DA:661,11
DA:662,11
DA:663,8
DA:664,8
DA:667,3
DA:668,3
DA:670,3
DA:674,3
DA:675,3
DA:676,3
DA:679,3
DA:680,3
DA:681,0
DA:684,3
DA:688,3
DA:690,3
DA:691,0
DA:692,0
DA:695,3
DA:696,3
DA:698,3
DA:702,3
DA:703,3
DA:704,3
DA:707,3
DA:709,3
DA:710,3
DA:713,3
DA:714,3
DA:717,3
DA:719,3
DA:720,3
DA:722,3
DA:723,3
DA:724,3
DA:725,3
DA:726,3
DA:728,3
DA:732,0
DA:733,0
DA:734,0
DA:735,0
DA:737,0
DA:738,0
DA:739,0
DA:741,0
DA:742,0
DA:743,0
DA:746,0
DA:748,0
DA:749,0
DA:750,0
DA:751,0
DA:756,3
DA:757,3
DA:758,3
DA:759,3
DA:761,3
DA:762,3
DA:764,3
DA:765,0
DA:766,0
DA:769,3
DA:771,3
DA:772,3
DA:773,3
DA:774,3
DA:779,3
DA:780,3
DA:781,3
DA:783,3
DA:784,0
DA:786,3
DA:790,0
DA:791,0
DA:792,0
DA:794,0
DA:795,0
DA:797,0
DA:801,1
DA:802,1
DA:803,0
DA:805,1
DA:810,0
DA:811,0
DA:812,0
DA:814,0
DA:819,2
DA:821,2
DA:822,2
DA:823,2
DA:825,0
DA:828,2
DA:829,2
DA:831,2
DA:833,2
DA:837,1
DA:839,1
DA:840,1
DA:841,1
DA:843,1
DA:844,1
DA:847,1
DA:851,0
DA:853,0
DA:854,0
DA:855,0
DA:857,0
DA:861,1
DA:863,1
DA:864,1
DA:866,1
DA:870,2
DA:871,2
DA:872,2
DA:873,2
DA:874,2
DA:875,2
DA:876,2
DA:880,0
DA:884,6
LF:360
LH:259
BRDA:79,0,0,0
BRDA:79,0,1,0
BRDA:84,1,0,5
BRDA:84,1,1,0
BRDA:85,2,0,5
BRDA:85,2,1,0
BRDA:89,3,0,0
BRDA:89,4,0,0
BRDA:94,5,0,0
BRDA:94,5,1,0
BRDA:94,5,2,0
BRDA:100,6,0,0
BRDA:100,7,0,0
BRDA:101,8,0,0
BRDA:101,8,1,5
BRDA:103,9,0,5
BRDA:103,9,1,0
BRDA:108,10,0,5
BRDA:108,10,1,0
BRDA:108,10,2,0
BRDA:113,11,0,0
BRDA:113,11,1,0
BRDA:120,12,0,3
BRDA:121,13,0,0
BRDA:121,13,1,3
BRDA:123,14,0,3
BRDA:123,14,1,0
BRDA:123,15,0,3
BRDA:123,15,1,3
BRDA:129,16,0,0
BRDA:129,16,1,0
BRDA:129,17,0,0
BRDA:129,17,1,0
BRDA:133,18,0,0
BRDA:133,18,1,0
BRDA:150,19,0,99
BRDA:150,19,1,99
BRDA:150,19,2,0
BRDA:155,20,0,44
BRDA:155,20,1,0
BRDA:155,21,0,44
BRDA:155,21,1,44
BRDA:160,22,0,0
BRDA:160,22,1,36
BRDA:165,23,0,8
BRDA:165,23,1,0
BRDA:170,24,0,0
BRDA:170,24,1,39
BRDA:174,25,0,20
BRDA:174,25,1,20
BRDA:174,25,2,20
BRDA:176,26,0,20
BRDA:176,26,1,0
BRDA:176,27,0,20
BRDA:176,27,1,0
BRDA:177,28,0,0
BRDA:177,28,1,0
BRDA:177,29,0,0
BRDA:177,29,1,0
BRDA:178,30,0,0
BRDA:178,30,1,0
BRDA:178,31,0,0
BRDA:178,31,1,0
BRDA:186,32,0,0
BRDA:186,32,1,0
BRDA:190,33,0,1
BRDA:190,33,1,2
BRDA:193,34,0,2
BRDA:193,34,1,0
BRDA:199,35,0,6
BRDA:199,35,1,0
BRDA:200,36,0,6
BRDA:200,36,1,0
BRDA:203,37,0,0
BRDA:203,37,1,6
BRDA:214,38,0,0
BRDA:214,39,0,3
BRDA:215,40,0,6
BRDA:215,40,1,0
BRDA:216,41,0,0
BRDA:216,41,1,6
BRDA:217,42,0,6
BRDA:217,42,1,0
BRDA:227,43,0,6
BRDA:227,43,1,6
BRDA:232,44,0,6
BRDA:232,44,1,0
BRDA:233,45,0,6
BRDA:233,45,1,0
BRDA:235,46,0,0
BRDA:235,46,1,0
BRDA:236,47,0,0
BRDA:236,47,1,0
BRDA:237,48,0,0
BRDA:237,48,1,0
BRDA:238,49,0,0
BRDA:238,49,1,0
BRDA:239,50,0,0
BRDA:239,50,1,0
BRDA:248,51,0,3
BRDA:248,51,1,0
BRDA:248,52,0,3
BRDA:248,52,1,0
BRDA:255,53,0,3
BRDA:255,53,1,0
BRDA:255,54,0,3
BRDA:255,54,1,0
BRDA:259,55,0,6
BRDA:259,55,1,0
BRDA:259,56,0,6
BRDA:259,56,1,0
BRDA:259,56,2,0
BRDA:270,57,0,0
BRDA:270,57,1,0
BRDA:271,58,0,0
BRDA:271,58,1,0
BRDA:272,59,0,0
BRDA:272,59,1,0
BRDA:273,60,0,0
BRDA:273,60,1,0
BRDA:278,61,0,0
BRDA:278,61,1,6
BRDA:278,62,0,6
BRDA:278,62,1,6
BRDA:280,63,0,6
BRDA:280,63,1,0
BRDA:285,64,0,0
BRDA:285,64,1,0
BRDA:291,65,0,0
BRDA:291,65,1,4
BRDA:291,66,0,4
BRDA:291,66,1,4
BRDA:293,67,0,4
BRDA:293,67,1,0
BRDA:298,68,0,0
BRDA:298,68,1,0
BRDA:303,69,0,0
BRDA:303,69,1,0
BRDA:309,70,0,21
BRDA:309,70,1,0
BRDA:309,71,0,21
BRDA:309,71,1,21
BRDA:331,72,0,0
BRDA:331,72,1,1
BRDA:338,73,0,0
BRDA:338,73,1,1
BRDA:347,74,0,0
BRDA:347,74,1,0
BRDA:354,75,0,0
BRDA:354,75,1,0
BRDA:363,76,0,0
BRDA:363,76,1,1
BRDA:365,77,0,1
BRDA:365,77,1,0
BRDA:367,78,0,1
BRDA:367,78,1,0
BRDA:368,79,0,1
BRDA:368,79,1,0
BRDA:369,80,0,1
BRDA:369,80,1,0
BRDA:370,81,0,1
BRDA:370,81,1,0
BRDA:375,82,0,0
BRDA:375,82,1,0
BRDA:376,83,0,0
BRDA:376,83,1,0
BRDA:377,84,0,0
BRDA:377,84,1,0
BRDA:378,85,0,0
BRDA:378,85,1,0
BRDA:383,86,0,0
BRDA:383,86,1,1
BRDA:385,87,0,1
BRDA:385,87,1,0
BRDA:385,88,0,1
BRDA:385,88,1,1
BRDA:385,88,2,1
BRDA:388,89,0,1
BRDA:388,89,1,0
BRDA:388,90,0,1
BRDA:388,90,1,1
BRDA:398,91,0,2
BRDA:398,91,1,0
BRDA:404,92,0,0
BRDA:404,92,1,1
BRDA:404,93,0,1
BRDA:404,93,1,1
BRDA:409,94,0,1
BRDA:409,94,1,0
BRDA:414,95,0,0
BRDA:414,95,1,1
BRDA:429,96,0,1
BRDA:429,96,1,0
BRDA:433,97,0,1
BRDA:433,97,1,0
BRDA:444,98,0,0
BRDA:444,99,0,0
BRDA:447,100,0,1
BRDA:447,100,1,2
BRDA:449,101,0,2
BRDA:449,101,1,2
BRDA:452,102,0,0
BRDA:452,103,0,0
BRDA:456,104,0,0
BRDA:457,105,0,3
BRDA:457,105,1,3
BRDA:460,106,0,0
BRDA:460,107,0,0
BRDA:461,108,0,0
BRDA:461,108,1,3
BRDA:464,109,0,0
BRDA:464,109,1,3
BRDA:465,110,0,0
BRDA:465,110,1,0
BRDA:465,111,0,0
BRDA:465,111,1,0
BRDA:467,112,0,0
BRDA:467,112,1,0
BRDA:467,113,0,0
BRDA:467,113,1,0
BRDA:474,114,0,3
BRDA:474,114,1,0
BRDA:474,115,0,3
BRDA:474,115,1,3
BRDA:483,116,0,0
BRDA:483,116,1,8
BRDA:498,117,0,2
BRDA:498,117,1,2
BRDA:503,118,0,0
BRDA:503,118,1,0
BRDA:503,119,0,0
BRDA:503,119,1,0
BRDA:504,120,0,0
BRDA:504,120,1,0
BRDA:508,121,0,0
BRDA:508,121,1,0
BRDA:512,122,0,6
BRDA:512,122,1,6
BRDA:515,123,0,6
BRDA:515,123,1,0
BRDA:517,124,0,6
BRDA:517,124,1,0
BRDA:520,125,0,24
BRDA:520,125,1,24
BRDA:523,126,0,0
BRDA:523,126,1,0
BRDA:523,127,0,0
BRDA:523,127,1,0
BRDA:541,128,0,3
BRDA:541,128,1,0
BRDA:551,129,0,14
BRDA:551,129,1,4
BRDA:554,130,0,4
BRDA:554,130,1,0
BRDA:567,131,0,3
BRDA:567,131,1,2
BRDA:574,132,0,3
BRDA:576,133,0,0
BRDA:576,133,1,6
BRDA:578,134,0,3
BRDA:578,134,1,3
BRDA:591,135,0,0
BRDA:591,135,1,23
BRDA:594,136,0,23
BRDA:594,136,1,23
BRDA:605,137,0,3
BRDA:605,137,1,0
BRDA:605,138,0,3
BRDA:605,138,1,0
BRDA:605,138,2,0
BRDA:608,139,0,3
BRDA:608,139,1,0
BRDA:609,140,0,3
BRDA:609,140,1,0
BRDA:610,141,0,0
BRDA:610,141,1,3
BRDA:622,142,0,0
BRDA:622,142,1,1
BRDA:625,143,0,1
BRDA:625,143,1,0
BRDA:625,144,0,1
BRDA:625,144,1,1
BRDA:627,145,0,1
BRDA:627,145,1,0
BRDA:642,146,0,8
BRDA:642,146,1,3
BRDA:652,147,0,3
BRDA:652,147,1,0
BRDA:662,148,0,8
BRDA:662,148,1,3
BRDA:662,149,0,11
BRDA:662,149,1,3
BRDA:668,150,0,0
BRDA:668,150,1,3
BRDA:675,151,0,3
BRDA:675,151,1,0
BRDA:680,152,0,0
BRDA:680,152,1,3
BRDA:680,153,0,3
BRDA:680,153,1,0
BRDA:690,154,0,0
BRDA:690,154,1,3
BRDA:696,155,0,0
BRDA:696,155,1,3
BRDA:703,156,0,3
BRDA:703,156,1,0
BRDA:709,157,0,3
BRDA:709,157,1,0
BRDA:709,158,0,3
BRDA:709,158,1,3
BRDA:718,159,0,0
BRDA:718,160,0,2
BRDA:731,161,0,0
BRDA:735,162,0,0
BRDA:735,162,1,0
BRDA:741,163,0,0
BRDA:741,163,1,0
BRDA:748,164,0,0
BRDA:748,164,1,0
BRDA:748,165,0,0
BRDA:748,165,1,0
BRDA:755,166,0,0
BRDA:759,167,0,3
BRDA:759,167,1,3
BRDA:764,168,0,0
BRDA:764,168,1,3
BRDA:771,169,0,3
BRDA:771,169,1,0
BRDA:771,170,0,3
BRDA:771,170,1,3
BRDA:780,171,0,3
BRDA:780,171,1,0
BRDA:780,172,0,3
BRDA:780,172,1,3
BRDA:783,173,0,0
BRDA:783,173,1,3
BRDA:783,174,0,3
BRDA:783,174,1,0
BRDA:791,175,0,0
BRDA:791,175,1,0
BRDA:791,176,0,0
BRDA:791,176,1,0
BRDA:794,177,0,0
BRDA:794,177,1,0
BRDA:794,178,0,0
BRDA:794,178,1,0
BRDA:802,179,0,0
BRDA:802,179,1,1
BRDA:811,180,0,0
BRDA:811,180,1,0
BRDA:818,181,0,0
BRDA:819,182,0,0
BRDA:819,182,1,2
BRDA:822,183,0,2
BRDA:822,183,1,0
BRDA:828,184,0,2
BRDA:828,184,1,0
BRDA:828,185,0,2
BRDA:828,185,1,2
BRDA:837,186,0,0
BRDA:837,186,1,1
BRDA:840,187,0,1
BRDA:840,187,1,0
BRDA:840,188,0,1
BRDA:840,188,1,1
BRDA:840,188,2,1
BRDA:843,189,0,1
BRDA:843,189,1,0
BRDA:851,190,0,0
BRDA:851,190,1,0
BRDA:854,191,0,0
BRDA:854,191,1,0
BRDA:854,192,0,0
BRDA:854,192,1,0
BRDA:860,193,0,0
BRDA:861,194,0,0
BRDA:861,194,1,1
BRDA:861,195,0,1
BRDA:861,195,1,1
BRDA:864,196,0,0
BRDA:864,196,1,1
BRF:381
BRH:166
end_of_record
TN:
SF:src\loca\loca-store.js
FN:10,isPlainObject
FN:14,getRenderDefaultProperties
FN:33,(anonymous_2)
FN:44,(anonymous_3)
FN:45,(anonymous_4)
FN:48,(anonymous_5)
FN:57,(anonymous_6)
FN:63,(anonymous_7)
FN:64,(anonymous_8)
FN:69,(anonymous_9)
FN:70,(anonymous_10)
FN:73,(anonymous_11)
FN:77,(anonymous_12)
FN:85,(anonymous_13)
FN:104,(anonymous_14)
FN:113,(anonymous_15)
FN:123,(anonymous_16)
FN:133,(anonymous_17)
FN:142,(anonymous_18)
FN:151,(anonymous_19)
FN:161,(anonymous_20)
FN:165,(anonymous_21)
FN:174,(anonymous_22)
FN:182,(anonymous_23)
FN:191,(anonymous_24)
FN:199,(anonymous_25)
FNF:26
FNH:17
FNDA:1,isPlainObject
FNDA:1,getRenderDefaultProperties
FNDA:7,(anonymous_2)
FNDA:9,(anonymous_3)
FNDA:6,(anonymous_4)
FNDA:1,(anonymous_5)
FNDA:0,(anonymous_6)
FNDA:9,(anonymous_7)
FNDA:1,(anonymous_8)
FNDA:1,(anonymous_9)
FNDA:0,(anonymous_10)
FNDA:1,(anonymous_11)
FNDA:1,(anonymous_12)
FNDA:1,(anonymous_13)
FNDA:1,(anonymous_14)
FNDA:0,(anonymous_15)
FNDA:0,(anonymous_16)
FNDA:0,(anonymous_17)
FNDA:3,(anonymous_18)
FNDA:1,(anonymous_19)
FNDA:1,(anonymous_20)
FNDA:0,(anonymous_21)
FNDA:0,(anonymous_22)
FNDA:1,(anonymous_23)
FNDA:0,(anonymous_24)
FNDA:0,(anonymous_25)
DA:3,2
DA:11,1
DA:15,1
DA:19,1
DA:20,1
DA:23,1
DA:26,2
DA:32,2
DA:34,7
DA:40,7
DA:41,7
DA:45,9
DA:49,1
DA:51,1
DA:58,0
DA:60,0
DA:64,9
DA:65,1
DA:70,1
DA:74,1
DA:78,1
DA:79,1
DA:80,1
DA:82,1
DA:86,1
DA:89,1
DA:91,1
DA:93,1
DA:105,1
DA:107,1
DA:114,0
DA:116,0
DA:124,0
DA:126,0
DA:134,0
DA:136,0
DA:143,3
DA:145,3
DA:152,1
DA:154,1
DA:162,1
DA:166,0
DA:168,0
DA:175,0
DA:177,0
DA:183,1
DA:185,1
DA:192,0
DA:194,0
DA:200,0
LF:50
LH:35
BRDA:15,0,0,1
BRDA:15,0,1,0
BRDA:19,1,0,1
BRDA:19,1,1,0
BRDA:23,2,0,1
BRDA:23,2,1,0
BRDA:33,3,0,0
BRDA:48,4,0,0
BRDA:49,5,0,0
BRDA:49,5,1,1
BRDA:58,6,0,0
BRDA:58,6,1,0
BRDA:74,7,0,1
BRDA:74,7,1,0
BRDA:79,8,0,1
BRDA:79,8,1,1
BRDA:80,9,0,0
BRDA:80,9,1,1
BRDA:80,10,0,1
BRDA:80,10,1,1
BRDA:82,11,0,1
BRDA:82,11,1,0
BRDA:86,12,0,0
BRDA:86,12,1,1
BRDA:88,13,0,1
BRDA:88,13,1,0
BRDA:91,14,0,0
BRDA:91,14,1,1
BRDA:96,15,0,1
BRDA:96,15,1,0
BRDA:96,15,2,0
BRDA:98,16,0,1
BRDA:98,16,1,1
BRDA:98,16,2,1
BRDA:98,16,3,1
BRDA:98,16,4,0
BRDA:105,17,0,0
BRDA:105,17,1,1
BRDA:114,18,0,0
BRDA:114,18,1,0
BRDA:114,19,0,0
BRDA:114,19,1,0
BRDA:124,20,0,0
BRDA:124,20,1,0
BRDA:133,21,0,0
BRDA:134,22,0,0
BRDA:134,22,1,0
BRDA:142,23,0,0
BRDA:143,24,0,0
BRDA:143,24,1,3
BRDA:151,25,0,0
BRDA:152,26,0,0
BRDA:152,26,1,1
BRDA:152,27,0,1
BRDA:152,27,1,1
BRDA:161,28,0,1
BRDA:166,29,0,0
BRDA:166,29,1,0
BRDA:166,30,0,0
BRDA:166,30,1,0
BRDA:175,31,0,0
BRDA:175,31,1,0
BRDA:182,32,0,0
BRDA:183,33,0,0
BRDA:183,33,1,1
BRDA:192,34,0,0
BRDA:192,34,1,0
BRF:67
BRH:26
end_of_record
TN:
SF:src\map\cluster-layer-registry.js
FN:35,toNumber
FN:40,normalizePair
FN:52,createPixel
FN:61,normalizePosition
FN:81,isPointGeometry
FN:85,normalizeProperties
FN:92,normalizeGeometryFeature
FN:103,normalizeFeature
FN:123,getClusterFeatures
FN:128,(anonymous_9)
FN:130,(anonymous_10)
FN:136,(anonymous_11)
FN:141,(anonymous_12)
FN:143,(anonymous_13)
FN:149,getPointPositions
FN:167,getFeatureStyleKey
FN:172,getClusterCategory
FN:176,normalizeCategories
FN:178,(anonymous_18)
FN:179,(anonymous_19)
FN:182,normalizeFeatureIds
FN:184,(anonymous_21)
FN:185,(anonymous_22)
FN:188,updateHiddenCategories
FN:189,(anonymous_24)
FN:198,updateHiddenFeatureIds
FN:199,(anonymous_26)
FN:208,resolveAssetUrl
FN:217,createLngLat
FN:223,createBounds
FN:227,(anonymous_30)
FN:255,normalizeFitPadding
FN:271,createClusterData
FN:275,(anonymous_33)
FN:281,(anonymous_34)
FN:297,createHtmlContent
FN:308,createClusterHtmlContent
FN:319,resolveClusterContentValue
FN:323,createPinContent
FN:341,createPointLabel
FN:359,getResolvedPointStyle
FN:363,renderPointMarker
FN:404,(anonymous_42)
FN:420,renderClusterMarker
FN:479,createFeatureIndex
FN:480,(anonymous_45)
FN:496,getVisibleClusterData
FN:497,(anonymous_47)
FN:505,getClusterItems
FN:511,getClusterCount
FN:516,makeClusterLayer
FN:527,getClusterConstructor
FN:531,destroyCluster
FN:538,createCluster
FN:553,(anonymous_54)
FN:557,(anonymous_55)
FN:568,(anonymous_56)
FN:582,refreshData
FN:592,getVisiblePositions
FN:594,(anonymous_59)
FN:599,(anonymous_60)
FN:603,(anonymous_61)
FN:614,(anonymous_62)
FN:623,(anonymous_63)
FN:630,(anonymous_64)
FN:638,(anonymous_65)
FN:643,(anonymous_66)
FN:648,(anonymous_67)
FN:653,(anonymous_68)
FN:658,(anonymous_69)
FN:662,(anonymous_70)
FN:664,(anonymous_71)
FN:668,(anonymous_72)
FN:675,(anonymous_73)
FN:677,(anonymous_74)
FN:686,(anonymous_75)
FN:695,(anonymous_76)
FN:695,(anonymous_77)
FN:707,createClusterLayer
FNF:79
FNH:63
FNDA:153,toNumber
FNDA:25,normalizePair
FNDA:29,createPixel
FNDA:23,normalizePosition
FNDA:21,isPointGeometry
FNDA:19,normalizeProperties
FNDA:1,normalizeGeometryFeature
FNDA:19,normalizeFeature
FNDA:8,getClusterFeatures
FNDA:17,(anonymous_9)
FNDA:17,(anonymous_10)
FNDA:0,(anonymous_11)
FNDA:2,(anonymous_12)
FNDA:2,(anonymous_13)
FNDA:15,getPointPositions
FNDA:37,getFeatureStyleKey
FNDA:22,getClusterCategory
FNDA:1,normalizeCategories
FNDA:1,(anonymous_18)
FNDA:1,(anonymous_19)
FNDA:0,normalizeFeatureIds
FNDA:0,(anonymous_21)
FNDA:0,(anonymous_22)
FNDA:1,updateHiddenCategories
FNDA:1,(anonymous_24)
FNDA:0,updateHiddenFeatureIds
FNDA:0,(anonymous_26)
FNDA:1,resolveAssetUrl
FNDA:4,createLngLat
FNDA:2,createBounds
FNDA:2,(anonymous_30)
FNDA:2,normalizeFitPadding
FNDA:7,createClusterData
FNDA:15,(anonymous_33)
FNDA:17,(anonymous_34)
FNDA:0,createHtmlContent
FNDA:3,createClusterHtmlContent
FNDA:4,resolveClusterContentValue
FNDA:16,createPinContent
FNDA:16,createPointLabel
FNDA:16,getResolvedPointStyle
FNDA:16,renderPointMarker
FNDA:1,(anonymous_42)
FNDA:9,renderClusterMarker
FNDA:11,createFeatureIndex
FNDA:22,(anonymous_45)
FNDA:11,getVisibleClusterData
FNDA:22,(anonymous_47)
FNDA:9,getClusterItems
FNDA:9,getClusterCount
FNDA:5,makeClusterLayer
FNDA:8,getClusterConstructor
FNDA:13,destroyCluster
FNDA:8,createCluster
FNDA:16,(anonymous_54)
FNDA:9,(anonymous_55)
FNDA:0,(anonymous_56)
FNDA:1,refreshData
FNDA:2,getVisiblePositions
FNDA:2,(anonymous_59)
FNDA:0,(anonymous_60)
FNDA:5,(anonymous_61)
FNDA:3,(anonymous_62)
FNDA:0,(anonymous_63)
FNDA:0,(anonymous_64)
FNDA:0,(anonymous_65)
FNDA:3,(anonymous_66)
FNDA:1,(anonymous_67)
FNDA:0,(anonymous_68)
FNDA:0,(anonymous_69)
FNDA:0,(anonymous_70)
FNDA:0,(anonymous_71)
FNDA:2,(anonymous_72)
FNDA:1,(anonymous_73)
FNDA:1,(anonymous_74)
FNDA:11,(anonymous_75)
FNDA:22,(anonymous_76)
FNDA:22,(anonymous_77)
FNDA:5,createClusterLayer
DA:11,3
DA:12,3
DA:14,3
DA:36,153
DA:37,153
DA:41,25
DA:42,25
DA:45,0
DA:46,0
DA:49,0
DA:53,29
DA:55,29
DA:56,29
DA:62,23
DA:63,2
DA:66,21
DA:67,0
DA:70,21
DA:71,0
DA:74,21
DA:76,21
DA:77,21
DA:78,21
DA:82,21
DA:86,19
DA:93,1
DA:95,1
DA:104,19
DA:106,19
DA:107,18
DA:109,18
DA:116,1
DA:117,1
DA:120,0
DA:124,8
DA:126,8
DA:127,7
DA:128,17
DA:130,17
DA:133,1
DA:134,0
DA:136,0
DA:139,1
DA:140,1
DA:141,2
DA:143,2
DA:146,0
DA:150,15
DA:151,15
DA:153,15
DA:154,13
DA:155,13
DA:158,2
DA:159,2
DA:164,0
DA:168,37
DA:169,37
DA:173,22
DA:177,1
DA:178,1
DA:179,1
DA:183,0
DA:184,0
DA:185,0
DA:189,1
DA:190,1
DA:191,0
DA:193,1
DA:199,0
DA:200,0
DA:201,0
DA:203,0
DA:209,1
DA:210,1
DA:211,1
DA:212,1
DA:214,1
DA:218,4
DA:224,2
DA:225,2
DA:227,2
DA:239,2
DA:240,2
DA:241,2
DA:242,2
DA:244,2
DA:245,2
DA:246,2
DA:249,2
DA:256,2
DA:257,2
DA:258,2
DA:259,2
DA:260,2
DA:263,0
DA:272,7
DA:273,7
DA:275,7
DA:276,15
DA:277,15
DA:278,15
DA:279,15
DA:281,15
DA:282,17
DA:294,7
DA:298,0
DA:309,3
DA:320,4
DA:324,16
DA:325,16
DA:326,16
DA:327,16
DA:328,16
DA:329,16
DA:331,16
DA:342,16
DA:343,16
DA:345,4
DA:346,4
DA:350,4
DA:352,4
DA:360,16
DA:364,16
DA:366,16
DA:367,16
DA:368,16
DA:370,16
DA:371,16
DA:373,16
DA:374,16
DA:376,16
DA:377,16
DA:379,16
DA:380,16
DA:383,16
DA:384,0
DA:385,0
DA:386,0
DA:387,0
DA:389,16
DA:390,0
DA:391,0
DA:392,0
DA:394,16
DA:395,16
DA:398,16
DA:399,16
DA:400,16
DA:403,16
DA:404,4
DA:405,1
DA:421,9
DA:423,9
DA:424,9
DA:425,9
DA:426,9
DA:429,9
DA:430,9
DA:431,9
DA:432,9
DA:433,9
DA:440,9
DA:441,1
DA:442,1
DA:443,1
DA:444,1
DA:446,1
DA:450,8
DA:451,2
DA:452,2
DA:454,6
DA:464,9
DA:465,9
DA:467,9
DA:468,9
DA:470,9
DA:471,9
DA:480,11
DA:481,22
DA:482,22
DA:484,22
DA:492,22
DA:497,11
DA:498,22
DA:500,22
DA:501,22
DA:506,9
DA:507,1
DA:508,0
DA:512,9
DA:513,1
DA:517,5
DA:518,5
DA:519,5
DA:520,5
DA:521,5
DA:522,5
DA:523,5
DA:524,5
DA:525,5
DA:528,8
DA:532,13
DA:533,3
DA:535,13
DA:539,8
DA:541,8
DA:542,8
DA:543,0
DA:544,0
DA:547,8
DA:548,8
DA:554,16
DA:555,16
DA:558,9
DA:559,9
DA:560,9
DA:562,9
DA:566,8
DA:567,8
DA:568,0
DA:569,0
DA:583,1
DA:584,1
DA:585,1
DA:586,1
DA:589,0
DA:593,2
DA:594,2
DA:598,5
DA:600,0
DA:604,5
DA:605,5
DA:606,5
DA:607,5
DA:608,5
DA:611,5
DA:615,3
DA:616,3
DA:617,3
DA:618,3
DA:620,0
DA:624,0
DA:625,0
DA:626,0
DA:631,0
DA:632,0
DA:633,0
DA:634,0
DA:635,0
DA:639,0
DA:640,0
DA:644,3
DA:645,3
DA:649,1
DA:650,1
DA:654,0
DA:655,0
DA:659,0
DA:665,0
DA:669,2
DA:670,2
DA:672,2
DA:676,1
DA:677,1
DA:678,1
DA:679,1
DA:681,1
DA:682,1
DA:687,11
DA:695,22
DA:708,5
LF:271
LH:222
BRDA:37,0,0,136
BRDA:37,0,1,17
BRDA:41,1,0,25
BRDA:41,1,1,0
BRDA:41,2,0,25
BRDA:41,2,1,25
BRDA:45,3,0,0
BRDA:45,3,1,0
BRDA:53,4,0,0
BRDA:53,4,1,29
BRDA:53,5,0,29
BRDA:53,5,1,29
BRDA:56,6,0,29
BRDA:56,6,1,0
BRDA:62,7,0,2
BRDA:62,7,1,21
BRDA:62,8,0,23
BRDA:62,8,1,23
BRDA:66,9,0,0
BRDA:66,9,1,21
BRDA:66,10,0,21
BRDA:66,10,1,21
BRDA:66,10,2,0
BRDA:70,11,0,0
BRDA:70,11,1,21
BRDA:70,12,0,21
BRDA:70,12,1,21
BRDA:70,12,2,0
BRDA:74,13,0,0
BRDA:74,13,1,21
BRDA:74,14,0,21
BRDA:74,14,1,21
BRDA:78,15,0,20
BRDA:78,15,1,1
BRDA:78,16,0,21
BRDA:78,16,1,20
BRDA:82,17,0,21
BRDA:82,17,1,21
BRDA:87,18,0,19
BRDA:87,18,1,0
BRDA:88,19,0,19
BRDA:88,19,1,0
BRDA:92,20,0,0
BRDA:92,21,0,0
BRDA:97,22,0,1
BRDA:97,22,1,1
BRDA:97,22,2,1
BRDA:103,23,0,0
BRDA:103,24,0,0
BRDA:104,25,0,0
BRDA:104,25,1,19
BRDA:106,26,0,18
BRDA:106,26,1,1
BRDA:111,27,0,18
BRDA:111,27,1,1
BRDA:111,27,2,0
BRDA:116,28,0,1
BRDA:116,28,1,0
BRDA:123,29,0,7
BRDA:124,30,0,0
BRDA:124,30,1,8
BRDA:126,31,0,7
BRDA:126,31,1,1
BRDA:126,32,0,8
BRDA:126,32,1,7
BRDA:133,33,0,0
BRDA:133,33,1,1
BRDA:133,34,0,1
BRDA:133,34,1,1
BRDA:139,35,0,1
BRDA:139,35,1,0
BRDA:150,36,0,15
BRDA:150,36,1,15
BRDA:151,37,0,0
BRDA:151,37,1,15
BRDA:153,38,0,13
BRDA:153,38,1,2
BRDA:155,39,0,13
BRDA:155,39,1,0
BRDA:158,40,0,2
BRDA:158,40,1,0
BRDA:159,41,0,2
BRDA:159,41,1,0
BRDA:169,42,0,0
BRDA:169,42,1,37
BRDA:173,43,0,0
BRDA:173,43,1,22
BRDA:177,44,0,0
BRDA:177,44,1,1
BRDA:183,45,0,0
BRDA:183,45,1,0
BRDA:190,46,0,0
BRDA:190,46,1,1
BRDA:200,47,0,0
BRDA:200,47,1,0
BRDA:209,48,0,0
BRDA:209,48,1,1
BRDA:211,49,0,0
BRDA:211,49,1,1
BRDA:212,50,0,0
BRDA:212,50,1,1
BRDA:212,51,0,1
BRDA:212,51,1,1
BRDA:218,52,0,4
BRDA:218,52,1,0
BRDA:225,53,0,0
BRDA:225,53,1,2
BRDA:225,54,0,2
BRDA:225,54,1,2
BRDA:240,55,0,2
BRDA:240,55,1,0
BRDA:244,56,0,2
BRDA:244,56,1,0
BRDA:256,57,0,0
BRDA:256,57,1,2
BRDA:257,58,0,2
BRDA:257,58,1,0
BRDA:271,59,0,0
BRDA:271,60,0,2
BRDA:272,61,0,7
BRDA:272,61,1,7
BRDA:288,62,0,2
BRDA:288,62,1,15
BRDA:320,63,0,3
BRDA:320,63,1,1
BRDA:324,64,0,16
BRDA:324,64,1,0
BRDA:325,65,0,16
BRDA:325,65,1,0
BRDA:325,65,2,0
BRDA:326,66,0,0
BRDA:326,66,1,16
BRDA:327,67,0,12
BRDA:327,67,1,4
BRDA:327,68,0,16
BRDA:327,68,1,4
BRDA:327,69,0,4
BRDA:327,69,1,4
BRDA:328,70,0,16
BRDA:328,70,1,0
BRDA:328,70,2,0
BRDA:343,71,0,12
BRDA:343,71,1,4
BRDA:343,72,0,16
BRDA:343,72,1,16
BRDA:345,73,0,4
BRDA:345,73,1,0
BRDA:346,74,0,2
BRDA:346,74,1,2
BRDA:350,75,0,0
BRDA:350,75,1,4
BRDA:350,76,0,4
BRDA:350,76,1,4
BRDA:354,77,0,4
BRDA:354,77,1,0
BRDA:364,78,0,0
BRDA:364,78,1,16
BRDA:364,79,0,16
BRDA:364,79,1,16
BRDA:367,80,0,16
BRDA:367,80,1,0
BRDA:367,80,2,0
BRDA:368,81,0,16
BRDA:368,81,1,16
BRDA:370,82,0,16
BRDA:370,82,1,0
BRDA:373,83,0,16
BRDA:373,83,1,0
BRDA:373,84,0,16
BRDA:373,84,1,16
BRDA:376,85,0,16
BRDA:376,85,1,0
BRDA:379,86,0,16
BRDA:379,86,1,0
BRDA:380,87,0,16
BRDA:380,87,1,16
BRDA:383,88,0,0
BRDA:383,88,1,16
BRDA:384,89,0,0
BRDA:384,89,1,0
BRDA:384,89,2,0
BRDA:385,90,0,0
BRDA:385,90,1,0
BRDA:386,91,0,0
BRDA:386,91,1,0
BRDA:386,92,0,0
BRDA:386,92,1,0
BRDA:389,93,0,0
BRDA:389,93,1,16
BRDA:390,94,0,0
BRDA:390,94,1,0
BRDA:391,95,0,0
BRDA:391,95,1,0
BRDA:391,96,0,0
BRDA:391,96,1,0
BRDA:394,97,0,16
BRDA:394,97,1,0
BRDA:399,98,0,16
BRDA:399,98,1,0
BRDA:403,99,0,4
BRDA:403,99,1,12
BRDA:403,100,0,16
BRDA:403,100,1,16
BRDA:403,100,2,16
BRDA:421,101,0,0
BRDA:421,101,1,9
BRDA:421,102,0,9
BRDA:421,102,1,9
BRDA:425,103,0,9
BRDA:425,103,1,3
BRDA:426,104,0,6
BRDA:426,104,1,3
BRDA:429,105,0,6
BRDA:429,105,1,3
BRDA:430,106,0,9
BRDA:430,106,1,0
BRDA:431,107,0,9
BRDA:431,107,1,0
BRDA:432,108,0,9
BRDA:432,108,1,0
BRDA:440,109,0,1
BRDA:440,109,1,8
BRDA:441,110,0,1
BRDA:441,110,1,1
BRDA:441,110,2,0
BRDA:443,111,0,1
BRDA:443,111,1,0
BRDA:444,112,0,0
BRDA:444,112,1,1
BRDA:444,113,0,1
BRDA:444,113,1,0
BRDA:448,114,0,0
BRDA:448,114,1,1
BRDA:450,115,0,2
BRDA:450,115,1,6
BRDA:451,116,0,2
BRDA:451,116,1,0
BRDA:452,117,0,2
BRDA:452,117,1,0
BRDA:464,118,0,9
BRDA:464,118,1,0
BRDA:467,119,0,9
BRDA:467,119,1,0
BRDA:467,120,0,9
BRDA:467,120,1,9
BRDA:470,121,0,9
BRDA:470,121,1,0
BRDA:482,122,0,0
BRDA:482,122,1,22
BRDA:498,123,0,0
BRDA:498,123,1,22
BRDA:501,124,0,22
BRDA:501,124,1,22
BRDA:506,125,0,8
BRDA:506,125,1,1
BRDA:507,126,0,1
BRDA:507,126,1,0
BRDA:512,127,0,8
BRDA:512,127,1,1
BRDA:528,128,0,8
BRDA:528,128,1,8
BRDA:528,128,2,0
BRDA:532,129,0,3
BRDA:532,129,1,10
BRDA:532,130,0,13
BRDA:532,130,1,3
BRDA:542,131,0,0
BRDA:542,131,1,8
BRDA:554,132,0,16
BRDA:554,132,1,0
BRDA:557,133,0,0
BRDA:566,134,0,1
BRDA:566,134,1,7
BRDA:567,135,0,0
BRDA:567,135,1,8
BRDA:567,136,0,8
BRDA:567,136,1,8
BRDA:567,136,2,8
BRDA:572,137,0,0
BRDA:572,137,1,0
BRDA:573,138,0,0
BRDA:573,138,1,0
BRDA:574,139,0,0
BRDA:574,139,1,0
BRDA:575,140,0,0
BRDA:575,140,1,0
BRDA:584,141,0,1
BRDA:584,141,1,0
BRDA:584,142,0,1
BRDA:584,142,1,1
BRDA:603,143,0,1
BRDA:603,144,0,4
BRDA:605,145,0,5
BRDA:605,145,1,0
BRDA:606,146,0,5
BRDA:606,146,1,4
BRDA:616,147,0,3
BRDA:616,147,1,0
BRDA:616,148,0,3
BRDA:616,148,1,3
BRDA:625,149,0,0
BRDA:625,149,1,0
BRDA:625,150,0,0
BRDA:625,150,1,0
BRDA:638,151,0,0
BRDA:639,152,0,0
BRDA:639,152,1,0
BRDA:643,153,0,0
BRDA:644,154,0,3
BRDA:644,154,1,0
BRDA:668,155,0,0
BRDA:670,156,0,0
BRDA:670,156,1,2
BRDA:670,157,0,2
BRDA:670,157,1,2
BRDA:676,158,0,0
BRDA:676,158,1,1
BRDA:678,159,0,1
BRDA:678,159,1,1
BRDA:679,160,0,0
BRDA:679,160,1,1
BRDA:681,161,0,1
BRDA:681,161,1,0
BRDA:692,162,0,11
BRDA:692,162,1,0
BRDA:692,163,0,11
BRDA:692,163,1,11
BRF:327
BRH:200
end_of_record
TN:
SF:src\map\layer-registry.js
FN:105,isPlainObject
FN:109,isGeometry
FN:113,normalizeProperties
FN:120,normalizeGeometryFeature
FN:131,normalizeFeature
FN:151,getFeatures
FN:158,(anonymous_6)
FN:168,(anonymous_7)
FN:175,pickDefined
FN:176,(anonymous_9)
FN:184,toNumber
FN:189,normalizePair
FN:201,createPixel
FN:210,createSize
FN:217,normalizePosition
FN:225,normalizeLine
FN:233,normalizePolygon
FN:238,(anonymous_17)
FN:241,getPointPositions
FN:259,getLinePath
FN:270,(anonymous_20)
FN:278,getPolygonPath
FN:289,(anonymous_22)
FN:297,createFeatureExtData
FN:307,getOverlayCategory
FN:316,normalizeCategories
FN:318,(anonymous_26)
FN:319,(anonymous_27)
FN:322,updateHiddenCategories
FN:323,(anonymous_29)
FN:332,normalizeFeatureIds
FN:334,(anonymous_31)
FN:335,(anonymous_32)
FN:338,updateHiddenFeatureIds
FN:339,(anonymous_34)
FN:348,shouldShowOverlay
FN:355,applyOverlayVisibility
FN:356,(anonymous_37)
FN:365,resolveAssetUrl
FN:371,createMarkerLabel
FN:389,createImageIcon
FN:408,createPinContent
FN:427,createMarkerOptions
FN:453,createHtmlMarkerContent
FN:468,applyMarkerStyle
FN:504,applyOverlayStyle
FN:531,createImageMarker
FN:541,createHtmlMarker
FN:551,createPinMarker
FN:558,createCircleOverlay
FN:571,createPointOverlays
FN:572,(anonymous_51)
FN:580,createLineOverlay
FN:591,createPolygonOverlay
FN:602,createOverlay
FN:612,getScopedStyleOverride
FN:614,(anonymous_56)
FN:620,getFeatureStyleKey
FN:625,getOverlayFeatureKey
FN:631,hasFeatureStyle
FN:635,getHeatmapConstructor
FN:646,createOfficialHeatmap
FN:656,(anonymous_62)
FN:657,(anonymous_63)
FN:677,createHeatmapData
FN:681,(anonymous_65)
FN:689,(anonymous_66)
FN:701,getHeatmapMax
FN:704,(anonymous_68)
FN:707,collectCoordinates
FN:720,(anonymous_70)
FN:723,createLngLat
FN:729,getFeatureBounds
FN:733,(anonymous_73)
FN:742,(anonymous_74)
FN:770,focusOverlay
FN:781,normalizeFitPadding
FN:800,getFitOverlays
FN:801,(anonymous_78)
FN:807,fitOverlays
FN:821,fitFeatures
FN:830,normalizeEventLngLat
FN:839,normalizeEventPixel
FN:853,getVisibleFeatures
FN:854,(anonymous_84)
FN:862,createFeatureIndex
FN:863,(anonymous_86)
FN:879,makeGeoJSONLayer
FN:897,removeOverlays
FN:905,clearHeatmap
FN:918,clear
FN:923,addOverlays
FN:925,(anonymous_92)
FN:932,refreshHeatmap
FN:948,showOverlays
FN:953,resolveOverlayStyle
FN:974,getOverlayEventCallback
FN:979,createEventPayload
FN:997,applyFeatureInteractionStyle
FN:1000,(anonymous_99)
FN:1012,handleOverlayEvent
FN:1041,bindOverlayEvents
FN:1044,(anonymous_102)
FN:1052,(anonymous_103)
FN:1058,renderVectorOverlays
FN:1060,(anonymous_105)
FN:1073,hasFeature
FN:1075,(anonymous_107)
FN:1078,refreshAfterFeatureStyleChange
FN:1087,getLayerCategories
FN:1091,(anonymous_110)
FN:1095,getLayerGeometryKinds
FN:1104,(anonymous_112)
FN:1131,(anonymous_113)
FN:1142,(anonymous_114)
FN:1152,(anonymous_115)
FN:1155,(anonymous_116)
FN:1169,(anonymous_117)
FN:1191,(anonymous_118)
FN:1212,(anonymous_119)
FN:1223,(anonymous_120)
FN:1234,(anonymous_121)
FN:1248,(anonymous_122)
FN:1264,(anonymous_123)
FN:1273,(anonymous_124)
FN:1284,(anonymous_125)
FN:1302,(anonymous_126)
FN:1304,(anonymous_127)
FN:1316,(anonymous_128)
FN:1325,createLayer
FNF:130
FNH:79
FNDA:114,isPlainObject
FNDA:0,isGeometry
FNDA:8,normalizeProperties
FNDA:0,normalizeGeometryFeature
FNDA:8,normalizeFeature
FNDA:3,getFeatures
FNDA:8,(anonymous_6)
FNDA:0,(anonymous_7)
FNDA:19,pickDefined
FNDA:265,(anonymous_9)
FNDA:35,toNumber
FNDA:6,normalizePair
FNDA:6,createPixel
FNDA:0,createSize
FNDA:50,normalizePosition
FNDA:12,normalizeLine
FNDA:6,normalizePolygon
FNDA:6,(anonymous_17)
FNDA:11,getPointPositions
FNDA:6,getLinePath
FNDA:0,(anonymous_20)
FNDA:6,getPolygonPath
FNDA:0,(anonymous_22)
FNDA:18,createFeatureExtData
FNDA:21,getOverlayCategory
FNDA:2,normalizeCategories
FNDA:2,(anonymous_26)
FNDA:2,(anonymous_27)
FNDA:2,updateHiddenCategories
FNDA:2,(anonymous_29)
FNDA:0,normalizeFeatureIds
FNDA:0,(anonymous_31)
FNDA:0,(anonymous_32)
FNDA:0,updateHiddenFeatureIds
FNDA:0,(anonymous_34)
FNDA:21,shouldShowOverlay
FNDA:7,applyOverlayVisibility
FNDA:21,(anonymous_37)
FNDA:0,resolveAssetUrl
FNDA:6,createMarkerLabel
FNDA:0,createImageIcon
FNDA:6,createPinContent
FNDA:6,createMarkerOptions
FNDA:0,createHtmlMarkerContent
FNDA:0,applyMarkerStyle
FNDA:0,applyOverlayStyle
FNDA:0,createImageMarker
FNDA:0,createHtmlMarker
FNDA:6,createPinMarker
FNDA:0,createCircleOverlay
FNDA:6,createPointOverlays
FNDA:6,(anonymous_51)
FNDA:6,createLineOverlay
FNDA:6,createPolygonOverlay
FNDA:18,createOverlay
FNDA:4,getScopedStyleOverride
FNDA:4,(anonymous_56)
FNDA:64,getFeatureStyleKey
FNDA:21,getOverlayFeatureKey
FNDA:56,hasFeatureStyle
FNDA:1,getHeatmapConstructor
FNDA:1,createOfficialHeatmap
FNDA:1,(anonymous_62)
FNDA:0,(anonymous_63)
FNDA:3,createHeatmapData
FNDA:6,(anonymous_65)
FNDA:5,(anonymous_66)
FNDA:3,getHeatmapMax
FNDA:5,(anonymous_68)
FNDA:0,collectCoordinates
FNDA:0,(anonymous_70)
FNDA:0,createLngLat
FNDA:0,getFeatureBounds
FNDA:0,(anonymous_73)
FNDA:0,(anonymous_74)
FNDA:0,focusOverlay
FNDA:0,normalizeFitPadding
FNDA:0,getFitOverlays
FNDA:0,(anonymous_78)
FNDA:0,fitOverlays
FNDA:0,fitFeatures
FNDA:0,normalizeEventLngLat
FNDA:0,normalizeEventPixel
FNDA:0,getVisibleFeatures
FNDA:0,(anonymous_84)
FNDA:7,createFeatureIndex
FNDA:20,(anonymous_86)
FNDA:3,makeGeoJSONLayer
FNDA:9,removeOverlays
FNDA:5,clearHeatmap
FNDA:3,clear
FNDA:6,addOverlays
FNDA:18,(anonymous_92)
FNDA:3,refreshHeatmap
FNDA:6,showOverlays
FNDA:18,resolveOverlayStyle
FNDA:54,getOverlayEventCallback
FNDA:0,createEventPayload
FNDA:0,applyFeatureInteractionStyle
FNDA:0,(anonymous_99)
FNDA:0,handleOverlayEvent
FNDA:18,bindOverlayEvents
FNDA:54,(anonymous_102)
FNDA:0,(anonymous_103)
FNDA:6,renderVectorOverlays
FNDA:18,(anonymous_105)
FNDA:2,hasFeature
FNDA:2,(anonymous_107)
FNDA:2,refreshAfterFeatureStyleChange
FNDA:7,getLayerCategories
FNDA:20,(anonymous_110)
FNDA:7,getLayerGeometryKinds
FNDA:3,(anonymous_112)
FNDA:3,(anonymous_113)
FNDA:1,(anonymous_114)
FNDA:0,(anonymous_115)
FNDA:0,(anonymous_116)
FNDA:0,(anonymous_117)
FNDA:2,(anonymous_118)
FNDA:2,(anonymous_119)
FNDA:0,(anonymous_120)
FNDA:2,(anonymous_121)
FNDA:0,(anonymous_122)
FNDA:0,(anonymous_123)
FNDA:0,(anonymous_124)
FNDA:7,(anonymous_125)
FNDA:0,(anonymous_126)
FNDA:0,(anonymous_127)
FNDA:0,(anonymous_128)
FNDA:3,createLayer
DA:14,3
DA:27,3
DA:43,3
DA:63,3
DA:82,3
DA:92,3
DA:101,3
DA:103,3
DA:106,114
DA:110,0
DA:114,8
DA:121,0
DA:123,0
DA:132,8
DA:134,8
DA:135,8
DA:137,8
DA:144,0
DA:145,0
DA:148,0
DA:152,3
DA:153,0
DA:156,3
DA:157,3
DA:158,8
DA:162,0
DA:163,0
DA:166,0
DA:167,0
DA:168,0
DA:172,0
DA:176,19
DA:177,265
DA:178,94
DA:180,265
DA:185,35
DA:186,35
DA:190,6
DA:191,3
DA:194,3
DA:195,3
DA:198,0
DA:202,6
DA:204,6
DA:205,6
DA:211,0
DA:212,0
DA:218,50
DA:220,50
DA:221,50
DA:222,50
DA:226,12
DA:228,12
DA:234,6
DA:236,6
DA:238,6
DA:242,11
DA:243,11
DA:245,11
DA:246,11
DA:247,11
DA:250,0
DA:251,0
DA:256,0
DA:260,6
DA:261,6
DA:263,6
DA:264,6
DA:265,6
DA:268,0
DA:269,0
DA:270,0
DA:272,0
DA:275,0
DA:279,6
DA:280,6
DA:282,6
DA:283,6
DA:284,6
DA:287,0
DA:288,0
DA:289,0
DA:291,0
DA:294,0
DA:298,18
DA:308,21
DA:309,21
DA:310,6
DA:313,15
DA:317,2
DA:318,2
DA:319,2
DA:323,2
DA:324,2
DA:325,0
DA:327,2
DA:333,0
DA:334,0
DA:335,0
DA:339,0
DA:340,0
DA:341,0
DA:343,0
DA:349,21
DA:350,21
DA:356,7
DA:357,21
DA:358,18
DA:360,3
DA:366,0
DA:368,0
DA:372,6
DA:373,6
DA:375,0
DA:376,0
DA:380,0
DA:382,0
DA:390,0
DA:391,0
DA:393,0
DA:394,0
DA:397,0
DA:398,0
DA:400,0
DA:409,6
DA:410,6
DA:411,6
DA:412,6
DA:413,6
DA:414,6
DA:415,6
DA:417,6
DA:428,6
DA:429,6
DA:430,6
DA:431,6
DA:439,6
DA:440,0
DA:441,6
DA:442,0
DA:443,0
DA:444,6
DA:445,6
DA:446,0
DA:447,0
DA:450,6
DA:454,0
DA:455,0
DA:457,0
DA:458,0
DA:469,0
DA:471,0
DA:472,0
DA:474,0
DA:476,0
DA:477,0
DA:480,0
DA:481,0
DA:482,0
DA:483,0
DA:484,0
DA:485,0
DA:486,0
DA:487,0
DA:490,0
DA:491,0
DA:492,0
DA:495,0
DA:496,0
DA:499,0
DA:500,0
DA:505,0
DA:507,0
DA:508,0
DA:509,0
DA:512,0
DA:515,0
DA:517,0
DA:518,0
DA:519,0
DA:520,0
DA:521,0
DA:522,0
DA:526,0
DA:527,0
DA:532,0
DA:533,0
DA:535,0
DA:542,0
DA:543,0
DA:545,0
DA:552,6
DA:559,0
DA:561,0
DA:572,6
DA:573,6
DA:574,6
DA:575,6
DA:576,6
DA:581,6
DA:582,6
DA:584,6
DA:592,6
DA:593,6
DA:595,6
DA:603,18
DA:605,18
DA:606,12
DA:607,6
DA:609,0
DA:613,4
DA:614,4
DA:615,4
DA:617,0
DA:621,64
DA:622,64
DA:626,21
DA:627,21
DA:628,21
DA:632,56
DA:636,1
DA:638,1
DA:639,1
DA:640,1
DA:643,0
DA:647,1
DA:648,1
DA:650,1
DA:655,1
DA:656,1
DA:657,0
DA:663,1
DA:664,1
DA:665,1
DA:666,1
DA:667,1
DA:674,0
DA:678,3
DA:679,3
DA:681,3
DA:682,6
DA:684,6
DA:685,6
DA:687,5
DA:689,5
DA:690,5
DA:698,3
DA:702,3
DA:704,5
DA:708,0
DA:710,0
DA:711,0
DA:712,0
DA:714,0
DA:715,0
DA:716,0
DA:720,0
DA:724,0
DA:730,0
DA:732,0
DA:733,0
DA:734,0
DA:735,0
DA:736,0
DA:740,0
DA:742,0
DA:754,0
DA:755,0
DA:756,0
DA:757,0
DA:759,0
DA:760,0
DA:761,0
DA:764,0
DA:771,0
DA:773,0
DA:774,0
DA:775,0
DA:778,0
DA:782,0
DA:783,0
DA:786,0
DA:787,0
DA:788,0
DA:789,0
DA:792,0
DA:801,0
DA:802,0
DA:803,0
DA:808,0
DA:810,0
DA:811,0
DA:813,0
DA:814,0
DA:815,0
DA:818,0
DA:822,0
DA:824,0
DA:825,0
DA:827,0
DA:831,0
DA:832,0
DA:833,0
DA:834,0
DA:836,0
DA:840,0
DA:841,0
DA:843,0
DA:846,0
DA:850,0
DA:854,0
DA:855,0
DA:857,0
DA:858,0
DA:863,7
DA:864,20
DA:865,20
DA:867,20
DA:875,20
DA:880,3
DA:881,3
DA:882,3
DA:883,3
DA:884,3
DA:885,3
DA:886,3
DA:887,3
DA:888,3
DA:889,3
DA:890,3
DA:891,3
DA:892,3
DA:893,3
DA:894,3
DA:895,3
DA:898,9
DA:899,4
DA:901,9
DA:902,9
DA:906,5
DA:908,0
DA:909,0
DA:910,0
DA:911,0
DA:914,0
DA:915,0
DA:919,3
DA:920,3
DA:924,6
DA:925,6
DA:926,18
DA:928,6
DA:933,3
DA:935,3
DA:936,3
DA:941,3
DA:942,2
DA:943,1
DA:944,1
DA:949,6
DA:950,6
DA:954,18
DA:955,18
DA:956,18
DA:957,18
DA:958,18
DA:959,18
DA:961,18
DA:962,4
DA:964,18
DA:965,0
DA:967,18
DA:968,0
DA:971,18
DA:975,54
DA:976,54
DA:980,0
DA:981,0
DA:983,0
DA:998,0
DA:1000,0
DA:1001,0
DA:1003,0
DA:1004,0
DA:1005,0
DA:1006,0
DA:1008,0
DA:1013,0
DA:1015,0
DA:1016,0
DA:1017,0
DA:1018,0
DA:1019,0
DA:1020,0
DA:1021,0
DA:1022,0
DA:1023,0
DA:1024,0
DA:1025,0
DA:1027,0
DA:1030,0
DA:1031,0
DA:1033,0
DA:1034,0
DA:1035,0
DA:1037,0
DA:1042,18
DA:1044,18
DA:1045,54
DA:1046,54
DA:1050,54
DA:1052,0
DA:1053,0
DA:1059,6
DA:1060,6
DA:1061,18
DA:1062,18
DA:1064,18
DA:1066,6
DA:1068,6
DA:1069,4
DA:1074,2
DA:1075,2
DA:1079,2
DA:1080,0
DA:1081,0
DA:1084,2
DA:1088,7
DA:1091,20
DA:1096,7
DA:1103,3
DA:1105,3
DA:1106,3
DA:1107,3
DA:1108,3
DA:1109,3
DA:1110,3
DA:1111,3
DA:1112,3
DA:1113,3
DA:1115,3
DA:1116,1
DA:1117,1
DA:1119,1
DA:1120,1
DA:1122,0
DA:1125,1
DA:1128,2
DA:1132,3
DA:1134,3
DA:1135,1
DA:1136,1
DA:1139,2
DA:1143,1
DA:1145,1
DA:1146,1
DA:1147,1
DA:1149,1
DA:1152,0
DA:1156,0
DA:1157,0
DA:1158,0
DA:1159,0
DA:1160,0
DA:1161,0
DA:1162,0
DA:1163,0
DA:1164,0
DA:1165,0
DA:1166,0
DA:1170,0
DA:1171,0
DA:1173,0
DA:1174,0
DA:1175,0
DA:1176,0
DA:1178,0
DA:1179,0
DA:1181,0
DA:1184,0
DA:1187,0
DA:1188,0
DA:1192,2
DA:1194,2
DA:1195,0
DA:1196,0
DA:1197,0
DA:1199,0
DA:1200,0
DA:1202,0
DA:1205,0
DA:1208,2
DA:1209,2
DA:1213,2
DA:1215,2
DA:1216,1
DA:1217,1
DA:1220,1
DA:1224,0
DA:1226,0
DA:1227,0
DA:1228,0
DA:1231,0
DA:1235,2
DA:1237,2
DA:1238,2
DA:1239,2
DA:1241,0
DA:1244,2
DA:1245,2
DA:1249,0
DA:1251,0
DA:1252,0
DA:1253,0
DA:1254,0
DA:1255,0
DA:1257,0
DA:1258,0
DA:1261,0
DA:1265,0
DA:1267,0
DA:1268,0
DA:1269,0
DA:1270,0
DA:1274,0
DA:1275,0
DA:1276,0
DA:1279,0
DA:1280,0
DA:1281,0
DA:1285,7
DA:1303,0
DA:1304,0
DA:1305,0
DA:1308,0
DA:1309,0
DA:1310,0
DA:1311,0
DA:1313,0
DA:1316,0
DA:1317,0
DA:1318,0
DA:1319,0
DA:1326,3
LF:544
LH:260
BRDA:110,0,0,0
BRDA:110,0,1,0
BRDA:115,1,0,8
BRDA:115,1,1,0
BRDA:116,2,0,8
BRDA:116,2,1,0
BRDA:120,3,0,0
BRDA:120,4,0,0
BRDA:125,5,0,0
BRDA:125,5,1,0
BRDA:125,5,2,0
BRDA:131,6,0,0
BRDA:131,7,0,0
BRDA:132,8,0,0
BRDA:132,8,1,8
BRDA:134,9,0,8
BRDA:134,9,1,0
BRDA:139,10,0,8
BRDA:139,10,1,0
BRDA:139,10,2,0
BRDA:144,11,0,0
BRDA:144,11,1,0
BRDA:151,12,0,3
BRDA:152,13,0,0
BRDA:152,13,1,3
BRDA:156,14,0,3
BRDA:156,14,1,0
BRDA:156,15,0,3
BRDA:156,15,1,3
BRDA:162,16,0,0
BRDA:162,16,1,0
BRDA:162,17,0,0
BRDA:162,17,1,0
BRDA:166,18,0,0
BRDA:166,18,1,0
BRDA:177,19,0,94
BRDA:177,19,1,171
BRDA:177,20,0,265
BRDA:177,20,1,265
BRDA:186,21,0,23
BRDA:186,21,1,12
BRDA:190,22,0,3
BRDA:190,22,1,3
BRDA:190,23,0,6
BRDA:190,23,1,3
BRDA:194,24,0,3
BRDA:194,24,1,0
BRDA:202,25,0,0
BRDA:202,25,1,6
BRDA:202,26,0,6
BRDA:202,26,1,6
BRDA:205,27,0,6
BRDA:205,27,1,0
BRDA:212,28,0,0
BRDA:212,28,1,0
BRDA:218,29,0,0
BRDA:218,29,1,50
BRDA:218,30,0,50
BRDA:218,30,1,50
BRDA:222,31,0,50
BRDA:222,31,1,0
BRDA:222,32,0,50
BRDA:222,32,1,50
BRDA:226,33,0,0
BRDA:226,33,1,12
BRDA:234,34,0,0
BRDA:234,34,1,6
BRDA:242,35,0,11
BRDA:242,35,1,11
BRDA:243,36,0,0
BRDA:243,36,1,11
BRDA:245,37,0,11
BRDA:245,37,1,0
BRDA:247,38,0,11
BRDA:247,38,1,0
BRDA:250,39,0,0
BRDA:250,39,1,0
BRDA:251,40,0,0
BRDA:251,40,1,0
BRDA:260,41,0,6
BRDA:260,41,1,6
BRDA:261,42,0,0
BRDA:261,42,1,6
BRDA:263,43,0,6
BRDA:263,43,1,0
BRDA:265,44,0,6
BRDA:265,44,1,0
BRDA:268,45,0,0
BRDA:268,45,1,0
BRDA:269,46,0,0
BRDA:269,46,1,0
BRDA:272,47,0,0
BRDA:272,47,1,0
BRDA:279,48,0,6
BRDA:279,48,1,6
BRDA:280,49,0,0
BRDA:280,49,1,6
BRDA:282,50,0,6
BRDA:282,50,1,0
BRDA:284,51,0,6
BRDA:284,51,1,0
BRDA:287,52,0,0
BRDA:287,52,1,0
BRDA:288,53,0,0
BRDA:288,53,1,0
BRDA:291,54,0,0
BRDA:291,54,1,0
BRDA:297,55,0,12
BRDA:308,56,0,21
BRDA:308,56,1,21
BRDA:309,57,0,6
BRDA:309,57,1,15
BRDA:309,58,0,21
BRDA:309,58,1,21
BRDA:317,59,0,0
BRDA:317,59,1,2
BRDA:324,60,0,0
BRDA:324,60,1,2
BRDA:333,61,0,0
BRDA:333,61,1,0
BRDA:340,62,0,0
BRDA:340,62,1,0
BRDA:350,63,0,21
BRDA:350,63,1,21
BRDA:350,63,2,21
BRDA:350,63,3,15
BRDA:357,64,0,18
BRDA:357,64,1,3
BRDA:366,65,0,0
BRDA:366,65,1,0
BRDA:373,66,0,6
BRDA:373,66,1,0
BRDA:373,67,0,6
BRDA:373,67,1,6
BRDA:376,68,0,0
BRDA:376,68,1,0
BRDA:380,69,0,0
BRDA:380,69,1,0
BRDA:380,70,0,0
BRDA:380,70,1,0
BRDA:384,71,0,0
BRDA:384,71,1,0
BRDA:389,72,0,0
BRDA:390,73,0,0
BRDA:390,73,1,0
BRDA:391,74,0,0
BRDA:391,74,1,0
BRDA:393,75,0,0
BRDA:393,75,1,0
BRDA:397,76,0,0
BRDA:397,76,1,0
BRDA:398,77,0,0
BRDA:398,77,1,0
BRDA:403,78,0,0
BRDA:403,78,1,0
BRDA:411,79,0,6
BRDA:411,79,1,6
BRDA:411,79,2,6
BRDA:412,80,0,0
BRDA:412,80,1,6
BRDA:413,81,0,0
BRDA:413,81,1,6
BRDA:413,82,0,6
BRDA:413,82,1,6
BRDA:413,83,0,6
BRDA:413,83,1,6
BRDA:414,84,0,6
BRDA:414,84,1,0
BRDA:414,84,2,0
BRDA:428,85,0,6
BRDA:428,85,1,0
BRDA:428,85,2,0
BRDA:429,86,0,6
BRDA:429,86,1,0
BRDA:434,87,0,6
BRDA:434,87,1,6
BRDA:439,88,0,0
BRDA:439,88,1,6
BRDA:441,89,0,0
BRDA:441,89,1,6
BRDA:444,90,0,6
BRDA:444,90,1,0
BRDA:444,91,0,6
BRDA:444,91,1,6
BRDA:446,92,0,0
BRDA:446,92,1,0
BRDA:446,93,0,0
BRDA:446,93,1,0
BRDA:454,94,0,0
BRDA:454,94,1,0
BRDA:455,95,0,0
BRDA:455,95,1,0
BRDA:469,96,0,0
BRDA:469,96,1,0
BRDA:471,97,0,0
BRDA:471,97,1,0
BRDA:472,98,0,0
BRDA:472,98,1,0
BRDA:472,98,2,0
BRDA:473,99,0,0
BRDA:473,99,1,0
BRDA:476,100,0,0
BRDA:476,100,1,0
BRDA:480,101,0,0
BRDA:480,101,1,0
BRDA:480,102,0,0
BRDA:480,102,1,0
BRDA:481,103,0,0
BRDA:481,103,1,0
BRDA:482,104,0,0
BRDA:482,104,1,0
BRDA:483,105,0,0
BRDA:483,105,1,0
BRDA:483,106,0,0
BRDA:483,106,1,0
BRDA:485,107,0,0
BRDA:485,107,1,0
BRDA:486,108,0,0
BRDA:486,108,1,0
BRDA:491,109,0,0
BRDA:491,109,1,0
BRDA:491,110,0,0
BRDA:491,110,1,0
BRDA:495,111,0,0
BRDA:495,111,1,0
BRDA:495,112,0,0
BRDA:495,112,1,0
BRDA:499,113,0,0
BRDA:499,113,1,0
BRDA:499,114,0,0
BRDA:499,114,1,0
BRDA:505,115,0,0
BRDA:505,115,1,0
BRDA:505,116,0,0
BRDA:505,116,1,0
BRDA:507,117,0,0
BRDA:507,117,1,0
BRDA:507,118,0,0
BRDA:507,118,1,0
BRDA:512,119,0,0
BRDA:512,119,1,0
BRDA:514,120,0,0
BRDA:514,120,1,0
BRDA:517,121,0,0
BRDA:517,121,1,0
BRDA:518,122,0,0
BRDA:518,122,1,0
BRDA:518,122,2,0
BRDA:518,122,3,0
BRDA:519,123,0,0
BRDA:519,123,1,0
BRDA:520,124,0,0
BRDA:520,124,1,0
BRDA:521,125,0,0
BRDA:521,125,1,0
BRDA:521,126,0,0
BRDA:521,126,1,0
BRDA:526,127,0,0
BRDA:526,127,1,0
BRDA:532,128,0,0
BRDA:532,128,1,0
BRDA:533,129,0,0
BRDA:533,129,1,0
BRDA:543,130,0,0
BRDA:543,130,1,0
BRDA:559,131,0,0
BRDA:559,131,1,0
BRDA:559,131,2,0
BRDA:559,131,3,0
BRDA:565,132,0,0
BRDA:565,132,1,0
BRDA:566,133,0,0
BRDA:566,133,1,0
BRDA:573,134,0,0
BRDA:573,134,1,6
BRDA:574,135,0,0
BRDA:574,135,1,6
BRDA:575,136,0,0
BRDA:575,136,1,6
BRDA:582,137,0,0
BRDA:582,137,1,6
BRDA:593,138,0,0
BRDA:593,138,1,6
BRDA:605,139,0,6
BRDA:605,139,1,12
BRDA:606,140,0,6
BRDA:606,140,1,6
BRDA:607,141,0,6
BRDA:607,141,1,0
BRDA:613,142,0,0
BRDA:613,142,1,4
BRDA:614,143,0,4
BRDA:614,143,1,0
BRDA:615,144,0,4
BRDA:615,144,1,0
BRDA:622,145,0,0
BRDA:622,145,1,64
BRDA:626,146,0,21
BRDA:626,146,1,21
BRDA:627,147,0,21
BRDA:627,147,1,21
BRDA:628,148,0,0
BRDA:628,148,1,21
BRDA:632,149,0,56
BRDA:632,149,1,56
BRDA:636,150,0,1
BRDA:636,150,1,0
BRDA:638,151,0,0
BRDA:638,151,1,1
BRDA:639,152,0,1
BRDA:639,152,1,0
BRDA:639,153,0,1
BRDA:639,153,1,1
BRDA:648,154,0,0
BRDA:648,154,1,1
BRDA:666,155,0,1
BRDA:666,155,1,0
BRDA:666,156,0,1
BRDA:666,156,1,1
BRDA:678,157,0,3
BRDA:678,157,1,0
BRDA:682,158,0,0
BRDA:682,158,1,6
BRDA:685,159,0,1
BRDA:685,159,1,5
BRDA:685,160,0,6
BRDA:685,160,1,6
BRDA:702,161,0,0
BRDA:702,161,1,3
BRDA:704,162,0,5
BRDA:704,162,1,3
BRDA:708,163,0,0
BRDA:708,163,1,0
BRDA:710,164,0,0
BRDA:710,164,1,0
BRDA:714,165,0,0
BRDA:714,165,1,0
BRDA:714,166,0,0
BRDA:714,166,1,0
BRDA:724,167,0,0
BRDA:724,167,1,0
BRDA:730,168,0,0
BRDA:730,168,1,0
BRDA:730,169,0,0
BRDA:730,169,1,0
BRDA:734,170,0,0
BRDA:734,170,1,0
BRDA:735,171,0,0
BRDA:735,171,1,0
BRDA:740,172,0,0
BRDA:740,172,1,0
BRDA:755,173,0,0
BRDA:755,173,1,0
BRDA:759,174,0,0
BRDA:759,174,1,0
BRDA:771,175,0,0
BRDA:771,175,1,0
BRDA:773,176,0,0
BRDA:773,176,1,0
BRDA:773,177,0,0
BRDA:773,177,1,0
BRDA:782,178,0,0
BRDA:782,178,1,0
BRDA:786,179,0,0
BRDA:786,179,1,0
BRDA:803,180,0,0
BRDA:803,180,1,0
BRDA:803,180,2,0
BRDA:807,181,0,0
BRDA:808,182,0,0
BRDA:808,182,1,0
BRDA:808,183,0,0
BRDA:808,183,1,0
BRDA:813,184,0,0
BRDA:813,184,1,0
BRDA:821,185,0,0
BRDA:822,186,0,0
BRDA:822,186,1,0
BRDA:822,187,0,0
BRDA:822,187,1,0
BRDA:825,188,0,0
BRDA:825,188,1,0
BRDA:831,189,0,0
BRDA:831,189,1,0
BRDA:832,190,0,0
BRDA:832,190,1,0
BRDA:833,191,0,0
BRDA:833,191,1,0
BRDA:833,192,0,0
BRDA:833,192,1,0
BRDA:836,193,0,0
BRDA:836,193,1,0
BRDA:840,194,0,0
BRDA:840,194,1,0
BRDA:841,195,0,0
BRDA:841,195,1,0
BRDA:843,196,0,0
BRDA:843,196,1,0
BRDA:845,197,0,0
BRDA:845,197,1,0
BRDA:846,198,0,0
BRDA:846,198,1,0
BRDA:848,199,0,0
BRDA:848,199,1,0
BRDA:850,200,0,0
BRDA:850,200,1,0
BRDA:850,201,0,0
BRDA:850,201,1,0
BRDA:855,202,0,0
BRDA:855,202,1,0
BRDA:858,203,0,0
BRDA:858,203,1,0
BRDA:865,204,0,0
BRDA:865,204,1,20
BRDA:898,205,0,4
BRDA:898,205,1,5
BRDA:898,206,0,9
BRDA:898,206,1,4
BRDA:906,207,0,5
BRDA:906,207,1,0
BRDA:908,208,0,0
BRDA:908,208,1,0
BRDA:910,209,0,0
BRDA:910,209,1,0
BRDA:924,210,0,6
BRDA:924,210,1,0
BRDA:924,211,0,6
BRDA:924,211,1,6
BRDA:933,212,0,0
BRDA:933,212,1,3
BRDA:933,213,0,3
BRDA:933,213,1,3
BRDA:941,214,0,2
BRDA:941,214,1,1
BRDA:941,215,0,3
BRDA:941,215,1,2
BRDA:943,216,0,1
BRDA:943,216,1,0
BRDA:943,217,0,1
BRDA:943,217,1,1
BRDA:953,218,0,18
BRDA:961,219,0,4
BRDA:961,219,1,14
BRDA:964,220,0,0
BRDA:964,220,1,18
BRDA:964,221,0,18
BRDA:964,221,1,18
BRDA:964,221,2,0
BRDA:967,222,0,0
BRDA:967,222,1,18
BRDA:967,223,0,18
BRDA:967,223,1,18
BRDA:967,223,2,0
BRDA:975,224,0,0
BRDA:975,224,1,54
BRDA:976,225,0,54
BRDA:976,225,1,54
BRDA:976,226,0,18
BRDA:976,226,1,36
BRDA:980,227,0,0
BRDA:980,227,1,0
BRDA:981,228,0,0
BRDA:981,228,1,0
BRDA:987,229,0,0
BRDA:987,229,1,0
BRDA:988,230,0,0
BRDA:988,230,1,0
BRDA:989,231,0,0
BRDA:989,231,1,0
BRDA:990,232,0,0
BRDA:990,232,1,0
BRDA:991,233,0,0
BRDA:991,233,1,0
BRDA:998,234,0,0
BRDA:998,234,1,0
BRDA:1001,235,0,0
BRDA:1001,235,1,0
BRDA:1003,236,0,0
BRDA:1003,236,1,0
BRDA:1004,237,0,0
BRDA:1004,237,1,0
BRDA:1006,238,0,0
BRDA:1006,238,1,0
BRDA:1006,239,0,0
BRDA:1006,239,1,0
BRDA:1015,240,0,0
BRDA:1015,240,1,0
BRDA:1015,241,0,0
BRDA:1015,241,1,0
BRDA:1018,242,0,0
BRDA:1018,242,1,0
BRDA:1018,243,0,0
BRDA:1018,243,1,0
BRDA:1021,244,0,0
BRDA:1021,244,1,0
BRDA:1021,245,0,0
BRDA:1021,245,1,0
BRDA:1024,246,0,0
BRDA:1024,246,1,0
BRDA:1024,247,0,0
BRDA:1024,247,1,0
BRDA:1031,248,0,0
BRDA:1031,248,1,0
BRDA:1042,249,0,0
BRDA:1042,249,1,18
BRDA:1042,250,0,18
BRDA:1042,250,1,18
BRDA:1046,251,0,36
BRDA:1046,251,1,18
BRDA:1046,252,0,54
BRDA:1046,252,1,36
BRDA:1050,253,0,54
BRDA:1050,253,1,0
BRDA:1050,254,0,54
BRDA:1050,254,1,54
BRDA:1062,255,0,0
BRDA:1062,255,1,18
BRDA:1068,256,0,4
BRDA:1068,256,1,2
BRDA:1079,257,0,0
BRDA:1079,257,1,2
BRDA:1104,258,0,0
BRDA:1104,259,0,3
BRDA:1106,260,0,3
BRDA:1106,260,1,0
BRDA:1107,261,0,3
BRDA:1107,261,1,3
BRDA:1108,262,0,3
BRDA:1108,262,1,3
BRDA:1109,263,0,3
BRDA:1109,263,1,3
BRDA:1115,264,0,1
BRDA:1115,264,1,2
BRDA:1119,265,0,1
BRDA:1119,265,1,0
BRDA:1134,266,0,1
BRDA:1134,266,1,2
BRDA:1145,267,0,1
BRDA:1145,267,1,0
BRDA:1146,268,0,1
BRDA:1146,268,1,0
BRDA:1169,269,0,0
BRDA:1170,270,0,0
BRDA:1170,270,1,0
BRDA:1173,271,0,0
BRDA:1173,271,1,0
BRDA:1178,272,0,0
BRDA:1178,272,1,0
BRDA:1191,273,0,0
BRDA:1192,274,0,2
BRDA:1192,274,1,0
BRDA:1194,275,0,0
BRDA:1194,275,1,2
BRDA:1199,276,0,0
BRDA:1199,276,1,0
BRDA:1215,277,0,1
BRDA:1215,277,1,1
BRDA:1226,278,0,0
BRDA:1226,278,1,0
BRDA:1234,279,0,0
BRDA:1235,280,0,0
BRDA:1235,280,1,2
BRDA:1235,281,0,2
BRDA:1235,281,1,2
BRDA:1238,282,0,2
BRDA:1238,282,1,0
BRDA:1249,283,0,0
BRDA:1249,283,1,0
BRDA:1253,284,0,0
BRDA:1253,284,1,0
BRDA:1254,285,0,0
BRDA:1254,285,1,0
BRDA:1255,286,0,0
BRDA:1255,286,1,0
BRDA:1257,287,0,0
BRDA:1257,287,1,0
BRDA:1257,288,0,0
BRDA:1257,288,1,0
BRDA:1261,289,0,0
BRDA:1261,289,1,0
BRDA:1265,290,0,0
BRDA:1265,290,1,0
BRDA:1265,291,0,0
BRDA:1265,291,1,0
BRDA:1265,291,2,0
BRDA:1273,292,0,0
BRDA:1274,293,0,0
BRDA:1274,293,1,0
BRDA:1293,294,0,7
BRDA:1293,294,1,7
BRDA:1294,295,0,7
BRDA:1294,295,1,7
BRDA:1303,296,0,0
BRDA:1303,296,1,0
BRDA:1308,297,0,0
BRDA:1308,297,1,0
BRDA:1310,298,0,0
BRDA:1310,298,1,0
BRDA:1317,299,0,0
BRDA:1317,299,1,0
BRDA:1318,300,0,0
BRDA:1318,300,1,0
BRF:602
BRH:198
end_of_record
TN:
SF:src\map\map-controller.js
FN:30,toLngLatArray
FN:39,normalizePath
FN:44,(anonymous_2)
FN:47,closeRing
FN:59,boundsToPlain
FN:73,getOverlayBounds
FN:83,scheduleTask
FN:91,detachOverlayFromMap
FN:104,detachOverlaysFromMap
FN:105,(anonymous_9)
FN:110,removeMouseToolOverlayCache
FN:113,(anonymous_11)
FN:116,(anonymous_12)
FN:121,escapeHtml
FN:130,createCustomMarkerContent
FN:134,normalizeCustomMarkerPosition
FN:150,getPathFromBounds
FN:165,overlayToGeoJSON
FN:204,(anonymous_18)
FN:230,(anonymous_19)
FN:238,(anonymous_20)
FN:250,(anonymous_21)
FN:253,(anonymous_22)
FN:259,(anonymous_23)
FN:263,(anonymous_24)
FN:264,(anonymous_25)
FN:265,(anonymous_26)
FN:266,(anonymous_27)
FN:267,(anonymous_28)
FN:268,(anonymous_29)
FN:269,(anonymous_30)
FN:270,(anonymous_31)
FN:271,(anonymous_32)
FN:272,(anonymous_33)
FN:273,(anonymous_34)
FN:274,(anonymous_35)
FN:275,(anonymous_36)
FN:276,(anonymous_37)
FN:277,(anonymous_38)
FN:278,(anonymous_39)
FN:279,(anonymous_40)
FN:280,(anonymous_41)
FN:281,(anonymous_42)
FN:282,(anonymous_43)
FN:283,(anonymous_44)
FN:284,(anonymous_45)
FN:285,(anonymous_46)
FN:286,(anonymous_47)
FN:287,(anonymous_48)
FN:288,(anonymous_49)
FN:289,(anonymous_50)
FN:290,(anonymous_51)
FN:291,(anonymous_52)
FN:292,(anonymous_53)
FN:293,(anonymous_54)
FN:294,(anonymous_55)
FN:295,(anonymous_56)
FN:296,(anonymous_57)
FN:297,(anonymous_58)
FN:298,(anonymous_59)
FN:306,(anonymous_60)
FN:331,(anonymous_61)
FN:354,(anonymous_62)
FN:374,(anonymous_63)
FN:394,(anonymous_64)
FN:414,(anonymous_65)
FN:429,(anonymous_66)
FN:439,(anonymous_67)
FN:449,(anonymous_68)
FN:461,(anonymous_69)
FN:471,(anonymous_70)
FN:482,(anonymous_71)
FN:483,(anonymous_72)
FN:490,(anonymous_73)
FN:495,(anonymous_74)
FN:496,(anonymous_75)
FN:506,(anonymous_76)
FN:512,(anonymous_77)
FN:513,(anonymous_78)
FN:518,(anonymous_79)
FN:519,(anonymous_80)
FN:529,(anonymous_81)
FN:539,(anonymous_82)
FN:549,(anonymous_83)
FN:559,(anonymous_84)
FN:568,(anonymous_85)
FN:579,(anonymous_86)
FN:581,(anonymous_87)
FN:583,(anonymous_88)
FN:588,(anonymous_89)
FN:617,(anonymous_90)
FN:623,(anonymous_91)
FN:630,(anonymous_92)
FN:639,(anonymous_93)
FN:670,(anonymous_94)
FN:680,(anonymous_95)
FN:730,(anonymous_96)
FN:767,(anonymous_97)
FN:777,(anonymous_98)
FN:779,(anonymous_99)
FN:797,(anonymous_100)
FN:811,(anonymous_101)
FN:820,(anonymous_102)
FN:821,(anonymous_103)
FN:826,(anonymous_104)
FN:841,(anonymous_105)
FN:847,(anonymous_106)
FN:860,(anonymous_107)
FN:873,(anonymous_108)
FN:904,(anonymous_109)
FN:919,(anonymous_110)
FN:921,(anonymous_111)
FN:924,(anonymous_112)
FN:937,(anonymous_113)
FN:945,(anonymous_114)
FN:961,(anonymous_115)
FN:974,(anonymous_116)
FN:978,(anonymous_117)
FN:983,(anonymous_118)
FN:988,(anonymous_119)
FN:999,(anonymous_120)
FN:1002,(anonymous_121)
FN:1021,(anonymous_122)
FN:1028,(anonymous_123)
FN:1032,(anonymous_124)
FN:1036,(anonymous_125)
FN:1052,(anonymous_126)
FN:1063,(anonymous_127)
FN:1082,(anonymous_128)
FN:1101,(anonymous_129)
FN:1120,(anonymous_130)
FN:1139,(anonymous_131)
FN:1145,(anonymous_132)
FN:1151,(anonymous_133)
FN:1163,(anonymous_134)
FN:1168,(anonymous_135)
FN:1174,(anonymous_136)
FN:1181,(anonymous_137)
FN:1197,(anonymous_138)
FN:1206,(anonymous_139)
FN:1234,(anonymous_140)
FN:1251,(anonymous_141)
FN:1265,(anonymous_142)
FN:1274,(anonymous_143)
FN:1283,(anonymous_144)
FN:1292,(anonymous_145)
FN:1305,(anonymous_146)
FN:1321,(anonymous_147)
FN:1337,(anonymous_148)
FN:1374,(anonymous_149)
FN:1377,(anonymous_150)
FN:1378,(anonymous_151)
FN:1389,(anonymous_152)
FN:1395,(anonymous_153)
FN:1401,(anonymous_154)
FN:1431,(anonymous_155)
FN:1463,(anonymous_156)
FN:1465,(anonymous_157)
FN:1478,(anonymous_158)
FN:1500,(anonymous_159)
FN:1506,(anonymous_160)
FN:1515,(anonymous_161)
FN:1520,(anonymous_162)
FN:1528,(anonymous_163)
FN:1536,(anonymous_164)
FN:1546,(anonymous_165)
FN:1549,(anonymous_166)
FN:1568,(anonymous_167)
FN:1575,(anonymous_168)
FN:1601,(anonymous_169)
FN:1607,(anonymous_170)
FN:1613,(anonymous_171)
FN:1624,(anonymous_172)
FN:1633,(anonymous_173)
FNF:174
FNH:131
FNDA:59,toLngLatArray
FNDA:9,normalizePath
FNDA:27,(anonymous_2)
FNDA:9,closeRing
FNDA:13,boundsToPlain
FNDA:13,getOverlayBounds
FNDA:6,scheduleTask
FNDA:6,detachOverlayFromMap
FNDA:1,detachOverlaysFromMap
FNDA:2,(anonymous_9)
FNDA:9,removeMouseToolOverlayCache
FNDA:4,(anonymous_11)
FNDA:4,(anonymous_12)
FNDA:7,escapeHtml
FNDA:7,createCustomMarkerContent
FNDA:1,normalizeCustomMarkerPosition
FNDA:0,getPathFromBounds
FNDA:13,overlayToGeoJSON
FNDA:14,(anonymous_18)
FNDA:16,(anonymous_19)
FNDA:6,(anonymous_20)
FNDA:16,(anonymous_21)
FNDA:5,(anonymous_22)
FNDA:26,(anonymous_23)
FNDA:0,(anonymous_24)
FNDA:0,(anonymous_25)
FNDA:0,(anonymous_26)
FNDA:0,(anonymous_27)
FNDA:0,(anonymous_28)
FNDA:0,(anonymous_29)
FNDA:0,(anonymous_30)
FNDA:0,(anonymous_31)
FNDA:1,(anonymous_32)
FNDA:0,(anonymous_33)
FNDA:0,(anonymous_34)
FNDA:0,(anonymous_35)
FNDA:0,(anonymous_36)
FNDA:0,(anonymous_37)
FNDA:0,(anonymous_38)
FNDA:0,(anonymous_39)
FNDA:1,(anonymous_40)
FNDA:0,(anonymous_41)
FNDA:1,(anonymous_42)
FNDA:1,(anonymous_43)
FNDA:1,(anonymous_44)
FNDA:0,(anonymous_45)
FNDA:3,(anonymous_46)
FNDA:0,(anonymous_47)
FNDA:5,(anonymous_48)
FNDA:1,(anonymous_49)
FNDA:1,(anonymous_50)
FNDA:3,(anonymous_51)
FNDA:0,(anonymous_52)
FNDA:1,(anonymous_53)
FNDA:2,(anonymous_54)
FNDA:1,(anonymous_55)
FNDA:1,(anonymous_56)
FNDA:1,(anonymous_57)
FNDA:1,(anonymous_58)
FNDA:1,(anonymous_59)
FNDA:0,(anonymous_60)
FNDA:0,(anonymous_61)
FNDA:1,(anonymous_62)
FNDA:1,(anonymous_63)
FNDA:1,(anonymous_64)
FNDA:3,(anonymous_65)
FNDA:0,(anonymous_66)
FNDA:5,(anonymous_67)
FNDA:1,(anonymous_68)
FNDA:1,(anonymous_69)
FNDA:3,(anonymous_70)
FNDA:0,(anonymous_71)
FNDA:0,(anonymous_72)
FNDA:1,(anonymous_73)
FNDA:3,(anonymous_74)
FNDA:1,(anonymous_75)
FNDA:2,(anonymous_76)
FNDA:3,(anonymous_77)
FNDA:3,(anonymous_78)
FNDA:5,(anonymous_79)
FNDA:2,(anonymous_80)
FNDA:1,(anonymous_81)
FNDA:1,(anonymous_82)
FNDA:1,(anonymous_83)
FNDA:1,(anonymous_84)
FNDA:1,(anonymous_85)
FNDA:1,(anonymous_86)
FNDA:2,(anonymous_87)
FNDA:2,(anonymous_88)
FNDA:0,(anonymous_89)
FNDA:3,(anonymous_90)
FNDA:0,(anonymous_91)
FNDA:1,(anonymous_92)
FNDA:0,(anonymous_93)
FNDA:2,(anonymous_94)
FNDA:2,(anonymous_95)
FNDA:1,(anonymous_96)
FNDA:1,(anonymous_97)
FNDA:1,(anonymous_98)
FNDA:0,(anonymous_99)
FNDA:1,(anonymous_100)
FNDA:1,(anonymous_101)
FNDA:1,(anonymous_102)
FNDA:1,(anonymous_103)
FNDA:16,(anonymous_104)
FNDA:8,(anonymous_105)
FNDA:7,(anonymous_106)
FNDA:4,(anonymous_107)
FNDA:4,(anonymous_108)
FNDA:1,(anonymous_109)
FNDA:1,(anonymous_110)
FNDA:0,(anonymous_111)
FNDA:1,(anonymous_112)
FNDA:2,(anonymous_113)
FNDA:2,(anonymous_114)
FNDA:1,(anonymous_115)
FNDA:4,(anonymous_116)
FNDA:1,(anonymous_117)
FNDA:1,(anonymous_118)
FNDA:2,(anonymous_119)
FNDA:3,(anonymous_120)
FNDA:4,(anonymous_121)
FNDA:2,(anonymous_122)
FNDA:0,(anonymous_123)
FNDA:0,(anonymous_124)
FNDA:0,(anonymous_125)
FNDA:0,(anonymous_126)
FNDA:0,(anonymous_127)
FNDA:1,(anonymous_128)
FNDA:1,(anonymous_129)
FNDA:1,(anonymous_130)
FNDA:16,(anonymous_131)
FNDA:6,(anonymous_132)
FNDA:0,(anonymous_133)
FNDA:0,(anonymous_134)
FNDA:0,(anonymous_135)
FNDA:0,(anonymous_136)
FNDA:5,(anonymous_137)
FNDA:5,(anonymous_138)
FNDA:5,(anonymous_139)
FNDA:13,(anonymous_140)
FNDA:12,(anonymous_141)
FNDA:8,(anonymous_142)
FNDA:3,(anonymous_143)
FNDA:1,(anonymous_144)
FNDA:6,(anonymous_145)
FNDA:12,(anonymous_146)
FNDA:2,(anonymous_147)
FNDA:1,(anonymous_148)
FNDA:1,(anonymous_149)
FNDA:6,(anonymous_150)
FNDA:2,(anonymous_151)
FNDA:1,(anonymous_152)
FNDA:6,(anonymous_153)
FNDA:4,(anonymous_154)
FNDA:2,(anonymous_155)
FNDA:1,(anonymous_156)
FNDA:2,(anonymous_157)
FNDA:2,(anonymous_158)
FNDA:2,(anonymous_159)
FNDA:2,(anonymous_160)
FNDA:0,(anonymous_161)
FNDA:0,(anonymous_162)
FNDA:1,(anonymous_163)
FNDA:0,(anonymous_164)
FNDA:5,(anonymous_165)
FNDA:2,(anonymous_166)
FNDA:4,(anonymous_167)
FNDA:6,(anonymous_168)
FNDA:8,(anonymous_169)
FNDA:2,(anonymous_170)
FNDA:2,(anonymous_171)
FNDA:6,(anonymous_172)
FNDA:0,(anonymous_173)
DA:8,2
DA:16,2
DA:18,2
DA:28,2
DA:31,59
DA:32,59
DA:33,0
DA:34,0
DA:36,0
DA:40,9
DA:42,9
DA:44,27
DA:48,9
DA:50,9
DA:51,9
DA:52,9
DA:53,0
DA:56,9
DA:60,13
DA:62,13
DA:63,13
DA:65,13
DA:67,13
DA:74,13
DA:76,13
DA:77,13
DA:79,0
DA:84,6
DA:88,6
DA:92,6
DA:94,6
DA:95,4
DA:96,4
DA:99,2
DA:100,2
DA:105,1
DA:106,2
DA:111,9
DA:113,2
DA:114,4
DA:115,4
DA:116,4
DA:122,7
DA:131,7
DA:135,1
DA:137,1
DA:141,1
DA:143,1
DA:144,1
DA:145,1
DA:147,1
DA:151,0
DA:153,0
DA:154,0
DA:156,0
DA:166,13
DA:168,13
DA:169,4
DA:170,4
DA:172,4
DA:185,9
DA:189,9
DA:191,9
DA:205,14
DA:206,14
DA:207,14
DA:208,14
DA:209,14
DA:210,14
DA:211,14
DA:212,14
DA:213,14
DA:214,14
DA:215,14
DA:216,14
DA:217,14
DA:218,14
DA:219,14
DA:220,14
DA:221,14
DA:222,14
DA:223,14
DA:224,14
DA:225,14
DA:226,14
DA:227,14
DA:231,16
DA:232,16
DA:233,5
DA:235,16
DA:239,6
DA:241,6
DA:242,0
DA:245,6
DA:246,6
DA:247,6
DA:251,16
DA:253,16
DA:254,5
DA:255,5
DA:260,26
DA:262,26
DA:263,0
DA:264,0
DA:265,0
DA:266,0
DA:267,0
DA:268,0
DA:269,0
DA:270,0
DA:271,1
DA:272,0
DA:273,0
DA:274,0
DA:275,0
DA:276,0
DA:277,0
DA:278,0
DA:279,1
DA:280,0
DA:281,1
DA:282,1
DA:283,1
DA:284,0
DA:285,3
DA:286,0
DA:287,5
DA:288,1
DA:289,1
DA:290,3
DA:291,0
DA:292,1
DA:293,2
DA:294,1
DA:295,1
DA:296,1
DA:297,1
DA:298,1
DA:301,26
DA:302,26
DA:307,0
DA:309,0
DA:310,0
DA:311,0
DA:318,0
DA:319,0
DA:320,0
DA:321,0
DA:324,0
DA:325,0
DA:328,0
DA:332,0
DA:334,0
DA:335,0
DA:336,0
DA:341,0
DA:342,0
DA:343,0
DA:344,0
DA:347,0
DA:348,0
DA:351,0
DA:355,1
DA:357,1
DA:358,1
DA:359,1
DA:361,1
DA:362,0
DA:363,0
DA:364,0
DA:367,1
DA:368,1
DA:371,1
DA:375,1
DA:377,1
DA:378,1
DA:379,1
DA:381,1
DA:382,0
DA:383,0
DA:384,0
DA:387,1
DA:388,1
DA:391,1
DA:395,1
DA:397,1
DA:398,1
DA:399,1
DA:401,1
DA:402,0
DA:403,0
DA:404,0
DA:407,1
DA:408,1
DA:411,1
DA:415,3
DA:417,3
DA:418,3
DA:420,3
DA:421,1
DA:423,2
DA:426,3
DA:430,0
DA:432,0
DA:433,0
DA:435,0
DA:436,0
DA:440,5
DA:442,5
DA:443,5
DA:445,5
DA:446,5
DA:450,1
DA:452,1
DA:453,1
DA:455,1
DA:456,1
DA:457,1
DA:462,1
DA:464,1
DA:465,1
DA:467,1
DA:468,1
DA:472,3
DA:474,3
DA:475,3
DA:477,3
DA:478,3
DA:479,3
DA:483,0
DA:484,0
DA:485,0
DA:487,0
DA:491,1
DA:492,1
DA:494,1
DA:495,3
DA:497,1
DA:498,1
DA:499,1
DA:501,1
DA:502,1
DA:507,2
DA:510,2
DA:512,3
DA:513,3
DA:515,2
DA:517,2
DA:518,5
DA:520,2
DA:521,2
DA:522,2
DA:524,2
DA:525,2
DA:530,1
DA:532,1
DA:533,1
DA:534,1
DA:535,1
DA:540,1
DA:542,1
DA:543,1
DA:544,1
DA:545,1
DA:550,1
DA:552,1
DA:553,1
DA:554,1
DA:555,1
DA:560,1
DA:562,1
DA:563,1
DA:564,1
DA:569,1
DA:571,1
DA:572,1
DA:574,1
DA:575,1
DA:580,1
DA:581,2
DA:583,2
DA:584,1
DA:589,0
DA:590,0
DA:592,0
DA:593,0
DA:609,0
DA:610,0
DA:611,0
DA:614,0
DA:618,3
DA:619,1
DA:624,0
DA:625,0
DA:626,0
DA:627,0
DA:631,1
DA:632,1
DA:633,1
DA:634,1
DA:640,0
DA:641,0
DA:642,0
DA:646,0
DA:647,0
DA:648,0
DA:649,0
DA:652,0
DA:653,0
DA:655,0
DA:656,0
DA:657,0
DA:660,0
DA:661,0
DA:662,0
DA:665,0
DA:666,0
DA:671,2
DA:672,2
DA:673,2
DA:675,2
DA:676,0
DA:677,0
DA:680,2
DA:681,2
DA:682,2
DA:684,2
DA:685,2
DA:686,2
DA:702,2
DA:713,2
DA:714,2
DA:715,2
DA:716,2
DA:717,2
DA:718,2
DA:719,2
DA:720,2
DA:721,2
DA:722,2
DA:723,2
DA:727,2
DA:731,1
DA:732,1
DA:734,1
DA:737,1
DA:738,1
DA:755,1
DA:768,1
DA:770,1
DA:771,1
DA:772,1
DA:773,1
DA:774,1
DA:778,1
DA:779,1
DA:780,0
DA:783,1
DA:784,0
DA:787,1
DA:788,1
DA:789,1
DA:790,1
DA:792,1
DA:793,0
DA:798,1
DA:799,0
DA:800,0
DA:803,1
DA:804,1
DA:806,1
DA:807,1
DA:811,1
DA:812,1
DA:813,1
DA:814,1
DA:818,1
DA:819,1
DA:820,1
DA:821,1
DA:827,16
DA:829,16
DA:842,8
DA:844,8
DA:848,7
DA:850,7
DA:861,4
DA:865,4
DA:866,4
DA:869,0
DA:870,0
DA:874,4
DA:876,4
DA:879,4
DA:887,4
DA:888,4
DA:890,4
DA:891,4
DA:893,4
DA:894,4
DA:896,4
DA:897,4
DA:905,1
DA:906,1
DA:908,1
DA:909,0
DA:910,0
DA:913,1
DA:920,1
DA:925,1
DA:926,1
DA:927,1
DA:929,1
DA:930,1
DA:931,1
DA:932,1
DA:933,1
DA:934,1
DA:938,2
DA:939,2
DA:940,2
DA:942,2
DA:943,2
DA:945,2
DA:946,2
DA:948,2
DA:949,2
DA:950,2
DA:953,2
DA:955,2
DA:956,2
DA:958,2
DA:962,1
DA:963,1
DA:965,1
DA:966,1
DA:967,1
DA:971,1
DA:975,4
DA:976,4
DA:978,4
DA:979,1
DA:983,4
DA:984,1
DA:988,4
DA:989,2
DA:994,4
DA:995,4
DA:1000,3
DA:1002,3
DA:1003,4
DA:1004,4
DA:1005,4
DA:1007,4
DA:1009,4
DA:1010,4
DA:1011,4
DA:1013,4
DA:1014,4
DA:1018,3
DA:1022,2
DA:1024,2
DA:1025,2
DA:1029,0
DA:1033,0
DA:1037,0
DA:1038,0
DA:1039,0
DA:1040,0
DA:1043,0
DA:1044,0
DA:1045,0
DA:1048,0
DA:1049,0
DA:1053,0
DA:1054,0
DA:1060,0
DA:1064,0
DA:1065,0
DA:1066,0
DA:1069,0
DA:1070,0
DA:1073,0
DA:1077,0
DA:1079,0
DA:1083,1
DA:1084,1
DA:1085,0
DA:1088,1
DA:1089,0
DA:1092,1
DA:1096,1
DA:1098,1
DA:1102,1
DA:1103,1
DA:1104,0
DA:1107,1
DA:1108,0
DA:1111,1
DA:1115,1
DA:1117,1
DA:1121,1
DA:1122,1
DA:1123,0
DA:1126,1
DA:1127,0
DA:1130,1
DA:1134,1
DA:1136,1
DA:1140,16
DA:1142,16
DA:1146,6
DA:1147,6
DA:1152,0
DA:1153,0
DA:1156,0
DA:1157,0
DA:1160,0
DA:1164,0
DA:1166,0
DA:1168,0
DA:1169,0
DA:1171,0
DA:1175,0
DA:1177,0
DA:1178,0
DA:1182,5
DA:1183,5
DA:1184,5
DA:1185,5
DA:1187,5
DA:1189,5
DA:1190,5
DA:1192,5
DA:1193,5
DA:1194,5
DA:1197,5
DA:1198,5
DA:1199,5
DA:1207,5
DA:1209,5
DA:1210,5
DA:1218,5
DA:1219,5
DA:1220,5
DA:1228,5
DA:1229,5
DA:1230,5
DA:1231,5
DA:1235,13
DA:1237,13
DA:1238,13
DA:1239,13
DA:1248,13
DA:1252,12
DA:1254,10
DA:1266,8
DA:1267,8
DA:1269,8
DA:1270,8
DA:1275,3
DA:1276,3
DA:1278,3
DA:1279,2
DA:1280,2
DA:1283,1
DA:1284,1
DA:1285,1
DA:1293,6
DA:1297,6
DA:1298,4
DA:1301,2
DA:1302,2
DA:1306,12
DA:1308,12
DA:1309,3
DA:1310,3
DA:1313,9
DA:1322,2
DA:1323,1
DA:1326,1
DA:1327,0
DA:1330,1
DA:1331,1
DA:1334,0
DA:1338,1
DA:1339,1
DA:1341,1
DA:1342,0
DA:1345,1
DA:1349,1
DA:1350,1
DA:1351,0
DA:1352,0
DA:1355,1
DA:1356,1
DA:1357,1
DA:1359,1
DA:1360,1
DA:1363,1
DA:1365,1
DA:1366,1
DA:1369,1
DA:1370,1
DA:1371,1
DA:1375,1
DA:1377,1
DA:1378,6
DA:1379,2
DA:1381,6
DA:1382,6
DA:1390,1
DA:1391,0
DA:1392,0
DA:1395,1
DA:1396,6
DA:1398,1
DA:1402,4
DA:1404,1
DA:1405,1
DA:1406,1
DA:1409,1
DA:1411,1
DA:1412,1
DA:1415,1
DA:1416,1
DA:1418,1
DA:1419,1
DA:1420,1
DA:1421,1
DA:1423,1
DA:1426,1
DA:1427,1
DA:1432,2
DA:1433,2
DA:1434,2
DA:1436,2
DA:1437,0
DA:1443,2
DA:1444,2
DA:1445,2
DA:1447,2
DA:1448,2
DA:1449,2
DA:1450,2
DA:1453,2
DA:1455,2
DA:1456,2
DA:1459,2
DA:1460,2
DA:1464,1
DA:1465,2
DA:1471,1
DA:1476,1
DA:1478,1
DA:1479,2
DA:1480,2
DA:1481,2
DA:1484,1
DA:1486,1
DA:1487,1
DA:1488,1
DA:1490,1
DA:1491,1
DA:1494,1
DA:1495,1
DA:1496,1
DA:1500,2
DA:1507,2
DA:1508,2
DA:1510,2
DA:1511,2
DA:1512,2
DA:1514,2
DA:1515,1
DA:1516,0
DA:1518,1
DA:1519,1
DA:1520,1
DA:1521,0
DA:1525,1
DA:1528,2
DA:1529,1
DA:1533,2
DA:1535,2
DA:1536,0
DA:1537,0
DA:1541,2
DA:1542,2
DA:1547,5
DA:1549,5
DA:1550,2
DA:1551,2
DA:1552,2
DA:1554,2
DA:1556,2
DA:1557,2
DA:1558,2
DA:1560,2
DA:1561,2
DA:1565,5
DA:1569,4
DA:1571,4
DA:1572,4
DA:1576,6
DA:1579,6
DA:1581,6
DA:1582,6
DA:1588,0
DA:1589,0
DA:1594,0
DA:1602,8
DA:1603,2
DA:1608,2
DA:1609,0
DA:1610,0
DA:1613,2
DA:1614,2
DA:1615,2
DA:1617,2
DA:1620,2
DA:1621,2
DA:1625,6
DA:1626,3
DA:1627,3
DA:1629,3
DA:1634,0
DA:1635,0
DA:1636,0
LF:729
LH:559
BRDA:31,0,0,0
BRDA:31,0,1,59
BRDA:32,1,0,59
BRDA:32,1,1,0
BRDA:33,2,0,0
BRDA:33,2,1,0
BRDA:33,3,0,0
BRDA:33,3,1,0
BRDA:36,4,0,0
BRDA:36,4,1,0
BRDA:40,5,0,0
BRDA:40,5,1,9
BRDA:44,6,0,27
BRDA:44,6,1,27
BRDA:48,7,0,0
BRDA:48,7,1,9
BRDA:52,8,0,0
BRDA:52,8,1,9
BRDA:52,9,0,9
BRDA:52,9,1,0
BRDA:60,10,0,0
BRDA:60,10,1,13
BRDA:62,11,0,13
BRDA:62,11,1,0
BRDA:63,12,0,13
BRDA:63,12,1,0
BRDA:65,13,0,0
BRDA:65,13,1,13
BRDA:65,14,0,13
BRDA:65,14,1,13
BRDA:74,15,0,0
BRDA:74,15,1,13
BRDA:74,16,0,13
BRDA:74,16,1,13
BRDA:84,17,0,6
BRDA:84,17,1,0
BRDA:84,18,0,6
BRDA:84,18,1,6
BRDA:92,19,0,0
BRDA:92,19,1,6
BRDA:94,20,0,4
BRDA:94,20,1,2
BRDA:99,21,0,2
BRDA:99,21,1,0
BRDA:99,22,0,2
BRDA:99,22,1,2
BRDA:111,23,0,7
BRDA:111,23,1,2
BRDA:111,24,0,9
BRDA:111,24,1,2
BRDA:111,24,2,2
BRDA:115,25,0,4
BRDA:115,25,1,0
BRDA:122,26,0,0
BRDA:122,26,1,7
BRDA:135,27,0,0
BRDA:135,27,1,1
BRDA:137,28,0,0
BRDA:137,28,1,1
BRDA:139,29,0,1
BRDA:139,29,1,0
BRDA:139,30,0,1
BRDA:139,30,1,1
BRDA:141,31,0,0
BRDA:141,31,1,1
BRDA:141,32,0,1
BRDA:141,32,1,1
BRDA:145,33,0,0
BRDA:145,33,1,1
BRDA:145,34,0,1
BRDA:145,34,1,1
BRDA:151,35,0,0
BRDA:151,35,1,0
BRDA:151,36,0,0
BRDA:151,36,1,0
BRDA:151,36,2,0
BRDA:166,37,0,0
BRDA:166,37,1,13
BRDA:168,38,0,4
BRDA:168,38,1,9
BRDA:168,39,0,13
BRDA:168,39,1,4
BRDA:170,40,0,4
BRDA:170,40,1,0
BRDA:185,41,0,9
BRDA:185,41,1,0
BRDA:189,42,0,0
BRDA:189,42,1,9
BRDA:232,43,0,5
BRDA:232,43,1,11
BRDA:232,44,0,16
BRDA:232,44,1,5
BRDA:241,45,0,0
BRDA:241,45,1,6
BRDA:241,46,0,6
BRDA:241,46,1,6
BRDA:251,47,0,0
BRDA:251,47,1,16
BRDA:251,48,0,16
BRDA:251,48,1,16
BRDA:260,49,0,0
BRDA:260,49,1,26
BRDA:260,50,0,26
BRDA:260,50,1,26
BRDA:266,51,0,0
BRDA:266,51,1,0
BRDA:301,52,0,26
BRDA:301,52,1,0
BRDA:306,53,0,0
BRDA:307,54,0,0
BRDA:307,54,1,0
BRDA:318,55,0,0
BRDA:318,55,1,0
BRDA:324,56,0,0
BRDA:324,56,1,0
BRDA:324,57,0,0
BRDA:324,57,1,0
BRDA:331,58,0,0
BRDA:332,59,0,0
BRDA:332,59,1,0
BRDA:341,60,0,0
BRDA:341,60,1,0
BRDA:347,61,0,0
BRDA:347,61,1,0
BRDA:347,62,0,0
BRDA:347,62,1,0
BRDA:354,63,0,0
BRDA:355,64,0,0
BRDA:355,64,1,1
BRDA:361,65,0,0
BRDA:361,65,1,1
BRDA:367,66,0,1
BRDA:367,66,1,0
BRDA:367,67,0,1
BRDA:367,67,1,0
BRDA:374,68,0,0
BRDA:375,69,0,0
BRDA:375,69,1,1
BRDA:381,70,0,0
BRDA:381,70,1,1
BRDA:387,71,0,1
BRDA:387,71,1,0
BRDA:387,72,0,1
BRDA:387,72,1,0
BRDA:394,73,0,0
BRDA:395,74,0,0
BRDA:395,74,1,1
BRDA:401,75,0,0
BRDA:401,75,1,1
BRDA:407,76,0,1
BRDA:407,76,1,0
BRDA:407,77,0,1
BRDA:407,77,1,1
BRDA:414,78,0,0
BRDA:415,79,0,0
BRDA:415,79,1,3
BRDA:418,80,0,0
BRDA:418,80,1,3
BRDA:420,81,0,1
BRDA:420,81,1,2
BRDA:429,82,0,0
BRDA:430,83,0,0
BRDA:430,83,1,0
BRDA:433,84,0,0
BRDA:433,84,1,0
BRDA:433,85,0,0
BRDA:433,85,1,0
BRDA:439,86,0,0
BRDA:440,87,0,0
BRDA:440,87,1,5
BRDA:443,88,0,0
BRDA:443,88,1,5
BRDA:443,89,0,5
BRDA:443,89,1,5
BRDA:449,90,0,0
BRDA:450,91,0,0
BRDA:450,91,1,1
BRDA:450,92,0,1
BRDA:450,92,1,1
BRDA:453,93,0,0
BRDA:453,93,1,1
BRDA:455,94,0,1
BRDA:455,94,1,0
BRDA:461,95,0,0
BRDA:462,96,0,0
BRDA:462,96,1,1
BRDA:465,97,0,0
BRDA:465,97,1,1
BRDA:465,98,0,1
BRDA:465,98,1,1
BRDA:471,99,0,0
BRDA:472,100,0,0
BRDA:472,100,1,3
BRDA:475,101,0,0
BRDA:475,101,1,3
BRDA:490,102,0,0
BRDA:491,103,0,0
BRDA:491,103,1,1
BRDA:492,104,0,0
BRDA:492,104,1,1
BRDA:498,105,0,1
BRDA:498,105,1,0
BRDA:506,106,0,0
BRDA:507,107,0,2
BRDA:507,107,1,0
BRDA:512,108,0,3
BRDA:512,108,1,3
BRDA:515,109,0,0
BRDA:515,109,1,2
BRDA:521,110,0,2
BRDA:521,110,1,0
BRDA:529,111,0,0
BRDA:530,112,0,0
BRDA:530,112,1,1
BRDA:530,113,0,1
BRDA:530,113,1,1
BRDA:533,114,0,1
BRDA:533,114,1,0
BRDA:533,115,0,1
BRDA:533,115,1,1
BRDA:539,116,0,0
BRDA:540,117,0,0
BRDA:540,117,1,1
BRDA:540,118,0,1
BRDA:540,118,1,1
BRDA:543,119,0,1
BRDA:543,119,1,0
BRDA:543,120,0,1
BRDA:543,120,1,1
BRDA:549,121,0,0
BRDA:550,122,0,0
BRDA:550,122,1,1
BRDA:553,123,0,1
BRDA:553,123,1,0
BRDA:553,124,0,1
BRDA:553,124,1,1
BRDA:559,125,0,0
BRDA:560,126,0,0
BRDA:560,126,1,1
BRDA:563,127,0,1
BRDA:563,127,1,0
BRDA:563,128,0,1
BRDA:563,128,1,1
BRDA:569,129,0,0
BRDA:569,129,1,1
BRDA:569,130,0,1
BRDA:569,130,1,1
BRDA:569,130,2,1
BRDA:572,131,0,0
BRDA:572,131,1,1
BRDA:574,132,0,1
BRDA:574,132,1,0
BRDA:579,133,0,0
BRDA:580,134,0,1
BRDA:580,134,1,0
BRDA:583,135,0,1
BRDA:583,135,1,0
BRDA:583,136,0,1
BRDA:583,136,1,1
BRDA:592,137,0,0
BRDA:592,137,1,0
BRDA:592,138,0,0
BRDA:592,138,1,0
BRDA:609,139,0,0
BRDA:609,139,1,0
BRDA:618,140,0,1
BRDA:618,140,1,2
BRDA:647,141,0,0
BRDA:647,141,1,0
BRDA:655,142,0,0
BRDA:655,142,1,0
BRDA:660,143,0,0
BRDA:660,143,1,0
BRDA:665,144,0,0
BRDA:665,144,1,0
BRDA:675,145,0,0
BRDA:675,145,1,2
BRDA:682,146,0,0
BRDA:682,146,1,2
BRDA:722,147,0,2
BRDA:722,147,1,0
BRDA:730,148,0,0
BRDA:732,149,0,0
BRDA:732,149,1,1
BRDA:734,150,0,0
BRDA:734,150,1,1
BRDA:734,151,0,1
BRDA:734,151,1,1
BRDA:737,152,0,1
BRDA:737,152,1,0
BRDA:761,153,0,1
BRDA:761,153,1,1
BRDA:762,154,0,1
BRDA:762,154,1,1
BRDA:768,155,0,0
BRDA:768,155,1,1
BRDA:768,156,0,1
BRDA:768,156,1,1
BRDA:777,157,0,0
BRDA:783,158,0,0
BRDA:783,158,1,1
BRDA:792,159,0,0
BRDA:792,159,1,1
BRDA:792,160,0,1
BRDA:792,160,1,0
BRDA:797,161,0,0
BRDA:798,162,0,0
BRDA:798,162,1,1
BRDA:803,163,0,0
BRDA:803,163,1,1
BRDA:804,164,0,0
BRDA:804,164,1,1
BRDA:813,165,0,1
BRDA:813,165,1,0
BRDA:827,166,0,0
BRDA:827,166,1,16
BRDA:842,167,0,0
BRDA:842,167,1,8
BRDA:842,168,0,8
BRDA:842,168,1,8
BRDA:847,169,0,0
BRDA:847,170,0,0
BRDA:847,171,0,6
BRDA:848,172,0,0
BRDA:848,172,1,7
BRDA:852,173,0,6
BRDA:852,173,1,1
BRDA:861,174,0,0
BRDA:861,174,1,4
BRDA:861,175,0,4
BRDA:861,175,1,4
BRDA:865,176,0,4
BRDA:865,176,1,0
BRDA:865,177,0,4
BRDA:865,177,1,4
BRDA:870,178,0,0
BRDA:870,178,1,0
BRDA:874,179,0,0
BRDA:874,179,1,4
BRDA:874,180,0,4
BRDA:874,180,1,4
BRDA:876,181,0,4
BRDA:876,181,1,0
BRDA:880,182,0,4
BRDA:880,182,1,0
BRDA:887,183,0,4
BRDA:887,183,1,0
BRDA:890,184,0,4
BRDA:890,184,1,0
BRDA:893,185,0,4
BRDA:893,185,1,0
BRDA:896,186,0,4
BRDA:896,186,1,0
BRDA:904,187,0,0
BRDA:905,188,0,1
BRDA:905,188,1,1
BRDA:906,189,0,0
BRDA:906,189,1,1
BRDA:908,190,0,0
BRDA:908,190,1,1
BRDA:908,191,0,1
BRDA:908,191,1,1
BRDA:925,192,0,0
BRDA:925,192,1,1
BRDA:927,193,0,0
BRDA:927,193,1,1
BRDA:937,194,0,0
BRDA:938,195,0,2
BRDA:938,195,1,2
BRDA:939,196,0,0
BRDA:939,196,1,2
BRDA:948,197,0,2
BRDA:948,197,1,0
BRDA:950,198,0,0
BRDA:950,198,1,2
BRDA:955,199,0,2
BRDA:955,199,1,0
BRDA:961,200,0,0
BRDA:962,201,0,1
BRDA:962,201,1,1
BRDA:963,202,0,0
BRDA:963,202,1,1
BRDA:963,203,0,1
BRDA:963,203,1,1
BRDA:976,204,0,0
BRDA:976,204,1,4
BRDA:994,205,0,4
BRDA:994,205,1,0
BRDA:1000,206,0,0
BRDA:1000,206,1,3
BRDA:1000,207,0,3
BRDA:1000,207,1,3
BRDA:1000,207,2,3
BRDA:1002,208,0,0
BRDA:1009,209,0,4
BRDA:1009,209,1,0
BRDA:1010,210,0,4
BRDA:1010,210,1,0
BRDA:1010,211,0,4
BRDA:1010,211,1,4
BRDA:1013,212,0,4
BRDA:1013,212,1,0
BRDA:1013,213,0,4
BRDA:1013,213,1,4
BRDA:1022,214,0,0
BRDA:1022,214,1,2
BRDA:1022,215,0,2
BRDA:1022,215,1,2
BRDA:1022,215,2,2
BRDA:1022,215,3,2
BRDA:1053,216,0,0
BRDA:1053,216,1,0
BRDA:1065,217,0,0
BRDA:1065,217,1,0
BRDA:1065,218,0,0
BRDA:1065,218,1,0
BRDA:1065,218,2,0
BRDA:1069,219,0,0
BRDA:1069,219,1,0
BRDA:1069,220,0,0
BRDA:1069,220,1,0
BRDA:1084,221,0,0
BRDA:1084,221,1,1
BRDA:1084,222,0,1
BRDA:1084,222,1,0
BRDA:1084,222,2,0
BRDA:1088,223,0,0
BRDA:1088,223,1,1
BRDA:1088,224,0,1
BRDA:1088,224,1,0
BRDA:1103,225,0,0
BRDA:1103,225,1,1
BRDA:1103,226,0,1
BRDA:1103,226,1,0
BRDA:1103,226,2,0
BRDA:1107,227,0,0
BRDA:1107,227,1,1
BRDA:1107,228,0,1
BRDA:1107,228,1,0
BRDA:1122,229,0,0
BRDA:1122,229,1,1
BRDA:1122,230,0,1
BRDA:1122,230,1,0
BRDA:1122,230,2,0
BRDA:1126,231,0,0
BRDA:1126,231,1,1
BRDA:1126,232,0,1
BRDA:1126,232,1,0
BRDA:1140,233,0,0
BRDA:1140,233,1,16
BRDA:1140,234,0,16
BRDA:1140,234,1,16
BRDA:1140,234,2,16
BRDA:1146,235,0,6
BRDA:1146,235,1,0
BRDA:1152,236,0,0
BRDA:1152,236,1,0
BRDA:1156,237,0,0
BRDA:1156,237,1,0
BRDA:1164,238,0,0
BRDA:1164,238,1,0
BRDA:1164,239,0,0
BRDA:1164,239,1,0
BRDA:1166,240,0,0
BRDA:1166,240,1,0
BRDA:1175,241,0,0
BRDA:1175,241,1,0
BRDA:1175,242,0,0
BRDA:1175,242,1,0
BRDA:1175,242,2,0
BRDA:1181,243,0,0
BRDA:1183,244,0,5
BRDA:1183,244,1,0
BRDA:1187,245,0,0
BRDA:1187,245,1,5
BRDA:1193,246,0,5
BRDA:1193,246,1,0
BRDA:1207,247,0,0
BRDA:1207,247,1,5
BRDA:1218,248,0,5
BRDA:1218,248,1,0
BRDA:1219,249,0,5
BRDA:1219,249,1,0
BRDA:1221,250,0,5
BRDA:1221,250,1,5
BRDA:1235,251,0,0
BRDA:1235,251,1,13
BRDA:1235,252,0,13
BRDA:1235,252,1,13
BRDA:1251,253,0,0
BRDA:1251,254,0,0
BRDA:1251,255,0,11
BRDA:1252,256,0,2
BRDA:1252,256,1,10
BRDA:1256,257,0,9
BRDA:1256,257,1,1
BRDA:1257,258,0,9
BRDA:1257,258,1,1
BRDA:1266,259,0,8
BRDA:1266,259,1,0
BRDA:1269,260,0,8
BRDA:1269,260,1,0
BRDA:1274,261,0,2
BRDA:1274,262,0,2
BRDA:1276,263,0,0
BRDA:1276,263,1,3
BRDA:1278,264,0,2
BRDA:1278,264,1,1
BRDA:1293,265,0,2
BRDA:1293,265,1,4
BRDA:1293,266,0,6
[...]
DA:55,2
DA:57,2
DA:58,0
DA:59,0
DA:62,2
DA:63,2
DA:64,2
DA:67,0
DA:68,0
DA:73,6
DA:75,6
DA:76,24
DA:77,3
DA:79,24
DA:82,6
DA:86,6
DA:88,6
DA:89,22
DA:97,11
DA:100,11
DA:101,0
DA:104,11
DA:105,11
DA:110,3
DA:111,3
DA:112,3
DA:114,3
DA:115,3
DA:118,3
DA:119,3
DA:122,3
DA:126,3
DA:127,3
DA:129,3
DA:136,9
DA:137,3
DA:138,3
DA:139,6
DA:142,6
DA:146,3
DA:151,3
DA:152,24
DA:153,9
DA:158,6
DA:160,6
DA:161,6
DA:164,6
DA:165,6
DA:168,6
DA:169,6
DA:172,6
DA:173,6
DA:178,2
DA:179,2
DA:180,2
DA:184,9
DA:186,9
DA:187,36
DA:188,36
DA:192,3
DA:193,3
DA:194,3
DA:195,3
DA:196,3
DA:197,3
DA:198,3
DA:199,3
DA:202,2
DA:203,0
DA:204,0
DA:207,2
DA:208,1
DA:210,2
DA:214,3
DA:216,3
DA:217,2
DA:219,2
DA:220,2
DA:221,2
DA:226,5
DA:228,2
DA:229,2
DA:230,2
DA:231,2
DA:233,2
DA:234,2
DA:238,3
DA:239,3
DA:240,0
DA:241,0
DA:244,3
DA:245,0
DA:246,0
DA:249,3
DA:256,6
DA:258,3
DA:259,3
DA:261,3
DA:262,3
DA:263,3
DA:264,3
DA:266,3
DA:267,0
DA:270,3
DA:274,3
DA:276,3
DA:277,3
DA:278,0
DA:279,0
DA:284,6
DA:287,6
DA:288,6
DA:290,6
DA:291,6
DA:293,6
DA:297,6
DA:298,3
DA:299,3
DA:300,3
DA:303,3
DA:305,3
DA:306,0
DA:307,0
DA:310,3
DA:313,3
DA:315,3
DA:316,3
DA:317,3
DA:319,3
DA:320,3
DA:322,3
DA:328,0
DA:335,3
DA:336,3
DA:342,1
DA:343,1
DA:344,1
DA:347,0
DA:348,0
DA:352,2
DA:354,2
DA:358,3
DA:359,3
DA:360,3
DA:361,3
DA:362,3
DA:367,2
DA:368,2
DA:369,2
DA:370,2
DA:375,2
DA:376,2
DA:377,2
DA:378,2
DA:379,2
DA:383,0
DA:387,9
LF:173
LH:149
BRDA:22,0,0,3
BRDA:22,0,1,0
BRDA:22,1,0,3
BRDA:22,1,1,3
BRDA:28,2,0,0
BRDA:28,2,1,3
BRDA:37,3,0,0
BRDA:37,3,1,3
BRDA:37,4,0,3
BRDA:37,4,1,3
BRDA:39,5,0,0
BRDA:39,5,1,3
BRDA:44,6,0,3
BRDA:44,6,1,0
BRDA:49,7,0,0
BRDA:49,7,1,0
BRDA:55,8,0,0
BRDA:55,8,1,2
BRDA:55,9,0,2
BRDA:55,9,1,2
BRDA:57,10,0,0
BRDA:57,10,1,2
BRDA:62,11,0,2
BRDA:62,11,1,0
BRDA:67,12,0,0
BRDA:67,12,1,0
BRDA:72,13,0,0
BRDA:73,14,0,0
BRDA:73,14,1,6
BRDA:76,15,0,3
BRDA:76,15,1,21
BRDA:82,16,0,6
BRDA:82,16,1,3
BRDA:82,17,0,6
BRDA:82,17,1,6
BRDA:85,18,0,0
BRDA:85,19,0,3
BRDA:86,20,0,0
BRDA:86,20,1,6
BRDA:89,21,0,11
BRDA:89,21,1,11
BRDA:90,22,0,22
BRDA:90,22,1,21
BRDA:90,22,2,21
BRDA:90,22,3,18
BRDA:90,22,4,16
BRDA:90,22,5,14
BRDA:100,23,0,0
BRDA:100,23,1,11
BRDA:100,24,0,11
BRDA:100,24,1,2
BRDA:109,25,0,0
BRDA:114,26,0,3
BRDA:114,26,1,0
BRDA:118,27,0,3
BRDA:118,27,1,0
BRDA:125,28,0,0
BRDA:136,29,0,3
BRDA:136,29,1,6
BRDA:136,30,0,9
BRDA:136,30,1,6
BRDA:137,31,0,0
BRDA:137,31,1,3
BRDA:137,32,0,3
BRDA:137,32,1,3
BRDA:138,33,0,0
BRDA:138,33,1,3
BRDA:145,34,0,0
BRDA:145,35,0,0
BRDA:152,36,0,15
BRDA:152,36,1,9
BRDA:157,37,0,0
BRDA:158,38,0,0
BRDA:158,38,1,6
BRDA:160,39,0,6
BRDA:160,39,1,0
BRDA:160,40,0,6
BRDA:160,40,1,6
BRDA:164,41,0,6
BRDA:164,41,1,0
BRDA:164,42,0,6
BRDA:164,42,1,6
BRDA:168,43,0,6
BRDA:168,43,1,0
BRDA:168,44,0,6
BRDA:168,44,1,6
BRDA:172,45,0,6
BRDA:172,45,1,0
BRDA:172,46,0,6
BRDA:172,46,1,6
BRDA:178,47,0,0
BRDA:178,47,1,2
BRDA:180,48,0,0
BRDA:180,48,1,2
BRDA:183,49,0,0
BRDA:184,50,0,0
BRDA:184,50,1,9
BRDA:187,51,0,36
BRDA:187,51,1,9
BRDA:188,52,0,36
BRDA:188,52,1,9
BRDA:202,53,0,0
BRDA:202,53,1,2
BRDA:202,54,0,2
BRDA:202,54,1,2
BRDA:214,55,0,0
BRDA:214,55,1,3
BRDA:214,56,0,3
BRDA:214,56,1,3
BRDA:214,56,2,3
BRDA:226,57,0,3
BRDA:226,57,1,2
BRDA:230,58,0,2
BRDA:230,58,1,0
BRDA:239,59,0,0
BRDA:239,59,1,3
BRDA:244,60,0,0
BRDA:244,60,1,3
BRDA:256,61,0,3
BRDA:256,61,1,3
BRDA:259,62,0,0
BRDA:259,62,1,3
BRDA:266,63,0,0
BRDA:266,63,1,3
BRDA:266,64,0,3
BRDA:266,64,1,0
BRDA:274,65,0,0
BRDA:274,65,1,3
BRDA:276,66,0,3
BRDA:276,66,1,0
BRDA:277,67,0,3
BRDA:277,67,1,0
BRDA:278,68,0,0
BRDA:278,68,1,0
BRDA:283,69,0,3
BRDA:284,70,0,6
BRDA:284,70,1,0
BRDA:286,71,0,0
BRDA:286,71,1,0
BRDA:293,72,0,6
BRDA:293,72,1,3
BRDA:293,72,2,3
BRDA:293,72,3,0
BRDA:293,72,4,0
BRDA:297,73,0,3
BRDA:297,73,1,3
BRDA:305,74,0,0
BRDA:305,74,1,3
BRDA:314,75,0,0
BRDA:315,76,0,2
BRDA:315,76,1,1
BRDA:316,77,0,2
BRDA:316,77,1,1
BRDA:317,78,0,3
BRDA:317,78,1,0
BRDA:327,79,0,0
BRDA:330,80,0,0
BRDA:330,80,1,0
BRDA:334,81,0,0
BRDA:337,82,0,3
BRDA:337,82,1,0
BRDA:342,83,0,1
BRDA:342,83,1,0
BRDA:342,84,0,1
BRDA:342,84,1,1
BRDA:351,85,0,0
BRDA:352,86,0,0
BRDA:352,86,1,2
BRDA:352,87,0,2
BRDA:352,87,1,2
BRDA:361,88,0,3
BRDA:361,88,1,0
BRDA:361,89,0,3
BRDA:361,89,1,3
BRDA:369,90,0,2
BRDA:369,90,1,0
BRDA:369,91,0,2
BRDA:369,91,1,2
BRDA:391,92,0,9
BRDA:391,92,1,0
BRDA:394,93,0,9
BRDA:394,93,1,0
BRDA:395,94,0,9
BRDA:395,94,1,0
BRDA:398,95,0,9
BRDA:398,95,1,0
BRDA:399,96,0,9
BRDA:399,96,1,0
BRF:188
BRH:117
end_of_record
TN:
SF:src\map\wms-layer-registry.js
FN:17,isPlainObject
FN:21,getWMSConstructor
FN:29,addLayer
FN:42,removeLayer
FN:55,applyOptionSetters
FN:79,normalizeOptions
FN:96,createWMSLayer
FN:103,destroyLayerInstance
FN:114,createLayerInstance
FN:133,ensureLayer
FN:150,applyOptions
FN:173,(anonymous_11)
FN:177,(anonymous_12)
FN:181,(anonymous_13)
FN:185,(anonymous_14)
FN:194,(anonymous_15)
FN:202,(anonymous_16)
FN:208,(anonymous_17)
FN:212,(anonymous_18)
FNF:19
FNH:18
FNDA:18,isPlainObject
FNDA:8,getWMSConstructor
FNDA:5,addLayer
FNDA:3,removeLayer
FNDA:9,applyOptionSetters
FNDA:6,normalizeOptions
FNDA:5,createWMSLayer
FNDA:11,destroyLayerInstance
FNDA:8,createLayerInstance
FNDA:10,ensureLayer
FNDA:12,applyOptions
FNDA:6,(anonymous_11)
FNDA:1,(anonymous_12)
FNDA:5,(anonymous_13)
FNDA:2,(anonymous_14)
FNDA:1,(anonymous_15)
FNDA:3,(anonymous_16)
FNDA:0,(anonymous_17)
FNDA:12,(anonymous_18)
DA:3,3
DA:18,18
DA:22,8
DA:30,5
DA:32,5
DA:33,5
DA:34,5
DA:37,0
DA:38,0
DA:43,3
DA:45,3
DA:46,3
DA:47,3
DA:50,0
DA:51,0
DA:56,9
DA:58,9
DA:59,9
DA:62,9
DA:63,9
DA:66,9
DA:67,9
DA:70,9
DA:71,9
DA:74,9
DA:75,9
DA:80,6
DA:86,6
DA:88,6
DA:89,6
DA:90,2
DA:93,6
DA:97,5
DA:98,5
DA:99,5
DA:100,5
DA:101,5
DA:104,11
DA:106,3
DA:107,3
DA:108,3
DA:110,3
DA:111,3
DA:115,8
DA:116,8
DA:117,0
DA:118,0
DA:121,8
DA:122,3
DA:123,3
DA:126,5
DA:134,10
DA:136,8
DA:137,8
DA:139,5
DA:140,5
DA:141,5
DA:143,5
DA:144,2
DA:147,5
DA:151,12
DA:154,12
DA:155,12
DA:156,12
DA:158,12
DA:159,8
DA:160,8
DA:161,8
DA:164,4
DA:165,4
DA:166,3
DA:167,1
DA:168,1
DA:172,5
DA:174,6
DA:178,1
DA:182,5
DA:186,2
DA:187,2
DA:188,2
DA:189,2
DA:190,2
DA:195,1
DA:196,1
DA:197,1
DA:198,1
DA:203,3
DA:204,3
DA:205,3
DA:209,0
DA:213,12
LF:91
LH:84
BRDA:22,0,0,8
BRDA:22,0,1,0
BRDA:22,1,0,8
BRDA:22,1,1,8
BRDA:22,1,2,8
BRDA:30,2,0,0
BRDA:30,2,1,5
BRDA:30,3,0,5
BRDA:30,3,1,5
BRDA:32,4,0,5
BRDA:32,4,1,0
BRDA:37,5,0,0
BRDA:37,5,1,0
BRDA:43,6,0,0
BRDA:43,6,1,3
BRDA:43,7,0,3
BRDA:43,7,1,3
BRDA:45,8,0,3
BRDA:45,8,1,0
BRDA:50,9,0,0
BRDA:50,9,1,0
BRDA:55,10,0,0
BRDA:56,11,0,0
BRDA:56,11,1,9
BRDA:58,12,0,9
BRDA:58,12,1,0
BRDA:58,13,0,9
BRDA:58,13,1,9
BRDA:62,14,0,9
BRDA:62,14,1,0
BRDA:62,15,0,9
BRDA:62,15,1,9
BRDA:66,16,0,9
BRDA:66,16,1,0
BRDA:66,17,0,9
BRDA:66,17,1,9
BRDA:70,18,0,9
BRDA:70,18,1,0
BRDA:70,19,0,9
BRDA:70,19,1,9
BRDA:74,20,0,9
BRDA:74,20,1,0
BRDA:74,21,0,9
BRDA:74,21,1,9
BRDA:79,22,0,0
BRDA:80,23,0,6
BRDA:80,23,1,0
BRDA:88,24,0,6
BRDA:88,24,1,6
BRDA:89,25,0,2
BRDA:89,25,1,4
BRDA:90,26,0,2
BRDA:90,26,1,0
BRDA:104,27,0,8
BRDA:104,27,1,3
BRDA:107,28,0,3
BRDA:107,28,1,0
BRDA:116,29,0,0
BRDA:116,29,1,8
BRDA:121,30,0,3
BRDA:121,30,1,5
BRDA:134,31,0,2
BRDA:134,31,1,8
BRDA:137,32,0,3
BRDA:137,32,1,5
BRDA:143,33,0,2
BRDA:143,33,1,3
BRDA:143,34,0,5
BRDA:143,34,1,2
BRDA:151,35,0,12
BRDA:151,35,1,0
BRDA:153,36,0,0
BRDA:153,36,1,0
BRDA:158,37,0,8
BRDA:158,37,1,4
BRDA:158,38,0,12
BRDA:158,38,1,4
BRDA:165,39,0,3
BRDA:165,39,1,1
BRDA:166,40,0,3
BRDA:166,40,1,0
BRDA:167,41,0,1
BRDA:167,41,1,0
BRDA:173,42,0,1
BRDA:177,43,0,0
BRDA:178,44,0,1
BRDA:178,44,1,1
BRDA:181,45,0,1
BRDA:182,46,0,5
BRDA:182,46,1,1
BRDA:189,47,0,2
BRDA:189,47,1,0
BRDA:189,48,0,2
BRDA:189,48,1,2
BRDA:197,49,0,1
BRDA:197,49,1,0
BRDA:197,50,0,1
BRDA:197,50,1,1
BRDA:217,51,0,12
BRDA:217,51,1,0
BRDA:218,52,0,12
BRDA:218,52,1,0
BRDA:221,53,0,12
BRDA:221,53,1,0
BRF:104
BRH:72
end_of_record
TN:
SF:src\map\wmts-layer-registry.js
FN:28,isPlainObject
FN:32,hasAnyTemplateKey
FN:33,(anonymous_2)
FN:36,isTemplateUrl
FN:43,replaceTileToken
FN:44,(anonymous_5)
FN:47,appendQuery
FN:49,(anonymous_7)
FN:50,(anonymous_8)
FN:58,pickTileLayerOptions
FN:59,(anonymous_10)
FN:67,addLayer
FN:80,removeLayer
FN:93,applyOptionSetters
FN:109,normalizeOptions
FN:140,getTileMatrix
FN:152,buildWMTSTileUrl
FN:176,createWMTSLayer
FN:183,destroyLayerInstance
FN:194,createLayerInstance
FN:202,(anonymous_20)
FN:208,ensureLayer
FN:223,applyOptions
FN:253,(anonymous_23)
FN:257,(anonymous_24)
FN:261,(anonymous_25)
FN:265,(anonymous_26)
FN:274,(anonymous_27)
FN:282,(anonymous_28)
FN:288,(anonymous_29)
FN:292,(anonymous_30)
FNF:31
FNH:29
FNDA:9,isPlainObject
FNDA:15,hasAnyTemplateKey
FNDA:18,(anonymous_2)
FNDA:7,isTemplateUrl
FNDA:9,replaceTileToken
FNDA:18,(anonymous_5)
FNDA:2,appendQuery
FNDA:22,(anonymous_7)
FNDA:22,(anonymous_8)
FNDA:3,pickTileLayerOptions
FNDA:15,(anonymous_10)
FNDA:3,addLayer
FNDA:2,removeLayer
FNDA:5,applyOptionSetters
FNDA:7,normalizeOptions
FNDA:2,getTileMatrix
FNDA:5,buildWMTSTileUrl
FNDA:3,createWMTSLayer
FNDA:5,destroyLayerInstance
FNDA:3,createLayerInstance
FNDA:3,(anonymous_20)
FNDA:4,ensureLayer
FNDA:7,applyOptions
FNDA:5,(anonymous_23)
FNDA:0,(anonymous_24)
FNDA:2,(anonymous_25)
FNDA:1,(anonymous_26)
FNDA:1,(anonymous_27)
FNDA:2,(anonymous_28)
FNDA:0,(anonymous_29)
FNDA:6,(anonymous_30)
DA:3,3
DA:4,3
DA:5,3
DA:7,3
DA:20,3
DA:29,9
DA:33,18
DA:37,7
DA:38,7
DA:44,18
DA:48,2
DA:49,22
DA:50,22
DA:53,2
DA:55,2
DA:59,3
DA:60,15
DA:61,12
DA:63,15
DA:68,3
DA:70,3
DA:71,3
DA:72,3
DA:75,0
DA:76,0
DA:81,2
DA:83,2
DA:84,2
DA:85,2
DA:88,0
DA:89,0
DA:94,5
DA:96,5
DA:97,5
DA:100,5
DA:101,5
DA:104,5
DA:105,5
DA:110,7
DA:117,7
DA:118,7
DA:120,7
DA:121,7
DA:123,7
DA:124,0
DA:127,7
DA:128,3
DA:129,1
DA:132,2
DA:133,1
DA:137,5
DA:141,2
DA:142,0
DA:145,2
DA:146,0
DA:149,2
DA:153,5
DA:154,3
DA:155,3
DA:156,3
DA:157,3
DA:158,3
DA:161,2
DA:177,3
DA:178,3
DA:179,3
DA:180,3
DA:181,3
DA:184,5
DA:186,2
DA:187,2
DA:188,2
DA:190,2
DA:191,2
DA:195,3
DA:196,0
DA:199,3
DA:203,3
DA:209,4
DA:211,3
DA:212,3
DA:213,3
DA:214,3
DA:216,3
DA:217,1
DA:220,3
DA:224,7
DA:225,7
DA:226,7
DA:227,7
DA:229,7
DA:230,5
DA:232,5
DA:238,5
DA:239,3
DA:240,3
DA:241,3
DA:244,2
DA:245,2
DA:246,2
DA:247,0
DA:248,0
DA:252,3
DA:254,5
DA:258,0
DA:262,2
DA:266,1
DA:267,1
DA:268,1
DA:269,1
DA:270,1
DA:275,1
DA:276,1
DA:277,1
DA:278,1
DA:283,2
DA:284,2
DA:285,2
DA:289,0
DA:293,6
LF:120
LH:108
BRDA:37,0,0,7
BRDA:37,0,1,0
BRDA:38,1,0,7
BRDA:38,1,1,4
BRDA:38,1,2,4
BRDA:49,2,0,22
BRDA:49,2,1,22
BRDA:53,3,0,0
BRDA:53,3,1,2
BRDA:55,4,0,0
BRDA:55,4,1,2
BRDA:60,5,0,12
BRDA:60,5,1,3
BRDA:68,6,0,0
BRDA:68,6,1,3
BRDA:68,7,0,3
BRDA:68,7,1,3
BRDA:70,8,0,3
BRDA:70,8,1,0
BRDA:75,9,0,0
BRDA:75,9,1,0
BRDA:81,10,0,0
BRDA:81,10,1,2
BRDA:81,11,0,2
BRDA:81,11,1,2
BRDA:83,12,0,2
BRDA:83,12,1,0
BRDA:88,13,0,0
BRDA:88,13,1,0
BRDA:93,14,0,0
BRDA:94,15,0,0
BRDA:94,15,1,5
BRDA:96,16,0,5
BRDA:96,16,1,0
BRDA:96,17,0,5
BRDA:96,17,1,5
BRDA:100,18,0,5
BRDA:100,18,1,0
BRDA:100,19,0,5
BRDA:100,19,1,5
BRDA:104,20,0,5
BRDA:104,20,1,0
BRDA:104,21,0,5
BRDA:104,21,1,5
BRDA:109,22,0,0
BRDA:110,23,0,7
BRDA:110,23,1,0
BRDA:120,24,0,7
BRDA:120,24,1,4
BRDA:120,25,0,7
BRDA:120,25,1,7
BRDA:120,26,0,7
BRDA:120,26,1,7
BRDA:123,27,0,0
BRDA:123,27,1,7
BRDA:127,28,0,3
BRDA:127,28,1,4
BRDA:128,29,0,1
BRDA:128,29,1,2
BRDA:132,30,0,1
BRDA:132,30,1,1
BRDA:141,31,0,0
BRDA:141,31,1,2
BRDA:141,32,0,2
BRDA:141,32,1,0
BRDA:145,33,0,0
BRDA:145,33,1,2
BRDA:145,34,0,2
BRDA:145,34,1,0
BRDA:149,35,0,1
BRDA:149,35,1,1
BRDA:153,36,0,3
BRDA:153,36,1,2
BRDA:184,37,0,3
BRDA:184,37,1,2
BRDA:187,38,0,2
BRDA:187,38,1,0
BRDA:195,39,0,0
BRDA:195,39,1,3
BRDA:195,40,0,3
BRDA:195,40,1,3
BRDA:209,41,0,1
BRDA:209,41,1,3
BRDA:216,42,0,1
BRDA:216,42,1,2
BRDA:216,43,0,3
BRDA:216,43,1,1
BRDA:232,44,0,5
BRDA:232,44,1,2
BRDA:232,44,2,2
BRDA:232,44,3,2
BRDA:232,44,4,2
BRDA:238,45,0,3
BRDA:238,45,1,2
BRDA:245,46,0,2
BRDA:245,46,1,0
BRDA:246,47,0,2
BRDA:246,47,1,0
BRDA:247,48,0,0
BRDA:247,48,1,0
BRDA:253,49,0,0
BRDA:257,50,0,0
BRDA:258,51,0,0
BRDA:258,51,1,0
BRDA:261,52,0,0
BRDA:262,53,0,2
BRDA:262,53,1,0
BRDA:269,54,0,1
BRDA:269,54,1,0
BRDA:269,55,0,1
BRDA:269,55,1,1
BRDA:277,56,0,1
BRDA:277,56,1,0
BRDA:277,57,0,1
BRDA:277,57,1,1
BRDA:297,58,0,6
BRDA:297,58,1,0
BRDA:299,59,0,6
BRDA:299,59,1,6
BRDA:300,60,0,6
BRDA:300,60,1,6
BRDA:305,61,0,6
BRDA:305,61,1,0
BRDA:307,62,0,6
BRDA:307,62,1,0
BRF:125
BRH:85
end_of_record
TN:
SF:src\map-business\bank-radius-render.js
FN:12,normalizeCoordinate
FN:27,getBankType
FN:31,isChinaBank
FN:35,createBankFeature
FN:58,createBankPointGeoJSON
FN:67,createBankRadiusGeoJSON
FN:76,(anonymous_6)
FN:89,renderBankPointsWithChinaBankRadius
FN:134,(anonymous_8)
FN:145,(anonymous_9)
FNF:10
FNH:8
FNDA:31,normalizeCoordinate
FNDA:37,getBankType
FNDA:6,isChinaBank
FNDA:31,createBankFeature
FNDA:14,createBankPointGeoJSON
FNDA:3,createBankRadiusGeoJSON
FNDA:3,(anonymous_6)
FNDA:1,renderBankPointsWithChinaBankRadius
FNDA:0,(anonymous_8)
FNDA:0,(anonymous_9)
DA:3,2
DA:5,2
DA:6,2
DA:8,2
DA:13,31
DA:14,31
DA:15,29
DA:16,29
DA:17,29
DA:18,29
DA:22,2
DA:23,2
DA:24,2
DA:28,37
DA:32,6
DA:36,31
DA:37,31
DA:39,31
DA:40,31
DA:42,31
DA:59,14
DA:68,3
DA:70,3
DA:76,3
DA:96,1
DA:98,1
DA:99,1
DA:101,1
DA:102,1
DA:104,1
DA:124,1
DA:134,0
DA:145,0
DA:152,1
DA:153,0
DA:159,1
LF:36
LH:33
BRDA:13,0,0,31
BRDA:13,0,1,31
BRDA:13,0,2,29
BRDA:14,1,0,29
BRDA:14,1,1,2
BRDA:14,2,0,31
BRDA:14,2,1,29
BRDA:17,3,0,29
BRDA:17,3,1,0
BRDA:17,4,0,29
BRDA:17,4,1,29
BRDA:22,5,0,2
BRDA:22,5,1,2
BRDA:23,6,0,2
BRDA:23,6,1,2
BRDA:24,7,0,2
BRDA:24,7,1,0
BRDA:24,8,0,2
BRDA:24,8,1,2
BRDA:28,9,0,37
BRDA:28,9,1,0
BRDA:28,10,0,37
BRDA:28,10,1,37
BRDA:37,11,0,0
BRDA:37,11,1,31
BRDA:40,12,0,0
BRDA:40,12,1,31
BRDA:58,13,0,0
BRDA:67,14,0,0
BRDA:67,15,0,0
BRDA:68,16,0,3
BRDA:68,16,1,0
BRDA:89,17,0,0
BRDA:89,18,0,0
BRDA:91,19,0,1
BRDA:92,20,0,1
BRDA:93,21,0,1
BRDA:94,22,0,0
BRDA:95,23,0,0
BRDA:145,24,0,0
BRDA:145,24,1,0
BRDA:145,24,2,0
BRDA:152,25,0,0
BRDA:152,25,1,1
BRF:44
BRH:27
end_of_record
TN:
SF:src\map-business\district-count-render.js
FN:6,normalizeCoordinate
FN:27,getDistrictId
FN:34,formatCount
FN:40,createDistrictCountFeature
FN:65,createDistrictCountGeoJSON
FN:74,getPoiId
FN:81,getPoiCategory
FN:89,createPoiFeature
FN:114,createPoiPointGeoJSON
FN:123,getDistrictGroupKey
FN:129,createDistrictCountGeoJSONFromPoiRecords
FN:132,(anonymous_11)
FN:154,(anonymous_12)
FN:167,createCountMarkerHtml
FN:192,createHoverCountMarkerHtml
FN:217,renderDistrictCountPoints
FN:260,(anonymous_16)
FN:293,createPoiClusterHtml
FN:319,renderPoiClusterLayer
FN:383,(anonymous_19)
FN:399,(anonymous_20)
FN:424,renderPoiClusterOrDistrictCount
FN:463,(anonymous_22)
FN:510,createPoiClusterDistrictZoomRenderer
FN:519,renderByZoom
FN:547,setRecords
FN:555,destroy
FN:565,(anonymous_27)
FNF:28
FNH:19
FNDA:38,normalizeCoordinate
FNDA:12,getDistrictId
FNDA:12,formatCount
FNDA:14,createDistrictCountFeature
FNDA:7,createDistrictCountGeoJSON
FNDA:11,getPoiId
FNDA:11,getPoiCategory
FNDA:11,createPoiFeature
FNDA:4,createPoiPointGeoJSON
FNDA:13,getDistrictGroupKey
FNDA:5,createDistrictCountGeoJSONFromPoiRecords
FNDA:13,(anonymous_11)
FNDA:8,(anonymous_12)
FNDA:0,createCountMarkerHtml
FNDA:0,createHoverCountMarkerHtml
FNDA:1,renderDistrictCountPoints
FNDA:1,(anonymous_16)
FNDA:0,createPoiClusterHtml
FNDA:3,renderPoiClusterLayer
FNDA:0,(anonymous_19)
FNDA:0,(anonymous_20)
FNDA:6,renderPoiClusterOrDistrictCount
FNDA:0,(anonymous_22)
FNDA:1,createPoiClusterDistrictZoomRenderer
FNDA:3,renderByZoom
FNDA:0,setRecords
FNDA:0,destroy
FNDA:0,(anonymous_27)
DA:3,2
DA:4,2
DA:7,38
DA:8,38
DA:14,38
DA:15,27
DA:16,27
DA:17,27
DA:18,27
DA:22,11
DA:23,11
DA:24,11
DA:28,12
DA:29,4
DA:30,4
DA:31,0
DA:35,12
DA:36,12
DA:37,12
DA:41,14
DA:42,14
DA:44,12
DA:45,12
DA:47,12
DA:66,7
DA:75,11
DA:76,0
DA:77,0
DA:78,0
DA:82,11
DA:83,0
DA:84,0
DA:85,0
DA:86,0
DA:90,11
DA:91,11
DA:93,11
DA:94,11
DA:96,11
DA:115,4
DA:124,13
DA:125,0
DA:126,0
DA:130,5
DA:132,5
DA:133,13
DA:134,13
DA:136,13
DA:137,13
DA:147,13
DA:148,13
DA:149,13
DA:150,13
DA:151,13
DA:154,8
DA:168,0
DA:170,0
DA:193,0
DA:195,0
DA:227,1
DA:229,1
DA:231,1
DA:232,1
DA:235,1
DA:261,1
DA:262,0
DA:265,1
DA:266,1
DA:280,1
DA:281,1
DA:287,1
DA:294,0
DA:295,0
DA:296,0
DA:298,0
DA:329,3
DA:331,3
DA:333,3
DA:334,3
DA:337,3
DA:384,0
DA:385,0
DA:388,0
DA:389,0
DA:400,0
DA:401,0
DA:404,0
DA:405,0
DA:411,3
DA:412,0
DA:418,3
DA:433,6
DA:435,6
DA:436,6
DA:438,6
DA:439,3
DA:440,3
DA:441,3
DA:464,0
DA:465,0
DA:468,0
DA:469,0
DA:483,3
DA:484,0
DA:490,3
DA:497,3
DA:498,3
DA:504,3
DA:511,1
DA:512,1
DA:517,1
DA:520,3
DA:521,3
DA:522,3
DA:523,3
DA:526,3
DA:528,3
DA:529,1
DA:535,2
DA:543,2
DA:544,2
DA:548,0
DA:549,0
DA:556,0
DA:557,0
DA:558,0
DA:561,1
DA:566,0
LF:128
LH:89
BRDA:7,0,0,38
BRDA:7,0,1,38
BRDA:8,1,0,18
BRDA:8,1,1,20
BRDA:10,2,0,17
BRDA:10,2,1,3
BRDA:10,3,0,20
BRDA:10,3,1,17
BRDA:14,4,0,27
BRDA:14,4,1,11
BRDA:14,5,0,38
BRDA:14,5,1,35
BRDA:17,6,0,27
BRDA:17,6,1,0
BRDA:17,7,0,27
BRDA:17,7,1,27
BRDA:22,8,0,11
BRDA:22,8,1,11
BRDA:23,9,0,11
BRDA:23,9,1,11
BRDA:24,10,0,9
BRDA:24,10,1,2
BRDA:24,11,0,11
BRDA:24,11,1,9
BRDA:28,12,0,8
BRDA:28,12,1,4
BRDA:28,13,0,12
BRDA:28,13,1,12
BRDA:29,14,0,0
BRDA:29,14,1,4
BRDA:29,15,0,4
BRDA:29,15,1,4
BRDA:30,16,0,4
BRDA:30,16,1,0
BRDA:30,17,0,4
BRDA:30,17,1,4
BRDA:36,18,0,0
BRDA:36,18,1,12
BRDA:42,19,0,2
BRDA:42,19,1,12
BRDA:45,20,0,12
BRDA:45,20,1,12
BRDA:54,21,0,12
BRDA:54,21,1,0
BRDA:54,22,0,12
BRDA:54,22,1,12
BRDA:55,23,0,12
BRDA:55,23,1,0
BRDA:65,24,0,0
BRDA:75,25,0,11
BRDA:75,25,1,0
BRDA:75,26,0,11
BRDA:75,26,1,11
BRDA:77,27,0,0
BRDA:77,27,1,0
BRDA:82,28,0,11
BRDA:82,28,1,0
BRDA:82,29,0,11
BRDA:82,29,1,11
BRDA:83,30,0,0
BRDA:83,30,1,0
BRDA:83,31,0,0
BRDA:83,31,1,0
BRDA:84,32,0,0
BRDA:84,32,1,0
BRDA:84,33,0,0
BRDA:84,33,1,0
BRDA:85,34,0,0
BRDA:85,34,1,0
BRDA:85,35,0,0
BRDA:85,35,1,0
BRDA:91,36,0,0
BRDA:91,36,1,11
BRDA:104,37,0,11
BRDA:104,37,1,0
BRDA:104,38,0,11
BRDA:104,38,1,11
BRDA:105,39,0,11
BRDA:105,39,1,0
BRDA:105,40,0,11
BRDA:105,40,1,11
BRDA:114,41,0,0
BRDA:124,42,0,13
BRDA:124,42,1,0
BRDA:124,43,0,13
BRDA:124,43,1,13
BRDA:125,44,0,0
BRDA:125,44,1,0
BRDA:125,45,0,0
BRDA:125,45,1,0
BRDA:129,46,0,0
BRDA:134,47,0,0
BRDA:134,47,1,13
BRDA:137,48,0,13
BRDA:137,48,1,8
BRDA:139,49,0,8
BRDA:139,49,1,0
BRDA:139,50,0,8
BRDA:139,50,1,8
BRDA:140,51,0,8
BRDA:140,51,1,0
BRDA:140,52,0,8
BRDA:140,52,1,8
BRDA:168,53,0,0
BRDA:168,53,1,0
BRDA:193,54,0,0
BRDA:193,54,1,0
BRDA:217,55,0,0
BRDA:217,56,0,0
BRDA:219,57,0,1
BRDA:220,58,0,1
BRDA:221,59,0,0
BRDA:222,60,0,1
BRDA:224,61,0,1
BRDA:225,62,0,0
BRDA:226,63,0,1
BRDA:231,64,0,1
BRDA:231,64,1,0
BRDA:245,65,0,1
BRDA:245,65,1,0
BRDA:255,66,0,1
BRDA:255,66,1,1
BRDA:261,67,0,0
BRDA:261,67,1,1
BRDA:265,68,0,1
BRDA:265,68,1,0
BRDA:280,69,0,1
BRDA:280,69,1,0
BRDA:280,70,0,1
BRDA:280,70,1,1
BRDA:295,71,0,0
BRDA:295,71,1,0
BRDA:296,72,0,0
BRDA:296,72,1,0
BRDA:319,73,0,0
BRDA:319,74,0,0
BRDA:321,75,0,0
BRDA:322,76,0,3
BRDA:323,77,0,0
BRDA:324,78,0,3
BRDA:327,79,0,3
BRDA:328,80,0,3
BRDA:333,81,0,3
BRDA:333,81,1,0
BRDA:369,82,0,3
BRDA:369,82,1,3
BRDA:378,83,0,3
BRDA:378,83,1,3
BRDA:384,84,0,0
BRDA:384,84,1,0
BRDA:388,85,0,0
BRDA:388,85,1,0
BRDA:400,86,0,0
BRDA:400,86,1,0
BRDA:404,87,0,0
BRDA:404,87,1,0
BRDA:411,88,0,0
BRDA:411,88,1,3
BRDA:411,89,0,3
BRDA:411,89,1,0
BRDA:424,90,0,0
BRDA:424,91,0,0
BRDA:427,92,0,0
BRDA:428,93,0,4
BRDA:429,94,0,4
BRDA:430,95,0,6
BRDA:431,96,0,6
BRDA:432,97,0,6
BRDA:436,98,0,6
BRDA:436,98,1,6
BRDA:438,99,0,3
BRDA:438,99,1,3
BRDA:451,100,0,3
BRDA:451,100,1,3
BRDA:457,101,0,3
BRDA:457,101,1,0
BRDA:457,101,2,3
BRDA:462,102,0,3
BRDA:462,102,1,3
BRDA:464,103,0,0
BRDA:464,103,1,0
BRDA:464,104,0,0
BRDA:464,104,1,0
BRDA:468,105,0,0
BRDA:468,105,1,0
BRDA:483,106,0,0
BRDA:483,106,1,3
BRDA:483,107,0,3
BRDA:483,107,1,0
BRDA:510,108,0,0
BRDA:510,109,0,0
BRDA:511,110,0,1
BRDA:511,110,1,0
BRDA:515,111,0,1
BRDA:516,112,0,1
BRDA:519,113,0,3
BRDA:520,114,0,0
BRDA:520,114,1,3
BRDA:521,115,0,0
BRDA:521,115,1,3
BRDA:523,116,0,1
BRDA:523,116,1,2
BRDA:523,117,0,3
BRDA:523,117,1,3
BRDA:528,118,0,1
BRDA:528,118,1,2
BRDA:528,119,0,3
BRDA:528,119,1,3
BRDA:547,120,0,0
BRDA:547,121,0,0
BRDA:548,122,0,0
BRDA:548,122,1,0
BRDA:549,123,0,0
BRDA:549,123,1,0
BRF:214
BRH:123
end_of_record
TN:
SF:src\map-business\index.js
FNF:0
FNH:0
LF:0
LH:0
BRF:0
BRH:0
end_of_record
