TN:
SF:src\map\cluster-layer-registry.js
FN:34,toNumber
FN:39,normalizePair
FN:51,createPixel
FN:60,normalizePosition
FN:80,isPointGeometry
FN:84,normalizeProperties
FN:91,normalizeGeometryFeature
FN:102,normalizeFeature
FN:122,getClusterFeatures
FN:127,(anonymous_9)
FN:129,(anonymous_10)
FN:135,(anonymous_11)
FN:140,(anonymous_12)
FN:142,(anonymous_13)
FN:148,getPointPositions
FN:166,getFeatureStyleKey
FN:171,getClusterCategory
FN:175,normalizeCategories
FN:177,(anonymous_18)
FN:178,(anonymous_19)
FN:181,normalizeFeatureIds
FN:183,(anonymous_21)
FN:184,(anonymous_22)
FN:187,updateHiddenCategories
FN:188,(anonymous_24)
FN:197,updateHiddenFeatureIds
FN:198,(anonymous_26)
FN:207,resolveAssetUrl
FN:216,createLngLat
FN:222,createBounds
FN:226,(anonymous_30)
FN:254,normalizeFitPadding
FN:270,createClusterData
FN:274,(anonymous_33)
FN:280,(anonymous_34)
FN:296,createHtmlContent
FN:307,createClusterHtmlContent
FN:318,resolveClusterContentValue
FN:322,createPinContent
FN:340,getResolvedPointStyle
FN:344,renderPointMarker
FN:380,(anonymous_41)
FN:396,renderClusterMarker
FN:455,createFeatureIndex
FN:456,(anonymous_44)
FN:472,getVisibleClusterData
FN:473,(anonymous_46)
FN:481,makeClusterLayer
FN:492,getClusterConstructor
FN:496,destroyCluster
FN:503,createCluster
FN:518,(anonymous_51)
FN:522,(anonymous_52)
FN:529,(anonymous_53)
FN:543,refreshData
FN:553,getVisiblePositions
FN:555,(anonymous_56)
FN:560,(anonymous_57)
FN:564,(anonymous_58)
FN:575,(anonymous_59)
FN:584,(anonymous_60)
FN:591,(anonymous_61)
FN:599,(anonymous_62)
FN:604,(anonymous_63)
FN:609,(anonymous_64)
FN:614,(anonymous_65)
FN:619,(anonymous_66)
FN:623,(anonymous_67)
FN:625,(anonymous_68)
FN:629,(anonymous_69)
FN:636,(anonymous_70)
FN:638,(anonymous_71)
FN:647,(anonymous_72)
FN:656,(anonymous_73)
FN:656,(anonymous_74)
FN:668,createClusterLayer
FNF:76
FNH:60
FNDA:77,toNumber
FNDA:13,normalizePair
FNDA:13,createPixel
FNDA:17,normalizePosition
FNDA:15,isPointGeometry
FNDA:13,normalizeProperties
FNDA:1,normalizeGeometryFeature
FNDA:13,normalizeFeature
FNDA:5,getClusterFeatures
FNDA:11,(anonymous_9)
FNDA:11,(anonymous_10)
FNDA:0,(anonymous_11)
FNDA:2,(anonymous_12)
FNDA:2,(anonymous_13)
FNDA:9,getPointPositions
FNDA:29,getFeatureStyleKey
FNDA:14,getClusterCategory
FNDA:1,normalizeCategories
FNDA:1,(anonymous_18)
FNDA:1,(anonymous_19)
FNDA:0,normalizeFeatureIds
FNDA:0,(anonymous_21)
FNDA:0,(anonymous_22)
FNDA:1,updateHiddenCategories
FNDA:1,(anonymous_24)
FNDA:0,updateHiddenFeatureIds
FNDA:0,(anonymous_26)
FNDA:1,resolveAssetUrl
FNDA:4,createLngLat
FNDA:2,createBounds
FNDA:2,(anonymous_30)
FNDA:2,normalizeFitPadding
FNDA:4,createClusterData
FNDA:9,(anonymous_33)
FNDA:11,(anonymous_34)
FNDA:0,createHtmlContent
FNDA:2,createClusterHtmlContent
FNDA:3,resolveClusterContentValue
FNDA:8,createPinContent
FNDA:8,getResolvedPointStyle
FNDA:8,renderPointMarker
FNDA:1,(anonymous_41)
FNDA:5,renderClusterMarker
FNDA:10,createFeatureIndex
FNDA:20,(anonymous_44)
FNDA:7,getVisibleClusterData
FNDA:14,(anonymous_46)
FNDA:2,makeClusterLayer
FNDA:4,getClusterConstructor
FNDA:6,destroyCluster
FNDA:4,createCluster
FNDA:8,(anonymous_51)
FNDA:5,(anonymous_52)
FNDA:0,(anonymous_53)
FNDA:1,refreshData
FNDA:2,getVisiblePositions
FNDA:2,(anonymous_56)
FNDA:0,(anonymous_57)
FNDA:2,(anonymous_58)
FNDA:2,(anonymous_59)
FNDA:0,(anonymous_60)
FNDA:0,(anonymous_61)
FNDA:0,(anonymous_62)
FNDA:2,(anonymous_63)
FNDA:1,(anonymous_64)
FNDA:0,(anonymous_65)
FNDA:0,(anonymous_66)
FNDA:0,(anonymous_67)
FNDA:0,(anonymous_68)
FNDA:2,(anonymous_69)
FNDA:1,(anonymous_70)
FNDA:1,(anonymous_71)
FNDA:10,(anonymous_72)
FNDA:20,(anonymous_73)
FNDA:20,(anonymous_74)
FNDA:2,createClusterLayer
DA:11,2
DA:13,2
DA:35,77
DA:36,77
DA:40,13
DA:41,13
DA:44,0
DA:45,0
DA:48,0
DA:52,13
DA:54,13
DA:55,13
DA:61,17
DA:62,2
DA:65,15
DA:66,0
DA:69,15
DA:70,0
DA:73,15
DA:75,15
DA:76,15
DA:77,15
DA:81,15
DA:85,13
DA:92,1
DA:94,1
DA:103,13
DA:105,13
DA:106,12
DA:108,12
DA:115,1
DA:116,1
DA:119,0
DA:123,5
DA:125,5
DA:126,4
DA:127,11
DA:129,11
DA:132,1
DA:133,0
DA:135,0
DA:138,1
DA:139,1
DA:140,2
DA:142,2
DA:145,0
DA:149,9
DA:150,9
DA:152,9
DA:153,7
DA:154,7
DA:157,2
DA:158,2
DA:163,0
DA:167,29
DA:168,29
DA:172,14
DA:176,1
DA:177,1
DA:178,1
DA:182,0
DA:183,0
DA:184,0
DA:188,1
DA:189,1
DA:190,0
DA:192,1
DA:198,0
DA:199,0
DA:200,0
DA:202,0
DA:208,1
DA:209,1
DA:210,1
DA:211,1
DA:213,1
DA:217,4
DA:223,2
DA:224,2
DA:226,2
DA:238,2
DA:239,2
DA:240,2
DA:241,2
DA:243,2
DA:244,2
DA:245,2
DA:248,2
DA:255,2
DA:256,2
DA:257,2
DA:258,2
DA:259,2
DA:262,0
DA:271,4
DA:272,4
DA:274,4
DA:275,9
DA:276,9
DA:277,9
DA:278,9
DA:280,9
DA:281,11
DA:293,4
DA:297,0
DA:308,2
DA:319,3
DA:323,8
DA:324,8
DA:325,8
DA:326,8
DA:327,8
DA:328,8
DA:330,8
DA:341,8
DA:345,8
DA:347,8
DA:348,8
DA:349,8
DA:351,8
DA:352,8
DA:354,8
DA:355,8
DA:357,8
DA:358,8
DA:360,8
DA:361,8
DA:364,8
DA:365,0
DA:366,0
DA:367,0
DA:368,0
DA:370,8
DA:371,0
DA:372,0
DA:373,0
DA:375,8
DA:376,8
DA:379,8
DA:380,4
DA:381,1
DA:397,5
DA:399,5
DA:400,5
DA:401,5
DA:402,5
DA:405,5
DA:406,5
DA:407,5
DA:408,5
DA:409,5
DA:416,5
DA:417,1
DA:418,1
DA:419,1
DA:420,1
DA:422,1
DA:426,4
DA:427,1
DA:428,1
DA:430,3
DA:440,5
DA:441,5
DA:443,5
DA:444,5
DA:446,5
DA:447,5
DA:456,10
DA:457,20
DA:458,20
DA:460,20
DA:468,20
DA:473,7
DA:474,14
DA:476,14
DA:477,14
DA:482,2
DA:483,2
DA:484,2
DA:485,2
DA:486,2
DA:487,2
DA:488,2
DA:489,2
DA:490,2
DA:493,4
DA:497,6
DA:498,2
DA:500,6
DA:504,4
DA:506,4
DA:507,4
DA:508,0
DA:509,0
DA:512,4
DA:513,4
DA:519,8
DA:520,8
DA:523,5
DA:527,4
DA:528,4
DA:529,0
DA:530,0
DA:544,1
DA:545,1
DA:546,1
DA:547,1
DA:550,0
DA:554,2
DA:555,2
DA:559,2
DA:561,0
DA:565,2
DA:566,2
DA:567,2
DA:568,2
DA:569,2
DA:572,2
DA:576,2
DA:577,2
DA:578,2
DA:579,2
DA:581,0
DA:585,0
DA:586,0
DA:587,0
DA:592,0
DA:593,0
DA:594,0
DA:595,0
DA:596,0
DA:600,0
DA:601,0
DA:605,2
DA:606,2
DA:610,1
DA:611,1
DA:615,0
DA:616,0
DA:620,0
DA:626,0
DA:630,2
DA:631,2
DA:633,2
DA:637,1
DA:638,1
DA:639,1
DA:640,1
DA:642,1
DA:643,1
DA:648,10
DA:656,20
DA:669,2
LF:253
LH:205
BRDA:36,0,0,68
BRDA:36,0,1,9
BRDA:40,1,0,13
BRDA:40,1,1,0
BRDA:40,2,0,13
BRDA:40,2,1,13
BRDA:44,3,0,0
BRDA:44,3,1,0
BRDA:52,4,0,0
BRDA:52,4,1,13
BRDA:52,5,0,13
BRDA:52,5,1,13
BRDA:55,6,0,13
BRDA:55,6,1,0
BRDA:61,7,0,2
BRDA:61,7,1,15
BRDA:61,8,0,17
BRDA:61,8,1,17
BRDA:65,9,0,0
BRDA:65,9,1,15
BRDA:65,10,0,15
BRDA:65,10,1,15
BRDA:65,10,2,0
BRDA:69,11,0,0
BRDA:69,11,1,15
BRDA:69,12,0,15
BRDA:69,12,1,15
BRDA:69,12,2,0
BRDA:73,13,0,0
BRDA:73,13,1,15
BRDA:73,14,0,15
BRDA:73,14,1,15
BRDA:77,15,0,14
BRDA:77,15,1,1
BRDA:77,16,0,15
BRDA:77,16,1,14
BRDA:81,17,0,15
BRDA:81,17,1,15
BRDA:86,18,0,13
BRDA:86,18,1,0
BRDA:87,19,0,13
BRDA:87,19,1,0
BRDA:91,20,0,0
BRDA:91,21,0,0
BRDA:96,22,0,1
BRDA:96,22,1,1
BRDA:96,22,2,1
BRDA:102,23,0,0
BRDA:102,24,0,0
BRDA:103,25,0,0
BRDA:103,25,1,13
BRDA:105,26,0,12
BRDA:105,26,1,1
BRDA:110,27,0,12
BRDA:110,27,1,1
BRDA:110,27,2,0
BRDA:115,28,0,1
BRDA:115,28,1,0
BRDA:122,29,0,4
BRDA:123,30,0,0
BRDA:123,30,1,5
BRDA:125,31,0,4
BRDA:125,31,1,1
BRDA:125,32,0,5
BRDA:125,32,1,4
BRDA:132,33,0,0
BRDA:132,33,1,1
BRDA:132,34,0,1
BRDA:132,34,1,1
BRDA:138,35,0,1
BRDA:138,35,1,0
BRDA:149,36,0,9
BRDA:149,36,1,9
BRDA:150,37,0,0
BRDA:150,37,1,9
BRDA:152,38,0,7
BRDA:152,38,1,2
BRDA:154,39,0,7
BRDA:154,39,1,0
BRDA:157,40,0,2
BRDA:157,40,1,0
BRDA:158,41,0,2
BRDA:158,41,1,0
BRDA:168,42,0,0
BRDA:168,42,1,29
BRDA:172,43,0,0
BRDA:172,43,1,14
BRDA:176,44,0,0
BRDA:176,44,1,1
BRDA:182,45,0,0
BRDA:182,45,1,0
BRDA:189,46,0,0
BRDA:189,46,1,1
BRDA:199,47,0,0
BRDA:199,47,1,0
BRDA:208,48,0,0
BRDA:208,48,1,1
BRDA:210,49,0,0
BRDA:210,49,1,1
BRDA:211,50,0,0
BRDA:211,50,1,1
BRDA:211,51,0,1
BRDA:211,51,1,1
BRDA:217,52,0,4
BRDA:217,52,1,0
BRDA:224,53,0,0
BRDA:224,53,1,2
BRDA:224,54,0,2
BRDA:224,54,1,2
BRDA:239,55,0,2
BRDA:239,55,1,0
BRDA:243,56,0,2
BRDA:243,56,1,0
BRDA:255,57,0,0
BRDA:255,57,1,2
BRDA:256,58,0,2
BRDA:256,58,1,0
BRDA:270,59,0,0
BRDA:270,60,0,2
BRDA:271,61,0,4
BRDA:271,61,1,4
BRDA:287,62,0,2
BRDA:287,62,1,9
BRDA:319,63,0,2
BRDA:319,63,1,1
BRDA:323,64,0,8
BRDA:323,64,1,0
BRDA:324,65,0,8
BRDA:324,65,1,0
BRDA:324,65,2,0
BRDA:325,66,0,0
BRDA:325,66,1,8
BRDA:326,67,0,4
BRDA:326,67,1,4
BRDA:326,68,0,8
BRDA:326,68,1,4
BRDA:326,69,0,4
BRDA:326,69,1,4
BRDA:327,70,0,8
BRDA:327,70,1,0
BRDA:327,70,2,0
BRDA:345,71,0,0
BRDA:345,71,1,8
BRDA:345,72,0,8
BRDA:345,72,1,8
BRDA:348,73,0,8
BRDA:348,73,1,0
BRDA:348,73,2,0
BRDA:349,74,0,8
BRDA:349,74,1,8
BRDA:351,75,0,8
BRDA:351,75,1,0
BRDA:354,76,0,8
BRDA:354,76,1,0
BRDA:354,77,0,8
BRDA:354,77,1,8
BRDA:357,78,0,8
BRDA:357,78,1,0
BRDA:360,79,0,8
BRDA:360,79,1,0
BRDA:361,80,0,8
BRDA:361,80,1,8
BRDA:364,81,0,0
BRDA:364,81,1,8
BRDA:365,82,0,0
BRDA:365,82,1,0
BRDA:365,82,2,0
BRDA:366,83,0,0
BRDA:366,83,1,0
BRDA:367,84,0,0
BRDA:367,84,1,0
BRDA:367,85,0,0
BRDA:367,85,1,0
BRDA:370,86,0,0
BRDA:370,86,1,8
BRDA:371,87,0,0
BRDA:371,87,1,0
BRDA:372,88,0,0
BRDA:372,88,1,0
BRDA:372,89,0,0
BRDA:372,89,1,0
BRDA:375,90,0,8
BRDA:375,90,1,0
BRDA:379,91,0,4
BRDA:379,91,1,4
BRDA:379,92,0,8
BRDA:379,92,1,8
BRDA:379,92,2,8
BRDA:397,93,0,0
BRDA:397,93,1,5
BRDA:397,94,0,5
BRDA:397,94,1,5
BRDA:401,95,0,5
BRDA:401,95,1,2
BRDA:402,96,0,3
BRDA:402,96,1,2
BRDA:405,97,0,3
BRDA:405,97,1,2
BRDA:406,98,0,5
BRDA:406,98,1,0
BRDA:407,99,0,5
BRDA:407,99,1,0
BRDA:408,100,0,5
BRDA:408,100,1,0
BRDA:416,101,0,1
BRDA:416,101,1,4
BRDA:417,102,0,1
BRDA:417,102,1,1
BRDA:417,102,2,0
BRDA:419,103,0,1
BRDA:419,103,1,0
BRDA:420,104,0,0
BRDA:420,104,1,1
BRDA:420,105,0,1
BRDA:420,105,1,0
BRDA:424,106,0,0
BRDA:424,106,1,1
BRDA:426,107,0,1
BRDA:426,107,1,3
BRDA:427,108,0,1
BRDA:427,108,1,0
BRDA:428,109,0,1
BRDA:428,109,1,0
BRDA:440,110,0,5
BRDA:440,110,1,0
BRDA:443,111,0,5
BRDA:443,111,1,0
BRDA:443,112,0,5
BRDA:443,112,1,5
BRDA:446,113,0,5
BRDA:446,113,1,0
BRDA:458,114,0,0
BRDA:458,114,1,20
BRDA:474,115,0,0
BRDA:474,115,1,14
BRDA:477,116,0,14
BRDA:477,116,1,14
BRDA:493,117,0,4
BRDA:493,117,1,4
BRDA:493,117,2,0
BRDA:497,118,0,2
BRDA:497,118,1,4
BRDA:497,119,0,6
BRDA:497,119,1,2
BRDA:507,120,0,0
BRDA:507,120,1,4
BRDA:519,121,0,8
BRDA:519,121,1,0
BRDA:527,122,0,1
BRDA:527,122,1,3
BRDA:528,123,0,0
BRDA:528,123,1,4
BRDA:528,124,0,4
BRDA:528,124,1,4
BRDA:528,124,2,4
BRDA:533,125,0,0
BRDA:533,125,1,0
BRDA:534,126,0,0
BRDA:534,126,1,0
BRDA:535,127,0,0
BRDA:535,127,1,0
BRDA:536,128,0,0
BRDA:536,128,1,0
BRDA:545,129,0,1
BRDA:545,129,1,0
BRDA:545,130,0,1
BRDA:545,130,1,1
BRDA:564,131,0,0
BRDA:564,132,0,1
BRDA:566,133,0,2
BRDA:566,133,1,0
BRDA:567,134,0,2
BRDA:567,134,1,1
BRDA:577,135,0,2
BRDA:577,135,1,0
BRDA:577,136,0,2
BRDA:577,136,1,2
BRDA:586,137,0,0
BRDA:586,137,1,0
BRDA:586,138,0,0
BRDA:586,138,1,0
BRDA:599,139,0,0
BRDA:600,140,0,0
BRDA:600,140,1,0
BRDA:604,141,0,0
BRDA:605,142,0,2
BRDA:605,142,1,0
BRDA:629,143,0,0
BRDA:631,144,0,0
BRDA:631,144,1,2
BRDA:631,145,0,2
BRDA:631,145,1,2
BRDA:637,146,0,0
BRDA:637,146,1,1
BRDA:639,147,0,1
BRDA:639,147,1,1
BRDA:640,148,0,0
BRDA:640,148,1,1
BRDA:642,149,0,1
BRDA:642,149,1,0
BRDA:653,150,0,10
BRDA:653,150,1,0
BRDA:653,151,0,10
BRDA:653,151,1,10
BRF:304
BRH:182
end_of_record
TN:
SF:src\map\layer-registry.js
FN:105,isPlainObject
FN:109,isGeometry
FN:113,normalizeProperties
FN:120,normalizeGeometryFeature
FN:131,normalizeFeature
FN:151,getFeatures
FN:158,(anonymous_6)
FN:168,(anonymous_7)
FN:175,pickDefined
FN:176,(anonymous_9)
FN:184,toNumber
FN:189,normalizePair
FN:201,createPixel
FN:210,createSize
FN:217,normalizePosition
FN:225,normalizeLine
FN:233,normalizePolygon
FN:238,(anonymous_17)
FN:241,getPointPositions
FN:259,getLinePath
FN:270,(anonymous_20)
FN:278,getPolygonPath
FN:289,(anonymous_22)
FN:297,createFeatureExtData
FN:307,getOverlayCategory
FN:316,normalizeCategories
FN:318,(anonymous_26)
FN:319,(anonymous_27)
FN:322,updateHiddenCategories
FN:323,(anonymous_29)
FN:332,normalizeFeatureIds
FN:334,(anonymous_31)
FN:335,(anonymous_32)
FN:338,updateHiddenFeatureIds
FN:339,(anonymous_34)
FN:348,shouldShowOverlay
FN:355,applyOverlayVisibility
FN:356,(anonymous_37)
FN:365,resolveAssetUrl
FN:371,createMarkerLabel
FN:389,createImageIcon
FN:408,createPinContent
FN:427,createMarkerOptions
FN:453,createHtmlMarkerContent
FN:468,applyMarkerStyle
FN:504,applyOverlayStyle
FN:531,createImageMarker
FN:541,createHtmlMarker
FN:551,createPinMarker
FN:558,createCircleOverlay
FN:571,createPointOverlays
FN:572,(anonymous_51)
FN:580,createLineOverlay
FN:591,createPolygonOverlay
FN:602,createOverlay
FN:612,getScopedStyleOverride
FN:614,(anonymous_56)
FN:620,getFeatureStyleKey
FN:625,getOverlayFeatureKey
FN:631,hasFeatureStyle
FN:635,getHeatmapConstructor
FN:646,createOfficialHeatmap
FN:656,(anonymous_62)
FN:657,(anonymous_63)
FN:677,createHeatmapData
FN:681,(anonymous_65)
FN:689,(anonymous_66)
FN:701,getHeatmapMax
FN:704,(anonymous_68)
FN:707,collectCoordinates
FN:720,(anonymous_70)
FN:723,createLngLat
FN:729,getFeatureBounds
FN:733,(anonymous_73)
FN:742,(anonymous_74)
FN:770,focusOverlay
FN:781,normalizeFitPadding
FN:800,getFitOverlays
FN:801,(anonymous_78)
FN:807,fitOverlays
FN:821,fitFeatures
FN:830,normalizeEventLngLat
FN:839,normalizeEventPixel
FN:853,getVisibleFeatures
FN:854,(anonymous_84)
FN:862,createFeatureIndex
FN:863,(anonymous_86)
FN:879,makeGeoJSONLayer
FN:897,removeOverlays
FN:905,clearHeatmap
FN:918,clear
FN:923,addOverlays
FN:925,(anonymous_92)
FN:932,refreshHeatmap
FN:948,showOverlays
FN:953,resolveOverlayStyle
FN:974,getOverlayEventCallback
FN:979,createEventPayload
FN:997,applyFeatureInteractionStyle
FN:1000,(anonymous_99)
FN:1012,handleOverlayEvent
FN:1041,bindOverlayEvents
FN:1044,(anonymous_102)
FN:1052,(anonymous_103)
FN:1058,renderVectorOverlays
FN:1060,(anonymous_105)
FN:1073,hasFeature
FN:1075,(anonymous_107)
FN:1078,refreshAfterFeatureStyleChange
FN:1087,getLayerCategories
FN:1091,(anonymous_110)
FN:1095,getLayerGeometryKinds
FN:1104,(anonymous_112)
FN:1131,(anonymous_113)
FN:1142,(anonymous_114)
FN:1152,(anonymous_115)
FN:1155,(anonymous_116)
FN:1169,(anonymous_117)
FN:1191,(anonymous_118)
FN:1212,(anonymous_119)
FN:1223,(anonymous_120)
FN:1234,(anonymous_121)
FN:1248,(anonymous_122)
FN:1264,(anonymous_123)
FN:1273,(anonymous_124)
FN:1284,(anonymous_125)
FN:1302,(anonymous_126)
FN:1304,(anonymous_127)
FN:1316,(anonymous_128)
FN:1325,createLayer
FNF:130
FNH:79
FNDA:114,isPlainObject
FNDA:0,isGeometry
FNDA:8,normalizeProperties
FNDA:0,normalizeGeometryFeature
FNDA:8,normalizeFeature
FNDA:3,getFeatures
FNDA:8,(anonymous_6)
FNDA:0,(anonymous_7)
FNDA:19,pickDefined
FNDA:265,(anonymous_9)
FNDA:35,toNumber
FNDA:6,normalizePair
FNDA:6,createPixel
FNDA:0,createSize
FNDA:50,normalizePosition
FNDA:12,normalizeLine
FNDA:6,normalizePolygon
FNDA:6,(anonymous_17)
FNDA:11,getPointPositions
FNDA:6,getLinePath
FNDA:0,(anonymous_20)
FNDA:6,getPolygonPath
FNDA:0,(anonymous_22)
FNDA:18,createFeatureExtData
FNDA:21,getOverlayCategory
FNDA:2,normalizeCategories
FNDA:2,(anonymous_26)
FNDA:2,(anonymous_27)
FNDA:2,updateHiddenCategories
FNDA:2,(anonymous_29)
FNDA:0,normalizeFeatureIds
FNDA:0,(anonymous_31)
FNDA:0,(anonymous_32)
FNDA:0,updateHiddenFeatureIds
FNDA:0,(anonymous_34)
FNDA:21,shouldShowOverlay
FNDA:7,applyOverlayVisibility
FNDA:21,(anonymous_37)
FNDA:0,resolveAssetUrl
FNDA:6,createMarkerLabel
FNDA:0,createImageIcon
FNDA:6,createPinContent
FNDA:6,createMarkerOptions
FNDA:0,createHtmlMarkerContent
FNDA:0,applyMarkerStyle
FNDA:0,applyOverlayStyle
FNDA:0,createImageMarker
FNDA:0,createHtmlMarker
FNDA:6,createPinMarker
FNDA:0,createCircleOverlay
FNDA:6,createPointOverlays
FNDA:6,(anonymous_51)
FNDA:6,createLineOverlay
FNDA:6,createPolygonOverlay
FNDA:18,createOverlay
FNDA:4,getScopedStyleOverride
FNDA:4,(anonymous_56)
FNDA:64,getFeatureStyleKey
FNDA:21,getOverlayFeatureKey
FNDA:56,hasFeatureStyle
FNDA:1,getHeatmapConstructor
FNDA:1,createOfficialHeatmap
FNDA:1,(anonymous_62)
FNDA:0,(anonymous_63)
FNDA:3,createHeatmapData
FNDA:6,(anonymous_65)
FNDA:5,(anonymous_66)
FNDA:3,getHeatmapMax
FNDA:5,(anonymous_68)
FNDA:0,collectCoordinates
FNDA:0,(anonymous_70)
FNDA:0,createLngLat
FNDA:0,getFeatureBounds
FNDA:0,(anonymous_73)
FNDA:0,(anonymous_74)
FNDA:0,focusOverlay
FNDA:0,normalizeFitPadding
FNDA:0,getFitOverlays
FNDA:0,(anonymous_78)
FNDA:0,fitOverlays
FNDA:0,fitFeatures
FNDA:0,normalizeEventLngLat
FNDA:0,normalizeEventPixel
FNDA:0,getVisibleFeatures
FNDA:0,(anonymous_84)
FNDA:7,createFeatureIndex
FNDA:20,(anonymous_86)
FNDA:3,makeGeoJSONLayer
FNDA:9,removeOverlays
FNDA:5,clearHeatmap
FNDA:3,clear
FNDA:6,addOverlays
FNDA:18,(anonymous_92)
FNDA:3,refreshHeatmap
FNDA:6,showOverlays
FNDA:18,resolveOverlayStyle
FNDA:54,getOverlayEventCallback
FNDA:0,createEventPayload
FNDA:0,applyFeatureInteractionStyle
FNDA:0,(anonymous_99)
FNDA:0,handleOverlayEvent
FNDA:18,bindOverlayEvents
FNDA:54,(anonymous_102)
FNDA:0,(anonymous_103)
FNDA:6,renderVectorOverlays
FNDA:18,(anonymous_105)
FNDA:2,hasFeature
FNDA:2,(anonymous_107)
FNDA:2,refreshAfterFeatureStyleChange
FNDA:7,getLayerCategories
FNDA:20,(anonymous_110)
FNDA:7,getLayerGeometryKinds
FNDA:3,(anonymous_112)
FNDA:3,(anonymous_113)
FNDA:1,(anonymous_114)
FNDA:0,(anonymous_115)
FNDA:0,(anonymous_116)
FNDA:0,(anonymous_117)
FNDA:2,(anonymous_118)
FNDA:2,(anonymous_119)
FNDA:0,(anonymous_120)
FNDA:2,(anonymous_121)
FNDA:0,(anonymous_122)
FNDA:0,(anonymous_123)
FNDA:0,(anonymous_124)
FNDA:7,(anonymous_125)
FNDA:0,(anonymous_126)
FNDA:0,(anonymous_127)
FNDA:0,(anonymous_128)
FNDA:3,createLayer
DA:14,2
DA:27,2
DA:43,2
DA:63,2
DA:82,2
DA:92,2
DA:101,2
DA:103,2
DA:106,114
DA:110,0
DA:114,8
DA:121,0
DA:123,0
DA:132,8
DA:134,8
DA:135,8
DA:137,8
DA:144,0
DA:145,0
DA:148,0
DA:152,3
DA:153,0
DA:156,3
DA:157,3
DA:158,8
DA:162,0
DA:163,0
DA:166,0
DA:167,0
DA:168,0
DA:172,0
DA:176,19
DA:177,265
DA:178,94
DA:180,265
DA:185,35
DA:186,35
DA:190,6
DA:191,3
DA:194,3
DA:195,3
DA:198,0
DA:202,6
DA:204,6
DA:205,6
DA:211,0
DA:212,0
DA:218,50
DA:220,50
DA:221,50
DA:222,50
DA:226,12
DA:228,12
DA:234,6
DA:236,6
DA:238,6
DA:242,11
DA:243,11
DA:245,11
DA:246,11
DA:247,11
DA:250,0
DA:251,0
DA:256,0
DA:260,6
DA:261,6
DA:263,6
DA:264,6
DA:265,6
DA:268,0
DA:269,0
DA:270,0
DA:272,0
DA:275,0
DA:279,6
DA:280,6
DA:282,6
DA:283,6
DA:284,6
DA:287,0
DA:288,0
DA:289,0
DA:291,0
DA:294,0
DA:298,18
DA:308,21
DA:309,21
DA:310,6
DA:313,15
DA:317,2
DA:318,2
DA:319,2
DA:323,2
DA:324,2
DA:325,0
DA:327,2
DA:333,0
DA:334,0
DA:335,0
DA:339,0
DA:340,0
DA:341,0
DA:343,0
DA:349,21
DA:350,21
DA:356,7
DA:357,21
DA:358,18
DA:360,3
DA:366,0
DA:368,0
DA:372,6
DA:373,6
DA:375,0
DA:376,0
DA:380,0
DA:382,0
DA:390,0
DA:391,0
DA:393,0
DA:394,0
DA:397,0
DA:398,0
DA:400,0
DA:409,6
DA:410,6
DA:411,6
DA:412,6
DA:413,6
DA:414,6
DA:415,6
DA:417,6
DA:428,6
DA:429,6
DA:430,6
DA:431,6
DA:439,6
DA:440,0
DA:441,6
DA:442,0
DA:443,0
DA:444,6
DA:445,6
DA:446,0
DA:447,0
DA:450,6
DA:454,0
DA:455,0
DA:457,0
DA:458,0
DA:469,0
DA:471,0
DA:472,0
DA:474,0
DA:476,0
DA:477,0
DA:480,0
DA:481,0
DA:482,0
DA:483,0
DA:484,0
DA:485,0
DA:486,0
DA:487,0
DA:490,0
DA:491,0
DA:492,0
DA:495,0
DA:496,0
DA:499,0
DA:500,0
DA:505,0
DA:507,0
DA:508,0
DA:509,0
DA:512,0
DA:515,0
DA:517,0
DA:518,0
DA:519,0
DA:520,0
DA:521,0
DA:522,0
DA:526,0
DA:527,0
DA:532,0
DA:533,0
DA:535,0
DA:542,0
DA:543,0
DA:545,0
DA:552,6
DA:559,0
DA:561,0
DA:572,6
DA:573,6
DA:574,6
DA:575,6
DA:576,6
DA:581,6
DA:582,6
DA:584,6
DA:592,6
DA:593,6
DA:595,6
DA:603,18
DA:605,18
DA:606,12
DA:607,6
DA:609,0
DA:613,4
DA:614,4
DA:615,4
DA:617,0
DA:621,64
DA:622,64
DA:626,21
DA:627,21
DA:628,21
DA:632,56
DA:636,1
DA:638,1
DA:639,1
DA:640,1
DA:643,0
DA:647,1
DA:648,1
DA:650,1
DA:655,1
DA:656,1
DA:657,0
DA:663,1
DA:664,1
DA:665,1
DA:666,1
DA:667,1
DA:674,0
DA:678,3
DA:679,3
DA:681,3
DA:682,6
DA:684,6
DA:685,6
DA:687,5
DA:689,5
DA:690,5
DA:698,3
DA:702,3
DA:704,5
DA:708,0
DA:710,0
DA:711,0
DA:712,0
DA:714,0
DA:715,0
DA:716,0
DA:720,0
DA:724,0
DA:730,0
DA:732,0
DA:733,0
DA:734,0
DA:735,0
DA:736,0
DA:740,0
DA:742,0
DA:754,0
DA:755,0
DA:756,0
DA:757,0
DA:759,0
DA:760,0
DA:761,0
DA:764,0
DA:771,0
DA:773,0
DA:774,0
DA:775,0
DA:778,0
DA:782,0
DA:783,0
DA:786,0
DA:787,0
DA:788,0
DA:789,0
DA:792,0
DA:801,0
DA:802,0
DA:803,0
DA:808,0
DA:810,0
DA:811,0
DA:813,0
DA:814,0
DA:815,0
DA:818,0
DA:822,0
DA:824,0
DA:825,0
DA:827,0
DA:831,0
DA:832,0
DA:833,0
DA:834,0
DA:836,0
DA:840,0
DA:841,0
DA:843,0
DA:846,0
DA:850,0
DA:854,0
DA:855,0
DA:857,0
DA:858,0
DA:863,7
DA:864,20
DA:865,20
DA:867,20
DA:875,20
DA:880,3
DA:881,3
DA:882,3
DA:883,3
DA:884,3
DA:885,3
DA:886,3
DA:887,3
DA:888,3
DA:889,3
DA:890,3
DA:891,3
DA:892,3
DA:893,3
DA:894,3
DA:895,3
DA:898,9
DA:899,4
DA:901,9
DA:902,9
DA:906,5
DA:908,0
DA:909,0
DA:910,0
DA:911,0
DA:914,0
DA:915,0
DA:919,3
DA:920,3
DA:924,6
DA:925,6
DA:926,18
DA:928,6
DA:933,3
DA:935,3
DA:936,3
DA:941,3
DA:942,2
DA:943,1
DA:944,1
DA:949,6
DA:950,6
DA:954,18
DA:955,18
DA:956,18
DA:957,18
DA:958,18
DA:959,18
DA:961,18
DA:962,4
DA:964,18
DA:965,0
DA:967,18
DA:968,0
DA:971,18
DA:975,54
DA:976,54
DA:980,0
DA:981,0
DA:983,0
DA:998,0
DA:1000,0
DA:1001,0
DA:1003,0
DA:1004,0
DA:1005,0
DA:1006,0
DA:1008,0
DA:1013,0
DA:1015,0
DA:1016,0
DA:1017,0
DA:1018,0
DA:1019,0
DA:1020,0
DA:1021,0
DA:1022,0
DA:1023,0
DA:1024,0
DA:1025,0
DA:1027,0
DA:1030,0
DA:1031,0
DA:1033,0
DA:1034,0
DA:1035,0
DA:1037,0
DA:1042,18
DA:1044,18
DA:1045,54
DA:1046,54
DA:1050,54
DA:1052,0
DA:1053,0
DA:1059,6
DA:1060,6
DA:1061,18
DA:1062,18
DA:1064,18
DA:1066,6
DA:1068,6
DA:1069,4
DA:1074,2
DA:1075,2
DA:1079,2
DA:1080,0
DA:1081,0
DA:1084,2
DA:1088,7
DA:1091,20
DA:1096,7
DA:1103,3
DA:1105,3
DA:1106,3
DA:1107,3
DA:1108,3
DA:1109,3
DA:1110,3
DA:1111,3
DA:1112,3
DA:1113,3
DA:1115,3
DA:1116,1
DA:1117,1
DA:1119,1
DA:1120,1
DA:1122,0
DA:1125,1
DA:1128,2
DA:1132,3
DA:1134,3
DA:1135,1
DA:1136,1
DA:1139,2
DA:1143,1
DA:1145,1
DA:1146,1
DA:1147,1
DA:1149,1
DA:1152,0
DA:1156,0
DA:1157,0
DA:1158,0
DA:1159,0
DA:1160,0
DA:1161,0
DA:1162,0
DA:1163,0
DA:1164,0
DA:1165,0
DA:1166,0
DA:1170,0
DA:1171,0
DA:1173,0
DA:1174,0
DA:1175,0
DA:1176,0
DA:1178,0
DA:1179,0
DA:1181,0
DA:1184,0
DA:1187,0
DA:1188,0
DA:1192,2
DA:1194,2
DA:1195,0
DA:1196,0
DA:1197,0
DA:1199,0
DA:1200,0
DA:1202,0
DA:1205,0
DA:1208,2
DA:1209,2
DA:1213,2
DA:1215,2
DA:1216,1
DA:1217,1
DA:1220,1
DA:1224,0
DA:1226,0
DA:1227,0
DA:1228,0
DA:1231,0
DA:1235,2
DA:1237,2
DA:1238,2
DA:1239,2
DA:1241,0
DA:1244,2
DA:1245,2
DA:1249,0
DA:1251,0
DA:1252,0
DA:1253,0
DA:1254,0
DA:1255,0
DA:1257,0
DA:1258,0
DA:1261,0
DA:1265,0
DA:1267,0
DA:1268,0
DA:1269,0
DA:1270,0
DA:1274,0
DA:1275,0
DA:1276,0
DA:1279,0
DA:1280,0
DA:1281,0
DA:1285,7
DA:1303,0
DA:1304,0
DA:1305,0
DA:1308,0
DA:1309,0
DA:1310,0
DA:1311,0
DA:1313,0
DA:1316,0
DA:1317,0
DA:1318,0
DA:1319,0
DA:1326,3
LF:544
LH:260
BRDA:110,0,0,0
BRDA:110,0,1,0
BRDA:115,1,0,8
BRDA:115,1,1,0
BRDA:116,2,0,8
BRDA:116,2,1,0
BRDA:120,3,0,0
BRDA:120,4,0,0
BRDA:125,5,0,0
BRDA:125,5,1,0
BRDA:125,5,2,0
BRDA:131,6,0,0
BRDA:131,7,0,0
BRDA:132,8,0,0
BRDA:132,8,1,8
BRDA:134,9,0,8
BRDA:134,9,1,0
BRDA:139,10,0,8
BRDA:139,10,1,0
BRDA:139,10,2,0
BRDA:144,11,0,0
BRDA:144,11,1,0
BRDA:151,12,0,3
BRDA:152,13,0,0
BRDA:152,13,1,3
BRDA:156,14,0,3
BRDA:156,14,1,0
BRDA:156,15,0,3
BRDA:156,15,1,3
BRDA:162,16,0,0
BRDA:162,16,1,0
BRDA:162,17,0,0
BRDA:162,17,1,0
BRDA:166,18,0,0
BRDA:166,18,1,0
BRDA:177,19,0,94
BRDA:177,19,1,171
BRDA:177,20,0,265
BRDA:177,20,1,265
BRDA:186,21,0,23
BRDA:186,21,1,12
BRDA:190,22,0,3
BRDA:190,22,1,3
BRDA:190,23,0,6
BRDA:190,23,1,3
BRDA:194,24,0,3
BRDA:194,24,1,0
BRDA:202,25,0,0
BRDA:202,25,1,6
BRDA:202,26,0,6
BRDA:202,26,1,6
BRDA:205,27,0,6
BRDA:205,27,1,0
BRDA:212,28,0,0
BRDA:212,28,1,0
BRDA:218,29,0,0
BRDA:218,29,1,50
BRDA:218,30,0,50
BRDA:218,30,1,50
BRDA:222,31,0,50
BRDA:222,31,1,0
BRDA:222,32,0,50
BRDA:222,32,1,50
BRDA:226,33,0,0
BRDA:226,33,1,12
BRDA:234,34,0,0
BRDA:234,34,1,6
BRDA:242,35,0,11
BRDA:242,35,1,11
BRDA:243,36,0,0
BRDA:243,36,1,11
BRDA:245,37,0,11
BRDA:245,37,1,0
BRDA:247,38,0,11
BRDA:247,38,1,0
BRDA:250,39,0,0
BRDA:250,39,1,0
BRDA:251,40,0,0
BRDA:251,40,1,0
BRDA:260,41,0,6
BRDA:260,41,1,6
BRDA:261,42,0,0
BRDA:261,42,1,6
BRDA:263,43,0,6
BRDA:263,43,1,0
BRDA:265,44,0,6
BRDA:265,44,1,0
BRDA:268,45,0,0
BRDA:268,45,1,0
BRDA:269,46,0,0
BRDA:269,46,1,0
BRDA:272,47,0,0
BRDA:272,47,1,0
BRDA:279,48,0,6
BRDA:279,48,1,6
BRDA:280,49,0,0
BRDA:280,49,1,6
BRDA:282,50,0,6
BRDA:282,50,1,0
BRDA:284,51,0,6
BRDA:284,51,1,0
BRDA:287,52,0,0
BRDA:287,52,1,0
BRDA:288,53,0,0
BRDA:288,53,1,0
BRDA:291,54,0,0
BRDA:291,54,1,0
BRDA:297,55,0,12
BRDA:308,56,0,21
BRDA:308,56,1,21
BRDA:309,57,0,6
BRDA:309,57,1,15
BRDA:309,58,0,21
BRDA:309,58,1,21
BRDA:317,59,0,0
BRDA:317,59,1,2
BRDA:324,60,0,0
BRDA:324,60,1,2
BRDA:333,61,0,0
BRDA:333,61,1,0
BRDA:340,62,0,0
BRDA:340,62,1,0
BRDA:350,63,0,21
BRDA:350,63,1,21
BRDA:350,63,2,21
BRDA:350,63,3,15
BRDA:357,64,0,18
BRDA:357,64,1,3
BRDA:366,65,0,0
BRDA:366,65,1,0
BRDA:373,66,0,6
BRDA:373,66,1,0
BRDA:373,67,0,6
BRDA:373,67,1,6
BRDA:376,68,0,0
BRDA:376,68,1,0
BRDA:380,69,0,0
BRDA:380,69,1,0
BRDA:380,70,0,0
BRDA:380,70,1,0
BRDA:384,71,0,0
BRDA:384,71,1,0
BRDA:389,72,0,0
BRDA:390,73,0,0
BRDA:390,73,1,0
BRDA:391,74,0,0
BRDA:391,74,1,0
BRDA:393,75,0,0
BRDA:393,75,1,0
BRDA:397,76,0,0
BRDA:397,76,1,0
BRDA:398,77,0,0
BRDA:398,77,1,0
BRDA:403,78,0,0
BRDA:403,78,1,0
BRDA:411,79,0,6
BRDA:411,79,1,6
BRDA:411,79,2,6
BRDA:412,80,0,0
BRDA:412,80,1,6
BRDA:413,81,0,0
BRDA:413,81,1,6
BRDA:413,82,0,6
BRDA:413,82,1,6
BRDA:413,83,0,6
BRDA:413,83,1,6
BRDA:414,84,0,6
BRDA:414,84,1,0
BRDA:414,84,2,0
BRDA:428,85,0,6
BRDA:428,85,1,0
BRDA:428,85,2,0
BRDA:429,86,0,6
BRDA:429,86,1,0
BRDA:434,87,0,6
BRDA:434,87,1,6
BRDA:439,88,0,0
BRDA:439,88,1,6
BRDA:441,89,0,0
BRDA:441,89,1,6
BRDA:444,90,0,6
BRDA:444,90,1,0
BRDA:444,91,0,6
BRDA:444,91,1,6
BRDA:446,92,0,0
BRDA:446,92,1,0
BRDA:446,93,0,0
BRDA:446,93,1,0
BRDA:454,94,0,0
BRDA:454,94,1,0
BRDA:455,95,0,0
BRDA:455,95,1,0
BRDA:469,96,0,0
BRDA:469,96,1,0
BRDA:471,97,0,0
BRDA:471,97,1,0
BRDA:472,98,0,0
BRDA:472,98,1,0
BRDA:472,98,2,0
BRDA:473,99,0,0
BRDA:473,99,1,0
BRDA:476,100,0,0
BRDA:476,100,1,0
BRDA:480,101,0,0
BRDA:480,101,1,0
BRDA:480,102,0,0
BRDA:480,102,1,0
BRDA:481,103,0,0
BRDA:481,103,1,0
BRDA:482,104,0,0
BRDA:482,104,1,0
BRDA:483,105,0,0
BRDA:483,105,1,0
BRDA:483,106,0,0
BRDA:483,106,1,0
BRDA:485,107,0,0
BRDA:485,107,1,0
BRDA:486,108,0,0
BRDA:486,108,1,0
BRDA:491,109,0,0
BRDA:491,109,1,0
BRDA:491,110,0,0
BRDA:491,110,1,0
BRDA:495,111,0,0
BRDA:495,111,1,0
BRDA:495,112,0,0
BRDA:495,112,1,0
BRDA:499,113,0,0
BRDA:499,113,1,0
BRDA:499,114,0,0
BRDA:499,114,1,0
BRDA:505,115,0,0
BRDA:505,115,1,0
BRDA:505,116,0,0
BRDA:505,116,1,0
BRDA:507,117,0,0
BRDA:507,117,1,0
BRDA:507,118,0,0
BRDA:507,118,1,0
BRDA:512,119,0,0
BRDA:512,119,1,0
BRDA:514,120,0,0
BRDA:514,120,1,0
BRDA:517,121,0,0
BRDA:517,121,1,0
BRDA:518,122,0,0
BRDA:518,122,1,0
BRDA:518,122,2,0
BRDA:518,122,3,0
BRDA:519,123,0,0
BRDA:519,123,1,0
BRDA:520,124,0,0
BRDA:520,124,1,0
BRDA:521,125,0,0
BRDA:521,125,1,0
BRDA:521,126,0,0
BRDA:521,126,1,0
BRDA:526,127,0,0
BRDA:526,127,1,0
BRDA:532,128,0,0
BRDA:532,128,1,0
BRDA:533,129,0,0
BRDA:533,129,1,0
BRDA:543,130,0,0
BRDA:543,130,1,0
BRDA:559,131,0,0
BRDA:559,131,1,0
BRDA:559,131,2,0
BRDA:559,131,3,0
BRDA:565,132,0,0
BRDA:565,132,1,0
BRDA:566,133,0,0
BRDA:566,133,1,0
BRDA:573,134,0,0
BRDA:573,134,1,6
BRDA:574,135,0,0
BRDA:574,135,1,6
BRDA:575,136,0,0
BRDA:575,136,1,6
BRDA:582,137,0,0
BRDA:582,137,1,6
BRDA:593,138,0,0
BRDA:593,138,1,6
BRDA:605,139,0,6
BRDA:605,139,1,12
BRDA:606,140,0,6
BRDA:606,140,1,6
BRDA:607,141,0,6
BRDA:607,141,1,0
BRDA:613,142,0,0
BRDA:613,142,1,4
BRDA:614,143,0,4
BRDA:614,143,1,0
BRDA:615,144,0,4
BRDA:615,144,1,0
BRDA:622,145,0,0
BRDA:622,145,1,64
BRDA:626,146,0,21
BRDA:626,146,1,21
BRDA:627,147,0,21
BRDA:627,147,1,21
BRDA:628,148,0,0
BRDA:628,148,1,21
BRDA:632,149,0,56
BRDA:632,149,1,56
BRDA:636,150,0,1
BRDA:636,150,1,0
BRDA:638,151,0,0
BRDA:638,151,1,1
BRDA:639,152,0,1
BRDA:639,152,1,0
BRDA:639,153,0,1
BRDA:639,153,1,1
BRDA:648,154,0,0
BRDA:648,154,1,1
BRDA:666,155,0,1
BRDA:666,155,1,0
BRDA:666,156,0,1
BRDA:666,156,1,1
BRDA:678,157,0,3
BRDA:678,157,1,0
BRDA:682,158,0,0
BRDA:682,158,1,6
BRDA:685,159,0,1
BRDA:685,159,1,5
BRDA:685,160,0,6
BRDA:685,160,1,6
BRDA:702,161,0,0
BRDA:702,161,1,3
BRDA:704,162,0,5
BRDA:704,162,1,3
BRDA:708,163,0,0
BRDA:708,163,1,0
BRDA:710,164,0,0
BRDA:710,164,1,0
BRDA:714,165,0,0
BRDA:714,165,1,0
BRDA:714,166,0,0
BRDA:714,166,1,0
BRDA:724,167,0,0
BRDA:724,167,1,0
BRDA:730,168,0,0
BRDA:730,168,1,0
BRDA:730,169,0,0
BRDA:730,169,1,0
BRDA:734,170,0,0
BRDA:734,170,1,0
BRDA:735,171,0,0
BRDA:735,171,1,0
BRDA:740,172,0,0
BRDA:740,172,1,0
BRDA:755,173,0,0
BRDA:755,173,1,0
BRDA:759,174,0,0
BRDA:759,174,1,0
BRDA:771,175,0,0
BRDA:771,175,1,0
BRDA:773,176,0,0
BRDA:773,176,1,0
BRDA:773,177,0,0
BRDA:773,177,1,0
BRDA:782,178,0,0
BRDA:782,178,1,0
BRDA:786,179,0,0
BRDA:786,179,1,0
BRDA:803,180,0,0
BRDA:803,180,1,0
BRDA:803,180,2,0
BRDA:807,181,0,0
BRDA:808,182,0,0
BRDA:808,182,1,0
BRDA:808,183,0,0
BRDA:808,183,1,0
BRDA:813,184,0,0
BRDA:813,184,1,0
BRDA:821,185,0,0
BRDA:822,186,0,0
BRDA:822,186,1,0
BRDA:822,187,0,0
BRDA:822,187,1,0
BRDA:825,188,0,0
BRDA:825,188,1,0
BRDA:831,189,0,0
BRDA:831,189,1,0
BRDA:832,190,0,0
BRDA:832,190,1,0
BRDA:833,191,0,0
BRDA:833,191,1,0
BRDA:833,192,0,0
BRDA:833,192,1,0
BRDA:836,193,0,0
BRDA:836,193,1,0
BRDA:840,194,0,0
BRDA:840,194,1,0
BRDA:841,195,0,0
BRDA:841,195,1,0
BRDA:843,196,0,0
BRDA:843,196,1,0
BRDA:845,197,0,0
BRDA:845,197,1,0
BRDA:846,198,0,0
BRDA:846,198,1,0
BRDA:848,199,0,0
BRDA:848,199,1,0
BRDA:850,200,0,0
BRDA:850,200,1,0
BRDA:850,201,0,0
BRDA:850,201,1,0
BRDA:855,202,0,0
BRDA:855,202,1,0
BRDA:858,203,0,0
BRDA:858,203,1,0
BRDA:865,204,0,0
BRDA:865,204,1,20
BRDA:898,205,0,4
BRDA:898,205,1,5
BRDA:898,206,0,9
BRDA:898,206,1,4
BRDA:906,207,0,5
BRDA:906,207,1,0
BRDA:908,208,0,0
BRDA:908,208,1,0
BRDA:910,209,0,0
BRDA:910,209,1,0
BRDA:924,210,0,6
BRDA:924,210,1,0
BRDA:924,211,0,6
BRDA:924,211,1,6
BRDA:933,212,0,0
BRDA:933,212,1,3
BRDA:933,213,0,3
BRDA:933,213,1,3
BRDA:941,214,0,2
BRDA:941,214,1,1
BRDA:941,215,0,3
BRDA:941,215,1,2
BRDA:943,216,0,1
BRDA:943,216,1,0
BRDA:943,217,0,1
BRDA:943,217,1,1
BRDA:953,218,0,18
BRDA:961,219,0,4
BRDA:961,219,1,14
BRDA:964,220,0,0
BRDA:964,220,1,18
BRDA:964,221,0,18
BRDA:964,221,1,18
BRDA:964,221,2,0
BRDA:967,222,0,0
BRDA:967,222,1,18
BRDA:967,223,0,18
BRDA:967,223,1,18
BRDA:967,223,2,0
BRDA:975,224,0,0
BRDA:975,224,1,54
BRDA:976,225,0,54
BRDA:976,225,1,54
BRDA:976,226,0,18
BRDA:976,226,1,36
BRDA:980,227,0,0
BRDA:980,227,1,0
BRDA:981,228,0,0
BRDA:981,228,1,0
BRDA:987,229,0,0
BRDA:987,229,1,0
BRDA:988,230,0,0
BRDA:988,230,1,0
BRDA:989,231,0,0
BRDA:989,231,1,0
BRDA:990,232,0,0
BRDA:990,232,1,0
BRDA:991,233,0,0
BRDA:991,233,1,0
BRDA:998,234,0,0
BRDA:998,234,1,0
BRDA:1001,235,0,0
BRDA:1001,235,1,0
BRDA:1003,236,0,0
BRDA:1003,236,1,0
BRDA:1004,237,0,0
BRDA:1004,237,1,0
BRDA:1006,238,0,0
BRDA:1006,238,1,0
BRDA:1006,239,0,0
BRDA:1006,239,1,0
BRDA:1015,240,0,0
BRDA:1015,240,1,0
BRDA:1015,241,0,0
BRDA:1015,241,1,0
BRDA:1018,242,0,0
BRDA:1018,242,1,0
BRDA:1018,243,0,0
BRDA:1018,243,1,0
BRDA:1021,244,0,0
BRDA:1021,244,1,0
BRDA:1021,245,0,0
BRDA:1021,245,1,0
BRDA:1024,246,0,0
BRDA:1024,246,1,0
BRDA:1024,247,0,0
BRDA:1024,247,1,0
BRDA:1031,248,0,0
BRDA:1031,248,1,0
BRDA:1042,249,0,0
BRDA:1042,249,1,18
BRDA:1042,250,0,18
BRDA:1042,250,1,18
BRDA:1046,251,0,36
BRDA:1046,251,1,18
BRDA:1046,252,0,54
BRDA:1046,252,1,36
BRDA:1050,253,0,54
BRDA:1050,253,1,0
BRDA:1050,254,0,54
BRDA:1050,254,1,54
BRDA:1062,255,0,0
BRDA:1062,255,1,18
BRDA:1068,256,0,4
BRDA:1068,256,1,2
BRDA:1079,257,0,0
BRDA:1079,257,1,2
BRDA:1104,258,0,0
BRDA:1104,259,0,3
BRDA:1106,260,0,3
BRDA:1106,260,1,0
BRDA:1107,261,0,3
BRDA:1107,261,1,3
BRDA:1108,262,0,3
BRDA:1108,262,1,3
BRDA:1109,263,0,3
BRDA:1109,263,1,3
BRDA:1115,264,0,1
BRDA:1115,264,1,2
BRDA:1119,265,0,1
BRDA:1119,265,1,0
BRDA:1134,266,0,1
BRDA:1134,266,1,2
BRDA:1145,267,0,1
BRDA:1145,267,1,0
BRDA:1146,268,0,1
BRDA:1146,268,1,0
BRDA:1169,269,0,0
BRDA:1170,270,0,0
BRDA:1170,270,1,0
BRDA:1173,271,0,0
BRDA:1173,271,1,0
BRDA:1178,272,0,0
BRDA:1178,272,1,0
BRDA:1191,273,0,0
BRDA:1192,274,0,2
BRDA:1192,274,1,0
BRDA:1194,275,0,0
BRDA:1194,275,1,2
BRDA:1199,276,0,0
BRDA:1199,276,1,0
BRDA:1215,277,0,1
BRDA:1215,277,1,1
BRDA:1226,278,0,0
BRDA:1226,278,1,0
BRDA:1234,279,0,0
BRDA:1235,280,0,0
BRDA:1235,280,1,2
BRDA:1235,281,0,2
BRDA:1235,281,1,2
BRDA:1238,282,0,2
BRDA:1238,282,1,0
BRDA:1249,283,0,0
BRDA:1249,283,1,0
BRDA:1253,284,0,0
BRDA:1253,284,1,0
BRDA:1254,285,0,0
BRDA:1254,285,1,0
BRDA:1255,286,0,0
BRDA:1255,286,1,0
BRDA:1257,287,0,0
BRDA:1257,287,1,0
BRDA:1257,288,0,0
BRDA:1257,288,1,0
BRDA:1261,289,0,0
BRDA:1261,289,1,0
BRDA:1265,290,0,0
BRDA:1265,290,1,0
BRDA:1265,291,0,0
BRDA:1265,291,1,0
BRDA:1265,291,2,0
BRDA:1273,292,0,0
BRDA:1274,293,0,0
BRDA:1274,293,1,0
BRDA:1293,294,0,7
BRDA:1293,294,1,7
BRDA:1294,295,0,7
BRDA:1294,295,1,7
BRDA:1303,296,0,0
BRDA:1303,296,1,0
BRDA:1308,297,0,0
BRDA:1308,297,1,0
BRDA:1310,298,0,0
BRDA:1310,298,1,0
BRDA:1317,299,0,0
BRDA:1317,299,1,0
BRDA:1318,300,0,0
BRDA:1318,300,1,0
BRF:602
BRH:198
end_of_record
TN:
SF:src\map\map-controller.js
FN:28,toLngLatArray
FN:37,normalizePath
FN:42,(anonymous_2)
FN:45,closeRing
FN:57,boundsToPlain
FN:71,getOverlayBounds
FN:81,scheduleTask
FN:89,escapeHtml
FN:98,createCustomMarkerContent
FN:102,getPromptInput
FN:110,getPathFromBounds
FN:125,overlayToGeoJSON
FN:164,(anonymous_12)
FN:190,(anonymous_13)
FN:198,(anonymous_14)
FN:210,(anonymous_15)
FN:213,(anonymous_16)
FN:219,(anonymous_17)
FN:223,(anonymous_18)
FN:224,(anonymous_19)
FN:225,(anonymous_20)
FN:226,(anonymous_21)
FN:227,(anonymous_22)
FN:228,(anonymous_23)
FN:229,(anonymous_24)
FN:230,(anonymous_25)
FN:231,(anonymous_26)
FN:232,(anonymous_27)
FN:233,(anonymous_28)
FN:234,(anonymous_29)
FN:235,(anonymous_30)
FN:236,(anonymous_31)
FN:237,(anonymous_32)
FN:238,(anonymous_33)
FN:239,(anonymous_34)
FN:240,(anonymous_35)
FN:241,(anonymous_36)
FN:242,(anonymous_37)
FN:243,(anonymous_38)
FN:244,(anonymous_39)
FN:245,(anonymous_40)
FN:246,(anonymous_41)
FN:247,(anonymous_42)
FN:248,(anonymous_43)
FN:249,(anonymous_44)
FN:250,(anonymous_45)
FN:251,(anonymous_46)
FN:252,(anonymous_47)
FN:253,(anonymous_48)
FN:254,(anonymous_49)
FN:255,(anonymous_50)
FN:263,(anonymous_51)
FN:288,(anonymous_52)
FN:311,(anonymous_53)
FN:331,(anonymous_54)
FN:351,(anonymous_55)
FN:366,(anonymous_56)
FN:376,(anonymous_57)
FN:386,(anonymous_58)
FN:398,(anonymous_59)
FN:408,(anonymous_60)
FN:419,(anonymous_61)
FN:420,(anonymous_62)
FN:427,(anonymous_63)
FN:432,(anonymous_64)
FN:433,(anonymous_65)
FN:443,(anonymous_66)
FN:453,(anonymous_67)
FN:463,(anonymous_68)
FN:473,(anonymous_69)
FN:482,(anonymous_70)
FN:493,(anonymous_71)
FN:495,(anonymous_72)
FN:497,(anonymous_73)
FN:502,(anonymous_74)
FN:531,(anonymous_75)
FN:537,(anonymous_76)
FN:544,(anonymous_77)
FN:553,(anonymous_78)
FN:584,(anonymous_79)
FN:594,(anonymous_80)
FN:643,(anonymous_81)
FN:658,(anonymous_82)
FN:664,(anonymous_83)
FN:677,(anonymous_84)
FN:708,(anonymous_85)
FN:728,(anonymous_86)
FN:739,(anonymous_87)
FN:754,(anonymous_88)
FN:766,(anonymous_89)
FN:770,(anonymous_90)
FN:775,(anonymous_91)
FN:780,(anonymous_92)
FN:791,(anonymous_93)
FN:794,(anonymous_94)
FN:813,(anonymous_95)
FN:820,(anonymous_96)
FN:824,(anonymous_97)
FN:828,(anonymous_98)
FN:838,(anonymous_99)
FN:851,(anonymous_100)
FN:862,(anonymous_101)
FN:881,(anonymous_102)
FN:900,(anonymous_103)
FN:919,(anonymous_104)
FN:925,(anonymous_105)
FN:931,(anonymous_106)
FN:943,(anonymous_107)
FN:948,(anonymous_108)
FN:954,(anonymous_109)
FN:961,(anonymous_110)
FN:977,(anonymous_111)
FN:986,(anonymous_112)
FN:1013,(anonymous_113)
FN:1030,(anonymous_114)
FN:1044,(anonymous_115)
FN:1053,(anonymous_116)
FN:1062,(anonymous_117)
FN:1071,(anonymous_118)
FN:1084,(anonymous_119)
FN:1100,(anonymous_120)
FN:1116,(anonymous_121)
FN:1153,(anonymous_122)
FN:1156,(anonymous_123)
FN:1157,(anonymous_124)
FN:1168,(anonymous_125)
FN:1174,(anonymous_126)
FN:1180,(anonymous_127)
FN:1210,(anonymous_128)
FN:1245,(anonymous_129)
FN:1247,(anonymous_130)
FN:1260,(anonymous_131)
FN:1268,(anonymous_132)
FN:1289,(anonymous_133)
FN:1295,(anonymous_134)
FN:1304,(anonymous_135)
FN:1309,(anonymous_136)
FN:1317,(anonymous_137)
FN:1325,(anonymous_138)
FN:1335,(anonymous_139)
FN:1338,(anonymous_140)
FN:1357,(anonymous_141)
FN:1364,(anonymous_142)
FN:1390,(anonymous_143)
FN:1396,(anonymous_144)
FN:1402,(anonymous_145)
FN:1413,(anonymous_146)
FN:1422,(anonymous_147)
FNF:148
FNH:84
FNDA:59,toLngLatArray
FNDA:9,normalizePath
FNDA:27,(anonymous_2)
FNDA:9,closeRing
FNDA:13,boundsToPlain
FNDA:13,getOverlayBounds
FNDA:6,scheduleTask
FNDA:5,escapeHtml
FNDA:5,createCustomMarkerContent
FNDA:1,getPromptInput
FNDA:0,getPathFromBounds
FNDA:13,overlayToGeoJSON
FNDA:10,(anonymous_12)
FNDA:13,(anonymous_13)
FNDA:5,(anonymous_14)
FNDA:13,(anonymous_15)
FNDA:4,(anonymous_16)
FNDA:9,(anonymous_17)
FNDA:0,(anonymous_18)
FNDA:0,(anonymous_19)
FNDA:0,(anonymous_20)
FNDA:0,(anonymous_21)
FNDA:0,(anonymous_22)
FNDA:0,(anonymous_23)
FNDA:0,(anonymous_24)
FNDA:0,(anonymous_25)
FNDA:1,(anonymous_26)
FNDA:0,(anonymous_27)
FNDA:0,(anonymous_28)
FNDA:0,(anonymous_29)
FNDA:0,(anonymous_30)
FNDA:0,(anonymous_31)
FNDA:0,(anonymous_32)
FNDA:0,(anonymous_33)
FNDA:0,(anonymous_34)
FNDA:1,(anonymous_35)
FNDA:1,(anonymous_36)
FNDA:0,(anonymous_37)
FNDA:1,(anonymous_38)
FNDA:0,(anonymous_39)
FNDA:3,(anonymous_40)
FNDA:0,(anonymous_41)
FNDA:0,(anonymous_42)
FNDA:2,(anonymous_43)
FNDA:0,(anonymous_44)
FNDA:0,(anonymous_45)
FNDA:0,(anonymous_46)
FNDA:0,(anonymous_47)
FNDA:0,(anonymous_48)
FNDA:0,(anonymous_49)
FNDA:0,(anonymous_50)
FNDA:0,(anonymous_51)
FNDA:0,(anonymous_52)
FNDA:1,(anonymous_53)
FNDA:1,(anonymous_54)
FNDA:1,(anonymous_55)
FNDA:0,(anonymous_56)
FNDA:3,(anonymous_57)
FNDA:0,(anonymous_58)
FNDA:0,(anonymous_59)
FNDA:2,(anonymous_60)
FNDA:0,(anonymous_61)
FNDA:0,(anonymous_62)
FNDA:0,(anonymous_63)
FNDA:0,(anonymous_64)
FNDA:0,(anonymous_65)
FNDA:0,(anonymous_66)
FNDA:0,(anonymous_67)
FNDA:0,(anonymous_68)
FNDA:0,(anonymous_69)
FNDA:0,(anonymous_70)
FNDA:0,(anonymous_71)
FNDA:0,(anonymous_72)
FNDA:0,(anonymous_73)
FNDA:0,(anonymous_74)
FNDA:3,(anonymous_75)
FNDA:0,(anonymous_76)
FNDA:1,(anonymous_77)
FNDA:0,(anonymous_78)
FNDA:2,(anonymous_79)
FNDA:2,(anonymous_80)
FNDA:8,(anonymous_81)
FNDA:7,(anonymous_82)
FNDA:3,(anonymous_83)
FNDA:3,(anonymous_84)
FNDA:1,(anonymous_85)
FNDA:1,(anonymous_86)
FNDA:1,(anonymous_87)
FNDA:1,(anonymous_88)
FNDA:3,(anonymous_89)
FNDA:1,(anonymous_90)
FNDA:1,(anonymous_91)
FNDA:1,(anonymous_92)
FNDA:2,(anonymous_93)
FNDA:3,(anonymous_94)
FNDA:1,(anonymous_95)
FNDA:0,(anonymous_96)
FNDA:0,(anonymous_97)
FNDA:0,(anonymous_98)
FNDA:0,(anonymous_99)
FNDA:0,(anonymous_100)
FNDA:0,(anonymous_101)
FNDA:1,(anonymous_102)
FNDA:1,(anonymous_103)
FNDA:6,(anonymous_104)
FNDA:2,(anonymous_105)
FNDA:0,(anonymous_106)
FNDA:0,(anonymous_107)
FNDA:0,(anonymous_108)
FNDA:0,(anonymous_109)
FNDA:5,(anonymous_110)
FNDA:5,(anonymous_111)
FNDA:5,(anonymous_112)
FNDA:13,(anonymous_113)
FNDA:12,(anonymous_114)
FNDA:8,(anonymous_115)
FNDA:3,(anonymous_116)
FNDA:1,(anonymous_117)
FNDA:6,(anonymous_118)
FNDA:12,(anonymous_119)
FNDA:2,(anonymous_120)
FNDA:1,(anonymous_121)
FNDA:1,(anonymous_122)
FNDA:6,(anonymous_123)
FNDA:2,(anonymous_124)
FNDA:1,(anonymous_125)
FNDA:6,(anonymous_126)
FNDA:4,(anonymous_127)
FNDA:2,(anonymous_128)
FNDA:1,(anonymous_129)
FNDA:2,(anonymous_130)
FNDA:2,(anonymous_131)
FNDA:0,(anonymous_132)
FNDA:2,(anonymous_133)
FNDA:2,(anonymous_134)
FNDA:0,(anonymous_135)
FNDA:0,(anonymous_136)
FNDA:1,(anonymous_137)
FNDA:0,(anonymous_138)
FNDA:5,(anonymous_139)
FNDA:2,(anonymous_140)
FNDA:4,(anonymous_141)
FNDA:6,(anonymous_142)
FNDA:8,(anonymous_143)
FNDA:2,(anonymous_144)
FNDA:2,(anonymous_145)
FNDA:5,(anonymous_146)
FNDA:0,(anonymous_147)
DA:6,1
DA:14,1
DA:16,1
DA:26,1
DA:29,59
DA:30,59
DA:31,0
DA:32,0
DA:34,0
DA:38,9
DA:40,9
DA:42,27
DA:46,9
DA:48,9
DA:49,9
DA:50,9
DA:51,0
DA:54,9
DA:58,13
DA:60,13
DA:61,13
DA:63,13
DA:65,13
DA:72,13
DA:74,13
DA:75,13
DA:77,0
DA:82,6
DA:86,6
DA:90,5
DA:99,5
DA:103,1
DA:107,1
DA:111,0
DA:113,0
DA:114,0
DA:116,0
DA:126,13
DA:128,13
DA:129,4
DA:130,4
DA:132,4
DA:145,9
DA:149,9
DA:151,9
DA:165,10
DA:166,10
DA:167,10
DA:168,10
DA:169,10
DA:170,10
DA:171,10
DA:172,10
DA:173,10
DA:174,10
DA:175,10
DA:176,10
DA:177,10
DA:178,10
DA:179,10
DA:180,10
DA:181,10
DA:182,10
DA:183,10
DA:184,10
DA:185,10
DA:186,10
DA:187,10
DA:191,13
DA:192,13
DA:193,4
DA:195,13
DA:199,5
DA:201,5
DA:202,0
DA:205,5
DA:206,5
DA:207,5
DA:211,13
DA:213,13
DA:214,4
DA:215,4
DA:220,9
DA:222,9
DA:223,0
DA:224,0
DA:225,0
DA:226,0
DA:227,0
DA:228,0
DA:229,0
DA:230,0
DA:231,1
DA:232,0
DA:233,0
DA:234,0
DA:235,0
DA:236,0
DA:237,0
DA:238,0
DA:239,0
DA:240,1
DA:241,1
DA:242,0
DA:243,1
DA:244,0
DA:245,3
DA:246,0
DA:247,0
DA:248,2
DA:249,0
DA:250,0
DA:251,0
DA:252,0
DA:253,0
DA:254,0
DA:255,0
DA:258,9
DA:259,9
DA:264,0
DA:266,0
DA:267,0
DA:268,0
DA:275,0
DA:276,0
DA:277,0
DA:278,0
DA:281,0
DA:282,0
DA:285,0
DA:289,0
DA:291,0
DA:292,0
DA:293,0
DA:298,0
DA:299,0
DA:300,0
DA:301,0
DA:304,0
DA:305,0
DA:308,0
DA:312,1
DA:314,1
DA:315,1
DA:316,1
DA:318,1
DA:319,0
DA:320,0
DA:321,0
DA:324,1
DA:325,1
DA:328,1
DA:332,1
DA:334,1
DA:335,1
DA:336,1
DA:338,1
DA:339,0
DA:340,0
DA:341,0
DA:344,1
DA:345,1
DA:348,1
DA:352,1
DA:354,1
DA:355,1
DA:357,1
DA:358,0
DA:360,1
DA:363,1
DA:367,0
DA:369,0
DA:370,0
DA:372,0
DA:373,0
DA:377,3
DA:379,3
DA:380,3
DA:382,3
DA:383,3
DA:387,0
DA:389,0
DA:390,0
DA:392,0
DA:393,0
DA:394,0
DA:399,0
DA:401,0
DA:402,0
DA:404,0
DA:405,0
DA:409,2
DA:411,2
DA:412,2
DA:414,2
DA:415,2
DA:416,2
DA:420,0
DA:421,0
DA:422,0
DA:424,0
DA:428,0
DA:429,0
DA:431,0
DA:432,0
DA:434,0
DA:435,0
DA:436,0
DA:438,0
DA:439,0
DA:444,0
DA:446,0
DA:447,0
DA:448,0
DA:449,0
DA:454,0
DA:456,0
DA:457,0
DA:458,0
DA:459,0
DA:464,0
DA:466,0
DA:467,0
DA:468,0
DA:469,0
DA:474,0
DA:476,0
DA:477,0
DA:478,0
DA:483,0
DA:485,0
DA:486,0
DA:488,0
DA:489,0
DA:494,0
DA:495,0
DA:497,0
DA:498,0
DA:503,0
DA:504,0
DA:506,0
DA:507,0
DA:523,0
DA:524,0
DA:525,0
DA:528,0
DA:532,3
DA:533,1
DA:538,0
DA:539,0
DA:540,0
DA:541,0
DA:545,1
DA:546,1
DA:547,1
DA:548,1
DA:554,0
DA:555,0
DA:556,0
DA:560,0
DA:561,0
DA:562,0
DA:563,0
DA:566,0
DA:567,0
DA:569,0
DA:570,0
DA:571,0
DA:574,0
DA:575,0
DA:576,0
DA:579,0
DA:580,0
DA:585,2
DA:586,2
DA:587,2
DA:589,2
DA:590,0
DA:591,0
DA:594,2
DA:595,2
DA:596,2
DA:598,2
DA:599,2
DA:600,2
DA:616,2
DA:627,2
DA:628,2
DA:629,2
DA:630,2
DA:631,2
DA:632,2
DA:633,2
DA:634,2
DA:635,2
DA:636,2
DA:640,2
DA:644,8
DA:646,8
DA:659,7
DA:661,7
DA:665,3
DA:669,3
DA:670,3
DA:673,0
DA:674,0
DA:678,3
DA:680,3
DA:683,3
DA:691,3
DA:692,3
DA:694,3
DA:695,3
DA:697,3
DA:698,3
DA:700,3
DA:701,3
DA:709,1
DA:710,1
DA:712,1
DA:716,1
DA:718,1
DA:719,1
DA:721,1
DA:722,1
DA:723,1
DA:724,1
DA:725,1
DA:729,1
DA:730,1
DA:732,1
DA:733,1
DA:734,1
DA:735,0
DA:736,0
DA:739,1
DA:740,1
DA:742,1
DA:743,1
DA:744,1
DA:747,1
DA:749,1
DA:750,1
DA:755,1
DA:756,1
DA:758,1
DA:759,1
DA:760,1
DA:767,3
DA:768,3
DA:770,3
DA:771,1
DA:775,3
DA:776,1
DA:780,3
DA:781,1
DA:786,3
DA:787,3
DA:792,2
DA:794,2
DA:795,3
DA:796,3
DA:797,3
DA:799,3
DA:801,3
DA:802,3
DA:803,3
DA:805,3
DA:806,3
DA:810,2
DA:814,1
DA:816,1
DA:817,1
DA:821,0
DA:825,0
DA:829,0
DA:830,0
DA:831,0
DA:832,0
DA:835,0
DA:836,0
DA:837,0
DA:838,0
DA:839,0
DA:841,0
DA:842,0
DA:844,0
DA:845,0
DA:846,0
DA:847,0
DA:848,0
DA:852,0
DA:853,0
DA:859,0
DA:863,0
DA:864,0
DA:865,0
DA:868,0
DA:869,0
DA:872,0
DA:876,0
DA:878,0
DA:882,1
DA:883,1
DA:884,0
DA:887,1
DA:888,0
DA:891,1
DA:895,1
DA:897,1
DA:901,1
DA:902,1
DA:903,0
DA:906,1
DA:907,0
DA:910,1
DA:914,1
DA:916,1
DA:920,6
DA:922,6
DA:926,2
DA:927,2
DA:932,0
DA:933,0
DA:936,0
DA:937,0
DA:940,0
DA:944,0
DA:946,0
DA:948,0
DA:949,0
DA:951,0
DA:955,0
DA:957,0
DA:958,0
DA:962,5
DA:963,5
DA:964,5
DA:965,5
DA:967,5
DA:969,5
DA:970,5
DA:972,5
DA:973,5
DA:974,5
DA:977,5
DA:978,5
DA:979,5
DA:987,5
DA:989,5
DA:990,5
DA:998,5
DA:999,5
DA:1000,5
DA:1008,5
DA:1009,5
DA:1010,5
DA:1014,13
DA:1016,13
DA:1017,13
DA:1018,13
DA:1027,13
DA:1031,12
DA:1033,10
DA:1045,8
DA:1046,8
DA:1048,8
DA:1049,8
DA:1054,3
DA:1055,3
DA:1057,3
DA:1058,2
DA:1059,2
DA:1062,1
DA:1063,1
DA:1064,1
DA:1072,6
DA:1076,6
DA:1077,4
DA:1080,2
DA:1081,2
DA:1085,12
DA:1087,12
DA:1088,3
DA:1089,3
DA:1092,9
DA:1101,2
DA:1102,1
DA:1105,1
DA:1106,0
DA:1109,1
DA:1110,1
DA:1113,0
DA:1117,1
DA:1118,1
DA:1120,1
DA:1121,0
DA:1124,1
DA:1128,1
DA:1129,1
DA:1130,0
DA:1131,0
DA:1134,1
DA:1135,1
DA:1136,1
DA:1138,1
DA:1139,1
DA:1142,1
DA:1144,1
DA:1145,1
DA:1148,1
DA:1149,1
DA:1150,1
DA:1154,1
DA:1156,1
DA:1157,6
DA:1158,2
DA:1160,6
DA:1161,6
DA:1169,1
DA:1170,0
DA:1171,0
DA:1174,1
DA:1175,6
DA:1177,1
DA:1181,4
DA:1183,1
DA:1184,1
DA:1185,1
DA:1188,1
DA:1190,1
DA:1191,1
DA:1194,1
DA:1195,1
DA:1197,1
DA:1198,1
DA:1199,1
DA:1200,1
DA:1202,1
DA:1205,1
DA:1206,1
DA:1211,2
DA:1212,2
DA:1213,2
DA:1215,2
DA:1216,0
DA:1222,2
DA:1223,2
DA:1224,2
DA:1225,0
DA:1226,0
DA:1229,2
DA:1230,2
DA:1231,2
DA:1232,2
DA:1235,2
DA:1237,2
DA:1238,2
DA:1241,2
DA:1242,2
DA:1246,1
DA:1247,2
DA:1253,1
DA:1258,1
DA:1260,1
DA:1261,2
DA:1262,2
DA:1265,1
DA:1266,1
DA:1268,0
DA:1269,0
DA:1270,0
DA:1275,1
DA:1276,1
DA:1277,1
DA:1279,1
DA:1280,1
DA:1283,1
DA:1284,1
DA:1285,1
DA:1289,2
DA:1296,2
DA:1297,2
DA:1299,2
DA:1300,2
DA:1301,2
DA:1303,2
DA:1304,1
DA:1305,0
DA:1307,1
DA:1308,1
DA:1309,1
DA:1310,0
DA:1314,1
DA:1317,2
DA:1318,1
DA:1322,2
DA:1324,2
DA:1325,0
DA:1326,0
DA:1330,2
DA:1331,2
DA:1336,5
DA:1338,5
DA:1339,2
DA:1340,2
DA:1341,2
DA:1343,2
DA:1345,2
DA:1346,2
DA:1347,2
DA:1349,2
DA:1350,2
DA:1354,5
DA:1358,4
DA:1360,4
DA:1361,4
DA:1365,6
DA:1368,6
DA:1370,6
DA:1371,6
DA:1377,0
DA:1378,0
DA:1383,0
DA:1391,8
DA:1392,1
DA:1397,2
DA:1398,0
DA:1399,0
DA:1402,2
DA:1403,2
DA:1404,2
DA:1406,2
DA:1409,2
DA:1410,2
DA:1414,5
DA:1415,3
DA:1416,3
DA:1418,3
DA:1423,0
DA:1424,0
DA:1425,0
LF:642
LH:413
BRDA:29,0,0,0
BRDA:29,0,1,59
BRDA:30,1,0,59
BRDA:30,1,1,0
BRDA:31,2,0,0
BRDA:31,2,1,0
BRDA:31,3,0,0
BRDA:31,3,1,0
BRDA:34,4,0,0
BRDA:34,4,1,0
BRDA:38,5,0,0
BRDA:38,5,1,9
BRDA:42,6,0,27
BRDA:42,6,1,27
BRDA:46,7,0,0
BRDA:46,7,1,9
BRDA:50,8,0,0
BRDA:50,8,1,9
BRDA:50,9,0,9
BRDA:50,9,1,0
BRDA:58,10,0,0
BRDA:58,10,1,13
BRDA:60,11,0,13
BRDA:60,11,1,0
BRDA:61,12,0,13
BRDA:61,12,1,0
BRDA:63,13,0,0
BRDA:63,13,1,13
BRDA:63,14,0,13
BRDA:63,14,1,13
BRDA:72,15,0,0
BRDA:72,15,1,13
BRDA:72,16,0,13
BRDA:72,16,1,13
BRDA:82,17,0,6
BRDA:82,17,1,0
BRDA:82,18,0,6
BRDA:82,18,1,6
BRDA:90,19,0,0
BRDA:90,19,1,5
BRDA:103,20,0,1
BRDA:103,20,1,0
BRDA:103,21,0,1
BRDA:103,21,1,1
BRDA:105,22,0,0
BRDA:105,22,1,0
BRDA:107,23,0,1
BRDA:107,23,1,0
BRDA:111,24,0,0
BRDA:111,24,1,0
BRDA:111,25,0,0
BRDA:111,25,1,0
BRDA:111,25,2,0
BRDA:126,26,0,0
BRDA:126,26,1,13
BRDA:128,27,0,4
BRDA:128,27,1,9
BRDA:128,28,0,13
BRDA:128,28,1,4
BRDA:130,29,0,4
BRDA:130,29,1,0
BRDA:145,30,0,9
BRDA:145,30,1,0
BRDA:149,31,0,0
BRDA:149,31,1,9
BRDA:192,32,0,4
BRDA:192,32,1,9
BRDA:192,33,0,13
BRDA:192,33,1,4
BRDA:201,34,0,0
BRDA:201,34,1,5
BRDA:201,35,0,5
BRDA:201,35,1,5
BRDA:211,36,0,0
BRDA:211,36,1,13
BRDA:211,37,0,13
BRDA:211,37,1,13
BRDA:220,38,0,0
BRDA:220,38,1,9
BRDA:220,39,0,9
BRDA:220,39,1,9
BRDA:226,40,0,0
BRDA:226,40,1,0
BRDA:258,41,0,9
BRDA:258,41,1,0
BRDA:263,42,0,0
BRDA:264,43,0,0
BRDA:264,43,1,0
BRDA:275,44,0,0
BRDA:275,44,1,0
BRDA:281,45,0,0
BRDA:281,45,1,0
BRDA:281,46,0,0
BRDA:281,46,1,0
BRDA:288,47,0,0
BRDA:289,48,0,0
BRDA:289,48,1,0
BRDA:298,49,0,0
BRDA:298,49,1,0
BRDA:304,50,0,0
BRDA:304,50,1,0
BRDA:304,51,0,0
BRDA:304,51,1,0
BRDA:311,52,0,0
BRDA:312,53,0,0
BRDA:312,53,1,1
BRDA:318,54,0,0
BRDA:318,54,1,1
BRDA:324,55,0,1
BRDA:324,55,1,0
BRDA:324,56,0,1
BRDA:324,56,1,0
BRDA:331,57,0,0
BRDA:332,58,0,0
BRDA:332,58,1,1
BRDA:338,59,0,0
BRDA:338,59,1,1
BRDA:344,60,0,1
BRDA:344,60,1,0
BRDA:344,61,0,1
BRDA:344,61,1,1
BRDA:351,62,0,0
BRDA:352,63,0,0
BRDA:352,63,1,1
BRDA:355,64,0,0
BRDA:355,64,1,1
BRDA:357,65,0,0
BRDA:357,65,1,1
BRDA:366,66,0,0
BRDA:367,67,0,0
BRDA:367,67,1,0
BRDA:370,68,0,0
BRDA:370,68,1,0
BRDA:370,69,0,0
BRDA:370,69,1,0
BRDA:376,70,0,0
BRDA:377,71,0,0
BRDA:377,71,1,3
BRDA:380,72,0,0
BRDA:380,72,1,3
BRDA:380,73,0,3
BRDA:380,73,1,3
BRDA:386,74,0,0
BRDA:387,75,0,0
BRDA:387,75,1,0
BRDA:387,76,0,0
BRDA:387,76,1,0
BRDA:390,77,0,0
BRDA:390,77,1,0
BRDA:392,78,0,0
BRDA:392,78,1,0
BRDA:398,79,0,0
BRDA:399,80,0,0
BRDA:399,80,1,0
BRDA:402,81,0,0
BRDA:402,81,1,0
BRDA:402,82,0,0
BRDA:402,82,1,0
BRDA:408,83,0,0
BRDA:409,84,0,0
BRDA:409,84,1,2
BRDA:412,85,0,0
BRDA:412,85,1,2
BRDA:427,86,0,0
BRDA:428,87,0,0
BRDA:428,87,1,0
BRDA:429,88,0,0
BRDA:429,88,1,0
BRDA:435,89,0,0
BRDA:435,89,1,0
BRDA:443,90,0,0
BRDA:444,91,0,0
BRDA:444,91,1,0
BRDA:444,92,0,0
BRDA:444,92,1,0
BRDA:447,93,0,0
BRDA:447,93,1,0
BRDA:447,94,0,0
BRDA:447,94,1,0
BRDA:453,95,0,0
BRDA:454,96,0,0
BRDA:454,96,1,0
BRDA:454,97,0,0
BRDA:454,97,1,0
BRDA:457,98,0,0
BRDA:457,98,1,0
BRDA:457,99,0,0
BRDA:457,99,1,0
BRDA:463,100,0,0
BRDA:464,101,0,0
BRDA:464,101,1,0
BRDA:467,102,0,0
BRDA:467,102,1,0
BRDA:467,103,0,0
BRDA:467,103,1,0
BRDA:473,104,0,0
BRDA:474,105,0,0
BRDA:474,105,1,0
BRDA:477,106,0,0
BRDA:477,106,1,0
BRDA:477,107,0,0
BRDA:477,107,1,0
BRDA:483,108,0,0
BRDA:483,108,1,0
BRDA:483,109,0,0
BRDA:483,109,1,0
BRDA:483,109,2,0
BRDA:486,110,0,0
BRDA:486,110,1,0
BRDA:488,111,0,0
BRDA:488,111,1,0
BRDA:493,112,0,0
BRDA:494,113,0,0
BRDA:494,113,1,0
BRDA:497,114,0,0
BRDA:497,114,1,0
BRDA:497,115,0,0
BRDA:497,115,1,0
BRDA:506,116,0,0
BRDA:506,116,1,0
BRDA:506,117,0,0
BRDA:506,117,1,0
BRDA:523,118,0,0
BRDA:523,118,1,0
BRDA:532,119,0,1
BRDA:532,119,1,2
BRDA:561,120,0,0
BRDA:561,120,1,0
BRDA:569,121,0,0
BRDA:569,121,1,0
BRDA:574,122,0,0
BRDA:574,122,1,0
BRDA:579,123,0,0
BRDA:579,123,1,0
BRDA:589,124,0,0
BRDA:589,124,1,2
BRDA:596,125,0,0
BRDA:596,125,1,2
BRDA:635,126,0,2
BRDA:635,126,1,0
BRDA:644,127,0,0
BRDA:644,127,1,8
BRDA:659,128,0,0
BRDA:659,128,1,7
BRDA:659,129,0,7
BRDA:659,129,1,7
BRDA:665,130,0,0
BRDA:665,130,1,3
BRDA:665,131,0,3
BRDA:665,131,1,3
BRDA:669,132,0,3
BRDA:669,132,1,0
BRDA:669,133,0,3
BRDA:669,133,1,3
BRDA:674,134,0,0
BRDA:674,134,1,0
BRDA:678,135,0,0
BRDA:678,135,1,3
BRDA:678,136,0,3
BRDA:678,136,1,3
BRDA:680,137,0,3
BRDA:680,137,1,0
BRDA:684,138,0,3
BRDA:684,138,1,0
BRDA:691,139,0,3
BRDA:691,139,1,0
BRDA:694,140,0,3
BRDA:694,140,1,0
BRDA:697,141,0,3
BRDA:697,141,1,0
BRDA:700,142,0,3
BRDA:700,142,1,0
BRDA:708,143,0,0
BRDA:709,144,0,1
BRDA:709,144,1,1
BRDA:710,145,0,0
BRDA:710,145,1,1
BRDA:712,146,0,0
BRDA:712,146,1,1
BRDA:712,147,0,1
BRDA:712,147,1,1
BRDA:716,148,0,0
BRDA:716,148,1,1
BRDA:719,149,0,0
BRDA:719,149,1,1
BRDA:728,150,0,0
BRDA:729,151,0,1
BRDA:729,151,1,1
BRDA:730,152,0,0
BRDA:730,152,1,1
BRDA:733,153,0,1
BRDA:733,153,1,0
BRDA:735,154,0,0
BRDA:735,154,1,0
BRDA:735,155,0,0
BRDA:735,155,1,0
BRDA:742,156,0,1
BRDA:742,156,1,0
BRDA:744,157,0,0
BRDA:744,157,1,1
BRDA:749,158,0,1
BRDA:749,158,1,0
BRDA:754,159,0,0
BRDA:755,160,0,1
BRDA:755,160,1,1
BRDA:756,161,0,0
BRDA:756,161,1,1
BRDA:756,162,0,1
BRDA:756,162,1,1
BRDA:768,163,0,0
BRDA:768,163,1,3
BRDA:786,164,0,3
BRDA:786,164,1,0
BRDA:792,165,0,0
BRDA:792,165,1,2
BRDA:792,166,0,2
BRDA:792,166,1,2
BRDA:792,166,2,2
BRDA:794,167,0,0
BRDA:801,168,0,3
BRDA:801,168,1,0
BRDA:802,169,0,3
BRDA:802,169,1,0
BRDA:802,170,0,3
BRDA:802,170,1,3
BRDA:805,171,0,3
BRDA:805,171,1,0
BRDA:805,172,0,3
BRDA:805,172,1,3
BRDA:814,173,0,0
BRDA:814,173,1,1
BRDA:814,174,0,1
BRDA:814,174,1,1
BRDA:814,174,2,1
BRDA:814,174,3,1
BRDA:837,175,0,0
BRDA:837,175,1,0
BRDA:852,176,0,0
BRDA:852,176,1,0
BRDA:864,177,0,0
BRDA:864,177,1,0
BRDA:864,178,0,0
BRDA:864,178,1,0
BRDA:864,178,2,0
BRDA:868,179,0,0
BRDA:868,179,1,0
BRDA:868,180,0,0
BRDA:868,180,1,0
BRDA:883,181,0,0
BRDA:883,181,1,1
BRDA:883,182,0,1
BRDA:883,182,1,0
BRDA:883,182,2,0
BRDA:887,183,0,0
BRDA:887,183,1,1
BRDA:887,184,0,1
BRDA:887,184,1,0
BRDA:902,185,0,0
BRDA:902,185,1,1
BRDA:902,186,0,1
BRDA:902,186,1,0
BRDA:902,186,2,0
BRDA:906,187,0,0
BRDA:906,187,1,1
BRDA:906,188,0,1
BRDA:906,188,1,0
BRDA:920,189,0,0
BRDA:920,189,1,6
BRDA:920,190,0,6
BRDA:920,190,1,6
BRDA:920,190,2,6
BRDA:926,191,0,2
BRDA:926,191,1,0
BRDA:932,192,0,0
BRDA:932,192,1,0
BRDA:936,193,0,0
BRDA:936,193,1,0
BRDA:944,194,0,0
BRDA:944,194,1,0
BRDA:944,195,0,0
BRDA:944,195,1,0
BRDA:946,196,0,0
BRDA:946,196,1,0
BRDA:955,197,0,0
BRDA:955,197,1,0
BRDA:955,198,0,0
BRDA:955,198,1,0
BRDA:955,198,2,0
BRDA:961,199,0,0
BRDA:963,200,0,5
BRDA:963,200,1,0
BRDA:967,201,0,0
BRDA:967,201,1,5
BRDA:973,202,0,5
BRDA:973,202,1,0
BRDA:987,203,0,0
BRDA:987,203,1,5
BRDA:998,204,0,5
BRDA:998,204,1,0
BRDA:999,205,0,5
BRDA:999,205,1,0
BRDA:1001,206,0,5
BRDA:1001,206,1,5
BRDA:1014,207,0,0
BRDA:1014,207,1,13
BRDA:1014,208,0,13
BRDA:1014,208,1,13
BRDA:1030,209,0,0
BRDA:1030,210,0,0
BRDA:1030,211,0,11
BRDA:1031,212,0,2
BRDA:1031,212,1,10
BRDA:1035,213,0,9
BRDA:1035,213,1,1
BRDA:1036,214,0,9
BRDA:1036,214,1,1
BRDA:1045,215,0,8
BRDA:1045,215,1,0
BRDA:1048,216,0,8
BRDA:1048,216,1,0
BRDA:1053,217,0,2
BRDA:1053,218,0,2
BRDA:1055,219,0,0
BRDA:1055,219,1,3
BRDA:1057,220,0,2
BRDA:1057,220,1,1
BRDA:1072,221,0,2
BRDA:1072,221,1,4
BRDA:1072,222,0,6
BRDA:1072,222,1,4
BRDA:1076,223,0,4
BRDA:1076,223,1,2
BRDA:1076,224,0,6
BRDA:1076,224,1,4
BRDA:1081,225,0,0
BRDA:1081,225,1,2
BRDA:1084,226,0,2
BRDA:1085,227,0,0
BRDA:1085,227,1,12
BRDA:1087,228,0,3
BRDA:1087,228,1,9
BRDA:1101,229,0,1
BRDA:1101,229,1,1
BRDA:1102,230,0,1
BRDA:1102,230,1,0
BRDA:1105,231,0,0
BRDA:1105,231,1,1
BRDA:1105,232,0,1
BRDA:1105,232,1,0
BRDA:1109,233,0,1
BRDA:1109,233,1,0
BRDA:1109,234,0,1
BRDA:1109,234,1,1
BRDA:1109,234,2,1
BRDA:1116,235,0,0
BRDA:1117,236,0,1
BRDA:1117,236,1,1
BRDA:1118,237,0,0
BRDA:1118,237,1,1
BRDA:1120,238,0,0
BRDA:1120,238,1,1
BRDA:1120,239,0,1
BRDA:1120,239,1,0
BRDA:1129,240,0,0
BRDA:1129,240,1,1
BRDA:1130,241,0,0
BRDA:1130,241,1,0
BRDA:1138,242,0,1
BRDA:1138,242,1,0
BRDA:1138,243,0,1
BRDA:1138,243,1,1
BRDA:1144,244,0,1
BRDA:1144,244,1,0
BRDA:1144,245,0,1
BRDA:1144,245,1,1
BRDA:1154,246,0,0
BRDA:1154,246,1,1
BRDA:1154,247,0,1
BRDA:1154,247,1,1
BRDA:1169,248,0,0
BRDA:1169,248,1,1
BRDA:1169,249,0,1
BRDA:1169,249,1,1
BRDA:1180,250,0,1
BRDA:1181,251,0,3
BRDA:1181,251,1,1
BRDA:1184,252,0,1
BRDA:1184,252,1,0
BRDA:1190,253,0,1
BRDA:1190,253,1,0
BRDA:1197,254,0,1
BRDA:1197,254,1,0
BRDA:1199,255,0,1
BRDA:1199,255,1,0
BRDA:1205,256,0,1
BRDA:1205,256,1,0
BRDA:1205,257,0,1
BRDA:1205,257,1,1
BRDA:1210,258,0,0
BRDA:1211,259,0,2
BRDA:1211,259,1,2
BRDA:1212,260,0,0
BRDA:1212,260,1,2
BRDA:1215,261,0,0
BRDA:1215,261,1,2
BRDA:1223,262,0,2
BRDA:1223,262,1,0
BRDA:1225,263,0,0
BRDA:1225,263,1,0
BRDA:1225,264,0,0
BRDA:1225,264,1,0
BRDA:1230,265,0,2
BRDA:1230,265,1,0
BRDA:1232,266,0,0
BRDA:1232,266,1,2
BRDA:1237,267,0,2
BRDA:1237,267,1,0
BRDA:1245,268,0,1
BRDA:1265,269,0,1
BRDA:1265,269,1,0
BRDA:1265,270,0,1
BRDA:1265,270,1,1
BRDA:1269,271,0,0
BRDA:1269,271,1,0
BRDA:1269,272,0,0
BRDA:1269,272,1,0
BRDA:1279,273,0,1
BRDA:1279,273,1,0
BRDA:1279,274,0,1
BRDA:1279,274,1,1
BRDA:1284,275,0,1
BRDA:1284,275,1,0
BRDA:1284,276,0,1
BRDA:1284,276,1,1
BRDA:1297,277,0,0
BRDA:1297,277,1,2
BRDA:1300,278,0,2
BRDA:1300,278,1,1
BRDA:1301,279,0,2
BRDA:1301,279,1,1
BRDA:1303,280,0,1
BRDA:1303,280,1,1
BRDA:1308,281,0,1
BRDA:1308,281,1,0
BRDA:1324,282,0,0
BRDA:1324,282,1,2
BRDA:1330,283,0,2
BRDA:1330,283,1,0
BRDA:1336,284,0,0
BRDA:1336,284,1,5
BRDA:1336,285,0,5
BRDA:1336,285,1,5
BRDA:1336,285,2,5
BRDA:1338,286,0,0
BRDA:1345,287,0,2
BRDA:1345,287,1,0
BRDA:1346,288,0,2
BRDA:1346,288,1,0
BRDA:1346,289,0,2
BRDA:1346,289,1,2
BRDA:1349,290,0,2
BRDA:1349,290,1,0
BRDA:1349,291,0,2
BRDA:1349,291,1,2
BRDA:1358,292,0,0
BRDA:1358,292,1,4
BRDA:1358,293,0,4
BRDA:1358,293,1,4
BRDA:1358,293,2,4
BRDA:1358,293,3,4
BRDA:1365,294,0,0
BRDA:1365,294,1,6
BRDA:1367,295,0,0
BRDA:1367,295,1,6
BRDA:1368,296,0,0
BRDA:1368,296,1,6
BRDA:1368,297,0,6
BRDA:1368,297,1,0
BRDA:1370,298,0,6
BRDA:1370,298,1,0
BRDA:1370,299,0,6
BRDA:1370,299,1,0
BRDA:1385,300,0,0
BRDA:1385,300,1,0
BRDA:1385,301,0,0
BRDA:1385,301,1,0
BRDA:1391,302,0,1
BRDA:1391,302,1,7
BRDA:1397,303,0,0
BRDA:1397,303,1,2
BRDA:1403,304,0,2
BRDA:1403,304,1,0
BRDA:1414,305,0,3
BRDA:1414,305,1,2
BRDA:1415,306,0,3
BRDA:1415,306,1,0
BRDA:1424,307,0,0
BRDA:1424,307,1,0
BRF:598
BRH:272
end_of_record
TN:
SF:src\map\map-store.js
FN:26,isPlainObject
FN:30,getRenderDefaultProperties
FN:61,(anonymous_2)
FN:65,(anonymous_3)
FN:76,(anonymous_4)
FN:77,(anonymous_5)
FN:80,(anonymous_6)
FN:84,(anonymous_7)
FN:88,(anonymous_8)
FN:92,(anonymous_9)
FN:96,(anonymous_10)
FN:100,(anonymous_11)
FN:104,(anonymous_12)
FN:108,(anonymous_13)
FN:112,(anonymous_14)
FN:116,(anonymous_15)
FN:120,(anonymous_16)
FN:124,(anonymous_17)
FN:128,(anonymous_18)
FN:137,(anonymous_19)
FN:143,(anonymous_20)
FN:144,(anonymous_21)
FN:149,(anonymous_22)
FN:150,(anonymous_23)
FN:153,(anonymous_24)
FN:157,(anonymous_25)
FN:165,(anonymous_26)
FN:170,(anonymous_27)
FN:175,(anonymous_28)
FN:180,(anonymous_29)
FN:185,(anonymous_30)
FN:190,(anonymous_31)
FN:197,(anonymous_32)
FN:202,(anonymous_33)
FN:209,(anonymous_34)
FN:215,(anonymous_35)
FN:221,(anonymous_36)
FN:228,(anonymous_37)
FN:234,(anonymous_38)
FN:240,(anonymous_39)
FN:244,(anonymous_40)
FN:248,(anonymous_41)
FN:254,(anonymous_42)
FN:261,(anonymous_43)
FN:270,(anonymous_44)
FN:279,(anonymous_45)
FN:287,(anonymous_46)
FN:297,(anonymous_47)
FN:305,(anonymous_48)
FN:309,(anonymous_49)
FN:317,(anonymous_50)
FN:327,(anonymous_51)
FN:331,(anonymous_52)
FN:340,(anonymous_53)
FN:348,(anonymous_54)
FN:357,(anonymous_55)
FN:366,(anonymous_56)
FN:392,(anonymous_57)
FN:416,(anonymous_58)
FN:432,(anonymous_59)
FN:448,(anonymous_60)
FNF:61
FNH:34
FNDA:7,isPlainObject
FNDA:7,getRenderDefaultProperties
FNDA:4,(anonymous_2)
FNDA:28,(anonymous_3)
FNDA:16,(anonymous_4)
FNDA:22,(anonymous_5)
FNDA:0,(anonymous_6)
FNDA:4,(anonymous_7)
FNDA:0,(anonymous_8)
FNDA:0,(anonymous_9)
FNDA:0,(anonymous_10)
FNDA:0,(anonymous_11)
FNDA:2,(anonymous_12)
FNDA:7,(anonymous_13)
FNDA:1,(anonymous_14)
FNDA:6,(anonymous_15)
FNDA:0,(anonymous_16)
FNDA:0,(anonymous_17)
FNDA:1,(anonymous_18)
FNDA:1,(anonymous_19)
FNDA:4,(anonymous_20)
FNDA:0,(anonymous_21)
FNDA:1,(anonymous_22)
FNDA:1,(anonymous_23)
FNDA:3,(anonymous_24)
FNDA:1,(anonymous_25)
FNDA:0,(anonymous_26)
FNDA:0,(anonymous_27)
FNDA:0,(anonymous_28)
FNDA:1,(anonymous_29)
FNDA:0,(anonymous_30)
FNDA:0,(anonymous_31)
FNDA:0,(anonymous_32)
FNDA:0,(anonymous_33)
FNDA:2,(anonymous_34)
FNDA:2,(anonymous_35)
FNDA:1,(anonymous_36)
FNDA:1,(anonymous_37)
FNDA:1,(anonymous_38)
FNDA:0,(anonymous_39)
FNDA:0,(anonymous_40)
FNDA:0,(anonymous_41)
FNDA:0,(anonymous_42)
FNDA:1,(anonymous_43)
FNDA:1,(anonymous_44)
FNDA:0,(anonymous_45)
FNDA:1,(anonymous_46)
FNDA:7,(anonymous_47)
FNDA:0,(anonymous_48)
FNDA:0,(anonymous_49)
FNDA:0,(anonymous_50)
FNDA:0,(anonymous_51)
FNDA:0,(anonymous_52)
FNDA:0,(anonymous_53)
FNDA:1,(anonymous_54)
FNDA:1,(anonymous_55)
FNDA:5,(anonymous_56)
FNDA:3,(anonymous_57)
FNDA:1,(anonymous_58)
FNDA:2,(anonymous_59)
FNDA:0,(anonymous_60)
DA:3,2
DA:27,7
DA:31,7
DA:35,7
DA:36,1
DA:39,7
DA:42,2
DA:60,2
DA:62,4
DA:66,28
DA:72,28
DA:73,28
DA:77,22
DA:81,0
DA:85,4
DA:89,0
DA:93,0
DA:97,0
DA:101,0
DA:105,2
DA:109,7
DA:113,1
DA:117,6
DA:121,0
DA:125,0
DA:129,1
DA:131,1
DA:138,1
DA:140,1
DA:144,4
DA:145,0
DA:150,1
DA:154,3
DA:158,1
DA:159,1
DA:160,1
DA:162,1
DA:166,0
DA:167,0
DA:171,0
DA:172,0
DA:176,0
DA:177,0
DA:181,1
DA:182,1
DA:186,0
DA:187,0
DA:191,0
DA:192,0
DA:198,0
DA:199,0
DA:203,0
DA:204,0
DA:210,2
DA:211,2
DA:212,2
DA:216,2
DA:217,2
DA:218,2
DA:222,1
DA:229,1
DA:235,1
DA:241,0
DA:245,0
DA:249,0
DA:255,0
DA:262,1
DA:264,0
DA:271,1
DA:273,1
DA:280,0
DA:288,1
DA:290,0
DA:298,7
DA:300,7
DA:306,0
DA:310,0
DA:312,0
DA:318,0
DA:320,0
DA:328,0
DA:332,0
DA:334,0
DA:341,0
DA:343,0
DA:349,1
DA:351,0
DA:358,1
DA:360,1
DA:367,5
DA:370,5
DA:372,5
DA:373,1
DA:376,4
DA:387,4
DA:388,1
DA:393,3
DA:396,3
DA:398,3
DA:399,0
DA:402,3
DA:411,3
DA:412,0
DA:417,1
DA:420,1
DA:422,1
DA:423,0
DA:426,1
DA:433,2
DA:436,2
DA:438,2
DA:439,0
DA:442,2
DA:449,0
LF:114
LH:69
BRDA:31,0,0,1
BRDA:31,0,1,6
BRDA:35,1,0,1
BRDA:35,1,1,6
BRDA:39,2,0,1
BRDA:39,2,1,6
BRDA:65,3,0,4
BRDA:128,4,0,0
BRDA:129,5,0,0
BRDA:129,5,1,1
BRDA:138,6,0,0
BRDA:138,6,1,1
BRDA:154,7,0,3
BRDA:154,7,1,1
BRDA:159,8,0,1
BRDA:159,8,1,1
BRDA:160,9,0,0
BRDA:160,9,1,1
BRDA:160,10,0,1
BRDA:160,10,1,1
BRDA:162,11,0,1
BRDA:162,11,1,0
BRDA:261,12,0,0
BRDA:262,13,0,1
BRDA:262,13,1,0
BRDA:270,14,0,0
BRDA:271,15,0,0
BRDA:271,15,1,1
BRDA:288,16,0,1
BRDA:288,16,1,0
BRDA:298,17,0,0
BRDA:298,17,1,7
BRDA:310,18,0,0
BRDA:310,18,1,0
BRDA:317,19,0,0
BRDA:318,20,0,0
BRDA:318,20,1,0
BRDA:318,21,0,0
BRDA:318,21,1,0
BRDA:327,22,0,0
BRDA:332,23,0,0
BRDA:332,23,1,0
BRDA:332,24,0,0
BRDA:332,24,1,0
BRDA:341,25,0,0
BRDA:341,25,1,0
BRDA:349,26,0,1
BRDA:349,26,1,0
BRDA:349,27,0,1
BRDA:349,27,1,1
BRDA:357,28,0,0
BRDA:358,29,0,0
BRDA:358,29,1,1
BRDA:367,30,0,0
BRDA:367,30,1,5
BRDA:369,31,0,5
BRDA:369,31,1,0
BRDA:372,32,0,1
BRDA:372,32,1,4
BRDA:380,33,0,4
BRDA:380,33,1,1
BRDA:380,33,2,1
BRDA:380,33,3,1
BRDA:380,33,4,0
BRDA:387,34,0,1
BRDA:387,34,1,3
BRDA:393,35,0,0
BRDA:393,35,1,3
BRDA:395,36,0,3
BRDA:395,36,1,0
BRDA:398,37,0,0
BRDA:398,37,1,3
BRDA:406,38,0,3
BRDA:406,38,1,0
BRDA:411,39,0,0
BRDA:411,39,1,3
BRDA:417,40,0,0
BRDA:417,40,1,1
BRDA:419,41,0,1
BRDA:419,41,1,0
BRDA:422,42,0,0
BRDA:422,42,1,1
BRDA:433,43,0,0
BRDA:433,43,1,2
BRDA:435,44,0,2
BRDA:435,44,1,0
BRDA:438,45,0,0
BRDA:438,45,1,2
BRF:88
BRH:46
end_of_record
TN:
SF:src\map\style-resolver.js
FN:57,isPlainObject
FN:61,cloneValue
FN:67,(anonymous_2)
FN:76,mergeStyle
FN:77,(anonymous_4)
FN:80,(anonymous_5)
FN:95,getFeatureProperties
FN:99,getFeatureId
FN:103,getFeatureName
FN:107,getFeatureCategory
FN:112,getGeometryKind
FN:122,getPropertyValue
FN:125,(anonymous_12)
FN:131,hasGeometryStyleKey
FN:132,(anonymous_14)
FN:135,getScopedStyle
FN:141,matchRule
FN:155,(anonymous_17)
FN:176,resolveRules
FN:179,(anonymous_19)
FN:185,evaluateFunctions
FN:191,(anonymous_21)
FN:195,(anonymous_22)
FN:204,normalizeStops
FN:208,(anonymous_24)
FN:209,(anonymous_25)
FN:210,(anonymous_26)
FN:211,(anonymous_27)
FN:214,interpolateNumber
FN:218,resolveScaleValue
FN:259,applyDynamicFields
FN:262,(anonymous_31)
FN:278,resolveFeatureStyle
FN:305,resolveHeatmapStyle
FN:309,isHeatmapStyle
FNF:35
FNH:35
FNDA:4074,isPlainObject
FNDA:1989,cloneValue
FNDA:483,(anonymous_2)
FNDA:199,mergeStyle
FNDA:490,(anonymous_4)
FNDA:1242,(anonymous_5)
FNDA:294,getFeatureProperties
FNDA:166,getFeatureId
FNDA:56,getFeatureName
FNDA:125,getFeatureCategory
FNDA:80,getGeometryKind
FNDA:37,getPropertyValue
FNDA:41,(anonymous_12)
FNDA:6,hasGeometryStyleKey
FNDA:6,(anonymous_14)
FNDA:33,getScopedStyle
FNDA:1,matchRule
FNDA:1,(anonymous_17)
FNDA:31,resolveRules
FNDA:1,(anonymous_19)
FNDA:285,evaluateFunctions
FNDA:30,(anonymous_21)
FNDA:224,(anonymous_22)
FNDA:3,normalizeStops
FNDA:6,(anonymous_24)
FNDA:6,(anonymous_25)
FNDA:6,(anonymous_26)
FNDA:3,(anonymous_27)
FNDA:2,interpolateNumber
FNDA:4,resolveScaleValue
FNDA:31,applyDynamicFields
FNDA:310,(anonymous_31)
FNDA:31,resolveFeatureStyle
FNDA:2,resolveHeatmapStyle
FNDA:8,isHeatmapStyle
DA:1,2
DA:3,2
DA:44,2
DA:58,4074
DA:62,1989
DA:63,146
DA:66,1843
DA:67,174
DA:68,483
DA:69,483
DA:73,1669
DA:77,199
DA:78,490
DA:80,490
DA:81,1242
DA:82,1242
DA:84,1241
DA:85,27
DA:87,1214
DA:91,490
DA:96,294
DA:100,166
DA:104,56
DA:108,125
DA:109,125
DA:113,80
DA:115,80
DA:116,51
DA:117,26
DA:119,1
DA:123,37
DA:125,36
DA:126,41
DA:127,41
DA:132,6
DA:136,33
DA:137,6
DA:138,0
DA:142,1
DA:144,1
DA:145,0
DA:148,1
DA:150,1
DA:151,0
DA:154,1
DA:155,1
DA:156,1
DA:157,1
DA:158,1
DA:162,0
DA:163,0
DA:165,0
DA:166,0
DA:167,0
DA:168,0
DA:170,0
DA:173,0
DA:177,31
DA:179,1
DA:180,1
DA:181,1
DA:186,285
DA:187,1
DA:190,284
DA:191,30
DA:194,269
DA:195,49
DA:196,224
DA:197,224
DA:201,220
DA:205,3
DA:207,3
DA:208,6
DA:209,6
DA:210,6
DA:211,3
DA:215,2
DA:219,4
DA:220,0
DA:223,4
DA:224,0
DA:227,4
DA:228,4
DA:230,4
DA:231,1
DA:232,1
DA:235,3
DA:236,3
DA:237,0
DA:240,3
DA:241,3
DA:243,3
DA:244,3
DA:245,3
DA:247,3
DA:248,3
DA:249,2
DA:252,1
DA:256,0
DA:260,31
DA:262,31
DA:263,310
DA:265,1
DA:266,1
DA:268,1
DA:269,1
DA:272,1
DA:275,31
DA:279,31
DA:280,31
DA:281,31
DA:288,31
DA:291,31
DA:292,31
DA:294,31
DA:302,31
DA:306,2
DA:310,8
LF:118
LH:103
BRDA:62,0,0,146
BRDA:62,0,1,1843
BRDA:66,1,0,174
BRDA:66,1,1,1669
BRDA:78,2,0,0
BRDA:78,2,1,490
BRDA:82,3,0,1
BRDA:82,3,1,1241
BRDA:84,4,0,27
BRDA:84,4,1,1214
BRDA:84,5,0,1241
BRDA:84,5,1,188
BRDA:96,6,0,293
BRDA:96,6,1,1
BRDA:96,7,0,294
BRDA:96,7,1,293
BRDA:100,8,0,164
BRDA:100,8,1,2
BRDA:100,9,0,166
BRDA:100,9,1,166
BRDA:104,10,0,56
BRDA:104,10,1,13
BRDA:109,11,0,18
BRDA:109,11,1,107
BRDA:113,12,0,80
BRDA:113,12,1,80
BRDA:113,12,2,80
BRDA:115,13,0,29
BRDA:115,13,1,51
BRDA:115,14,0,80
BRDA:115,14,1,52
BRDA:116,15,0,25
BRDA:116,15,1,26
BRDA:116,16,0,51
BRDA:116,16,1,26
BRDA:117,17,0,25
BRDA:117,17,1,1
BRDA:117,18,0,26
BRDA:117,18,1,2
BRDA:123,19,0,1
BRDA:123,19,1,36
BRDA:126,20,0,0
BRDA:126,20,1,41
BRDA:132,21,0,6
BRDA:132,21,1,6
BRDA:136,22,0,27
BRDA:136,22,1,6
BRDA:137,23,0,6
BRDA:137,23,1,0
BRDA:137,24,0,6
BRDA:137,24,1,0
BRDA:142,25,0,0
BRDA:142,25,1,1
BRDA:144,26,0,0
BRDA:144,26,1,1
BRDA:150,27,0,0
BRDA:150,27,1,1
BRDA:150,28,0,1
BRDA:150,28,1,0
BRDA:154,29,0,1
BRDA:154,29,1,0
BRDA:158,30,0,0
BRDA:158,30,1,1
BRDA:162,31,0,0
BRDA:162,31,1,0
BRDA:165,32,0,0
BRDA:165,32,1,0
BRDA:165,33,0,0
BRDA:165,33,1,0
BRDA:166,34,0,0
BRDA:166,34,1,0
BRDA:166,35,0,0
BRDA:166,35,1,0
BRDA:167,36,0,0
BRDA:167,36,1,0
BRDA:167,37,0,0
BRDA:167,37,1,0
BRDA:168,38,0,0
BRDA:168,38,1,0
BRDA:168,39,0,0
BRDA:168,39,1,0
BRDA:177,40,0,30
BRDA:177,40,1,1
BRDA:180,41,0,0
BRDA:180,41,1,1
BRDA:186,42,0,1
BRDA:186,42,1,284
BRDA:190,43,0,15
BRDA:190,43,1,269
BRDA:194,44,0,49
BRDA:194,44,1,220
BRDA:205,45,0,0
BRDA:205,45,1,3
BRDA:208,46,0,6
BRDA:208,46,1,6
BRDA:219,47,0,0
BRDA:219,47,1,4
BRDA:223,48,0,0
BRDA:223,48,1,4
BRDA:227,49,0,4
BRDA:227,49,1,0
BRDA:230,50,0,1
BRDA:230,50,1,3
BRDA:232,51,0,1
BRDA:232,51,1,0
BRDA:236,52,0,0
BRDA:236,52,1,3
BRDA:236,53,0,3
BRDA:236,53,1,3
BRDA:240,54,0,0
BRDA:240,54,1,3
BRDA:241,55,0,0
BRDA:241,55,1,3
BRDA:247,56,0,3
BRDA:247,56,1,0
BRDA:248,57,0,2
BRDA:248,57,1,1
BRDA:248,58,0,3
BRDA:248,58,1,2
BRDA:248,58,2,2
BRDA:263,59,0,309
BRDA:263,59,1,1
BRDA:268,60,0,1
BRDA:268,60,1,0
BRDA:278,61,0,0
BRDA:284,62,0,31
BRDA:284,62,1,31
BRDA:288,63,0,1
BRDA:288,63,1,30
BRDA:288,64,0,31
BRDA:288,64,1,23
BRDA:295,65,0,31
BRDA:295,65,1,0
BRDA:296,66,0,31
BRDA:296,66,1,2
BRDA:305,67,0,0
BRDA:306,68,0,2
BRDA:306,68,1,0
BRDA:309,69,0,0
BRDA:310,70,0,8
BRDA:310,70,1,6
BRDA:310,70,2,5
BRF:142
BRH:98
end_of_record
TN:
SF:src\map\vector-tile-layer-registry.js
FN:17,isPlainObject
FN:21,getVectorTileConstructor
FN:27,normalizeTileUrlTemplate
FN:36,addLayer
FN:54,removeLayer
FN:72,extractVectorStyles
FN:75,(anonymous_6)
FN:85,extractLayerOptions
FN:88,(anonymous_8)
FN:109,normalizeOptions
FN:125,normalizeStylePatch
FN:135,shallowEqualValue
FN:139,(anonymous_12)
FN:145,shouldRecreateLayer
FN:151,(anonymous_14)
FN:157,applyOptionSetters
FN:177,getEventOption
FN:183,getSourceLayers
FN:187,(anonymous_18)
FN:188,(anonymous_19)
FN:191,createVectorTileLayer
FN:201,unbindEvents
FN:207,(anonymous_22)
FN:213,bindEvents
FN:217,(anonymous_24)
FN:218,(anonymous_25)
FN:225,destroyLayerInstance
FN:237,createLayerInstance
FN:255,ensureLayer
FN:273,applyVisibility
FN:283,applyOptions
FN:314,(anonymous_31)
FN:327,(anonymous_32)
FN:334,(anonymous_33)
FN:341,(anonymous_34)
FN:351,(anonymous_35)
FN:357,(anonymous_36)
FN:366,(anonymous_37)
FN:374,(anonymous_38)
FN:382,(anonymous_39)
FN:386,(anonymous_40)
FNF:41
FNH:39
FNDA:38,isPlainObject
FNDA:3,getVectorTileConstructor
FNDA:3,normalizeTileUrlTemplate
FNDA:3,addLayer
FNDA:2,removeLayer
FNDA:6,extractVectorStyles
FNDA:24,(anonymous_6)
FNDA:6,extractLayerOptions
FNDA:22,(anonymous_8)
FNDA:3,normalizeOptions
FNDA:3,normalizeStylePatch
FNDA:9,shallowEqualValue
FNDA:6,(anonymous_12)
FNDA:3,shouldRecreateLayer
FNDA:24,(anonymous_14)
FNDA:6,applyOptionSetters
FNDA:2,getEventOption
FNDA:9,getSourceLayers
FNDA:36,(anonymous_18)
FNDA:36,(anonymous_19)
FNDA:3,createVectorTileLayer
FNDA:2,unbindEvents
FNDA:1,(anonymous_22)
FNDA:3,bindEvents
FNDA:2,(anonymous_24)
FNDA:2,(anonymous_25)
FNDA:5,destroyLayerInstance
FNDA:3,createLayerInstance
FNDA:6,ensureLayer
FNDA:3,applyVisibility
FNDA:6,applyOptions
FNDA:3,(anonymous_31)
FNDA:0,(anonymous_32)
FNDA:3,(anonymous_33)
FNDA:1,(anonymous_34)
FNDA:2,(anonymous_35)
FNDA:3,(anonymous_36)
FNDA:2,(anonymous_37)
FNDA:2,(anonymous_38)
FNDA:0,(anonymous_39)
FNDA:9,(anonymous_40)
DA:3,2
DA:5,2
DA:15,2
DA:18,38
DA:22,3
DA:28,3
DA:30,3
DA:37,3
DA:39,3
DA:40,0
DA:41,0
DA:44,3
DA:45,3
DA:46,3
DA:49,0
DA:50,0
DA:55,2
DA:57,2
DA:58,0
DA:59,0
DA:62,2
DA:63,2
DA:64,2
DA:67,0
DA:68,0
DA:73,6
DA:75,6
DA:76,24
DA:77,3
DA:79,24
DA:82,6
DA:86,6
DA:88,6
DA:89,22
DA:97,11
DA:100,11
DA:101,0
DA:104,11
DA:105,11
DA:110,3
DA:111,3
DA:112,3
DA:114,3
DA:115,3
DA:118,3
DA:119,3
DA:122,3
DA:126,3
DA:127,3
DA:129,3
DA:136,9
DA:137,3
DA:138,3
DA:139,6
DA:142,6
DA:146,3
DA:151,3
DA:152,24
DA:153,9
DA:158,6
DA:160,6
DA:161,6
DA:164,6
DA:165,6
DA:168,6
DA:169,6
DA:172,6
DA:173,6
DA:178,2
DA:179,2
DA:180,2
DA:184,9
DA:186,9
DA:187,36
DA:188,36
DA:192,3
DA:193,3
DA:194,3
DA:195,3
DA:196,3
DA:197,3
DA:198,3
DA:199,3
DA:202,2
DA:203,0
DA:204,0
DA:207,2
DA:208,1
DA:210,2
DA:214,3
DA:216,3
DA:217,2
DA:219,2
DA:220,2
DA:221,2
DA:226,5
DA:228,2
DA:229,2
DA:230,2
DA:231,2
DA:233,2
DA:234,2
DA:238,3
DA:239,3
DA:240,0
DA:241,0
DA:244,3
DA:245,0
DA:246,0
DA:249,3
DA:256,6
DA:258,3
DA:259,3
DA:261,3
DA:262,3
DA:263,3
DA:264,3
DA:266,3
DA:267,0
DA:270,3
DA:274,3
DA:276,3
DA:277,3
DA:278,0
DA:279,0
DA:284,6
DA:287,6
DA:288,6
DA:290,6
DA:291,6
DA:293,6
DA:297,6
DA:298,3
DA:299,3
DA:300,3
DA:303,3
DA:305,3
DA:306,0
DA:307,0
DA:310,3
DA:313,3
DA:315,3
DA:316,3
DA:317,3
DA:319,3
DA:320,3
DA:322,3
DA:328,0
DA:335,3
DA:336,3
DA:342,1
DA:343,1
DA:344,1
DA:347,0
DA:348,0
DA:352,2
DA:354,2
DA:358,3
DA:359,3
DA:360,3
DA:361,3
DA:362,3
DA:367,2
DA:368,2
DA:369,2
DA:370,2
DA:375,2
DA:376,2
DA:377,2
DA:378,2
DA:379,2
DA:383,0
DA:387,9
LF:173
LH:149
BRDA:22,0,0,3
BRDA:22,0,1,0
BRDA:22,1,0,3
BRDA:22,1,1,3
BRDA:28,2,0,0
BRDA:28,2,1,3
BRDA:37,3,0,0
BRDA:37,3,1,3
BRDA:37,4,0,3
BRDA:37,4,1,3
BRDA:39,5,0,0
BRDA:39,5,1,3
BRDA:44,6,0,3
BRDA:44,6,1,0
BRDA:49,7,0,0
BRDA:49,7,1,0
BRDA:55,8,0,0
BRDA:55,8,1,2
BRDA:55,9,0,2
BRDA:55,9,1,2
BRDA:57,10,0,0
BRDA:57,10,1,2
BRDA:62,11,0,2
BRDA:62,11,1,0
BRDA:67,12,0,0
BRDA:67,12,1,0
BRDA:72,13,0,0
BRDA:73,14,0,0
BRDA:73,14,1,6
BRDA:76,15,0,3
BRDA:76,15,1,21
BRDA:82,16,0,6
BRDA:82,16,1,3
BRDA:82,17,0,6
BRDA:82,17,1,6
BRDA:85,18,0,0
BRDA:85,19,0,3
BRDA:86,20,0,0
BRDA:86,20,1,6
BRDA:89,21,0,11
BRDA:89,21,1,11
BRDA:90,22,0,22
BRDA:90,22,1,21
BRDA:90,22,2,21
BRDA:90,22,3,18
BRDA:90,22,4,16
BRDA:90,22,5,14
BRDA:100,23,0,0
BRDA:100,23,1,11
BRDA:100,24,0,11
BRDA:100,24,1,2
BRDA:109,25,0,0
BRDA:114,26,0,3
BRDA:114,26,1,0
BRDA:118,27,0,3
BRDA:118,27,1,0
BRDA:125,28,0,0
BRDA:136,29,0,3
BRDA:136,29,1,6
BRDA:136,30,0,9
BRDA:136,30,1,6
BRDA:137,31,0,0
BRDA:137,31,1,3
BRDA:137,32,0,3
BRDA:137,32,1,3
BRDA:138,33,0,0
BRDA:138,33,1,3
BRDA:145,34,0,0
BRDA:145,35,0,0
BRDA:152,36,0,15
BRDA:152,36,1,9
BRDA:157,37,0,0
BRDA:158,38,0,0
BRDA:158,38,1,6
BRDA:160,39,0,6
BRDA:160,39,1,0
BRDA:160,40,0,6
BRDA:160,40,1,6
BRDA:164,41,0,6
BRDA:164,41,1,0
BRDA:164,42,0,6
BRDA:164,42,1,6
BRDA:168,43,0,6
BRDA:168,43,1,0
BRDA:168,44,0,6
BRDA:168,44,1,6
BRDA:172,45,0,6
BRDA:172,45,1,0
BRDA:172,46,0,6
BRDA:172,46,1,6
BRDA:178,47,0,0
BRDA:178,47,1,2
BRDA:180,48,0,0
BRDA:180,48,1,2
BRDA:183,49,0,0
BRDA:184,50,0,0
BRDA:184,50,1,9
BRDA:187,51,0,36
BRDA:187,51,1,9
BRDA:188,52,0,36
BRDA:188,52,1,9
BRDA:202,53,0,0
BRDA:202,53,1,2
BRDA:202,54,0,2
BRDA:202,54,1,2
BRDA:214,55,0,0
BRDA:214,55,1,3
BRDA:214,56,0,3
BRDA:214,56,1,3
BRDA:214,56,2,3
BRDA:226,57,0,3
BRDA:226,57,1,2
BRDA:230,58,0,2
BRDA:230,58,1,0
BRDA:239,59,0,0
BRDA:239,59,1,3
BRDA:244,60,0,0
BRDA:244,60,1,3
BRDA:256,61,0,3
BRDA:256,61,1,3
BRDA:259,62,0,0
BRDA:259,62,1,3
BRDA:266,63,0,0
BRDA:266,63,1,3
BRDA:266,64,0,3
BRDA:266,64,1,0
BRDA:274,65,0,0
BRDA:274,65,1,3
BRDA:276,66,0,3
BRDA:276,66,1,0
BRDA:277,67,0,3
BRDA:277,67,1,0
BRDA:278,68,0,0
BRDA:278,68,1,0
BRDA:283,69,0,3
BRDA:284,70,0,6
BRDA:284,70,1,0
BRDA:286,71,0,0
BRDA:286,71,1,0
BRDA:293,72,0,6
BRDA:293,72,1,3
BRDA:293,72,2,3
BRDA:293,72,3,0
BRDA:293,72,4,0
BRDA:297,73,0,3
BRDA:297,73,1,3
BRDA:305,74,0,0
BRDA:305,74,1,3
BRDA:314,75,0,0
BRDA:315,76,0,2
BRDA:315,76,1,1
BRDA:316,77,0,2
BRDA:316,77,1,1
BRDA:317,78,0,3
BRDA:317,78,1,0
BRDA:327,79,0,0
BRDA:330,80,0,0
BRDA:330,80,1,0
BRDA:334,81,0,0
BRDA:337,82,0,3
BRDA:337,82,1,0
BRDA:342,83,0,1
BRDA:342,83,1,0
BRDA:342,84,0,1
BRDA:342,84,1,1
BRDA:351,85,0,0
BRDA:352,86,0,0
BRDA:352,86,1,2
BRDA:352,87,0,2
BRDA:352,87,1,2
BRDA:361,88,0,3
BRDA:361,88,1,0
BRDA:361,89,0,3
BRDA:361,89,1,3
BRDA:369,90,0,2
BRDA:369,90,1,0
BRDA:369,91,0,2
BRDA:369,91,1,2
BRDA:391,92,0,9
BRDA:391,92,1,0
BRDA:394,93,0,9
BRDA:394,93,1,0
BRDA:395,94,0,9
BRDA:395,94,1,0
BRDA:398,95,0,9
BRDA:398,95,1,0
BRDA:399,96,0,9
BRDA:399,96,1,0
BRF:188
BRH:117
end_of_record
TN:
SF:src\map\wms-layer-registry.js
FN:17,isPlainObject
FN:21,getWMSConstructor
FN:29,addLayer
FN:42,removeLayer
FN:55,applyOptionSetters
FN:79,normalizeOptions
FN:96,createWMSLayer
FN:103,destroyLayerInstance
FN:114,createLayerInstance
FN:133,ensureLayer
FN:150,applyOptions
FN:173,(anonymous_11)
FN:177,(anonymous_12)
FN:181,(anonymous_13)
FN:185,(anonymous_14)
FN:194,(anonymous_15)
FN:202,(anonymous_16)
FN:208,(anonymous_17)
FN:212,(anonymous_18)
FNF:19
FNH:18
FNDA:18,isPlainObject
FNDA:8,getWMSConstructor
FNDA:5,addLayer
FNDA:3,removeLayer
FNDA:9,applyOptionSetters
FNDA:6,normalizeOptions
FNDA:5,createWMSLayer
FNDA:11,destroyLayerInstance
FNDA:8,createLayerInstance
FNDA:10,ensureLayer
FNDA:12,applyOptions
FNDA:6,(anonymous_11)
FNDA:1,(anonymous_12)
FNDA:5,(anonymous_13)
FNDA:2,(anonymous_14)
FNDA:1,(anonymous_15)
FNDA:3,(anonymous_16)
FNDA:0,(anonymous_17)
FNDA:12,(anonymous_18)
DA:3,2
DA:18,18
DA:22,8
DA:30,5
DA:32,5
DA:33,5
DA:34,5
DA:37,0
DA:38,0
DA:43,3
DA:45,3
DA:46,3
DA:47,3
DA:50,0
DA:51,0
DA:56,9
DA:58,9
DA:59,9
DA:62,9
DA:63,9
DA:66,9
DA:67,9
DA:70,9
DA:71,9
DA:74,9
DA:75,9
DA:80,6
DA:86,6
DA:88,6
DA:89,6
DA:90,2
DA:93,6
DA:97,5
DA:98,5
DA:99,5
DA:100,5
DA:101,5
DA:104,11
DA:106,3
DA:107,3
DA:108,3
DA:110,3
DA:111,3
DA:115,8
DA:116,8
DA:117,0
DA:118,0
DA:121,8
DA:122,3
DA:123,3
DA:126,5
DA:134,10
DA:136,8
DA:137,8
DA:139,5
DA:140,5
DA:141,5
DA:143,5
DA:144,2
DA:147,5
DA:151,12
DA:154,12
DA:155,12
DA:156,12
DA:158,12
DA:159,8
DA:160,8
DA:161,8
DA:164,4
DA:165,4
DA:166,3
DA:167,1
DA:168,1
DA:172,5
DA:174,6
DA:178,1
DA:182,5
DA:186,2
DA:187,2
DA:188,2
DA:189,2
DA:190,2
DA:195,1
DA:196,1
DA:197,1
DA:198,1
DA:203,3
DA:204,3
DA:205,3
DA:209,0
DA:213,12
LF:91
LH:84
BRDA:22,0,0,8
BRDA:22,0,1,0
BRDA:22,1,0,8
BRDA:22,1,1,8
BRDA:22,1,2,8
BRDA:30,2,0,0
BRDA:30,2,1,5
BRDA:30,3,0,5
BRDA:30,3,1,5
BRDA:32,4,0,5
BRDA:32,4,1,0
BRDA:37,5,0,0
BRDA:37,5,1,0
BRDA:43,6,0,0
BRDA:43,6,1,3
BRDA:43,7,0,3
BRDA:43,7,1,3
BRDA:45,8,0,3
BRDA:45,8,1,0
BRDA:50,9,0,0
BRDA:50,9,1,0
BRDA:55,10,0,0
BRDA:56,11,0,0
BRDA:56,11,1,9
BRDA:58,12,0,9
BRDA:58,12,1,0
BRDA:58,13,0,9
BRDA:58,13,1,9
BRDA:62,14,0,9
BRDA:62,14,1,0
BRDA:62,15,0,9
BRDA:62,15,1,9
BRDA:66,16,0,9
BRDA:66,16,1,0
BRDA:66,17,0,9
BRDA:66,17,1,9
BRDA:70,18,0,9
BRDA:70,18,1,0
BRDA:70,19,0,9
BRDA:70,19,1,9
BRDA:74,20,0,9
BRDA:74,20,1,0
BRDA:74,21,0,9
BRDA:74,21,1,9
BRDA:79,22,0,0
BRDA:80,23,0,6
BRDA:80,23,1,0
BRDA:88,24,0,6
BRDA:88,24,1,6
BRDA:89,25,0,2
BRDA:89,25,1,4
BRDA:90,26,0,2
BRDA:90,26,1,0
BRDA:104,27,0,8
BRDA:104,27,1,3
BRDA:107,28,0,3
BRDA:107,28,1,0
BRDA:116,29,0,0
BRDA:116,29,1,8
BRDA:121,30,0,3
BRDA:121,30,1,5
BRDA:134,31,0,2
BRDA:134,31,1,8
BRDA:137,32,0,3
BRDA:137,32,1,5
BRDA:143,33,0,2
BRDA:143,33,1,3
BRDA:143,34,0,5
BRDA:143,34,1,2
BRDA:151,35,0,12
BRDA:151,35,1,0
BRDA:153,36,0,0
BRDA:153,36,1,0
BRDA:158,37,0,8
BRDA:158,37,1,4
BRDA:158,38,0,12
BRDA:158,38,1,4
BRDA:165,39,0,3
BRDA:165,39,1,1
BRDA:166,40,0,3
BRDA:166,40,1,0
BRDA:167,41,0,1
BRDA:167,41,1,0
BRDA:173,42,0,1
BRDA:177,43,0,0
BRDA:178,44,0,1
BRDA:178,44,1,1
BRDA:181,45,0,1
BRDA:182,46,0,5
BRDA:182,46,1,1
BRDA:189,47,0,2
BRDA:189,47,1,0
BRDA:189,48,0,2
BRDA:189,48,1,2
BRDA:197,49,0,1
BRDA:197,49,1,0
BRDA:197,50,0,1
BRDA:197,50,1,1
BRDA:217,51,0,12
BRDA:217,51,1,0
BRDA:218,52,0,12
BRDA:218,52,1,0
BRDA:221,53,0,12
BRDA:221,53,1,0
BRF:104
BRH:72
end_of_record
